<?xml version="1.0" encoding="UTF-8"?>
<coverage generated="1614393529928" clover="3.2.0">
  <project timestamp="1614393529928" name="All files">
    <metrics statements="22" coveredstatements="22" conditionals="16" coveredconditionals="16" methods="4" coveredmethods="4" elements="42" coveredelements="42" complexity="0" loc="22" ncloc="22" packages="1" files="1" classes="1"/>
    <file name="createQueryStr.js" path="/Users/xiaoyuomeara/Desktop/Codesmith PTRI/-Project Phase/P4-Production Project/Quell/quell-client/helpers/createQueryStr.js">
      <metrics statements="22" coveredstatements="22" conditionals="16" coveredconditionals="16" methods="4" coveredmethods="4"/>
      <line num="8" count="4" type="stmt"/>
      <line num="9" count="4" type="stmt"/>
      <line num="10" count="4" type="stmt"/>
      <line num="11" count="4" type="stmt"/>
      <line num="13" count="4" type="stmt"/>
      <line num="15" count="4" type="stmt"/>
      <line num="16" count="4" type="cond" truecount="2" falsecount="0"/>
      <line num="22" count="7" type="stmt"/>
      <line num="23" count="7" type="stmt"/>
      <line num="24" count="23" type="cond" truecount="2" falsecount="0"/>
      <line num="25" count="20" type="stmt"/>
      <line num="27" count="23" type="cond" truecount="2" falsecount="0"/>
      <line num="28" count="3" type="stmt"/>
      <line num="29" count="3" type="cond" truecount="2" falsecount="0"/>
      <line num="35" count="7" type="stmt"/>
      <line num="39" count="7" type="stmt"/>
      <line num="41" count="7" type="cond" truecount="4" falsecount="0"/>
      <line num="42" count="2" type="stmt"/>
      <line num="43" count="3" type="cond" truecount="2" falsecount="0"/>
      <line num="51" count="7" type="cond" truecount="2" falsecount="0"/>
      <line num="54" count="4" type="stmt"/>
      <line num="57" count="1" type="stmt"/>
    </file>
  </project>
</coverage>
