<?xml version="1.0" encoding="UTF-8"?>
<coverage generated="1614395707462" clover="3.2.0">
  <project timestamp="1614395707462" name="All files">
    <metrics statements="39" coveredstatements="39" conditionals="24" coveredconditionals="22" methods="6" coveredmethods="6" elements="69" coveredelements="67" complexity="0" loc="39" ncloc="39" packages="1" files="2" classes="2"/>
    <file name="createQueryObj.js" path="/Users/xiaoyuomeara/Desktop/Codesmith PTRI/-Project Phase/P4-Production Project/Quell/quell-client/helpers/createQueryObj.js">
      <metrics statements="17" coveredstatements="17" conditionals="8" coveredconditionals="6" methods="2" coveredmethods="2"/>
      <line num="7" count="2" type="stmt"/>
      <line num="9" count="2" type="stmt"/>
      <line num="10" count="2" type="stmt"/>
      <line num="11" count="2" type="cond" truecount="1" falsecount="1"/>
      <line num="12" count="2" type="stmt"/>
      <line num="17" count="3" type="stmt"/>
      <line num="19" count="3" type="stmt"/>
      <line num="21" count="11" type="cond" truecount="2" falsecount="0"/>
      <line num="23" count="11" type="cond" truecount="2" falsecount="0"/>
      <line num="24" count="1" type="stmt"/>
      <line num="25" count="1" type="stmt"/>
      <line num="26" count="1" type="cond" truecount="1" falsecount="1"/>
      <line num="27" count="1" type="stmt"/>
      <line num="28" count="1" type="stmt"/>
      <line num="33" count="3" type="stmt"/>
      <line num="37" count="2" type="stmt"/>
      <line num="40" count="1" type="stmt"/>
    </file>
    <file name="createQueryStr.js" path="/Users/xiaoyuomeara/Desktop/Codesmith PTRI/-Project Phase/P4-Production Project/Quell/quell-client/helpers/createQueryStr.js">
      <metrics statements="22" coveredstatements="22" conditionals="16" coveredconditionals="16" methods="4" coveredmethods="4"/>
      <line num="8" count="4" type="stmt"/>
      <line num="9" count="4" type="stmt"/>
      <line num="10" count="4" type="stmt"/>
      <line num="11" count="4" type="stmt"/>
      <line num="13" count="4" type="stmt"/>
      <line num="15" count="4" type="stmt"/>
      <line num="16" count="4" type="cond" truecount="2" falsecount="0"/>
      <line num="22" count="7" type="stmt"/>
      <line num="23" count="7" type="stmt"/>
      <line num="24" count="23" type="cond" truecount="2" falsecount="0"/>
      <line num="25" count="20" type="stmt"/>
      <line num="27" count="23" type="cond" truecount="2" falsecount="0"/>
      <line num="28" count="3" type="stmt"/>
      <line num="29" count="3" type="cond" truecount="2" falsecount="0"/>
      <line num="35" count="7" type="stmt"/>
      <line num="39" count="7" type="stmt"/>
      <line num="41" count="7" type="cond" truecount="4" falsecount="0"/>
      <line num="42" count="2" type="stmt"/>
      <line num="43" count="3" type="cond" truecount="2" falsecount="0"/>
      <line num="51" count="7" type="cond" truecount="2" falsecount="0"/>
      <line num="54" count="4" type="stmt"/>
      <line num="57" count="1" type="stmt"/>
    </file>
  </project>
</coverage>
