{"/Users/xiaoyuomeara/Desktop/Codesmith PTRI/-Project Phase/P4-Production Project/Quell/quell-client/Quellify.js": {"path":"/Users/xiaoyuomeara/Desktop/Codesmith PTRI/-Project Phase/P4-Production Project/Quell/quell-client/Quellify.js","statementMap":{"0":{"start":{"line":1,"column":18},"end":{"line":1,"column":52}},"1":{"start":{"line":2,"column":17},"end":{"line":2,"column":46}},"2":{"start":{"line":3,"column":26},"end":{"line":3,"column":64}},"3":{"start":{"line":4,"column":23},"end":{"line":4,"column":58}},"4":{"start":{"line":5,"column":23},"end":{"line":5,"column":58}},"5":{"start":{"line":6,"column":23},"end":{"line":6,"column":58}},"6":{"start":{"line":7,"column":22},"end":{"line":7,"column":56}},"7":{"start":{"line":16,"column":21},"end":{"line":16,"column":53}},"8":{"start":{"line":19,"column":14},"end":{"line":19,"column":26}},"9":{"start":{"line":20,"column":2},"end":{"line":20,"column":32}},"10":{"start":{"line":23,"column":18},"end":{"line":23,"column":43}},"11":{"start":{"line":24,"column":2},"end":{"line":24,"column":61}},"12":{"start":{"line":25,"column":2},"end":{"line":28,"column":4}},"13":{"start":{"line":31,"column":2},"end":{"line":137,"column":3}},"14":{"start":{"line":32,"column":25},"end":{"line":38,"column":5}},"15":{"start":{"line":41,"column":30},"end":{"line":41,"column":65}},"16":{"start":{"line":42,"column":23},"end":{"line":42,"column":53}},"17":{"start":{"line":44,"column":4},"end":{"line":44,"column":65}},"18":{"start":{"line":44,"column":44},"end":{"line":44,"column":63}},"19":{"start":{"line":47,"column":30},"end":{"line":47,"column":78}},"20":{"start":{"line":48,"column":4},"end":{"line":48,"column":62}},"21":{"start":{"line":50,"column":4},"end":{"line":69,"column":5}},"22":{"start":{"line":51,"column":27},"end":{"line":57,"column":7}},"23":{"start":{"line":60,"column":32},"end":{"line":60,"column":67}},"24":{"start":{"line":61,"column":6},"end":{"line":61,"column":64}},"25":{"start":{"line":62,"column":25},"end":{"line":62,"column":55}},"26":{"start":{"line":63,"column":6},"end":{"line":63,"column":50}},"27":{"start":{"line":65,"column":6},"end":{"line":65,"column":69}},"28":{"start":{"line":68,"column":6},"end":{"line":68,"column":67}},"29":{"start":{"line":68,"column":46},"end":{"line":68,"column":65}},"30":{"start":{"line":73,"column":4},"end":{"line":76,"column":6}},"31":{"start":{"line":77,"column":24},"end":{"line":77,"column":49}},"32":{"start":{"line":78,"column":4},"end":{"line":78,"column":62}},"33":{"start":{"line":79,"column":22},"end":{"line":79,"column":47}},"34":{"start":{"line":82,"column":4},"end":{"line":111,"column":5}},"35":{"start":{"line":83,"column":23},"end":{"line":83,"column":62}},"36":{"start":{"line":84,"column":6},"end":{"line":84,"column":46}},"37":{"start":{"line":85,"column":27},"end":{"line":91,"column":7}},"38":{"start":{"line":94,"column":32},"end":{"line":94,"column":67}},"39":{"start":{"line":95,"column":25},"end":{"line":95,"column":55}},"40":{"start":{"line":96,"column":6},"end":{"line":96,"column":50}},"41":{"start":{"line":97,"column":38},"end":{"line":99,"column":38}},"42":{"start":{"line":102,"column":6},"end":{"line":106,"column":8}},"43":{"start":{"line":107,"column":6},"end":{"line":107,"column":61}},"44":{"start":{"line":109,"column":6},"end":{"line":109,"column":41}},"45":{"start":{"line":110,"column":6},"end":{"line":110,"column":62}},"46":{"start":{"line":114,"column":4},"end":{"line":124,"column":5}},"47":{"start":{"line":115,"column":6},"end":{"line":115,"column":41}},"48":{"start":{"line":116,"column":11},"end":{"line":124,"column":5}},"49":{"start":{"line":117,"column":6},"end":{"line":117,"column":28}},"50":{"start":{"line":118,"column":6},"end":{"line":120,"column":8}},"51":{"start":{"line":119,"column":16},"end":{"line":119,"column":74}},"52":{"start":{"line":121,"column":6},"end":{"line":121,"column":40}},"53":{"start":{"line":123,"column":6},"end":{"line":123,"column":38}},"54":{"start":{"line":128,"column":36},"end":{"line":130,"column":49}},"55":{"start":{"line":131,"column":4},"end":{"line":131,"column":74}},"56":{"start":{"line":133,"column":4},"end":{"line":133,"column":80}},"57":{"start":{"line":136,"column":4},"end":{"line":136,"column":78}},"58":{"start":{"line":136,"column":44},"end":{"line":136,"column":76}},"59":{"start":{"line":140,"column":0},"end":{"line":140,"column":26}}},"fnMap":{"0":{"name":"Quellify","decl":{"start":{"line":14,"column":15},"end":{"line":14,"column":23}},"loc":{"start":{"line":14,"column":57},"end":{"line":138,"column":1}},"line":14},"1":{"name":"(anonymous_1)","decl":{"start":{"line":44,"column":23},"end":{"line":44,"column":24}},"loc":{"start":{"line":44,"column":44},"end":{"line":44,"column":63}},"line":44},"2":{"name":"(anonymous_2)","decl":{"start":{"line":68,"column":25},"end":{"line":68,"column":26}},"loc":{"start":{"line":68,"column":46},"end":{"line":68,"column":65}},"line":68},"3":{"name":"(anonymous_3)","decl":{"start":{"line":119,"column":8},"end":{"line":119,"column":9}},"loc":{"start":{"line":119,"column":16},"end":{"line":119,"column":74}},"line":119},"4":{"name":"(anonymous_4)","decl":{"start":{"line":136,"column":23},"end":{"line":136,"column":24}},"loc":{"start":{"line":136,"column":44},"end":{"line":136,"column":76}},"line":136}},"branchMap":{"0":{"loc":{"start":{"line":31,"column":2},"end":{"line":137,"column":3}},"type":"if","locations":[{"start":{"line":31,"column":2},"end":{"line":137,"column":3}},{"start":{"line":31,"column":2},"end":{"line":137,"column":3}}],"line":31},"1":{"loc":{"start":{"line":50,"column":4},"end":{"line":69,"column":5}},"type":"if","locations":[{"start":{"line":50,"column":4},"end":{"line":69,"column":5}},{"start":{"line":50,"column":4},"end":{"line":69,"column":5}}],"line":50},"2":{"loc":{"start":{"line":82,"column":4},"end":{"line":111,"column":5}},"type":"if","locations":[{"start":{"line":82,"column":4},"end":{"line":111,"column":5}},{"start":{"line":82,"column":4},"end":{"line":111,"column":5}}],"line":82},"3":{"loc":{"start":{"line":97,"column":38},"end":{"line":99,"column":38}},"type":"cond-expr","locations":[{"start":{"line":98,"column":10},"end":{"line":98,"column":36}},{"start":{"line":99,"column":10},"end":{"line":99,"column":38}}],"line":97},"4":{"loc":{"start":{"line":114,"column":4},"end":{"line":124,"column":5}},"type":"if","locations":[{"start":{"line":114,"column":4},"end":{"line":124,"column":5}},{"start":{"line":114,"column":4},"end":{"line":124,"column":5}}],"line":114},"5":{"loc":{"start":{"line":114,"column":8},"end":{"line":114,"column":49}},"type":"binary-expr","locations":[{"start":{"line":114,"column":8},"end":{"line":114,"column":28}},{"start":{"line":114,"column":32},"end":{"line":114,"column":49}}],"line":114},"6":{"loc":{"start":{"line":116,"column":11},"end":{"line":124,"column":5}},"type":"if","locations":[{"start":{"line":116,"column":11},"end":{"line":124,"column":5}},{"start":{"line":116,"column":11},"end":{"line":124,"column":5}}],"line":116},"7":{"loc":{"start":{"line":116,"column":15},"end":{"line":116,"column":55}},"type":"binary-expr","locations":[{"start":{"line":116,"column":15},"end":{"line":116,"column":35}},{"start":{"line":116,"column":39},"end":{"line":116,"column":55}}],"line":116},"8":{"loc":{"start":{"line":128,"column":36},"end":{"line":130,"column":49}},"type":"cond-expr","locations":[{"start":{"line":129,"column":8},"end":{"line":129,"column":32}},{"start":{"line":130,"column":8},"end":{"line":130,"column":49}}],"line":128}},"s":{"0":1,"1":1,"2":1,"3":1,"4":1,"5":1,"6":1,"7":0,"8":0,"9":0,"10":0,"11":0,"12":0,"13":0,"14":0,"15":0,"16":0,"17":0,"18":0,"19":0,"20":0,"21":0,"22":0,"23":0,"24":0,"25":0,"26":0,"27":0,"28":0,"29":0,"30":0,"31":0,"32":0,"33":0,"34":0,"35":0,"36":0,"37":0,"38":0,"39":0,"40":0,"41":0,"42":0,"43":0,"44":0,"45":0,"46":0,"47":0,"48":0,"49":0,"50":0,"51":0,"52":0,"53":0,"54":0,"55":0,"56":0,"57":0,"58":0,"59":1},"f":{"0":0,"1":0,"2":0,"3":0,"4":0},"b":{"0":[0,0],"1":[0,0],"2":[0,0],"3":[0,0],"4":[0,0],"5":[0,0],"6":[0,0],"7":[0,0],"8":[0,0]},"_coverageSchema":"1a1c01bbd47fc00a2c39e90264f33305004495a9","hash":"ddc6a97554187789d62f96f89da5deb384f22652"}
,"/Users/xiaoyuomeara/Desktop/Codesmith PTRI/-Project Phase/P4-Production Project/Quell/quell-client/helpers/buildFromCache.js": {"path":"/Users/xiaoyuomeara/Desktop/Codesmith PTRI/-Project Phase/P4-Production Project/Quell/quell-client/helpers/buildFromCache.js","statementMap":{"0":{"start":{"line":2,"column":2},"end":{"line":8,"column":3}},"1":{"start":{"line":3,"column":4},"end":{"line":7,"column":5}},"2":{"start":{"line":4,"column":6},"end":{"line":4,"column":30}},"3":{"start":{"line":6,"column":6},"end":{"line":6,"column":25}},"4":{"start":{"line":16,"column":2},"end":{"line":19,"column":4}},"5":{"start":{"line":20,"column":2},"end":{"line":20,"column":50}},"6":{"start":{"line":21,"column":2},"end":{"line":21,"column":64}},"7":{"start":{"line":22,"column":2},"end":{"line":22,"column":64}},"8":{"start":{"line":24,"column":17},"end":{"line":24,"column":19}},"9":{"start":{"line":25,"column":2},"end":{"line":119,"column":3}},"10":{"start":{"line":27,"column":4},"end":{"line":118,"column":5}},"11":{"start":{"line":28,"column":6},"end":{"line":58,"column":7}},"12":{"start":{"line":29,"column":8},"end":{"line":57,"column":9}},"13":{"start":{"line":33,"column":10},"end":{"line":35,"column":11}},"14":{"start":{"line":34,"column":12},"end":{"line":34,"column":43}},"15":{"start":{"line":39,"column":32},"end":{"line":41,"column":11}},"16":{"start":{"line":43,"column":10},"end":{"line":43,"column":54}},"17":{"start":{"line":46,"column":10},"end":{"line":46,"column":40}},"18":{"start":{"line":48,"column":10},"end":{"line":50,"column":11}},"19":{"start":{"line":49,"column":12},"end":{"line":49,"column":41}},"20":{"start":{"line":52,"column":10},"end":{"line":52,"column":54}},"21":{"start":{"line":54,"column":10},"end":{"line":56,"column":11}},"22":{"start":{"line":55,"column":12},"end":{"line":55,"column":66}},"23":{"start":{"line":59,"column":11},"end":{"line":118,"column":5}},"24":{"start":{"line":103,"column":6},"end":{"line":104,"column":75}},"25":{"start":{"line":105,"column":6},"end":{"line":105,"column":79}},"26":{"start":{"line":109,"column":6},"end":{"line":117,"column":7}},"27":{"start":{"line":110,"column":8},"end":{"line":116,"column":10}},"28":{"start":{"line":120,"column":2},"end":{"line":120,"column":53}},"29":{"start":{"line":121,"column":2},"end":{"line":121,"column":18}},"30":{"start":{"line":137,"column":2},"end":{"line":140,"column":4}},"31":{"start":{"line":141,"column":2},"end":{"line":141,"column":47}},"32":{"start":{"line":142,"column":2},"end":{"line":142,"column":45}},"33":{"start":{"line":143,"column":16},"end":{"line":143,"column":18}},"34":{"start":{"line":145,"column":2},"end":{"line":171,"column":3}},"35":{"start":{"line":147,"column":4},"end":{"line":170,"column":5}},"36":{"start":{"line":148,"column":27},"end":{"line":148,"column":52}},"37":{"start":{"line":149,"column":6},"end":{"line":152,"column":8}},"38":{"start":{"line":153,"column":6},"end":{"line":160,"column":7}},"39":{"start":{"line":155,"column":8},"end":{"line":155,"column":70}},"40":{"start":{"line":156,"column":8},"end":{"line":156,"column":56}},"41":{"start":{"line":159,"column":8},"end":{"line":159,"column":36}},"42":{"start":{"line":163,"column":6},"end":{"line":169,"column":7}},"43":{"start":{"line":165,"column":8},"end":{"line":165,"column":33}},"44":{"start":{"line":168,"column":8},"end":{"line":168,"column":31}},"45":{"start":{"line":172,"column":2},"end":{"line":172,"column":17}},"46":{"start":{"line":175,"column":0},"end":{"line":175,"column":32}}},"fnMap":{"0":{"name":"toggleProto","decl":{"start":{"line":1,"column":9},"end":{"line":1,"column":20}},"loc":{"start":{"line":1,"column":28},"end":{"line":9,"column":1}},"line":1},"1":{"name":"buildFromCache","decl":{"start":{"line":15,"column":9},"end":{"line":15,"column":23}},"loc":{"start":{"line":15,"column":64},"end":{"line":122,"column":1}},"line":15},"2":{"name":"buildItem","decl":{"start":{"line":136,"column":9},"end":{"line":136,"column":18}},"loc":{"start":{"line":136,"column":41},"end":{"line":173,"column":1}},"line":136}},"branchMap":{"0":{"loc":{"start":{"line":3,"column":4},"end":{"line":7,"column":5}},"type":"if","locations":[{"start":{"line":3,"column":4},"end":{"line":7,"column":5}},{"start":{"line":3,"column":4},"end":{"line":7,"column":5}}],"line":3},"1":{"loc":{"start":{"line":27,"column":4},"end":{"line":118,"column":5}},"type":"if","locations":[{"start":{"line":27,"column":4},"end":{"line":118,"column":5}},{"start":{"line":27,"column":4},"end":{"line":118,"column":5}}],"line":27},"2":{"loc":{"start":{"line":27,"column":8},"end":{"line":27,"column":63}},"type":"binary-expr","locations":[{"start":{"line":27,"column":8},"end":{"line":27,"column":18}},{"start":{"line":27,"column":22},"end":{"line":27,"column":42}},{"start":{"line":27,"column":46},"end":{"line":27,"column":63}}],"line":27},"3":{"loc":{"start":{"line":33,"column":10},"end":{"line":35,"column":11}},"type":"if","locations":[{"start":{"line":33,"column":10},"end":{"line":35,"column":11}},{"start":{"line":33,"column":10},"end":{"line":35,"column":11}}],"line":33},"4":{"loc":{"start":{"line":33,"column":14},"end":{"line":33,"column":67}},"type":"binary-expr","locations":[{"start":{"line":33,"column":14},"end":{"line":33,"column":38}},{"start":{"line":33,"column":42},"end":{"line":33,"column":67}}],"line":33},"5":{"loc":{"start":{"line":34,"column":25},"end":{"line":34,"column":42}},"type":"binary-expr","locations":[{"start":{"line":34,"column":25},"end":{"line":34,"column":31}},{"start":{"line":34,"column":35},"end":{"line":34,"column":42}}],"line":34},"6":{"loc":{"start":{"line":46,"column":23},"end":{"line":46,"column":39}},"type":"binary-expr","locations":[{"start":{"line":46,"column":23},"end":{"line":46,"column":33}},{"start":{"line":46,"column":37},"end":{"line":46,"column":39}}],"line":46},"7":{"loc":{"start":{"line":48,"column":10},"end":{"line":50,"column":11}},"type":"if","locations":[{"start":{"line":48,"column":10},"end":{"line":50,"column":11}},{"start":{"line":48,"column":10},"end":{"line":50,"column":11}}],"line":48},"8":{"loc":{"start":{"line":59,"column":11},"end":{"line":118,"column":5}},"type":"if","locations":[{"start":{"line":59,"column":11},"end":{"line":118,"column":5}},{"start":{"line":59,"column":11},"end":{"line":118,"column":5}}],"line":59},"9":{"loc":{"start":{"line":59,"column":15},"end":{"line":59,"column":69}},"type":"binary-expr","locations":[{"start":{"line":59,"column":15},"end":{"line":59,"column":25}},{"start":{"line":59,"column":29},"end":{"line":59,"column":49}},{"start":{"line":59,"column":53},"end":{"line":59,"column":69}}],"line":59},"10":{"loc":{"start":{"line":104,"column":8},"end":{"line":104,"column":74}},"type":"binary-expr","locations":[{"start":{"line":104,"column":8},"end":{"line":104,"column":18}},{"start":{"line":104,"column":22},"end":{"line":104,"column":68}},{"start":{"line":104,"column":72},"end":{"line":104,"column":74}}],"line":104},"11":{"loc":{"start":{"line":147,"column":4},"end":{"line":170,"column":5}},"type":"if","locations":[{"start":{"line":147,"column":4},"end":{"line":170,"column":5}},{"start":{"line":147,"column":4},"end":{"line":170,"column":5}}],"line":147},"12":{"loc":{"start":{"line":153,"column":6},"end":{"line":160,"column":7}},"type":"if","locations":[{"start":{"line":153,"column":6},"end":{"line":160,"column":7}},{"start":{"line":153,"column":6},"end":{"line":160,"column":7}}],"line":153},"13":{"loc":{"start":{"line":163,"column":6},"end":{"line":169,"column":7}},"type":"if","locations":[{"start":{"line":163,"column":6},"end":{"line":169,"column":7}},{"start":{"line":163,"column":6},"end":{"line":169,"column":7}}],"line":163}},"s":{"0":0,"1":0,"2":0,"3":0,"4":0,"5":0,"6":0,"7":0,"8":0,"9":0,"10":0,"11":0,"12":0,"13":0,"14":0,"15":0,"16":0,"17":0,"18":0,"19":0,"20":0,"21":0,"22":0,"23":0,"24":0,"25":0,"26":0,"27":0,"28":0,"29":0,"30":0,"31":0,"32":0,"33":0,"34":0,"35":0,"36":0,"37":0,"38":0,"39":0,"40":0,"41":0,"42":0,"43":0,"44":0,"45":0,"46":2},"f":{"0":0,"1":0,"2":0},"b":{"0":[0,0],"1":[0,0],"2":[0,0,0],"3":[0,0],"4":[0,0],"5":[0,0],"6":[0,0],"7":[0,0],"8":[0,0],"9":[0,0,0],"10":[0,0,0],"11":[0,0],"12":[0,0],"13":[0,0]},"_coverageSchema":"1a1c01bbd47fc00a2c39e90264f33305004495a9","hash":"384133e407ca1ef5430d49ea0f441c68f41ff0b9"}
,"/Users/xiaoyuomeara/Desktop/Codesmith PTRI/-Project Phase/P4-Production Project/Quell/quell-client/helpers/createQueryObj.js": {"path":"/Users/xiaoyuomeara/Desktop/Codesmith PTRI/-Project Phase/P4-Production Project/Quell/quell-client/helpers/createQueryObj.js","statementMap":{"0":{"start":{"line":7,"column":17},"end":{"line":7,"column":19}},"1":{"start":{"line":9,"column":2},"end":{"line":14,"column":3}},"2":{"start":{"line":10,"column":20},"end":{"line":10,"column":37}},"3":{"start":{"line":11,"column":4},"end":{"line":13,"column":5}},"4":{"start":{"line":12,"column":6},"end":{"line":12,"column":28}},"5":{"start":{"line":17,"column":19},"end":{"line":17,"column":21}},"6":{"start":{"line":19,"column":4},"end":{"line":31,"column":5}},"7":{"start":{"line":21,"column":6},"end":{"line":21,"column":47}},"8":{"start":{"line":21,"column":30},"end":{"line":21,"column":47}},"9":{"start":{"line":23,"column":6},"end":{"line":30,"column":7}},"10":{"start":{"line":24,"column":25},"end":{"line":24,"column":27}},"11":{"start":{"line":25,"column":22},"end":{"line":25,"column":39}},"12":{"start":{"line":26,"column":8},"end":{"line":29,"column":9}},"13":{"start":{"line":27,"column":10},"end":{"line":27,"column":36}},"14":{"start":{"line":28,"column":10},"end":{"line":28,"column":34}},"15":{"start":{"line":33,"column":4},"end":{"line":33,"column":18}},"16":{"start":{"line":37,"column":2},"end":{"line":37,"column":16}},"17":{"start":{"line":40,"column":0},"end":{"line":40,"column":32}}},"fnMap":{"0":{"name":"createQueryObj","decl":{"start":{"line":5,"column":9},"end":{"line":5,"column":23}},"loc":{"start":{"line":5,"column":29},"end":{"line":38,"column":1}},"line":5},"1":{"name":"reducer","decl":{"start":{"line":16,"column":11},"end":{"line":16,"column":18}},"loc":{"start":{"line":16,"column":24},"end":{"line":34,"column":3}},"line":16}},"branchMap":{"0":{"loc":{"start":{"line":11,"column":4},"end":{"line":13,"column":5}},"type":"if","locations":[{"start":{"line":11,"column":4},"end":{"line":13,"column":5}},{"start":{"line":11,"column":4},"end":{"line":13,"column":5}}],"line":11},"1":{"loc":{"start":{"line":21,"column":6},"end":{"line":21,"column":47}},"type":"if","locations":[{"start":{"line":21,"column":6},"end":{"line":21,"column":47}},{"start":{"line":21,"column":6},"end":{"line":21,"column":47}}],"line":21},"2":{"loc":{"start":{"line":23,"column":6},"end":{"line":30,"column":7}},"type":"if","locations":[{"start":{"line":23,"column":6},"end":{"line":30,"column":7}},{"start":{"line":23,"column":6},"end":{"line":30,"column":7}}],"line":23},"3":{"loc":{"start":{"line":26,"column":8},"end":{"line":29,"column":9}},"type":"if","locations":[{"start":{"line":26,"column":8},"end":{"line":29,"column":9}},{"start":{"line":26,"column":8},"end":{"line":29,"column":9}}],"line":26}},"s":{"0":5,"1":5,"2":5,"3":5,"4":4,"5":9,"6":9,"7":35,"8":14,"9":35,"10":4,"11":4,"12":4,"13":2,"14":2,"15":9,"16":5,"17":2},"f":{"0":5,"1":9},"b":{"0":[4,1],"1":[14,21],"2":[4,31],"3":[2,2]},"_coverageSchema":"1a1c01bbd47fc00a2c39e90264f33305004495a9","hash":"eeb3a21dc486459aa552630ebffb87a47a504231"}
,"/Users/xiaoyuomeara/Desktop/Codesmith PTRI/-Project Phase/P4-Production Project/Quell/quell-client/helpers/createQueryStr.js": {"path":"/Users/xiaoyuomeara/Desktop/Codesmith PTRI/-Project Phase/P4-Production Project/Quell/quell-client/helpers/createQueryStr.js","statementMap":{"0":{"start":{"line":8,"column":20},"end":{"line":8,"column":23}},"1":{"start":{"line":9,"column":21},"end":{"line":9,"column":24}},"2":{"start":{"line":10,"column":20},"end":{"line":10,"column":23}},"3":{"start":{"line":11,"column":21},"end":{"line":11,"column":24}},"4":{"start":{"line":13,"column":16},"end":{"line":13,"column":18}},"5":{"start":{"line":15,"column":2},"end":{"line":19,"column":3}},"6":{"start":{"line":16,"column":4},"end":{"line":18,"column":23}},"7":{"start":{"line":22,"column":19},"end":{"line":22,"column":21}},"8":{"start":{"line":23,"column":4},"end":{"line":34,"column":5}},"9":{"start":{"line":23,"column":17},"end":{"line":23,"column":18}},"10":{"start":{"line":24,"column":6},"end":{"line":26,"column":7}},"11":{"start":{"line":25,"column":8},"end":{"line":25,"column":41}},"12":{"start":{"line":27,"column":6},"end":{"line":33,"column":7}},"13":{"start":{"line":28,"column":8},"end":{"line":32,"column":9}},"14":{"start":{"line":29,"column":10},"end":{"line":31,"column":28}},"15":{"start":{"line":35,"column":4},"end":{"line":35,"column":20}},"16":{"start":{"line":39,"column":20},"end":{"line":39,"column":22}},"17":{"start":{"line":41,"column":4},"end":{"line":49,"column":5}},"18":{"start":{"line":42,"column":6},"end":{"line":48,"column":9}},"19":{"start":{"line":43,"column":8},"end":{"line":47,"column":80}},"20":{"start":{"line":51,"column":4},"end":{"line":51,"column":72}},"21":{"start":{"line":54,"column":2},"end":{"line":54,"column":42}},"22":{"start":{"line":57,"column":0},"end":{"line":57,"column":32}}},"fnMap":{"0":{"name":"createQueryStr","decl":{"start":{"line":5,"column":9},"end":{"line":5,"column":23}},"loc":{"start":{"line":5,"column":49},"end":{"line":55,"column":1}},"line":5},"1":{"name":"stringify","decl":{"start":{"line":21,"column":11},"end":{"line":21,"column":20}},"loc":{"start":{"line":21,"column":34},"end":{"line":36,"column":3}},"line":21},"2":{"name":"getArgs","decl":{"start":{"line":38,"column":11},"end":{"line":38,"column":18}},"loc":{"start":{"line":38,"column":24},"end":{"line":52,"column":3}},"line":38},"3":{"name":"(anonymous_3)","decl":{"start":{"line":42,"column":40},"end":{"line":42,"column":41}},"loc":{"start":{"line":42,"column":49},"end":{"line":48,"column":7}},"line":42}},"branchMap":{"0":{"loc":{"start":{"line":16,"column":25},"end":{"line":16,"column":43}},"type":"binary-expr","locations":[{"start":{"line":16,"column":25},"end":{"line":16,"column":37}},{"start":{"line":16,"column":41},"end":{"line":16,"column":43}}],"line":16},"1":{"loc":{"start":{"line":24,"column":6},"end":{"line":26,"column":7}},"type":"if","locations":[{"start":{"line":24,"column":6},"end":{"line":26,"column":7}},{"start":{"line":24,"column":6},"end":{"line":26,"column":7}}],"line":24},"2":{"loc":{"start":{"line":27,"column":6},"end":{"line":33,"column":7}},"type":"if","locations":[{"start":{"line":27,"column":6},"end":{"line":33,"column":7}},{"start":{"line":27,"column":6},"end":{"line":33,"column":7}}],"line":27},"3":{"loc":{"start":{"line":29,"column":32},"end":{"line":29,"column":50}},"type":"binary-expr","locations":[{"start":{"line":29,"column":32},"end":{"line":29,"column":44}},{"start":{"line":29,"column":48},"end":{"line":29,"column":50}}],"line":29},"4":{"loc":{"start":{"line":41,"column":4},"end":{"line":49,"column":5}},"type":"if","locations":[{"start":{"line":41,"column":4},"end":{"line":49,"column":5}},{"start":{"line":41,"column":4},"end":{"line":49,"column":5}}],"line":41},"5":{"loc":{"start":{"line":41,"column":8},"end":{"line":41,"column":57}},"type":"binary-expr","locations":[{"start":{"line":41,"column":8},"end":{"line":41,"column":28}},{"start":{"line":41,"column":32},"end":{"line":41,"column":57}}],"line":41},"6":{"loc":{"start":{"line":43,"column":8},"end":{"line":47,"column":79}},"type":"cond-expr","locations":[{"start":{"line":44,"column":13},"end":{"line":46,"column":15}},{"start":{"line":47,"column":13},"end":{"line":47,"column":78}}],"line":43},"7":{"loc":{"start":{"line":51,"column":11},"end":{"line":51,"column":71}},"type":"cond-expr","locations":[{"start":{"line":51,"column":23},"end":{"line":51,"column":64}},{"start":{"line":51,"column":67},"end":{"line":51,"column":71}}],"line":51}},"s":{"0":5,"1":5,"2":5,"3":5,"4":5,"5":5,"6":5,"7":9,"8":9,"9":9,"10":32,"11":28,"12":32,"13":4,"14":4,"15":9,"16":9,"17":9,"18":2,"19":3,"20":9,"21":5,"22":2},"f":{"0":5,"1":9,"2":9,"3":3},"b":{"0":[5,3],"1":[28,4],"2":[4,28],"3":[4,4],"4":[2,7],"5":[9,4],"6":[1,2],"7":[2,7]},"_coverageSchema":"1a1c01bbd47fc00a2c39e90264f33305004495a9","hash":"74c3e854effac3c76ebde3906b98350868c55863"}
,"/Users/xiaoyuomeara/Desktop/Codesmith PTRI/-Project Phase/P4-Production Project/Quell/quell-client/helpers/joinResponses.js": {"path":"/Users/xiaoyuomeara/Desktop/Codesmith PTRI/-Project Phase/P4-Production Project/Quell/quell-client/helpers/joinResponses.js","statementMap":{"0":{"start":{"line":10,"column":22},"end":{"line":10,"column":24}},"1":{"start":{"line":12,"column":2},"end":{"line":43,"column":3}},"2":{"start":{"line":12,"column":15},"end":{"line":12,"column":16}},"3":{"start":{"line":14,"column":25},"end":{"line":14,"column":41}},"4":{"start":{"line":15,"column":24},"end":{"line":15,"column":47}},"5":{"start":{"line":18,"column":21},"end":{"line":18,"column":23}},"6":{"start":{"line":20,"column":23},"end":{"line":20,"column":51}},"7":{"start":{"line":21,"column":6},"end":{"line":38,"column":7}},"8":{"start":{"line":23,"column":8},"end":{"line":37,"column":9}},"9":{"start":{"line":25,"column":10},"end":{"line":27,"column":46}},"10":{"start":{"line":29,"column":15},"end":{"line":37,"column":9}},"11":{"start":{"line":32,"column":10},"end":{"line":36,"column":65}},"12":{"start":{"line":40,"column":6},"end":{"line":40,"column":20}},"13":{"start":{"line":42,"column":4},"end":{"line":42,"column":62}},"14":{"start":{"line":46,"column":2},"end":{"line":46,"column":21}},"15":{"start":{"line":49,"column":0},"end":{"line":49,"column":31}}},"fnMap":{"0":{"name":"joinResponses","decl":{"start":{"line":5,"column":9},"end":{"line":5,"column":22}},"loc":{"start":{"line":5,"column":67},"end":{"line":47,"column":1}},"line":5},"1":{"name":"fieldRecurse","decl":{"start":{"line":17,"column":13},"end":{"line":17,"column":25}},"loc":{"start":{"line":17,"column":44},"end":{"line":41,"column":5}},"line":17}},"branchMap":{"0":{"loc":{"start":{"line":23,"column":8},"end":{"line":37,"column":9}},"type":"if","locations":[{"start":{"line":23,"column":8},"end":{"line":37,"column":9}},{"start":{"line":23,"column":8},"end":{"line":37,"column":9}}],"line":23},"1":{"loc":{"start":{"line":25,"column":10},"end":{"line":27,"column":45}},"type":"cond-expr","locations":[{"start":{"line":26,"column":15},"end":{"line":26,"column":46}},{"start":{"line":27,"column":15},"end":{"line":27,"column":44}}],"line":25},"2":{"loc":{"start":{"line":29,"column":15},"end":{"line":37,"column":9}},"type":"if","locations":[{"start":{"line":29,"column":15},"end":{"line":37,"column":9}},{"start":{"line":29,"column":15},"end":{"line":37,"column":9}}],"line":29},"3":{"loc":{"start":{"line":32,"column":10},"end":{"line":36,"column":64}},"type":"cond-expr","locations":[{"start":{"line":33,"column":15},"end":{"line":35,"column":16}},{"start":{"line":36,"column":15},"end":{"line":36,"column":63}}],"line":32},"4":{"loc":{"start":{"line":32,"column":10},"end":{"line":32,"column":42}},"type":"binary-expr","locations":[{"start":{"line":32,"column":10},"end":{"line":32,"column":25}},{"start":{"line":32,"column":29},"end":{"line":32,"column":42}}],"line":32},"5":{"loc":{"start":{"line":36,"column":31},"end":{"line":36,"column":63}},"type":"binary-expr","locations":[{"start":{"line":36,"column":31},"end":{"line":36,"column":46}},{"start":{"line":36,"column":50},"end":{"line":36,"column":63}}],"line":36}},"s":{"0":7,"1":7,"2":7,"3":18,"4":18,"5":18,"6":18,"7":18,"8":69,"9":60,"10":9,"11":9,"12":18,"13":18,"14":7,"15":2},"f":{"0":7,"1":18},"b":{"0":[60,9],"1":[39,21],"2":[9,0],"3":[3,6],"4":[9,6],"5":[6,3]},"_coverageSchema":"1a1c01bbd47fc00a2c39e90264f33305004495a9","hash":"1ef3af532e5a047e167d878f31d8b872961bba9c"}
,"/Users/xiaoyuomeara/Desktop/Codesmith PTRI/-Project Phase/P4-Production Project/Quell/quell-client/helpers/normalizeForCache.js": {"path":"/Users/xiaoyuomeara/Desktop/Codesmith PTRI/-Project Phase/P4-Production Project/Quell/quell-client/helpers/normalizeForCache.js","statementMap":{"0":{"start":{"line":6,"column":2},"end":{"line":6,"column":63}},"1":{"start":{"line":7,"column":2},"end":{"line":7,"column":53}},"2":{"start":{"line":8,"column":2},"end":{"line":8,"column":65}},"3":{"start":{"line":10,"column":2},"end":{"line":130,"column":3}},"4":{"start":{"line":14,"column":22},"end":{"line":14,"column":46}},"5":{"start":{"line":16,"column":27},"end":{"line":16,"column":41}},"6":{"start":{"line":17,"column":4},"end":{"line":17,"column":55}},"7":{"start":{"line":19,"column":23},"end":{"line":19,"column":70}},"8":{"start":{"line":20,"column":4},"end":{"line":23,"column":6}},"9":{"start":{"line":25,"column":4},"end":{"line":53,"column":5}},"10":{"start":{"line":27,"column":6},"end":{"line":37,"column":7}},"11":{"start":{"line":28,"column":25},"end":{"line":28,"column":42}},"12":{"start":{"line":30,"column":8},"end":{"line":34,"column":9}},"13":{"start":{"line":31,"column":10},"end":{"line":33,"column":11}},"14":{"start":{"line":32,"column":12},"end":{"line":32,"column":78}},"15":{"start":{"line":36,"column":8},"end":{"line":36,"column":61}},"16":{"start":{"line":40,"column":23},"end":{"line":40,"column":46}},"17":{"start":{"line":42,"column":6},"end":{"line":50,"column":7}},"18":{"start":{"line":43,"column":8},"end":{"line":49,"column":9}},"19":{"start":{"line":44,"column":10},"end":{"line":48,"column":12}},"20":{"start":{"line":52,"column":6},"end":{"line":52,"column":71}},"21":{"start":{"line":54,"column":9},"end":{"line":130,"column":3}},"22":{"start":{"line":58,"column":4},"end":{"line":97,"column":5}},"23":{"start":{"line":60,"column":24},"end":{"line":60,"column":56}},"24":{"start":{"line":62,"column":29},"end":{"line":62,"column":43}},"25":{"start":{"line":65,"column":25},"end":{"line":65,"column":68}},"26":{"start":{"line":68,"column":6},"end":{"line":96,"column":7}},"27":{"start":{"line":70,"column":8},"end":{"line":80,"column":9}},"28":{"start":{"line":71,"column":27},"end":{"line":71,"column":44}},"29":{"start":{"line":73,"column":10},"end":{"line":77,"column":11}},"30":{"start":{"line":74,"column":12},"end":{"line":76,"column":13}},"31":{"start":{"line":75,"column":14},"end":{"line":75,"column":80}},"32":{"start":{"line":79,"column":10},"end":{"line":79,"column":63}},"33":{"start":{"line":83,"column":25},"end":{"line":83,"column":48}},"34":{"start":{"line":85,"column":8},"end":{"line":93,"column":9}},"35":{"start":{"line":86,"column":10},"end":{"line":92,"column":11}},"36":{"start":{"line":87,"column":12},"end":{"line":91,"column":14}},"37":{"start":{"line":95,"column":8},"end":{"line":95,"column":73}},"38":{"start":{"line":102,"column":22},"end":{"line":102,"column":46}},"39":{"start":{"line":104,"column":27},"end":{"line":104,"column":41}},"40":{"start":{"line":107,"column":23},"end":{"line":107,"column":70}},"41":{"start":{"line":108,"column":4},"end":{"line":111,"column":6}},"42":{"start":{"line":113,"column":30},"end":{"line":113,"column":32}},"43":{"start":{"line":115,"column":4},"end":{"line":126,"column":5}},"44":{"start":{"line":116,"column":23},"end":{"line":116,"column":40}},"45":{"start":{"line":118,"column":6},"end":{"line":122,"column":7}},"46":{"start":{"line":119,"column":8},"end":{"line":121,"column":9}},"47":{"start":{"line":120,"column":10},"end":{"line":120,"column":76}},"48":{"start":{"line":124,"column":6},"end":{"line":124,"column":59}},"49":{"start":{"line":125,"column":6},"end":{"line":125,"column":63}},"50":{"start":{"line":129,"column":4},"end":{"line":129,"column":52}},"51":{"start":{"line":137,"column":28},"end":{"line":137,"column":30}},"52":{"start":{"line":138,"column":25},"end":{"line":138,"column":41}},"53":{"start":{"line":140,"column":2},"end":{"line":143,"column":3}},"54":{"start":{"line":141,"column":4},"end":{"line":141,"column":57}},"55":{"start":{"line":142,"column":4},"end":{"line":142,"column":61}},"56":{"start":{"line":145,"column":2},"end":{"line":145,"column":27}},"57":{"start":{"line":150,"column":21},"end":{"line":150,"column":57}},"58":{"start":{"line":151,"column":2},"end":{"line":151,"column":50}},"59":{"start":{"line":156,"column":2},"end":{"line":158,"column":3}},"60":{"start":{"line":157,"column":4},"end":{"line":157,"column":54}},"61":{"start":{"line":161,"column":0},"end":{"line":161,"column":35}}},"fnMap":{"0":{"name":"normalizeForCache","decl":{"start":{"line":5,"column":9},"end":{"line":5,"column":26}},"loc":{"start":{"line":5,"column":65},"end":{"line":131,"column":1}},"line":5},"1":{"name":"replaceItemsWithReferences","decl":{"start":{"line":136,"column":9},"end":{"line":136,"column":35}},"loc":{"start":{"line":136,"column":61},"end":{"line":146,"column":1}},"line":136},"2":{"name":"generateId","decl":{"start":{"line":149,"column":9},"end":{"line":149,"column":19}},"loc":{"start":{"line":149,"column":38},"end":{"line":152,"column":1}},"line":149},"3":{"name":"writeToCache","decl":{"start":{"line":155,"column":9},"end":{"line":155,"column":21}},"loc":{"start":{"line":155,"column":33},"end":{"line":159,"column":1}},"line":155}},"branchMap":{"0":{"loc":{"start":{"line":10,"column":2},"end":{"line":130,"column":3}},"type":"if","locations":[{"start":{"line":10,"column":2},"end":{"line":130,"column":3}},{"start":{"line":10,"column":2},"end":{"line":130,"column":3}}],"line":10},"1":{"loc":{"start":{"line":10,"column":6},"end":{"line":10,"column":47}},"type":"binary-expr","locations":[{"start":{"line":10,"column":6},"end":{"line":10,"column":26}},{"start":{"line":10,"column":30},"end":{"line":10,"column":47}}],"line":10},"2":{"loc":{"start":{"line":25,"column":4},"end":{"line":53,"column":5}},"type":"if","locations":[{"start":{"line":25,"column":4},"end":{"line":53,"column":5}},{"start":{"line":25,"column":4},"end":{"line":53,"column":5}}],"line":25},"3":{"loc":{"start":{"line":31,"column":10},"end":{"line":33,"column":11}},"type":"if","locations":[{"start":{"line":31,"column":10},"end":{"line":33,"column":11}},{"start":{"line":31,"column":10},"end":{"line":33,"column":11}}],"line":31},"4":{"loc":{"start":{"line":43,"column":8},"end":{"line":49,"column":9}},"type":"if","locations":[{"start":{"line":43,"column":8},"end":{"line":49,"column":9}},{"start":{"line":43,"column":8},"end":{"line":49,"column":9}}],"line":43},"5":{"loc":{"start":{"line":54,"column":9},"end":{"line":130,"column":3}},"type":"if","locations":[{"start":{"line":54,"column":9},"end":{"line":130,"column":3}},{"start":{"line":54,"column":9},"end":{"line":130,"column":3}}],"line":54},"6":{"loc":{"start":{"line":54,"column":13},"end":{"line":54,"column":53}},"type":"binary-expr","locations":[{"start":{"line":54,"column":13},"end":{"line":54,"column":33}},{"start":{"line":54,"column":37},"end":{"line":54,"column":53}}],"line":54},"7":{"loc":{"start":{"line":68,"column":6},"end":{"line":96,"column":7}},"type":"if","locations":[{"start":{"line":68,"column":6},"end":{"line":96,"column":7}},{"start":{"line":68,"column":6},"end":{"line":96,"column":7}}],"line":68},"8":{"loc":{"start":{"line":74,"column":12},"end":{"line":76,"column":13}},"type":"if","locations":[{"start":{"line":74,"column":12},"end":{"line":76,"column":13}},{"start":{"line":74,"column":12},"end":{"line":76,"column":13}}],"line":74},"9":{"loc":{"start":{"line":86,"column":10},"end":{"line":92,"column":11}},"type":"if","locations":[{"start":{"line":86,"column":10},"end":{"line":92,"column":11}},{"start":{"line":86,"column":10},"end":{"line":92,"column":11}}],"line":86},"10":{"loc":{"start":{"line":119,"column":8},"end":{"line":121,"column":9}},"type":"if","locations":[{"start":{"line":119,"column":8},"end":{"line":121,"column":9}},{"start":{"line":119,"column":8},"end":{"line":121,"column":9}}],"line":119},"11":{"loc":{"start":{"line":150,"column":21},"end":{"line":150,"column":57}},"type":"binary-expr","locations":[{"start":{"line":150,"column":21},"end":{"line":150,"column":28}},{"start":{"line":150,"column":32},"end":{"line":150,"column":40}},{"start":{"line":150,"column":44},"end":{"line":150,"column":57}}],"line":150},"12":{"loc":{"start":{"line":156,"column":2},"end":{"line":158,"column":3}},"type":"if","locations":[{"start":{"line":156,"column":2},"end":{"line":158,"column":3}},{"start":{"line":156,"column":2},"end":{"line":158,"column":3}}],"line":156}},"s":{"0":0,"1":0,"2":0,"3":0,"4":0,"5":0,"6":0,"7":0,"8":0,"9":0,"10":0,"11":0,"12":0,"13":0,"14":0,"15":0,"16":0,"17":0,"18":0,"19":0,"20":0,"21":0,"22":0,"23":0,"24":0,"25":0,"26":0,"27":0,"28":0,"29":0,"30":0,"31":0,"32":0,"33":0,"34":0,"35":0,"36":0,"37":0,"38":0,"39":0,"40":0,"41":0,"42":0,"43":0,"44":0,"45":0,"46":0,"47":0,"48":0,"49":0,"50":0,"51":0,"52":0,"53":0,"54":0,"55":0,"56":0,"57":0,"58":0,"59":0,"60":0,"61":2},"f":{"0":0,"1":0,"2":0,"3":0},"b":{"0":[0,0],"1":[0,0],"2":[0,0],"3":[0,0],"4":[0,0],"5":[0,0],"6":[0,0],"7":[0,0],"8":[0,0],"9":[0,0],"10":[0,0],"11":[0,0,0],"12":[0,0]},"_coverageSchema":"1a1c01bbd47fc00a2c39e90264f33305004495a9","hash":"597ab89976752ae9be7e24e1ba8aa59a640f8b90"}
,"/Users/xiaoyuomeara/Desktop/Codesmith PTRI/-Project Phase/P4-Production Project/Quell/quell-client/helpers/parseAST.js": {"path":"/Users/xiaoyuomeara/Desktop/Codesmith PTRI/-Project Phase/P4-Production Project/Quell/quell-client/helpers/parseAST.js","statementMap":{"0":{"start":{"line":1,"column":18},"end":{"line":1,"column":53}},"1":{"start":{"line":20,"column":20},"end":{"line":20,"column":22}},"2":{"start":{"line":21,"column":20},"end":{"line":21,"column":24}},"3":{"start":{"line":23,"column":2},"end":{"line":194,"column":5}},"4":{"start":{"line":26,"column":6},"end":{"line":30,"column":7}},"5":{"start":{"line":27,"column":8},"end":{"line":29,"column":9}},"6":{"start":{"line":28,"column":10},"end":{"line":28,"column":30}},"7":{"start":{"line":37,"column":6},"end":{"line":41,"column":7}},"8":{"start":{"line":38,"column":8},"end":{"line":40,"column":9}},"9":{"start":{"line":39,"column":10},"end":{"line":39,"column":30}},"10":{"start":{"line":65,"column":6},"end":{"line":192,"column":7}},"11":{"start":{"line":71,"column":31},"end":{"line":71,"column":51}},"12":{"start":{"line":78,"column":22},"end":{"line":78,"column":41}},"13":{"start":{"line":85,"column":8},"end":{"line":98,"column":9}},"14":{"start":{"line":86,"column":32},"end":{"line":86,"column":63}},"15":{"start":{"line":89,"column":27},"end":{"line":89,"column":42}},"16":{"start":{"line":91,"column":10},"end":{"line":91,"column":66}},"17":{"start":{"line":97,"column":10},"end":{"line":97,"column":32}},"18":{"start":{"line":104,"column":30},"end":{"line":104,"column":32}},"19":{"start":{"line":106,"column":8},"end":{"line":108,"column":9}},"20":{"start":{"line":107,"column":10},"end":{"line":107,"column":49}},"21":{"start":{"line":121,"column":10},"end":{"line":131,"column":18}},"22":{"start":{"line":127,"column":12},"end":{"line":129,"column":48}},"23":{"start":{"line":134,"column":8},"end":{"line":134,"column":55}},"24":{"start":{"line":148,"column":8},"end":{"line":164,"column":9}},"25":{"start":{"line":150,"column":10},"end":{"line":163,"column":11}},"26":{"start":{"line":151,"column":12},"end":{"line":162,"column":13}},"27":{"start":{"line":151,"column":25},"end":{"line":151,"column":26}},"28":{"start":{"line":152,"column":26},"end":{"line":152,"column":56}},"29":{"start":{"line":153,"column":28},"end":{"line":153,"column":59}},"30":{"start":{"line":155,"column":14},"end":{"line":155,"column":62}},"31":{"start":{"line":158,"column":14},"end":{"line":160,"column":15}},"32":{"start":{"line":159,"column":16},"end":{"line":159,"column":67}},"33":{"start":{"line":161,"column":14},"end":{"line":161,"column":77}},"34":{"start":{"line":173,"column":8},"end":{"line":191,"column":9}},"35":{"start":{"line":175,"column":10},"end":{"line":190,"column":11}},"36":{"start":{"line":175,"column":23},"end":{"line":175,"column":24}},"37":{"start":{"line":176,"column":24},"end":{"line":176,"column":54}},"38":{"start":{"line":177,"column":26},"end":{"line":177,"column":57}},"39":{"start":{"line":179,"column":12},"end":{"line":179,"column":60}},"40":{"start":{"line":181,"column":12},"end":{"line":183,"column":13}},"41":{"start":{"line":182,"column":14},"end":{"line":182,"column":61}},"42":{"start":{"line":184,"column":12},"end":{"line":184,"column":73}},"43":{"start":{"line":186,"column":12},"end":{"line":188,"column":13}},"44":{"start":{"line":187,"column":14},"end":{"line":187,"column":65}},"45":{"start":{"line":189,"column":12},"end":{"line":189,"column":75}},"46":{"start":{"line":197,"column":2},"end":{"line":197,"column":49}},"47":{"start":{"line":200,"column":0},"end":{"line":200,"column":26}}},"fnMap":{"0":{"name":"parseAST","decl":{"start":{"line":7,"column":9},"end":{"line":7,"column":17}},"loc":{"start":{"line":7,"column":35},"end":{"line":198,"column":1}},"line":7},"1":{"name":"(anonymous_1)","decl":{"start":{"line":24,"column":4},"end":{"line":24,"column":5}},"loc":{"start":{"line":24,"column":16},"end":{"line":46,"column":5}},"line":24},"2":{"name":"(anonymous_2)","decl":{"start":{"line":54,"column":4},"end":{"line":54,"column":5}},"loc":{"start":{"line":54,"column":53},"end":{"line":193,"column":5}},"line":54},"3":{"name":"setProperty","decl":{"start":{"line":117,"column":17},"end":{"line":117,"column":28}},"loc":{"start":{"line":117,"column":47},"end":{"line":132,"column":9}},"line":117},"4":{"name":"(anonymous_4)","decl":{"start":{"line":121,"column":29},"end":{"line":121,"column":30}},"loc":{"start":{"line":121,"column":52},"end":{"line":131,"column":11}},"line":121}},"branchMap":{"0":{"loc":{"start":{"line":26,"column":6},"end":{"line":30,"column":7}},"type":"if","locations":[{"start":{"line":26,"column":6},"end":{"line":30,"column":7}},{"start":{"line":26,"column":6},"end":{"line":30,"column":7}}],"line":26},"1":{"loc":{"start":{"line":27,"column":8},"end":{"line":29,"column":9}},"type":"if","locations":[{"start":{"line":27,"column":8},"end":{"line":29,"column":9}},{"start":{"line":27,"column":8},"end":{"line":29,"column":9}}],"line":27},"2":{"loc":{"start":{"line":37,"column":6},"end":{"line":41,"column":7}},"type":"if","locations":[{"start":{"line":37,"column":6},"end":{"line":41,"column":7}},{"start":{"line":37,"column":6},"end":{"line":41,"column":7}}],"line":37},"3":{"loc":{"start":{"line":38,"column":8},"end":{"line":40,"column":9}},"type":"if","locations":[{"start":{"line":38,"column":8},"end":{"line":40,"column":9}},{"start":{"line":38,"column":8},"end":{"line":40,"column":9}}],"line":38},"4":{"loc":{"start":{"line":65,"column":6},"end":{"line":192,"column":7}},"type":"if","locations":[{"start":{"line":65,"column":6},"end":{"line":192,"column":7}},{"start":{"line":65,"column":6},"end":{"line":192,"column":7}}],"line":65},"5":{"loc":{"start":{"line":127,"column":19},"end":{"line":129,"column":47}},"type":"cond-expr","locations":[{"start":{"line":128,"column":17},"end":{"line":128,"column":35}},{"start":{"line":129,"column":17},"end":{"line":129,"column":46}}],"line":127},"6":{"loc":{"start":{"line":129,"column":30},"end":{"line":129,"column":46}},"type":"binary-expr","locations":[{"start":{"line":129,"column":30},"end":{"line":129,"column":40}},{"start":{"line":129,"column":44},"end":{"line":129,"column":46}}],"line":129},"7":{"loc":{"start":{"line":148,"column":8},"end":{"line":164,"column":9}},"type":"if","locations":[{"start":{"line":148,"column":8},"end":{"line":164,"column":9}},{"start":{"line":148,"column":8},"end":{"line":164,"column":9}}],"line":148},"8":{"loc":{"start":{"line":148,"column":12},"end":{"line":148,"column":45}},"type":"binary-expr","locations":[{"start":{"line":148,"column":12},"end":{"line":148,"column":28}},{"start":{"line":148,"column":32},"end":{"line":148,"column":45}}],"line":148},"9":{"loc":{"start":{"line":150,"column":10},"end":{"line":163,"column":11}},"type":"if","locations":[{"start":{"line":150,"column":10},"end":{"line":163,"column":11}},{"start":{"line":150,"column":10},"end":{"line":163,"column":11}}],"line":150},"10":{"loc":{"start":{"line":155,"column":28},"end":{"line":155,"column":61}},"type":"binary-expr","locations":[{"start":{"line":155,"column":28},"end":{"line":155,"column":39}},{"start":{"line":155,"column":43},"end":{"line":155,"column":61}}],"line":155},"11":{"loc":{"start":{"line":158,"column":14},"end":{"line":160,"column":15}},"type":"if","locations":[{"start":{"line":158,"column":14},"end":{"line":160,"column":15}},{"start":{"line":158,"column":14},"end":{"line":160,"column":15}}],"line":158},"12":{"loc":{"start":{"line":173,"column":8},"end":{"line":191,"column":9}},"type":"if","locations":[{"start":{"line":173,"column":8},"end":{"line":191,"column":9}},{"start":{"line":173,"column":8},"end":{"line":191,"column":9}}],"line":173},"13":{"loc":{"start":{"line":179,"column":26},"end":{"line":179,"column":59}},"type":"binary-expr","locations":[{"start":{"line":179,"column":26},"end":{"line":179,"column":37}},{"start":{"line":179,"column":41},"end":{"line":179,"column":59}}],"line":179},"14":{"loc":{"start":{"line":181,"column":12},"end":{"line":183,"column":13}},"type":"if","locations":[{"start":{"line":181,"column":12},"end":{"line":183,"column":13}},{"start":{"line":181,"column":12},"end":{"line":183,"column":13}}],"line":181},"15":{"loc":{"start":{"line":186,"column":12},"end":{"line":188,"column":13}},"type":"if","locations":[{"start":{"line":186,"column":12},"end":{"line":188,"column":13}},{"start":{"line":186,"column":12},"end":{"line":188,"column":13}}],"line":186},"16":{"loc":{"start":{"line":197,"column":9},"end":{"line":197,"column":48}},"type":"cond-expr","locations":[{"start":{"line":197,"column":23},"end":{"line":197,"column":32}},{"start":{"line":197,"column":35},"end":{"line":197,"column":48}}],"line":197}},"s":{"0":2,"1":2,"2":2,"3":2,"4":30,"5":2,"6":0,"7":30,"8":15,"9":0,"10":5,"11":3,"12":3,"13":3,"14":1,"15":1,"16":1,"17":1,"18":3,"19":3,"20":11,"21":3,"22":4,"23":3,"24":3,"25":3,"26":0,"27":0,"28":0,"29":0,"30":0,"31":0,"32":0,"33":0,"34":3,"35":0,"36":0,"37":0,"38":0,"39":0,"40":0,"41":0,"42":0,"43":0,"44":0,"45":0,"46":2,"47":2},"f":{"0":2,"1":30,"2":5,"3":3,"4":4},"b":{"0":[2,28],"1":[0,2],"2":[15,15],"3":[0,15],"4":[3,2],"5":[3,1],"6":[1,0],"7":[3,0],"8":[3,3],"9":[0,3],"10":[0,0],"11":[0,0],"12":[0,3],"13":[0,0],"14":[0,0],"15":[0,0],"16":[2,0]},"_coverageSchema":"1a1c01bbd47fc00a2c39e90264f33305004495a9","hash":"bdbff1bf6873f1bd057be912549a57c7762b680a"}
}
