{"/Users/xiaoyuomeara/Desktop/Codesmith PTRI/-Project Phase/P4-Production Project/Quell/quell-client/helpers/createQueryObj.js": {"path":"/Users/xiaoyuomeara/Desktop/Codesmith PTRI/-Project Phase/P4-Production Project/Quell/quell-client/helpers/createQueryObj.js","statementMap":{"0":{"start":{"line":7,"column":17},"end":{"line":7,"column":19}},"1":{"start":{"line":9,"column":2},"end":{"line":14,"column":3}},"2":{"start":{"line":10,"column":20},"end":{"line":10,"column":37}},"3":{"start":{"line":11,"column":4},"end":{"line":13,"column":5}},"4":{"start":{"line":12,"column":6},"end":{"line":12,"column":28}},"5":{"start":{"line":17,"column":19},"end":{"line":17,"column":21}},"6":{"start":{"line":19,"column":4},"end":{"line":31,"column":5}},"7":{"start":{"line":21,"column":6},"end":{"line":21,"column":47}},"8":{"start":{"line":21,"column":30},"end":{"line":21,"column":47}},"9":{"start":{"line":23,"column":6},"end":{"line":30,"column":7}},"10":{"start":{"line":24,"column":25},"end":{"line":24,"column":27}},"11":{"start":{"line":25,"column":22},"end":{"line":25,"column":39}},"12":{"start":{"line":26,"column":8},"end":{"line":29,"column":9}},"13":{"start":{"line":27,"column":10},"end":{"line":27,"column":36}},"14":{"start":{"line":28,"column":10},"end":{"line":28,"column":34}},"15":{"start":{"line":33,"column":4},"end":{"line":33,"column":18}},"16":{"start":{"line":37,"column":2},"end":{"line":37,"column":16}},"17":{"start":{"line":40,"column":0},"end":{"line":40,"column":32}}},"fnMap":{"0":{"name":"createQueryObj","decl":{"start":{"line":5,"column":9},"end":{"line":5,"column":23}},"loc":{"start":{"line":5,"column":29},"end":{"line":38,"column":1}},"line":5},"1":{"name":"reducer","decl":{"start":{"line":16,"column":11},"end":{"line":16,"column":18}},"loc":{"start":{"line":16,"column":24},"end":{"line":34,"column":3}},"line":16}},"branchMap":{"0":{"loc":{"start":{"line":11,"column":4},"end":{"line":13,"column":5}},"type":"if","locations":[{"start":{"line":11,"column":4},"end":{"line":13,"column":5}},{"start":{"line":11,"column":4},"end":{"line":13,"column":5}}],"line":11},"1":{"loc":{"start":{"line":21,"column":6},"end":{"line":21,"column":47}},"type":"if","locations":[{"start":{"line":21,"column":6},"end":{"line":21,"column":47}},{"start":{"line":21,"column":6},"end":{"line":21,"column":47}}],"line":21},"2":{"loc":{"start":{"line":23,"column":6},"end":{"line":30,"column":7}},"type":"if","locations":[{"start":{"line":23,"column":6},"end":{"line":30,"column":7}},{"start":{"line":23,"column":6},"end":{"line":30,"column":7}}],"line":23},"3":{"loc":{"start":{"line":26,"column":8},"end":{"line":29,"column":9}},"type":"if","locations":[{"start":{"line":26,"column":8},"end":{"line":29,"column":9}},{"start":{"line":26,"column":8},"end":{"line":29,"column":9}}],"line":26}},"s":{"0":2,"1":2,"2":2,"3":2,"4":2,"5":3,"6":3,"7":11,"8":8,"9":11,"10":1,"11":1,"12":1,"13":1,"14":1,"15":3,"16":2,"17":1},"f":{"0":2,"1":3},"b":{"0":[2,0],"1":[8,3],"2":[1,10],"3":[1,0]},"_coverageSchema":"1a1c01bbd47fc00a2c39e90264f33305004495a9","hash":"eeb3a21dc486459aa552630ebffb87a47a504231"}
,"/Users/xiaoyuomeara/Desktop/Codesmith PTRI/-Project Phase/P4-Production Project/Quell/quell-client/helpers/createQueryStr.js": {"path":"/Users/xiaoyuomeara/Desktop/Codesmith PTRI/-Project Phase/P4-Production Project/Quell/quell-client/helpers/createQueryStr.js","statementMap":{"0":{"start":{"line":8,"column":20},"end":{"line":8,"column":23}},"1":{"start":{"line":9,"column":21},"end":{"line":9,"column":24}},"2":{"start":{"line":10,"column":20},"end":{"line":10,"column":23}},"3":{"start":{"line":11,"column":21},"end":{"line":11,"column":24}},"4":{"start":{"line":13,"column":16},"end":{"line":13,"column":18}},"5":{"start":{"line":15,"column":2},"end":{"line":19,"column":3}},"6":{"start":{"line":16,"column":4},"end":{"line":18,"column":23}},"7":{"start":{"line":22,"column":19},"end":{"line":22,"column":21}},"8":{"start":{"line":23,"column":4},"end":{"line":34,"column":5}},"9":{"start":{"line":23,"column":17},"end":{"line":23,"column":18}},"10":{"start":{"line":24,"column":6},"end":{"line":26,"column":7}},"11":{"start":{"line":25,"column":8},"end":{"line":25,"column":41}},"12":{"start":{"line":27,"column":6},"end":{"line":33,"column":7}},"13":{"start":{"line":28,"column":8},"end":{"line":32,"column":9}},"14":{"start":{"line":29,"column":10},"end":{"line":31,"column":28}},"15":{"start":{"line":35,"column":4},"end":{"line":35,"column":20}},"16":{"start":{"line":39,"column":20},"end":{"line":39,"column":22}},"17":{"start":{"line":41,"column":4},"end":{"line":49,"column":5}},"18":{"start":{"line":42,"column":6},"end":{"line":48,"column":9}},"19":{"start":{"line":43,"column":8},"end":{"line":47,"column":80}},"20":{"start":{"line":51,"column":4},"end":{"line":51,"column":72}},"21":{"start":{"line":54,"column":2},"end":{"line":54,"column":42}},"22":{"start":{"line":57,"column":0},"end":{"line":57,"column":32}}},"fnMap":{"0":{"name":"createQueryStr","decl":{"start":{"line":5,"column":9},"end":{"line":5,"column":23}},"loc":{"start":{"line":5,"column":49},"end":{"line":55,"column":1}},"line":5},"1":{"name":"stringify","decl":{"start":{"line":21,"column":11},"end":{"line":21,"column":20}},"loc":{"start":{"line":21,"column":34},"end":{"line":36,"column":3}},"line":21},"2":{"name":"getArgs","decl":{"start":{"line":38,"column":11},"end":{"line":38,"column":18}},"loc":{"start":{"line":38,"column":24},"end":{"line":52,"column":3}},"line":38},"3":{"name":"(anonymous_3)","decl":{"start":{"line":42,"column":40},"end":{"line":42,"column":41}},"loc":{"start":{"line":42,"column":49},"end":{"line":48,"column":7}},"line":42}},"branchMap":{"0":{"loc":{"start":{"line":16,"column":25},"end":{"line":16,"column":43}},"type":"binary-expr","locations":[{"start":{"line":16,"column":25},"end":{"line":16,"column":37}},{"start":{"line":16,"column":41},"end":{"line":16,"column":43}}],"line":16},"1":{"loc":{"start":{"line":24,"column":6},"end":{"line":26,"column":7}},"type":"if","locations":[{"start":{"line":24,"column":6},"end":{"line":26,"column":7}},{"start":{"line":24,"column":6},"end":{"line":26,"column":7}}],"line":24},"2":{"loc":{"start":{"line":27,"column":6},"end":{"line":33,"column":7}},"type":"if","locations":[{"start":{"line":27,"column":6},"end":{"line":33,"column":7}},{"start":{"line":27,"column":6},"end":{"line":33,"column":7}}],"line":27},"3":{"loc":{"start":{"line":29,"column":32},"end":{"line":29,"column":50}},"type":"binary-expr","locations":[{"start":{"line":29,"column":32},"end":{"line":29,"column":44}},{"start":{"line":29,"column":48},"end":{"line":29,"column":50}}],"line":29},"4":{"loc":{"start":{"line":41,"column":4},"end":{"line":49,"column":5}},"type":"if","locations":[{"start":{"line":41,"column":4},"end":{"line":49,"column":5}},{"start":{"line":41,"column":4},"end":{"line":49,"column":5}}],"line":41},"5":{"loc":{"start":{"line":41,"column":8},"end":{"line":41,"column":57}},"type":"binary-expr","locations":[{"start":{"line":41,"column":8},"end":{"line":41,"column":28}},{"start":{"line":41,"column":32},"end":{"line":41,"column":57}}],"line":41},"6":{"loc":{"start":{"line":43,"column":8},"end":{"line":47,"column":79}},"type":"cond-expr","locations":[{"start":{"line":44,"column":13},"end":{"line":46,"column":15}},{"start":{"line":47,"column":13},"end":{"line":47,"column":78}}],"line":43},"7":{"loc":{"start":{"line":51,"column":11},"end":{"line":51,"column":71}},"type":"cond-expr","locations":[{"start":{"line":51,"column":23},"end":{"line":51,"column":64}},{"start":{"line":51,"column":67},"end":{"line":51,"column":71}}],"line":51}},"s":{"0":4,"1":4,"2":4,"3":4,"4":4,"5":4,"6":4,"7":7,"8":7,"9":7,"10":23,"11":20,"12":23,"13":3,"14":3,"15":7,"16":7,"17":7,"18":2,"19":3,"20":7,"21":4,"22":1},"f":{"0":4,"1":7,"2":7,"3":3},"b":{"0":[4,2],"1":[20,3],"2":[3,20],"3":[3,3],"4":[2,5],"5":[7,4],"6":[1,2],"7":[2,5]},"_coverageSchema":"1a1c01bbd47fc00a2c39e90264f33305004495a9","hash":"74c3e854effac3c76ebde3906b98350868c55863"}
,"/Users/xiaoyuomeara/Desktop/Codesmith PTRI/-Project Phase/P4-Production Project/Quell/quell-client/helpers/parseAST.js": {"path":"/Users/xiaoyuomeara/Desktop/Codesmith PTRI/-Project Phase/P4-Production Project/Quell/quell-client/helpers/parseAST.js","statementMap":{"0":{"start":{"line":1,"column":18},"end":{"line":1,"column":53}},"1":{"start":{"line":20,"column":20},"end":{"line":20,"column":22}},"2":{"start":{"line":21,"column":20},"end":{"line":21,"column":24}},"3":{"start":{"line":23,"column":2},"end":{"line":194,"column":5}},"4":{"start":{"line":26,"column":6},"end":{"line":30,"column":7}},"5":{"start":{"line":27,"column":8},"end":{"line":29,"column":9}},"6":{"start":{"line":28,"column":10},"end":{"line":28,"column":30}},"7":{"start":{"line":37,"column":6},"end":{"line":41,"column":7}},"8":{"start":{"line":38,"column":8},"end":{"line":40,"column":9}},"9":{"start":{"line":39,"column":10},"end":{"line":39,"column":30}},"10":{"start":{"line":65,"column":6},"end":{"line":192,"column":7}},"11":{"start":{"line":71,"column":31},"end":{"line":71,"column":51}},"12":{"start":{"line":78,"column":22},"end":{"line":78,"column":41}},"13":{"start":{"line":85,"column":8},"end":{"line":98,"column":9}},"14":{"start":{"line":86,"column":32},"end":{"line":86,"column":63}},"15":{"start":{"line":89,"column":27},"end":{"line":89,"column":42}},"16":{"start":{"line":91,"column":10},"end":{"line":91,"column":66}},"17":{"start":{"line":97,"column":10},"end":{"line":97,"column":32}},"18":{"start":{"line":104,"column":30},"end":{"line":104,"column":32}},"19":{"start":{"line":106,"column":8},"end":{"line":108,"column":9}},"20":{"start":{"line":107,"column":10},"end":{"line":107,"column":49}},"21":{"start":{"line":121,"column":10},"end":{"line":131,"column":18}},"22":{"start":{"line":127,"column":12},"end":{"line":129,"column":48}},"23":{"start":{"line":134,"column":8},"end":{"line":134,"column":55}},"24":{"start":{"line":148,"column":8},"end":{"line":164,"column":9}},"25":{"start":{"line":150,"column":10},"end":{"line":163,"column":11}},"26":{"start":{"line":151,"column":12},"end":{"line":162,"column":13}},"27":{"start":{"line":151,"column":25},"end":{"line":151,"column":26}},"28":{"start":{"line":152,"column":26},"end":{"line":152,"column":56}},"29":{"start":{"line":153,"column":28},"end":{"line":153,"column":59}},"30":{"start":{"line":155,"column":14},"end":{"line":155,"column":62}},"31":{"start":{"line":158,"column":14},"end":{"line":160,"column":15}},"32":{"start":{"line":159,"column":16},"end":{"line":159,"column":67}},"33":{"start":{"line":161,"column":14},"end":{"line":161,"column":77}},"34":{"start":{"line":173,"column":8},"end":{"line":191,"column":9}},"35":{"start":{"line":175,"column":10},"end":{"line":190,"column":11}},"36":{"start":{"line":175,"column":23},"end":{"line":175,"column":24}},"37":{"start":{"line":176,"column":24},"end":{"line":176,"column":54}},"38":{"start":{"line":177,"column":26},"end":{"line":177,"column":57}},"39":{"start":{"line":179,"column":12},"end":{"line":179,"column":60}},"40":{"start":{"line":181,"column":12},"end":{"line":183,"column":13}},"41":{"start":{"line":182,"column":14},"end":{"line":182,"column":61}},"42":{"start":{"line":184,"column":12},"end":{"line":184,"column":73}},"43":{"start":{"line":186,"column":12},"end":{"line":188,"column":13}},"44":{"start":{"line":187,"column":14},"end":{"line":187,"column":65}},"45":{"start":{"line":189,"column":12},"end":{"line":189,"column":75}},"46":{"start":{"line":197,"column":2},"end":{"line":197,"column":49}},"47":{"start":{"line":200,"column":0},"end":{"line":200,"column":26}}},"fnMap":{"0":{"name":"parseAST","decl":{"start":{"line":7,"column":9},"end":{"line":7,"column":17}},"loc":{"start":{"line":7,"column":35},"end":{"line":198,"column":1}},"line":7},"1":{"name":"(anonymous_1)","decl":{"start":{"line":24,"column":4},"end":{"line":24,"column":5}},"loc":{"start":{"line":24,"column":16},"end":{"line":46,"column":5}},"line":24},"2":{"name":"(anonymous_2)","decl":{"start":{"line":54,"column":4},"end":{"line":54,"column":5}},"loc":{"start":{"line":54,"column":53},"end":{"line":193,"column":5}},"line":54},"3":{"name":"setProperty","decl":{"start":{"line":117,"column":17},"end":{"line":117,"column":28}},"loc":{"start":{"line":117,"column":47},"end":{"line":132,"column":9}},"line":117},"4":{"name":"(anonymous_4)","decl":{"start":{"line":121,"column":29},"end":{"line":121,"column":30}},"loc":{"start":{"line":121,"column":52},"end":{"line":131,"column":11}},"line":121}},"branchMap":{"0":{"loc":{"start":{"line":26,"column":6},"end":{"line":30,"column":7}},"type":"if","locations":[{"start":{"line":26,"column":6},"end":{"line":30,"column":7}},{"start":{"line":26,"column":6},"end":{"line":30,"column":7}}],"line":26},"1":{"loc":{"start":{"line":27,"column":8},"end":{"line":29,"column":9}},"type":"if","locations":[{"start":{"line":27,"column":8},"end":{"line":29,"column":9}},{"start":{"line":27,"column":8},"end":{"line":29,"column":9}}],"line":27},"2":{"loc":{"start":{"line":37,"column":6},"end":{"line":41,"column":7}},"type":"if","locations":[{"start":{"line":37,"column":6},"end":{"line":41,"column":7}},{"start":{"line":37,"column":6},"end":{"line":41,"column":7}}],"line":37},"3":{"loc":{"start":{"line":38,"column":8},"end":{"line":40,"column":9}},"type":"if","locations":[{"start":{"line":38,"column":8},"end":{"line":40,"column":9}},{"start":{"line":38,"column":8},"end":{"line":40,"column":9}}],"line":38},"4":{"loc":{"start":{"line":65,"column":6},"end":{"line":192,"column":7}},"type":"if","locations":[{"start":{"line":65,"column":6},"end":{"line":192,"column":7}},{"start":{"line":65,"column":6},"end":{"line":192,"column":7}}],"line":65},"5":{"loc":{"start":{"line":127,"column":19},"end":{"line":129,"column":47}},"type":"cond-expr","locations":[{"start":{"line":128,"column":17},"end":{"line":128,"column":35}},{"start":{"line":129,"column":17},"end":{"line":129,"column":46}}],"line":127},"6":{"loc":{"start":{"line":129,"column":30},"end":{"line":129,"column":46}},"type":"binary-expr","locations":[{"start":{"line":129,"column":30},"end":{"line":129,"column":40}},{"start":{"line":129,"column":44},"end":{"line":129,"column":46}}],"line":129},"7":{"loc":{"start":{"line":148,"column":8},"end":{"line":164,"column":9}},"type":"if","locations":[{"start":{"line":148,"column":8},"end":{"line":164,"column":9}},{"start":{"line":148,"column":8},"end":{"line":164,"column":9}}],"line":148},"8":{"loc":{"start":{"line":148,"column":12},"end":{"line":148,"column":45}},"type":"binary-expr","locations":[{"start":{"line":148,"column":12},"end":{"line":148,"column":28}},{"start":{"line":148,"column":32},"end":{"line":148,"column":45}}],"line":148},"9":{"loc":{"start":{"line":150,"column":10},"end":{"line":163,"column":11}},"type":"if","locations":[{"start":{"line":150,"column":10},"end":{"line":163,"column":11}},{"start":{"line":150,"column":10},"end":{"line":163,"column":11}}],"line":150},"10":{"loc":{"start":{"line":155,"column":28},"end":{"line":155,"column":61}},"type":"binary-expr","locations":[{"start":{"line":155,"column":28},"end":{"line":155,"column":39}},{"start":{"line":155,"column":43},"end":{"line":155,"column":61}}],"line":155},"11":{"loc":{"start":{"line":158,"column":14},"end":{"line":160,"column":15}},"type":"if","locations":[{"start":{"line":158,"column":14},"end":{"line":160,"column":15}},{"start":{"line":158,"column":14},"end":{"line":160,"column":15}}],"line":158},"12":{"loc":{"start":{"line":173,"column":8},"end":{"line":191,"column":9}},"type":"if","locations":[{"start":{"line":173,"column":8},"end":{"line":191,"column":9}},{"start":{"line":173,"column":8},"end":{"line":191,"column":9}}],"line":173},"13":{"loc":{"start":{"line":179,"column":26},"end":{"line":179,"column":59}},"type":"binary-expr","locations":[{"start":{"line":179,"column":26},"end":{"line":179,"column":37}},{"start":{"line":179,"column":41},"end":{"line":179,"column":59}}],"line":179},"14":{"loc":{"start":{"line":181,"column":12},"end":{"line":183,"column":13}},"type":"if","locations":[{"start":{"line":181,"column":12},"end":{"line":183,"column":13}},{"start":{"line":181,"column":12},"end":{"line":183,"column":13}}],"line":181},"15":{"loc":{"start":{"line":186,"column":12},"end":{"line":188,"column":13}},"type":"if","locations":[{"start":{"line":186,"column":12},"end":{"line":188,"column":13}},{"start":{"line":186,"column":12},"end":{"line":188,"column":13}}],"line":186},"16":{"loc":{"start":{"line":197,"column":9},"end":{"line":197,"column":48}},"type":"cond-expr","locations":[{"start":{"line":197,"column":23},"end":{"line":197,"column":32}},{"start":{"line":197,"column":35},"end":{"line":197,"column":48}}],"line":197}},"s":{"0":1,"1":2,"2":2,"3":2,"4":30,"5":2,"6":0,"7":30,"8":15,"9":0,"10":5,"11":3,"12":3,"13":3,"14":1,"15":1,"16":1,"17":1,"18":3,"19":3,"20":11,"21":3,"22":4,"23":3,"24":3,"25":3,"26":0,"27":0,"28":0,"29":0,"30":0,"31":0,"32":0,"33":0,"34":3,"35":0,"36":0,"37":0,"38":0,"39":0,"40":0,"41":0,"42":0,"43":0,"44":0,"45":0,"46":2,"47":1},"f":{"0":2,"1":30,"2":5,"3":3,"4":4},"b":{"0":[2,28],"1":[0,2],"2":[15,15],"3":[0,15],"4":[3,2],"5":[3,1],"6":[1,0],"7":[3,0],"8":[3,3],"9":[0,3],"10":[0,0],"11":[0,0],"12":[0,3],"13":[0,0],"14":[0,0],"15":[0,0],"16":[2,0]},"_coverageSchema":"1a1c01bbd47fc00a2c39e90264f33305004495a9","hash":"bdbff1bf6873f1bd057be912549a57c7762b680a"}
}
