TN:
SF:helpers/createQueryObj.js
FN:5,createQueryObj
FN:16,reducer
FNF:2
FNH:2
FNDA:2,createQueryObj
FNDA:3,reducer
DA:7,2
DA:9,2
DA:10,2
DA:11,2
DA:12,2
DA:17,3
DA:19,3
DA:21,11
DA:23,11
DA:24,1
DA:25,1
DA:26,1
DA:27,1
DA:28,1
DA:33,3
DA:37,2
DA:40,1
LF:17
LH:17
BRDA:11,0,0,2
BRDA:11,0,1,0
BRDA:21,1,0,8
BRDA:21,1,1,3
BRDA:23,2,0,1
BRDA:23,2,1,10
BRDA:26,3,0,1
BRDA:26,3,1,0
BRF:8
BRH:6
end_of_record
TN:
SF:helpers/createQueryStr.js
FN:5,createQueryStr
FN:21,stringify
FN:38,getArgs
FN:42,(anonymous_3)
FNF:4
FNH:4
FNDA:4,createQueryStr
FNDA:7,stringify
FNDA:7,getArgs
FNDA:3,(anonymous_3)
DA:8,4
DA:9,4
DA:10,4
DA:11,4
DA:13,4
DA:15,4
DA:16,4
DA:22,7
DA:23,7
DA:24,23
DA:25,20
DA:27,23
DA:28,3
DA:29,3
DA:35,7
DA:39,7
DA:41,7
DA:42,2
DA:43,3
DA:51,7
DA:54,4
DA:57,1
LF:22
LH:22
BRDA:16,0,0,4
BRDA:16,0,1,2
BRDA:24,1,0,20
BRDA:24,1,1,3
BRDA:27,2,0,3
BRDA:27,2,1,20
BRDA:29,3,0,3
BRDA:29,3,1,3
BRDA:41,4,0,2
BRDA:41,4,1,5
BRDA:41,5,0,7
BRDA:41,5,1,4
BRDA:43,6,0,1
BRDA:43,6,1,2
BRDA:51,7,0,2
BRDA:51,7,1,5
BRF:16
BRH:16
end_of_record
TN:
SF:helpers/parseAST.js
FN:7,parseAST
FN:24,(anonymous_1)
FN:54,(anonymous_2)
FN:117,setProperty
FN:121,(anonymous_4)
FNF:5
FNH:5
FNDA:2,parseAST
FNDA:30,(anonymous_1)
FNDA:5,(anonymous_2)
FNDA:3,setProperty
FNDA:4,(anonymous_4)
DA:1,1
DA:20,2
DA:21,2
DA:23,2
DA:26,30
DA:27,2
DA:28,0
DA:37,30
DA:38,15
DA:39,0
DA:65,5
DA:71,3
DA:78,3
DA:85,3
DA:86,1
DA:89,1
DA:91,1
DA:97,1
DA:104,3
DA:106,3
DA:107,11
DA:121,3
DA:127,4
DA:134,3
DA:148,3
DA:150,3
DA:151,0
DA:152,0
DA:153,0
DA:155,0
DA:158,0
DA:159,0
DA:161,0
DA:173,3
DA:175,0
DA:176,0
DA:177,0
DA:179,0
DA:181,0
DA:182,0
DA:184,0
DA:186,0
DA:187,0
DA:189,0
DA:197,2
DA:200,1
LF:46
LH:27
BRDA:26,0,0,2
BRDA:26,0,1,28
BRDA:27,1,0,0
BRDA:27,1,1,2
BRDA:37,2,0,15
BRDA:37,2,1,15
BRDA:38,3,0,0
BRDA:38,3,1,15
BRDA:65,4,0,3
BRDA:65,4,1,2
BRDA:127,5,0,3
BRDA:127,5,1,1
BRDA:129,6,0,1
BRDA:129,6,1,0
BRDA:148,7,0,3
BRDA:148,7,1,0
BRDA:148,8,0,3
BRDA:148,8,1,3
BRDA:150,9,0,0
BRDA:150,9,1,3
BRDA:155,10,0,0
BRDA:155,10,1,0
BRDA:158,11,0,0
BRDA:158,11,1,0
BRDA:173,12,0,0
BRDA:173,12,1,3
BRDA:179,13,0,0
BRDA:179,13,1,0
BRDA:181,14,0,0
BRDA:181,14,1,0
BRDA:186,15,0,0
BRDA:186,15,1,0
BRDA:197,16,0,2
BRDA:197,16,1,0
BRF:34
BRH:17
end_of_record
