TN:
SF:Quellify.js
FN:14,Quellify
FN:44,(anonymous_1)
FN:68,(anonymous_2)
FN:119,(anonymous_3)
FN:136,(anonymous_4)
FNF:5
FNH:0
FNDA:0,Quellify
FNDA:0,(anonymous_1)
FNDA:0,(anonymous_2)
FNDA:0,(anonymous_3)
FNDA:0,(anonymous_4)
DA:1,1
DA:2,1
DA:3,1
DA:4,1
DA:5,1
DA:6,1
DA:7,1
DA:16,0
DA:19,0
DA:20,0
DA:23,0
DA:24,0
DA:25,0
DA:31,0
DA:32,0
DA:41,0
DA:42,0
DA:44,0
DA:47,0
DA:48,0
DA:50,0
DA:51,0
DA:60,0
DA:61,0
DA:62,0
DA:63,0
DA:65,0
DA:68,0
DA:73,0
DA:77,0
DA:78,0
DA:79,0
DA:82,0
DA:83,0
DA:84,0
DA:85,0
DA:94,0
DA:95,0
DA:96,0
DA:97,0
DA:102,0
DA:107,0
DA:109,0
DA:110,0
DA:114,0
DA:115,0
DA:116,0
DA:117,0
DA:118,0
DA:119,0
DA:121,0
DA:123,0
DA:128,0
DA:131,0
DA:133,0
DA:136,0
DA:140,1
LF:57
LH:8
BRDA:31,0,0,0
BRDA:31,0,1,0
BRDA:50,1,0,0
BRDA:50,1,1,0
BRDA:82,2,0,0
BRDA:82,2,1,0
BRDA:97,3,0,0
BRDA:97,3,1,0
BRDA:114,4,0,0
BRDA:114,4,1,0
BRDA:114,5,0,0
BRDA:114,5,1,0
BRDA:116,6,0,0
BRDA:116,6,1,0
BRDA:116,7,0,0
BRDA:116,7,1,0
BRDA:128,8,0,0
BRDA:128,8,1,0
BRF:18
BRH:0
end_of_record
TN:
SF:helpers/buildFromCache.js
FN:1,toggleProto
FN:15,buildFromCache
FN:136,buildItem
FNF:3
FNH:0
FNDA:0,toggleProto
FNDA:0,buildFromCache
FNDA:0,buildItem
DA:2,0
DA:3,0
DA:4,0
DA:6,0
DA:16,0
DA:20,0
DA:21,0
DA:22,0
DA:24,0
DA:25,0
DA:27,0
DA:28,0
DA:29,0
DA:33,0
DA:34,0
DA:39,0
DA:43,0
DA:46,0
DA:48,0
DA:49,0
DA:52,0
DA:54,0
DA:55,0
DA:59,0
DA:103,0
DA:105,0
DA:109,0
DA:110,0
DA:120,0
DA:121,0
DA:137,0
DA:141,0
DA:142,0
DA:143,0
DA:145,0
DA:147,0
DA:148,0
DA:149,0
DA:153,0
DA:155,0
DA:156,0
DA:159,0
DA:163,0
DA:165,0
DA:168,0
DA:172,0
DA:175,2
LF:47
LH:1
BRDA:3,0,0,0
BRDA:3,0,1,0
BRDA:27,1,0,0
BRDA:27,1,1,0
BRDA:27,2,0,0
BRDA:27,2,1,0
BRDA:27,2,2,0
BRDA:33,3,0,0
BRDA:33,3,1,0
BRDA:33,4,0,0
BRDA:33,4,1,0
BRDA:34,5,0,0
BRDA:34,5,1,0
BRDA:46,6,0,0
BRDA:46,6,1,0
BRDA:48,7,0,0
BRDA:48,7,1,0
BRDA:59,8,0,0
BRDA:59,8,1,0
BRDA:59,9,0,0
BRDA:59,9,1,0
BRDA:59,9,2,0
BRDA:104,10,0,0
BRDA:104,10,1,0
BRDA:104,10,2,0
BRDA:147,11,0,0
BRDA:147,11,1,0
BRDA:153,12,0,0
BRDA:153,12,1,0
BRDA:163,13,0,0
BRDA:163,13,1,0
BRF:31
BRH:0
end_of_record
TN:
SF:helpers/createQueryObj.js
FN:5,createQueryObj
FN:16,reducer
FNF:2
FNH:2
FNDA:5,createQueryObj
FNDA:9,reducer
DA:7,5
DA:9,5
DA:10,5
DA:11,5
DA:12,4
DA:17,9
DA:19,9
DA:21,35
DA:23,35
DA:24,4
DA:25,4
DA:26,4
DA:27,2
DA:28,2
DA:33,9
DA:37,5
DA:40,2
LF:17
LH:17
BRDA:11,0,0,4
BRDA:11,0,1,1
BRDA:21,1,0,14
BRDA:21,1,1,21
BRDA:23,2,0,4
BRDA:23,2,1,31
BRDA:26,3,0,2
BRDA:26,3,1,2
BRF:8
BRH:8
end_of_record
TN:
SF:helpers/createQueryStr.js
FN:5,createQueryStr
FN:21,stringify
FN:38,getArgs
FN:42,(anonymous_3)
FNF:4
FNH:4
FNDA:5,createQueryStr
FNDA:9,stringify
FNDA:9,getArgs
FNDA:3,(anonymous_3)
DA:8,5
DA:9,5
DA:10,5
DA:11,5
DA:13,5
DA:15,5
DA:16,5
DA:22,9
DA:23,9
DA:24,32
DA:25,28
DA:27,32
DA:28,4
DA:29,4
DA:35,9
DA:39,9
DA:41,9
DA:42,2
DA:43,3
DA:51,9
DA:54,5
DA:57,2
LF:22
LH:22
BRDA:16,0,0,5
BRDA:16,0,1,3
BRDA:24,1,0,28
BRDA:24,1,1,4
BRDA:27,2,0,4
BRDA:27,2,1,28
BRDA:29,3,0,4
BRDA:29,3,1,4
BRDA:41,4,0,2
BRDA:41,4,1,7
BRDA:41,5,0,9
BRDA:41,5,1,4
BRDA:43,6,0,1
BRDA:43,6,1,2
BRDA:51,7,0,2
BRDA:51,7,1,7
BRF:16
BRH:16
end_of_record
TN:
SF:helpers/joinResponses.js
FN:5,joinResponses
FN:17,fieldRecurse
FNF:2
FNH:2
FNDA:7,joinResponses
FNDA:18,fieldRecurse
DA:10,7
DA:12,7
DA:14,18
DA:15,18
DA:18,18
DA:20,18
DA:21,18
DA:23,69
DA:25,60
DA:29,9
DA:32,9
DA:40,18
DA:42,18
DA:46,7
DA:49,2
LF:15
LH:15
BRDA:23,0,0,60
BRDA:23,0,1,9
BRDA:25,1,0,39
BRDA:25,1,1,21
BRDA:29,2,0,9
BRDA:29,2,1,0
BRDA:32,3,0,3
BRDA:32,3,1,6
BRDA:32,4,0,9
BRDA:32,4,1,6
BRDA:36,5,0,6
BRDA:36,5,1,3
BRF:12
BRH:11
end_of_record
TN:
SF:helpers/normalizeForCache.js
FN:5,normalizeForCache
FN:136,replaceItemsWithReferences
FN:149,generateId
FN:155,writeToCache
FNF:4
FNH:0
FNDA:0,normalizeForCache
FNDA:0,replaceItemsWithReferences
FNDA:0,generateId
FNDA:0,writeToCache
DA:6,0
DA:7,0
DA:8,0
DA:10,0
DA:14,0
DA:16,0
DA:17,0
DA:19,0
DA:20,0
DA:25,0
DA:27,0
DA:28,0
DA:30,0
DA:31,0
DA:32,0
DA:36,0
DA:40,0
DA:42,0
DA:43,0
DA:44,0
DA:52,0
DA:54,0
DA:58,0
DA:60,0
DA:62,0
DA:65,0
DA:68,0
DA:70,0
DA:71,0
DA:73,0
DA:74,0
DA:75,0
DA:79,0
DA:83,0
DA:85,0
DA:86,0
DA:87,0
DA:95,0
DA:102,0
DA:104,0
DA:107,0
DA:108,0
DA:113,0
DA:115,0
DA:116,0
DA:118,0
DA:119,0
DA:120,0
DA:124,0
DA:125,0
DA:129,0
DA:137,0
DA:138,0
DA:140,0
DA:141,0
DA:142,0
DA:145,0
DA:150,0
DA:151,0
DA:156,0
DA:157,0
DA:161,2
LF:62
LH:1
BRDA:10,0,0,0
BRDA:10,0,1,0
BRDA:10,1,0,0
BRDA:10,1,1,0
BRDA:25,2,0,0
BRDA:25,2,1,0
BRDA:31,3,0,0
BRDA:31,3,1,0
BRDA:43,4,0,0
BRDA:43,4,1,0
BRDA:54,5,0,0
BRDA:54,5,1,0
BRDA:54,6,0,0
BRDA:54,6,1,0
BRDA:68,7,0,0
BRDA:68,7,1,0
BRDA:74,8,0,0
BRDA:74,8,1,0
BRDA:86,9,0,0
BRDA:86,9,1,0
BRDA:119,10,0,0
BRDA:119,10,1,0
BRDA:150,11,0,0
BRDA:150,11,1,0
BRDA:150,11,2,0
BRDA:156,12,0,0
BRDA:156,12,1,0
BRF:27
BRH:0
end_of_record
TN:
SF:helpers/parseAST.js
FN:7,parseAST
FN:24,(anonymous_1)
FN:54,(anonymous_2)
FN:117,setProperty
FN:121,(anonymous_4)
FNF:5
FNH:5
FNDA:2,parseAST
FNDA:30,(anonymous_1)
FNDA:5,(anonymous_2)
FNDA:3,setProperty
FNDA:4,(anonymous_4)
DA:1,2
DA:20,2
DA:21,2
DA:23,2
DA:26,30
DA:27,2
DA:28,0
DA:37,30
DA:38,15
DA:39,0
DA:65,5
DA:71,3
DA:78,3
DA:85,3
DA:86,1
DA:89,1
DA:91,1
DA:97,1
DA:104,3
DA:106,3
DA:107,11
DA:121,3
DA:127,4
DA:134,3
DA:148,3
DA:150,3
DA:151,0
DA:152,0
DA:153,0
DA:155,0
DA:158,0
DA:159,0
DA:161,0
DA:173,3
DA:175,0
DA:176,0
DA:177,0
DA:179,0
DA:181,0
DA:182,0
DA:184,0
DA:186,0
DA:187,0
DA:189,0
DA:197,2
DA:200,2
LF:46
LH:27
BRDA:26,0,0,2
BRDA:26,0,1,28
BRDA:27,1,0,0
BRDA:27,1,1,2
BRDA:37,2,0,15
BRDA:37,2,1,15
BRDA:38,3,0,0
BRDA:38,3,1,15
BRDA:65,4,0,3
BRDA:65,4,1,2
BRDA:127,5,0,3
BRDA:127,5,1,1
BRDA:129,6,0,1
BRDA:129,6,1,0
BRDA:148,7,0,3
BRDA:148,7,1,0
BRDA:148,8,0,3
BRDA:148,8,1,3
BRDA:150,9,0,0
BRDA:150,9,1,3
BRDA:155,10,0,0
BRDA:155,10,1,0
BRDA:158,11,0,0
BRDA:158,11,1,0
BRDA:173,12,0,0
BRDA:173,12,1,3
BRDA:179,13,0,0
BRDA:179,13,1,0
BRDA:181,14,0,0
BRDA:181,14,1,0
BRDA:186,15,0,0
BRDA:186,15,1,0
BRDA:197,16,0,2
BRDA:197,16,1,0
BRF:34
BRH:17
end_of_record
