<?xml version="1.0" encoding="UTF-8"?>
<coverage generated="1679597718038" clover="3.2.0">
  <project timestamp="1679597718038" name="All files">
    <metrics statements="763" coveredstatements="240" conditionals="512" coveredconditionals="129" methods="155" coveredmethods="38" elements="1430" coveredelements="407" complexity="0" loc="763" ncloc="763" packages="2" files="7" classes="7"/>
    <package name="src">
      <metrics statements="621" coveredstatements="172" conditionals="496" coveredconditionals="125" methods="103" coveredmethods="22"/>
      <file name="quell.ts" path="/Users/angelo/Desktop/Codesmith/Quell-7.0/quell-server/src/quell.ts">
        <metrics statements="621" coveredstatements="172" conditionals="496" coveredconditionals="125" methods="103" coveredmethods="22"/>
        <line num="2" count="8" type="stmt"/>
        <line num="3" count="8" type="stmt"/>
        <line num="4" count="8" type="stmt"/>
        <line num="6" count="8" type="stmt"/>
        <line num="53" count="8" type="stmt"/>
        <line num="63" count="8" type="stmt"/>
        <line num="105" count="0" type="stmt"/>
        <line num="106" count="0" type="stmt"/>
        <line num="107" count="0" type="stmt"/>
        <line num="108" count="0" type="stmt"/>
        <line num="109" count="0" type="stmt"/>
        <line num="110" count="0" type="stmt"/>
        <line num="111" count="0" type="stmt"/>
        <line num="112" count="0" type="stmt"/>
        <line num="113" count="0" type="stmt"/>
        <line num="114" count="0" type="stmt"/>
        <line num="115" count="0" type="stmt"/>
        <line num="116" count="0" type="stmt"/>
        <line num="120" count="0" type="stmt"/>
        <line num="121" count="0" type="stmt"/>
        <line num="122" count="0" type="stmt"/>
        <line num="123" count="0" type="stmt"/>
        <line num="124" count="0" type="stmt"/>
        <line num="125" count="0" type="stmt"/>
        <line num="126" count="0" type="stmt"/>
        <line num="127" count="0" type="stmt"/>
        <line num="128" count="0" type="stmt"/>
        <line num="129" count="0" type="stmt"/>
        <line num="130" count="0" type="stmt"/>
        <line num="131" count="0" type="stmt"/>
        <line num="154" count="0" type="cond" truecount="0" falsecount="8"/>
        <line num="156" count="0" type="stmt"/>
        <line num="158" count="0" type="stmt"/>
        <line num="160" count="0" type="stmt"/>
        <line num="163" count="0" type="cond" truecount="0" falsecount="1"/>
        <line num="164" count="0" type="stmt"/>
        <line num="170" count="0" type="stmt"/>
        <line num="173" count="0" type="stmt"/>
        <line num="176" count="0" type="stmt"/>
        <line num="179" count="0" type="stmt"/>
        <line num="182" count="0" type="stmt"/>
        <line num="183" count="0" type="stmt"/>
        <line num="188" count="0" type="cond" truecount="0" falsecount="4"/>
        <line num="189" count="0" type="stmt"/>
        <line num="192" count="0" type="cond" truecount="0" falsecount="1"/>
        <line num="193" count="0" type="stmt"/>
        <line num="199" count="0" type="stmt"/>
        <line num="203" count="0" type="stmt"/>
        <line num="205" count="0" type="stmt"/>
        <line num="227" count="0" type="cond" truecount="0" falsecount="1"/>
        <line num="228" count="0" type="stmt"/>
        <line num="232" count="0" type="stmt"/>
        <line num="236" count="0" type="cond" truecount="0" falsecount="2"/>
        <line num="247" count="0" type="cond" truecount="0" falsecount="4"/>
        <line num="256" count="0" type="cond" truecount="0" falsecount="2"/>
        <line num="257" count="0" type="stmt"/>
        <line num="259" count="0" type="stmt"/>
        <line num="260" count="0" type="stmt"/>
        <line num="263" count="0" type="stmt"/>
        <line num="270" count="0" type="cond" truecount="0" falsecount="2"/>
        <line num="271" count="0" type="stmt"/>
        <line num="273" count="0" type="stmt"/>
        <line num="274" count="0" type="stmt"/>
        <line num="277" count="0" type="stmt"/>
        <line num="281" count="0" type="stmt"/>
        <line num="286" count="0" type="cond" truecount="0" falsecount="2"/>
        <line num="287" count="0" type="stmt"/>
        <line num="288" count="0" type="stmt"/>
        <line num="289" count="0" type="stmt"/>
        <line num="292" count="0" type="stmt"/>
        <line num="294" count="0" type="stmt"/>
        <line num="295" count="0" type="stmt"/>
        <line num="296" count="0" type="stmt"/>
        <line num="299" count="0" type="stmt"/>
        <line num="305" count="0" type="cond" truecount="0" falsecount="2"/>
        <line num="310" count="0" type="stmt"/>
        <line num="311" count="0" type="stmt"/>
        <line num="316" count="0" type="stmt"/>
        <line num="317" count="0" type="stmt"/>
        <line num="319" count="0" type="stmt"/>
        <line num="322" count="0" type="cond" truecount="0" falsecount="1"/>
        <line num="323" count="0" type="stmt"/>
        <line num="324" count="0" type="stmt"/>
        <line num="325" count="0" type="stmt"/>
        <line num="326" count="0" type="stmt"/>
        <line num="332" count="0" type="stmt"/>
        <line num="334" count="0" type="stmt"/>
        <line num="338" count="0" type="cond" truecount="0" falsecount="1"/>
        <line num="339" count="0" type="stmt"/>
        <line num="346" count="0" type="stmt"/>
        <line num="349" count="0" type="stmt"/>
        <line num="357" count="0" type="cond" truecount="0" falsecount="2"/>
        <line num="361" count="0" type="stmt"/>
        <line num="369" count="0" type="stmt"/>
        <line num="376" count="0" type="stmt"/>
        <line num="380" count="0" type="cond" truecount="0" falsecount="2"/>
        <line num="383" count="0" type="stmt"/>
        <line num="389" count="0" type="stmt"/>
        <line num="390" count="0" type="stmt"/>
        <line num="393" count="0" type="stmt"/>
        <line num="398" count="0" type="stmt"/>
        <line num="399" count="0" type="stmt"/>
        <line num="400" count="0" type="cond" truecount="0" falsecount="1"/>
        <line num="401" count="0" type="stmt"/>
        <line num="408" count="0" type="cond" truecount="0" falsecount="2"/>
        <line num="416" count="0" type="stmt"/>
        <line num="426" count="0" type="stmt"/>
        <line num="427" count="0" type="stmt"/>
        <line num="428" count="0" type="stmt"/>
        <line num="431" count="0" type="stmt"/>
        <line num="437" count="0" type="stmt"/>
        <line num="438" count="0" type="stmt"/>
        <line num="439" count="0" type="stmt"/>
        <line num="450" count="0" type="stmt"/>
        <line num="451" count="0" type="cond" truecount="0" falsecount="3"/>
        <line num="452" count="0" type="stmt"/>
        <line num="453" count="0" type="stmt"/>
        <line num="454" count="0" type="stmt"/>
        <line num="456" count="0" type="stmt"/>
        <line num="477" count="0" type="stmt"/>
        <line num="479" count="0" type="cond" truecount="0" falsecount="1"/>
        <line num="480" count="0" type="stmt"/>
        <line num="484" count="0" type="cond" truecount="0" falsecount="1"/>
        <line num="485" count="0" type="stmt"/>
        <line num="489" count="0" type="cond" truecount="0" falsecount="6"/>
        <line num="490" count="0" type="stmt"/>
        <line num="492" count="0" type="stmt"/>
        <line num="497" count="0" type="cond" truecount="0" falsecount="3"/>
        <line num="498" count="0" type="stmt"/>
        <line num="502" count="0" type="stmt"/>
        <line num="503" count="0" type="cond" truecount="0" falsecount="1"/>
        <line num="507" count="0" type="stmt"/>
        <line num="509" count="0" type="stmt"/>
        <line num="512" count="0" type="cond" truecount="0" falsecount="2"/>
        <line num="516" count="0" type="cond" truecount="0" falsecount="2"/>
        <line num="519" count="0" type="stmt"/>
        <line num="521" count="0" type="stmt"/>
        <line num="522" count="0" type="cond" truecount="0" falsecount="1"/>
        <line num="528" count="0" type="stmt"/>
        <line num="529" count="0" type="stmt"/>
        <line num="531" count="0" type="cond" truecount="0" falsecount="2"/>
        <line num="533" count="0" type="stmt"/>
        <line num="535" count="0" type="stmt"/>
        <line num="537" count="0" type="cond" truecount="0" falsecount="2"/>
        <line num="544" count="0" type="stmt"/>
        <line num="547" count="0" type="cond" truecount="0" falsecount="2"/>
        <line num="553" count="0" type="stmt"/>
        <line num="561" count="0" type="stmt"/>
        <line num="564" count="0" type="cond" truecount="0" falsecount="1"/>
        <line num="569" count="0" type="stmt"/>
        <line num="572" count="0" type="stmt"/>
        <line num="576" count="0" type="stmt"/>
        <line num="577" count="0" type="cond" truecount="0" falsecount="1"/>
        <line num="582" count="0" type="stmt"/>
        <line num="588" count="0" type="stmt"/>
        <line num="592" count="0" type="cond" truecount="0" falsecount="3"/>
        <line num="593" count="0" type="stmt"/>
        <line num="594" count="0" type="stmt"/>
        <line num="595" count="0" type="stmt"/>
        <line num="596" count="0" type="stmt"/>
        <line num="599" count="0" type="stmt"/>
        <line num="601" count="0" type="stmt"/>
        <line num="605" count="0" type="stmt"/>
        <line num="608" count="0" type="stmt"/>
        <line num="609" count="0" type="stmt"/>
        <line num="610" count="0" type="stmt"/>
        <line num="611" count="0" type="stmt"/>
        <line num="614" count="0" type="stmt"/>
        <line num="622" count="0" type="cond" truecount="0" falsecount="2"/>
        <line num="624" count="0" type="cond" truecount="0" falsecount="1"/>
        <line num="631" count="0" type="stmt"/>
        <line num="634" count="0" type="cond" truecount="0" falsecount="1"/>
        <line num="640" count="0" type="stmt"/>
        <line num="641" count="0" type="stmt"/>
        <line num="644" count="0" type="cond" truecount="0" falsecount="1"/>
        <line num="645" count="0" type="stmt"/>
        <line num="655" count="0" type="stmt"/>
        <line num="657" count="0" type="cond" truecount="0" falsecount="1"/>
        <line num="666" count="0" type="stmt"/>
        <line num="670" count="0" type="cond" truecount="0" falsecount="2"/>
        <line num="674" count="0" type="stmt"/>
        <line num="682" count="0" type="cond" truecount="0" falsecount="1"/>
        <line num="687" count="0" type="stmt"/>
        <line num="693" count="0" type="stmt"/>
        <line num="709" count="0" type="stmt"/>
        <line num="711" count="0" type="stmt"/>
        <line num="712" count="0" type="stmt"/>
        <line num="713" count="0" type="cond" truecount="0" falsecount="2"/>
        <line num="714" count="0" type="stmt"/>
        <line num="715" count="0" type="stmt"/>
        <line num="717" count="0" type="stmt"/>
        <line num="719" count="0" type="cond" truecount="0" falsecount="3"/>
        <line num="720" count="0" type="stmt"/>
        <line num="730" count="0" type="cond" truecount="0" falsecount="1"/>
        <line num="734" count="0" type="stmt"/>
        <line num="737" count="0" type="cond" truecount="0" falsecount="2"/>
        <line num="744" count="0" type="cond" truecount="0" falsecount="2"/>
        <line num="749" count="0" type="stmt"/>
        <line num="751" count="0" type="cond" truecount="0" falsecount="1"/>
        <line num="756" count="0" type="cond" truecount="0" falsecount="1"/>
        <line num="757" count="0" type="stmt"/>
        <line num="758" count="0" type="cond" truecount="0" falsecount="1"/>
        <line num="762" count="0" type="cond" truecount="0" falsecount="1"/>
        <line num="763" count="0" type="stmt"/>
        <line num="769" count="0" type="stmt"/>
        <line num="770" count="0" type="stmt"/>
        <line num="772" count="0" type="stmt"/>
        <line num="775" count="0" type="stmt"/>
        <line num="778" count="0" type="cond" truecount="0" falsecount="1"/>
        <line num="779" count="0" type="cond" truecount="0" falsecount="1"/>
        <line num="780" count="0" type="stmt"/>
        <line num="792" count="0" type="stmt"/>
        <line num="804" count="0" type="cond" truecount="0" falsecount="2"/>
        <line num="807" count="0" type="stmt"/>
        <line num="816" count="0" type="stmt"/>
        <line num="817" count="0" type="cond" truecount="0" falsecount="1"/>
        <line num="818" count="0" type="stmt"/>
        <line num="819" count="0" type="stmt"/>
        <line num="836" count="0" type="cond" truecount="0" falsecount="2"/>
        <line num="837" count="0" type="stmt"/>
        <line num="838" count="0" type="stmt"/>
        <line num="839" count="0" type="stmt"/>
        <line num="842" count="0" type="cond" truecount="0" falsecount="1"/>
        <line num="843" count="0" type="stmt"/>
        <line num="846" count="0" type="stmt"/>
        <line num="864" count="0" type="stmt"/>
        <line num="865" count="0" type="stmt"/>
        <line num="866" count="0" type="cond" truecount="0" falsecount="1"/>
        <line num="871" count="0" type="cond" truecount="0" falsecount="4"/>
        <line num="872" count="0" type="stmt"/>
        <line num="875" count="0" type="stmt"/>
        <line num="876" count="0" type="stmt"/>
        <line num="880" count="0" type="cond" truecount="0" falsecount="1"/>
        <line num="881" count="0" type="stmt"/>
        <line num="882" count="0" type="stmt"/>
        <line num="890" count="0" type="stmt"/>
        <line num="892" count="0" type="stmt"/>
        <line num="893" count="0" type="cond" truecount="0" falsecount="1"/>
        <line num="894" count="0" type="stmt"/>
        <line num="895" count="0" type="cond" truecount="0" falsecount="1"/>
        <line num="899" count="0" type="stmt"/>
        <line num="903" count="0" type="stmt"/>
        <line num="906" count="0" type="stmt"/>
        <line num="908" count="0" type="cond" truecount="0" falsecount="1"/>
        <line num="909" count="0" type="stmt"/>
        <line num="912" count="0" type="stmt"/>
        <line num="921" count="0" type="stmt"/>
        <line num="922" count="0" type="cond" truecount="0" falsecount="1"/>
        <line num="923" count="0" type="stmt"/>
        <line num="924" count="0" type="cond" truecount="0" falsecount="1"/>
        <line num="928" count="0" type="stmt"/>
        <line num="932" count="0" type="stmt"/>
        <line num="933" count="0" type="stmt"/>
        <line num="934" count="0" type="stmt"/>
        <line num="936" count="0" type="stmt"/>
        <line num="939" count="0" type="cond" truecount="0" falsecount="3"/>
        <line num="940" count="0" type="stmt"/>
        <line num="942" count="0" type="stmt"/>
        <line num="943" count="0" type="stmt"/>
        <line num="944" count="0" type="cond" truecount="0" falsecount="2"/>
        <line num="950" count="0" type="stmt"/>
        <line num="952" count="0" type="cond" truecount="0" falsecount="1"/>
        <line num="953" count="0" type="stmt"/>
        <line num="954" count="0" type="stmt"/>
        <line num="957" count="0" type="stmt"/>
        <line num="958" count="0" type="stmt"/>
        <line num="962" count="0" type="cond" truecount="0" falsecount="1"/>
        <line num="963" count="0" type="stmt"/>
        <line num="964" count="0" type="stmt"/>
        <line num="968" count="0" type="stmt"/>
        <line num="977" count="0" type="stmt"/>
        <line num="978" count="0" type="stmt"/>
        <line num="980" count="0" type="cond" truecount="0" falsecount="1"/>
        <line num="982" count="0" type="cond" truecount="0" falsecount="1"/>
        <line num="983" count="0" type="stmt"/>
        <line num="991" count="0" type="stmt"/>
        <line num="992" count="0" type="stmt"/>
        <line num="995" count="0" type="cond" truecount="0" falsecount="3"/>
        <line num="997" count="0" type="stmt"/>
        <line num="999" count="0" type="stmt"/>
        <line num="1000" count="0" type="stmt"/>
        <line num="1004" count="0" type="stmt"/>
        <line num="1006" count="0" type="cond" truecount="0" falsecount="4"/>
        <line num="1008" count="0" type="cond" truecount="0" falsecount="1"/>
        <line num="1010" count="0" type="stmt"/>
        <line num="1013" count="0" type="cond" truecount="0" falsecount="1"/>
        <line num="1014" count="0" type="stmt"/>
        <line num="1019" count="0" type="cond" truecount="0" falsecount="1"/>
        <line num="1020" count="0" type="stmt"/>
        <line num="1028" count="0" type="stmt"/>
        <line num="1029" count="0" type="stmt"/>
        <line num="1033" count="0" type="cond" truecount="0" falsecount="2"/>
        <line num="1037" count="0" type="cond" truecount="0" falsecount="2"/>
        <line num="1038" count="0" type="cond" truecount="0" falsecount="2"/>
        <line num="1042" count="0" type="stmt"/>
        <line num="1045" count="0" type="stmt"/>
        <line num="1048" count="0" type="stmt"/>
        <line num="1059" count="0" type="stmt"/>
        <line num="1061" count="0" type="cond" truecount="0" falsecount="2"/>
        <line num="1063" count="0" type="stmt"/>
        <line num="1065" count="0" type="stmt"/>
        <line num="1070" count="0" type="stmt"/>
        <line num="1079" count="0" type="stmt"/>
        <line num="1080" count="0" type="stmt"/>
        <line num="1082" count="0" type="stmt"/>
        <line num="1095" count="0" type="stmt"/>
        <line num="1096" count="0" type="stmt"/>
        <line num="1097" count="0" type="stmt"/>
        <line num="1122" count="0" type="stmt"/>
        <line num="1123" count="0" type="stmt"/>
        <line num="1131" count="0" type="stmt"/>
        <line num="1132" count="0" type="stmt"/>
        <line num="1133" count="0" type="cond" truecount="0" falsecount="5"/>
        <line num="1134" count="0" type="cond" truecount="0" falsecount="5"/>
        <line num="1135" count="0" type="cond" truecount="0" falsecount="5"/>
        <line num="1136" count="0" type="cond" truecount="0" falsecount="5"/>
        <line num="1137" count="0" type="stmt"/>
        <line num="1140" count="0" type="cond" truecount="0" falsecount="5"/>
        <line num="1142" count="0" type="stmt"/>
        <line num="1143" count="0" type="stmt"/>
        <line num="1145" count="0" type="stmt"/>
        <line num="1146" count="0" type="stmt"/>
        <line num="1148" count="0" type="stmt"/>
        <line num="1149" count="0" type="stmt"/>
        <line num="1151" count="0" type="stmt"/>
        <line num="1152" count="0" type="stmt"/>
        <line num="1154" count="0" type="stmt"/>
        <line num="1159" count="0" type="stmt"/>
        <line num="1162" count="0" type="stmt"/>
        <line num="1172" count="0" type="stmt"/>
        <line num="1173" count="0" type="stmt"/>
        <line num="1175" count="0" type="stmt"/>
        <line num="1178" count="0" type="stmt"/>
        <line num="1180" count="0" type="stmt"/>
        <line num="1187" count="0" type="stmt"/>
        <line num="1194" count="0" type="stmt"/>
        <line num="1201" count="0" type="stmt"/>
        <line num="1208" count="0" type="stmt"/>
        <line num="1215" count="0" type="stmt"/>
        <line num="1229" count="0" type="stmt"/>
        <line num="1236" count="0" type="stmt"/>
        <line num="1250" count="0" type="stmt"/>
        <line num="1260" count="0" type="stmt"/>
        <line num="1267" count="0" type="stmt"/>
        <line num="1274" count="0" type="stmt"/>
        <line num="1288" count="0" type="stmt"/>
        <line num="1298" count="0" type="stmt"/>
        <line num="1305" count="0" type="stmt"/>
        <line num="1350" count="0" type="stmt"/>
        <line num="1357" count="0" type="stmt"/>
        <line num="1364" count="0" type="stmt"/>
        <line num="1399" count="0" type="stmt"/>
        <line num="1406" count="0" type="stmt"/>
        <line num="1413" count="0" type="stmt"/>
        <line num="1427" count="0" type="stmt"/>
        <line num="1432" count="0" type="stmt"/>
        <line num="1433" count="0" type="stmt"/>
        <line num="1436" count="0" type="stmt"/>
        <line num="1440" count="0" type="stmt"/>
        <line num="1442" count="0" type="stmt"/>
        <line num="1453" count="0" type="stmt"/>
        <line num="1456" count="0" type="stmt"/>
        <line num="1457" count="0" type="stmt"/>
        <line num="1460" count="0" type="stmt"/>
        <line num="1471" count="0" type="cond" truecount="0" falsecount="2"/>
        <line num="1472" count="0" type="stmt"/>
        <line num="1475" count="0" type="stmt"/>
        <line num="1476" count="0" type="stmt"/>
        <line num="1479" count="0" type="stmt"/>
        <line num="1482" count="0" type="stmt"/>
        <line num="1483" count="0" type="stmt"/>
        <line num="1501" count="0" type="stmt"/>
        <line num="1503" count="0" type="cond" truecount="0" falsecount="1"/>
        <line num="1505" count="0" type="cond" truecount="0" falsecount="1"/>
        <line num="1507" count="0" type="stmt"/>
        <line num="1512" count="0" type="stmt"/>
        <line num="1516" count="0" type="stmt"/>
        <line num="1519" count="0" type="stmt"/>
        <line num="1523" count="0" type="stmt"/>
        <line num="1526" count="0" type="cond" truecount="0" falsecount="2"/>
        <line num="1536" count="0" type="cond" truecount="0" falsecount="1"/>
        <line num="1537" count="0" type="cond" truecount="0" falsecount="1"/>
        <line num="1538" count="0" type="stmt"/>
        <line num="1543" count="0" type="stmt"/>
        <line num="1544" count="0" type="stmt"/>
        <line num="1548" count="0" type="stmt"/>
        <line num="1550" count="0" type="cond" truecount="0" falsecount="3"/>
        <line num="1551" count="0" type="stmt"/>
        <line num="1556" count="0" type="stmt"/>
        <line num="1558" count="0" type="stmt"/>
        <line num="1559" count="0" type="stmt"/>
        <line num="1561" count="0" type="stmt"/>
        <line num="1574" count="0" type="stmt"/>
        <line num="1576" count="0" type="stmt"/>
        <line num="1578" count="0" type="cond" truecount="0" falsecount="1"/>
        <line num="1580" count="0" type="cond" truecount="0" falsecount="1"/>
        <line num="1581" count="0" type="stmt"/>
        <line num="1586" count="0" type="stmt"/>
        <line num="1589" count="0" type="stmt"/>
        <line num="1591" count="0" type="stmt"/>
        <line num="1595" count="0" type="stmt"/>
        <line num="1598" count="0" type="cond" truecount="0" falsecount="2"/>
        <line num="1602" count="0" type="stmt"/>
        <line num="1605" count="0" type="cond" truecount="0" falsecount="2"/>
        <line num="1613" count="0" type="stmt"/>
        <line num="1615" count="0" type="cond" truecount="0" falsecount="1"/>
        <line num="1616" count="0" type="stmt"/>
        <line num="1621" count="0" type="stmt"/>
        <line num="1622" count="0" type="stmt"/>
        <line num="1626" count="0" type="stmt"/>
        <line num="1628" count="0" type="cond" truecount="0" falsecount="3"/>
        <line num="1629" count="0" type="stmt"/>
        <line num="1630" count="0" type="stmt"/>
        <line num="1633" count="0" type="cond" truecount="0" falsecount="3"/>
        <line num="1634" count="0" type="stmt"/>
        <line num="1639" count="0" type="stmt"/>
        <line num="1647" count="0" type="stmt"/>
        <line num="1652" count="0" type="cond" truecount="0" falsecount="1"/>
        <line num="1653" count="0" type="stmt"/>
        <line num="1658" count="0" type="stmt"/>
        <line num="1659" count="0" type="stmt"/>
        <line num="1663" count="0" type="stmt"/>
        <line num="1665" count="0" type="cond" truecount="0" falsecount="3"/>
        <line num="1666" count="0" type="stmt"/>
        <line num="1674" count="0" type="stmt"/>
        <line num="1676" count="0" type="stmt"/>
        <line num="1677" count="0" type="stmt"/>
        <line num="1679" count="0" type="stmt"/>
        <line num="1694" count="10" type="cond" truecount="1" falsecount="0"/>
        <line num="1695" count="9" type="stmt"/>
        <line num="1696" count="9" type="stmt"/>
        <line num="1697" count="9" type="stmt"/>
        <line num="1698" count="9" type="stmt"/>
        <line num="1700" count="9" type="stmt"/>
        <line num="1704" count="9" type="stmt"/>
        <line num="1705" count="10" type="stmt"/>
        <line num="1722" count="24" type="stmt"/>
        <line num="1724" count="24" type="stmt"/>
        <line num="1726" count="156" type="cond" truecount="1" falsecount="0"/>
        <line num="1727" count="48" type="stmt"/>
        <line num="1730" count="156" type="cond" truecount="3" falsecount="0"/>
        <line num="1731" count="14" type="stmt"/>
        <line num="1733" count="14" type="stmt"/>
        <line num="1734" count="14" type="stmt"/>
        <line num="1735" count="14" type="stmt"/>
        <line num="1741" count="24" type="stmt"/>
        <line num="1745" count="24" type="stmt"/>
        <line num="1746" count="24" type="cond" truecount="0" falsecount="1"/>
        <line num="1748" count="24" type="stmt"/>
        <line num="1749" count="8" type="cond" truecount="2" falsecount="0"/>
        <line num="1755" count="24" type="cond" truecount="2" falsecount="0"/>
        <line num="1760" count="24" type="cond" truecount="2" falsecount="0"/>
        <line num="1764" count="9" type="stmt"/>
        <line num="1765" count="9" type="cond" truecount="1" falsecount="1"/>
        <line num="1775" count="7" type="stmt"/>
        <line num="1778" count="7" type="stmt"/>
        <line num="1779" count="9" type="stmt"/>
        <line num="1780" count="9" type="cond" truecount="1" falsecount="0"/>
        <line num="1781" count="7" type="stmt"/>
        <line num="1794" count="17" type="stmt"/>
        <line num="1796" count="17" type="stmt"/>
        <line num="1798" count="17" type="stmt"/>
        <line num="1800" count="125" type="cond" truecount="1" falsecount="0"/>
        <line num="1801" count="23" type="stmt"/>
        <line num="1804" count="125" type="cond" truecount="5" falsecount="0"/>
        <line num="1805" count="17" type="stmt"/>
        <line num="1809" count="125" type="cond" truecount="3" falsecount="0"/>
        <line num="1810" count="8" type="stmt"/>
        <line num="1812" count="8" type="cond" truecount="1" falsecount="0"/>
        <line num="1813" count="4" type="stmt"/>
        <line num="1818" count="125" type="cond" truecount="1" falsecount="0"/>
        <line num="1819" count="68" type="stmt"/>
        <line num="1823" count="17" type="stmt"/>
        <line num="1826" count="17" type="cond" truecount="4" falsecount="0"/>
        <line num="1830" count="7" type="stmt"/>
        <line num="1847" count="15" type="stmt"/>
        <line num="1851" count="15" type="stmt"/>
        <line num="1853" count="16" type="cond" truecount="2" falsecount="0"/>
        <line num="1859" count="16" type="cond" truecount="2" falsecount="0"/>
        <line num="1862" count="3" type="cond" truecount="3" falsecount="1"/>
        <line num="1868" count="3" type="stmt"/>
        <line num="1871" count="3" type="stmt"/>
        <line num="1874" count="3" type="stmt"/>
        <line num="1875" count="3" type="stmt"/>
        <line num="1876" count="8" type="cond" truecount="1" falsecount="0"/>
        <line num="1878" count="3" type="cond" truecount="2" falsecount="0"/>
        <line num="1879" count="1" type="stmt"/>
        <line num="1886" count="2" type="stmt"/>
        <line num="1887" count="2" type="stmt"/>
        <line num="1889" count="7" type="stmt"/>
        <line num="1895" count="7" type="stmt"/>
        <line num="1897" count="2" type="stmt"/>
        <line num="1899" count="0" type="cond" truecount="0" falsecount="2"/>
        <line num="1900" count="0" type="stmt"/>
        <line num="1902" count="0" type="stmt"/>
        <line num="1905" count="13" type="cond" truecount="2" falsecount="0"/>
        <line num="1907" count="6" type="stmt"/>
        <line num="1913" count="7" type="stmt"/>
        <line num="1919" count="13" type="stmt"/>
        <line num="1921" count="94" type="cond" truecount="1" falsecount="0"/>
        <line num="1926" count="4" type="stmt"/>
        <line num="1927" count="4" type="cond" truecount="3" falsecount="0"/>
        <line num="1928" count="2" type="cond" truecount="1" falsecount="1"/>
        <line num="1932" count="2" type="stmt"/>
        <line num="1941" count="0" type="cond" truecount="0" falsecount="2"/>
        <line num="1942" count="0" type="stmt"/>
        <line num="1946" count="0" type="stmt"/>
        <line num="1953" count="4" type="cond" truecount="1" falsecount="1"/>
        <line num="1957" count="4" type="stmt"/>
        <line num="1964" count="0" type="stmt"/>
        <line num="1973" count="15" type="stmt"/>
        <line num="1991" count="10" type="stmt"/>
        <line num="1995" count="10" type="stmt"/>
        <line num="1998" count="10" type="stmt"/>
        <line num="2001" count="10" type="stmt"/>
        <line num="2005" count="10" type="stmt"/>
        <line num="2008" count="10" type="stmt"/>
        <line num="2019" count="10" type="stmt"/>
        <line num="2023" count="109" type="cond" truecount="3" falsecount="2"/>
        <line num="2024" count="0" type="cond" truecount="0" falsecount="13"/>
        <line num="2025" count="0" type="stmt"/>
        <line num="2027" count="0" type="stmt"/>
        <line num="2036" count="10" type="stmt"/>
        <line num="2037" count="10" type="cond" truecount="0" falsecount="1"/>
        <line num="2038" count="0" type="stmt"/>
        <line num="2040" count="0" type="stmt"/>
        <line num="2047" count="0" type="stmt"/>
        <line num="2050" count="0" type="stmt"/>
        <line num="2053" count="0" type="stmt"/>
        <line num="2055" count="0" type="stmt"/>
        <line num="2059" count="0" type="cond" truecount="0" falsecount="1"/>
        <line num="2061" count="0" type="stmt"/>
        <line num="2075" count="71" type="cond" truecount="0" falsecount="1"/>
        <line num="2076" count="0" type="stmt"/>
        <line num="2078" count="0" type="stmt"/>
        <line num="2082" count="71" type="stmt"/>
        <line num="2086" count="71" type="stmt"/>
        <line num="2091" count="71" type="cond" truecount="1" falsecount="0"/>
        <line num="2092" count="71" type="stmt"/>
        <line num="2093" count="8" type="stmt"/>
        <line num="2096" count="8" type="cond" truecount="1" falsecount="2"/>
        <line num="2097" count="0" type="stmt"/>
        <line num="2099" count="0" type="stmt"/>
        <line num="2109" count="8" type="cond" truecount="0" falsecount="1"/>
        <line num="2114" count="0" type="stmt"/>
        <line num="2116" count="0" type="stmt"/>
        <line num="2121" count="8" type="cond" truecount="1" falsecount="0"/>
        <line num="2123" count="8" type="stmt"/>
        <line num="2128" count="8" type="cond" truecount="2" falsecount="2"/>
        <line num="2129" count="0" type="stmt"/>
        <line num="2130" count="8" type="cond" truecount="1" falsecount="0"/>
        <line num="2140" count="7" type="stmt"/>
        <line num="2148" count="71" type="cond" truecount="2" falsecount="0"/>
        <line num="2153" count="71" type="stmt"/>
        <line num="2156" count="71" type="cond" truecount="2" falsecount="0"/>
        <line num="2159" count="71" type="cond" truecount="2" falsecount="0"/>
        <line num="2167" count="71" type="stmt"/>
        <line num="2171" count="71" type="stmt"/>
        <line num="2177" count="70" type="stmt"/>
        <line num="2202" count="30" type="cond" truecount="1" falsecount="0"/>
        <line num="2207" count="20" type="stmt"/>
        <line num="2215" count="20" type="stmt"/>
        <line num="2216" count="20" type="stmt"/>
        <line num="2217" count="60" type="cond" truecount="0" falsecount="1"/>
        <line num="2226" count="60" type="cond" truecount="1" falsecount="0"/>
        <line num="2230" count="53" type="stmt"/>
        <line num="2234" count="20" type="cond" truecount="1" falsecount="0"/>
        <line num="2241" count="1" type="stmt"/>
        <line num="2243" count="1" type="stmt"/>
        <line num="2248" count="19" type="stmt"/>
        <line num="2253" count="19" type="stmt"/>
        <line num="2256" count="29" type="cond" truecount="1" falsecount="0"/>
        <line num="2257" count="29" type="stmt"/>
        <line num="2267" count="28" type="stmt"/>
        <line num="2271" count="10" type="stmt"/>
        <line num="2284" count="2" type="cond" truecount="2" falsecount="1"/>
        <line num="2287" count="2" type="stmt"/>
        <line num="2290" count="8" type="cond" truecount="3" falsecount="0"/>
        <line num="2293" count="1" type="stmt"/>
        <line num="2301" count="8" type="cond" truecount="1" falsecount="0"/>
        <line num="2302" count="1" type="stmt"/>
        <line num="2303" count="1" type="stmt"/>
        <line num="2308" count="2" type="stmt"/>
        <line num="2319" count="2" type="stmt"/>
        <line num="2321" count="2" type="cond" truecount="7" falsecount="1"/>
        <line num="2326" count="2" type="cond" truecount="1" falsecount="1"/>
        <line num="2329" count="2" type="stmt"/>
        <line num="2333" count="5" type="cond" truecount="0" falsecount="1"/>
        <line num="2334" count="0" type="stmt"/>
        <line num="2335" count="0" type="stmt"/>
        <line num="2337" count="5" type="cond" truecount="1" falsecount="0"/>
        <line num="2338" count="5" type="stmt"/>
        <line num="2340" count="5" type="stmt"/>
        <line num="2342" count="2" type="stmt"/>
        <line num="2353" count="2" type="stmt"/>
        <line num="2355" count="2" type="cond" truecount="7" falsecount="1"/>
        <line num="2360" count="2" type="cond" truecount="1" falsecount="1"/>
        <line num="2361" count="2" type="stmt"/>
        <line num="2365" count="9" type="cond" truecount="1" falsecount="0"/>
        <line num="2366" count="5" type="stmt"/>
        <line num="2367" count="5" type="stmt"/>
        <line num="2369" count="9" type="cond" truecount="1" falsecount="0"/>
        <line num="2370" count="4" type="stmt"/>
        <line num="2372" count="9" type="stmt"/>
        <line num="2374" count="2" type="stmt"/>
        <line num="2386" count="2" type="stmt"/>
        <line num="2387" count="2" type="cond" truecount="3" falsecount="1"/>
        <line num="2388" count="2" type="stmt"/>
        <line num="2405" count="2" type="stmt"/>
        <line num="2407" count="34" type="cond" truecount="5" falsecount="1"/>
        <line num="2410" count="2" type="stmt"/>
        <line num="2411" count="10" type="stmt"/>
        <line num="2412" count="10" type="stmt"/>
        <line num="2413" count="10" type="cond" truecount="0" falsecount="1"/>
        <line num="2414" count="10" type="stmt"/>
        <line num="2415" count="20" type="stmt"/>
        <line num="2416" count="20" type="cond" truecount="2" falsecount="0"/>
        <line num="2419" count="20" type="stmt"/>
        <line num="2422" count="10" type="stmt"/>
        <line num="2424" count="2" type="stmt"/>
        <line num="2756" count="8" type="stmt"/>
      </file>
    </package>
    <package name="test-config">
      <metrics statements="142" coveredstatements="68" conditionals="16" coveredconditionals="4" methods="52" coveredmethods="16"/>
      <file name="booksModel.js" path="/Users/angelo/Desktop/Codesmith/Quell-7.0/quell-server/test-config/booksModel.js">
        <metrics statements="6" coveredstatements="5" conditionals="0" coveredconditionals="0" methods="1" coveredmethods="0"/>
        <line num="1" count="3" type="stmt"/>
        <line num="2" count="3" type="stmt"/>
        <line num="4" count="3" type="stmt"/>
        <line num="6" count="3" type="stmt"/>
        <line num="10" count="3" type="stmt"/>
        <line num="12" count="0" type="stmt"/>
      </file>
      <file name="countriesModel.js" path="/Users/angelo/Desktop/Codesmith/Quell-7.0/quell-server/test-config/countriesModel.js">
        <metrics statements="6" coveredstatements="5" conditionals="0" coveredconditionals="0" methods="1" coveredmethods="0"/>
        <line num="1" count="3" type="stmt"/>
        <line num="2" count="3" type="stmt"/>
        <line num="4" count="3" type="stmt"/>
        <line num="6" count="3" type="stmt"/>
        <line num="10" count="3" type="stmt"/>
        <line num="12" count="0" type="stmt"/>
      </file>
      <file name="testSchema.js" path="/Users/angelo/Desktop/Codesmith/Quell-7.0/quell-server/test-config/testSchema.js">
        <metrics statements="49" coveredstatements="15" conditionals="6" coveredconditionals="1" methods="20" coveredmethods="4"/>
        <line num="1" count="3" type="stmt"/>
        <line num="2" count="3" type="stmt"/>
        <line num="5" count="3" type="cond" truecount="1" falsecount="1"/>
        <line num="17" count="3" type="stmt"/>
        <line num="27" count="3" type="stmt"/>
        <line num="29" count="3" type="stmt"/>
        <line num="35" count="0" type="stmt"/>
        <line num="41" count="0" type="stmt"/>
        <line num="47" count="3" type="stmt"/>
        <line num="49" count="3" type="stmt"/>
        <line num="57" count="3" type="stmt"/>
        <line num="59" count="3" type="stmt"/>
        <line num="66" count="0" type="stmt"/>
        <line num="71" count="0" type="stmt"/>
        <line num="77" count="3" type="stmt"/>
        <line num="79" count="3" type="stmt"/>
        <line num="93" count="3" type="stmt"/>
        <line num="101" count="0" type="stmt"/>
        <line num="107" count="0" type="stmt"/>
        <line num="114" count="0" type="stmt"/>
        <line num="118" count="0" type="stmt"/>
        <line num="126" count="0" type="stmt"/>
        <line num="132" count="0" type="stmt"/>
        <line num="140" count="0" type="stmt"/>
        <line num="146" count="0" type="stmt"/>
        <line num="153" count="0" type="stmt"/>
        <line num="156" count="0" type="stmt"/>
        <line num="163" count="0" type="stmt"/>
        <line num="164" count="0" type="stmt"/>
        <line num="172" count="0" type="stmt"/>
        <line num="175" count="0" type="stmt"/>
        <line num="182" count="0" type="stmt"/>
        <line num="185" count="0" type="stmt"/>
        <line num="193" count="0" type="stmt"/>
        <line num="198" count="0" type="stmt"/>
        <line num="208" count="3" type="stmt"/>
        <line num="220" count="0" type="cond" truecount="0" falsecount="2"/>
        <line num="222" count="0" type="stmt"/>
        <line num="226" count="0" type="stmt"/>
        <line num="237" count="0" type="stmt"/>
        <line num="241" count="0" type="stmt"/>
        <line num="251" count="0" type="stmt"/>
        <line num="255" count="0" type="stmt"/>
        <line num="263" count="0" type="stmt"/>
        <line num="264" count="0" type="stmt"/>
        <line num="271" count="0" type="stmt"/>
        <line num="272" count="0" type="cond" truecount="0" falsecount="2"/>
        <line num="273" count="0" type="stmt"/>
        <line num="281" count="3" type="stmt"/>
      </file>
      <file name="testSchemaWithoutFields.js" path="/Users/angelo/Desktop/Codesmith/Quell-7.0/quell-server/test-config/testSchemaWithoutFields.js">
        <metrics statements="15" coveredstatements="15" conditionals="2" coveredconditionals="1" methods="4" coveredmethods="4"/>
        <line num="1" count="1" type="stmt"/>
        <line num="2" count="1" type="stmt"/>
        <line num="5" count="1" type="cond" truecount="1" falsecount="1"/>
        <line num="17" count="1" type="stmt"/>
        <line num="27" count="1" type="stmt"/>
        <line num="29" count="1" type="stmt"/>
        <line num="32" count="1" type="stmt"/>
        <line num="34" count="1" type="stmt"/>
        <line num="37" count="1" type="stmt"/>
        <line num="39" count="1" type="stmt"/>
        <line num="42" count="1" type="stmt"/>
        <line num="44" count="1" type="stmt"/>
        <line num="53" count="1" type="stmt"/>
        <line num="62" count="1" type="stmt"/>
        <line num="68" count="1" type="stmt"/>
      </file>
      <file name="testSchemaWithoutMuts.js" path="/Users/angelo/Desktop/Codesmith/Quell-7.0/quell-server/test-config/testSchemaWithoutMuts.js">
        <metrics statements="36" coveredstatements="14" conditionals="2" coveredconditionals="1" methods="15" coveredmethods="4"/>
        <line num="1" count="1" type="stmt"/>
        <line num="2" count="1" type="stmt"/>
        <line num="5" count="1" type="cond" truecount="1" falsecount="1"/>
        <line num="17" count="1" type="stmt"/>
        <line num="27" count="1" type="stmt"/>
        <line num="29" count="1" type="stmt"/>
        <line num="35" count="0" type="stmt"/>
        <line num="41" count="0" type="stmt"/>
        <line num="47" count="1" type="stmt"/>
        <line num="49" count="1" type="stmt"/>
        <line num="57" count="1" type="stmt"/>
        <line num="59" count="1" type="stmt"/>
        <line num="66" count="0" type="stmt"/>
        <line num="71" count="0" type="stmt"/>
        <line num="77" count="1" type="stmt"/>
        <line num="79" count="1" type="stmt"/>
        <line num="93" count="1" type="stmt"/>
        <line num="101" count="0" type="stmt"/>
        <line num="107" count="0" type="stmt"/>
        <line num="114" count="0" type="stmt"/>
        <line num="118" count="0" type="stmt"/>
        <line num="126" count="0" type="stmt"/>
        <line num="132" count="0" type="stmt"/>
        <line num="140" count="0" type="stmt"/>
        <line num="146" count="0" type="stmt"/>
        <line num="153" count="0" type="stmt"/>
        <line num="156" count="0" type="stmt"/>
        <line num="163" count="0" type="stmt"/>
        <line num="164" count="0" type="stmt"/>
        <line num="172" count="0" type="stmt"/>
        <line num="175" count="0" type="stmt"/>
        <line num="182" count="0" type="stmt"/>
        <line num="185" count="0" type="stmt"/>
        <line num="193" count="0" type="stmt"/>
        <line num="198" count="0" type="stmt"/>
        <line num="205" count="1" type="stmt"/>
      </file>
      <file name="testSchemaWithoutQueries.js" path="/Users/angelo/Desktop/Codesmith/Quell-7.0/quell-server/test-config/testSchemaWithoutQueries.js">
        <metrics statements="30" coveredstatements="14" conditionals="6" coveredconditionals="1" methods="11" coveredmethods="4"/>
        <line num="1" count="1" type="stmt"/>
        <line num="2" count="1" type="stmt"/>
        <line num="5" count="1" type="cond" truecount="1" falsecount="1"/>
        <line num="17" count="1" type="stmt"/>
        <line num="27" count="1" type="stmt"/>
        <line num="29" count="1" type="stmt"/>
        <line num="35" count="0" type="stmt"/>
        <line num="41" count="0" type="stmt"/>
        <line num="47" count="1" type="stmt"/>
        <line num="49" count="1" type="stmt"/>
        <line num="57" count="1" type="stmt"/>
        <line num="59" count="1" type="stmt"/>
        <line num="66" count="0" type="stmt"/>
        <line num="71" count="0" type="stmt"/>
        <line num="77" count="1" type="stmt"/>
        <line num="79" count="1" type="stmt"/>
        <line num="92" count="1" type="stmt"/>
        <line num="104" count="0" type="cond" truecount="0" falsecount="2"/>
        <line num="106" count="0" type="stmt"/>
        <line num="110" count="0" type="stmt"/>
        <line num="121" count="0" type="stmt"/>
        <line num="125" count="0" type="stmt"/>
        <line num="135" count="0" type="stmt"/>
        <line num="139" count="0" type="stmt"/>
        <line num="147" count="0" type="stmt"/>
        <line num="148" count="0" type="stmt"/>
        <line num="155" count="0" type="stmt"/>
        <line num="156" count="0" type="cond" truecount="0" falsecount="2"/>
        <line num="157" count="0" type="stmt"/>
        <line num="165" count="1" type="stmt"/>
      </file>
    </package>
  </project>
</coverage>
