<?xml version="1.0" encoding="UTF-8"?>
<coverage generated="1679463411286" clover="3.2.0">
  <project timestamp="1679463411286" name="All files">
    <metrics statements="735" coveredstatements="75" conditionals="488" coveredconditionals="4" methods="154" coveredmethods="16" elements="1377" coveredelements="95" complexity="0" loc="735" ncloc="735" packages="2" files="7" classes="7"/>
    <package name="src">
      <metrics statements="593" coveredstatements="7" conditionals="472" coveredconditionals="0" methods="102" coveredmethods="0"/>
      <file name="quell.ts" path="/Users/angelo/Desktop/Codesmith/Quell-7.0/quell-server/src/quell.ts">
        <metrics statements="593" coveredstatements="7" conditionals="472" coveredconditionals="0" methods="102" coveredmethods="0"/>
        <line num="2" count="8" type="stmt"/>
        <line num="3" count="8" type="stmt"/>
        <line num="4" count="8" type="stmt"/>
        <line num="6" count="8" type="stmt"/>
        <line num="53" count="8" type="stmt"/>
        <line num="63" count="8" type="stmt"/>
        <line num="105" count="0" type="stmt"/>
        <line num="106" count="0" type="stmt"/>
        <line num="107" count="0" type="stmt"/>
        <line num="108" count="0" type="stmt"/>
        <line num="109" count="0" type="stmt"/>
        <line num="110" count="0" type="stmt"/>
        <line num="111" count="0" type="stmt"/>
        <line num="112" count="0" type="stmt"/>
        <line num="113" count="0" type="stmt"/>
        <line num="114" count="0" type="stmt"/>
        <line num="115" count="0" type="stmt"/>
        <line num="116" count="0" type="stmt"/>
        <line num="120" count="0" type="stmt"/>
        <line num="121" count="0" type="stmt"/>
        <line num="122" count="0" type="stmt"/>
        <line num="123" count="0" type="stmt"/>
        <line num="124" count="0" type="stmt"/>
        <line num="125" count="0" type="stmt"/>
        <line num="126" count="0" type="stmt"/>
        <line num="127" count="0" type="stmt"/>
        <line num="128" count="0" type="stmt"/>
        <line num="129" count="0" type="stmt"/>
        <line num="130" count="0" type="stmt"/>
        <line num="131" count="0" type="stmt"/>
        <line num="154" count="0" type="cond" truecount="0" falsecount="8"/>
        <line num="156" count="0" type="stmt"/>
        <line num="158" count="0" type="stmt"/>
        <line num="160" count="0" type="stmt"/>
        <line num="163" count="0" type="cond" truecount="0" falsecount="1"/>
        <line num="164" count="0" type="stmt"/>
        <line num="170" count="0" type="stmt"/>
        <line num="173" count="0" type="stmt"/>
        <line num="176" count="0" type="stmt"/>
        <line num="179" count="0" type="stmt"/>
        <line num="182" count="0" type="stmt"/>
        <line num="183" count="0" type="stmt"/>
        <line num="188" count="0" type="cond" truecount="0" falsecount="4"/>
        <line num="189" count="0" type="stmt"/>
        <line num="192" count="0" type="cond" truecount="0" falsecount="1"/>
        <line num="193" count="0" type="stmt"/>
        <line num="199" count="0" type="stmt"/>
        <line num="203" count="0" type="stmt"/>
        <line num="205" count="0" type="stmt"/>
        <line num="227" count="0" type="cond" truecount="0" falsecount="1"/>
        <line num="228" count="0" type="stmt"/>
        <line num="232" count="0" type="stmt"/>
        <line num="236" count="0" type="cond" truecount="0" falsecount="2"/>
        <line num="247" count="0" type="cond" truecount="0" falsecount="4"/>
        <line num="256" count="0" type="cond" truecount="0" falsecount="2"/>
        <line num="257" count="0" type="stmt"/>
        <line num="259" count="0" type="stmt"/>
        <line num="260" count="0" type="stmt"/>
        <line num="263" count="0" type="stmt"/>
        <line num="270" count="0" type="cond" truecount="0" falsecount="2"/>
        <line num="271" count="0" type="stmt"/>
        <line num="273" count="0" type="stmt"/>
        <line num="274" count="0" type="stmt"/>
        <line num="277" count="0" type="stmt"/>
        <line num="281" count="0" type="stmt"/>
        <line num="286" count="0" type="cond" truecount="0" falsecount="2"/>
        <line num="287" count="0" type="stmt"/>
        <line num="288" count="0" type="stmt"/>
        <line num="289" count="0" type="stmt"/>
        <line num="292" count="0" type="stmt"/>
        <line num="294" count="0" type="stmt"/>
        <line num="295" count="0" type="stmt"/>
        <line num="296" count="0" type="stmt"/>
        <line num="299" count="0" type="stmt"/>
        <line num="305" count="0" type="cond" truecount="0" falsecount="2"/>
        <line num="310" count="0" type="stmt"/>
        <line num="311" count="0" type="stmt"/>
        <line num="316" count="0" type="stmt"/>
        <line num="317" count="0" type="stmt"/>
        <line num="319" count="0" type="stmt"/>
        <line num="322" count="0" type="cond" truecount="0" falsecount="1"/>
        <line num="323" count="0" type="stmt"/>
        <line num="324" count="0" type="stmt"/>
        <line num="325" count="0" type="stmt"/>
        <line num="326" count="0" type="stmt"/>
        <line num="332" count="0" type="stmt"/>
        <line num="334" count="0" type="stmt"/>
        <line num="338" count="0" type="cond" truecount="0" falsecount="1"/>
        <line num="339" count="0" type="stmt"/>
        <line num="346" count="0" type="stmt"/>
        <line num="349" count="0" type="stmt"/>
        <line num="357" count="0" type="cond" truecount="0" falsecount="2"/>
        <line num="361" count="0" type="stmt"/>
        <line num="369" count="0" type="stmt"/>
        <line num="376" count="0" type="stmt"/>
        <line num="380" count="0" type="cond" truecount="0" falsecount="2"/>
        <line num="383" count="0" type="stmt"/>
        <line num="389" count="0" type="stmt"/>
        <line num="390" count="0" type="stmt"/>
        <line num="393" count="0" type="stmt"/>
        <line num="398" count="0" type="stmt"/>
        <line num="399" count="0" type="stmt"/>
        <line num="400" count="0" type="cond" truecount="0" falsecount="1"/>
        <line num="401" count="0" type="stmt"/>
        <line num="408" count="0" type="cond" truecount="0" falsecount="2"/>
        <line num="416" count="0" type="stmt"/>
        <line num="426" count="0" type="stmt"/>
        <line num="427" count="0" type="stmt"/>
        <line num="428" count="0" type="stmt"/>
        <line num="431" count="0" type="stmt"/>
        <line num="437" count="0" type="stmt"/>
        <line num="438" count="0" type="stmt"/>
        <line num="439" count="0" type="stmt"/>
        <line num="450" count="0" type="stmt"/>
        <line num="451" count="0" type="cond" truecount="0" falsecount="3"/>
        <line num="452" count="0" type="stmt"/>
        <line num="453" count="0" type="stmt"/>
        <line num="454" count="0" type="stmt"/>
        <line num="456" count="0" type="stmt"/>
        <line num="477" count="0" type="stmt"/>
        <line num="479" count="0" type="cond" truecount="0" falsecount="1"/>
        <line num="480" count="0" type="stmt"/>
        <line num="484" count="0" type="cond" truecount="0" falsecount="1"/>
        <line num="485" count="0" type="stmt"/>
        <line num="489" count="0" type="cond" truecount="0" falsecount="6"/>
        <line num="490" count="0" type="stmt"/>
        <line num="492" count="0" type="stmt"/>
        <line num="497" count="0" type="cond" truecount="0" falsecount="3"/>
        <line num="498" count="0" type="stmt"/>
        <line num="502" count="0" type="stmt"/>
        <line num="503" count="0" type="cond" truecount="0" falsecount="1"/>
        <line num="507" count="0" type="stmt"/>
        <line num="509" count="0" type="stmt"/>
        <line num="512" count="0" type="cond" truecount="0" falsecount="2"/>
        <line num="516" count="0" type="cond" truecount="0" falsecount="2"/>
        <line num="519" count="0" type="stmt"/>
        <line num="521" count="0" type="stmt"/>
        <line num="522" count="0" type="cond" truecount="0" falsecount="1"/>
        <line num="528" count="0" type="stmt"/>
        <line num="529" count="0" type="stmt"/>
        <line num="531" count="0" type="cond" truecount="0" falsecount="2"/>
        <line num="533" count="0" type="stmt"/>
        <line num="535" count="0" type="stmt"/>
        <line num="537" count="0" type="cond" truecount="0" falsecount="2"/>
        <line num="544" count="0" type="stmt"/>
        <line num="547" count="0" type="cond" truecount="0" falsecount="2"/>
        <line num="553" count="0" type="stmt"/>
        <line num="561" count="0" type="stmt"/>
        <line num="564" count="0" type="cond" truecount="0" falsecount="1"/>
        <line num="569" count="0" type="stmt"/>
        <line num="572" count="0" type="stmt"/>
        <line num="576" count="0" type="stmt"/>
        <line num="577" count="0" type="cond" truecount="0" falsecount="1"/>
        <line num="582" count="0" type="stmt"/>
        <line num="588" count="0" type="stmt"/>
        <line num="592" count="0" type="cond" truecount="0" falsecount="3"/>
        <line num="593" count="0" type="stmt"/>
        <line num="594" count="0" type="stmt"/>
        <line num="595" count="0" type="stmt"/>
        <line num="596" count="0" type="stmt"/>
        <line num="599" count="0" type="stmt"/>
        <line num="601" count="0" type="stmt"/>
        <line num="605" count="0" type="stmt"/>
        <line num="608" count="0" type="stmt"/>
        <line num="609" count="0" type="stmt"/>
        <line num="610" count="0" type="stmt"/>
        <line num="611" count="0" type="stmt"/>
        <line num="614" count="0" type="stmt"/>
        <line num="622" count="0" type="cond" truecount="0" falsecount="2"/>
        <line num="624" count="0" type="cond" truecount="0" falsecount="1"/>
        <line num="631" count="0" type="stmt"/>
        <line num="634" count="0" type="cond" truecount="0" falsecount="1"/>
        <line num="640" count="0" type="stmt"/>
        <line num="641" count="0" type="stmt"/>
        <line num="644" count="0" type="cond" truecount="0" falsecount="1"/>
        <line num="645" count="0" type="stmt"/>
        <line num="655" count="0" type="stmt"/>
        <line num="657" count="0" type="cond" truecount="0" falsecount="1"/>
        <line num="666" count="0" type="stmt"/>
        <line num="670" count="0" type="cond" truecount="0" falsecount="2"/>
        <line num="674" count="0" type="stmt"/>
        <line num="682" count="0" type="cond" truecount="0" falsecount="1"/>
        <line num="687" count="0" type="stmt"/>
        <line num="693" count="0" type="stmt"/>
        <line num="704" count="0" type="cond" truecount="0" falsecount="2"/>
        <line num="707" count="0" type="stmt"/>
        <line num="716" count="0" type="stmt"/>
        <line num="717" count="0" type="cond" truecount="0" falsecount="1"/>
        <line num="718" count="0" type="stmt"/>
        <line num="719" count="0" type="stmt"/>
        <line num="739" count="0" type="stmt"/>
        <line num="740" count="0" type="stmt"/>
        <line num="741" count="0" type="cond" truecount="0" falsecount="1"/>
        <line num="746" count="0" type="cond" truecount="0" falsecount="4"/>
        <line num="747" count="0" type="stmt"/>
        <line num="750" count="0" type="stmt"/>
        <line num="751" count="0" type="stmt"/>
        <line num="755" count="0" type="cond" truecount="0" falsecount="1"/>
        <line num="756" count="0" type="stmt"/>
        <line num="757" count="0" type="stmt"/>
        <line num="765" count="0" type="stmt"/>
        <line num="767" count="0" type="stmt"/>
        <line num="768" count="0" type="cond" truecount="0" falsecount="1"/>
        <line num="769" count="0" type="stmt"/>
        <line num="770" count="0" type="cond" truecount="0" falsecount="1"/>
        <line num="774" count="0" type="stmt"/>
        <line num="778" count="0" type="stmt"/>
        <line num="781" count="0" type="stmt"/>
        <line num="783" count="0" type="cond" truecount="0" falsecount="1"/>
        <line num="784" count="0" type="stmt"/>
        <line num="787" count="0" type="stmt"/>
        <line num="796" count="0" type="stmt"/>
        <line num="797" count="0" type="cond" truecount="0" falsecount="1"/>
        <line num="798" count="0" type="stmt"/>
        <line num="799" count="0" type="cond" truecount="0" falsecount="1"/>
        <line num="803" count="0" type="stmt"/>
        <line num="807" count="0" type="stmt"/>
        <line num="808" count="0" type="stmt"/>
        <line num="809" count="0" type="stmt"/>
        <line num="811" count="0" type="stmt"/>
        <line num="814" count="0" type="cond" truecount="0" falsecount="3"/>
        <line num="815" count="0" type="stmt"/>
        <line num="817" count="0" type="stmt"/>
        <line num="818" count="0" type="stmt"/>
        <line num="819" count="0" type="cond" truecount="0" falsecount="2"/>
        <line num="825" count="0" type="stmt"/>
        <line num="827" count="0" type="cond" truecount="0" falsecount="1"/>
        <line num="828" count="0" type="stmt"/>
        <line num="829" count="0" type="stmt"/>
        <line num="832" count="0" type="stmt"/>
        <line num="833" count="0" type="stmt"/>
        <line num="837" count="0" type="cond" truecount="0" falsecount="1"/>
        <line num="838" count="0" type="stmt"/>
        <line num="839" count="0" type="stmt"/>
        <line num="843" count="0" type="stmt"/>
        <line num="852" count="0" type="stmt"/>
        <line num="853" count="0" type="stmt"/>
        <line num="855" count="0" type="cond" truecount="0" falsecount="1"/>
        <line num="857" count="0" type="cond" truecount="0" falsecount="1"/>
        <line num="858" count="0" type="stmt"/>
        <line num="866" count="0" type="stmt"/>
        <line num="867" count="0" type="stmt"/>
        <line num="870" count="0" type="cond" truecount="0" falsecount="3"/>
        <line num="872" count="0" type="stmt"/>
        <line num="874" count="0" type="stmt"/>
        <line num="875" count="0" type="stmt"/>
        <line num="879" count="0" type="stmt"/>
        <line num="881" count="0" type="cond" truecount="0" falsecount="4"/>
        <line num="883" count="0" type="cond" truecount="0" falsecount="1"/>
        <line num="885" count="0" type="stmt"/>
        <line num="888" count="0" type="cond" truecount="0" falsecount="1"/>
        <line num="889" count="0" type="stmt"/>
        <line num="894" count="0" type="cond" truecount="0" falsecount="1"/>
        <line num="895" count="0" type="stmt"/>
        <line num="903" count="0" type="stmt"/>
        <line num="904" count="0" type="stmt"/>
        <line num="908" count="0" type="cond" truecount="0" falsecount="2"/>
        <line num="912" count="0" type="cond" truecount="0" falsecount="2"/>
        <line num="913" count="0" type="cond" truecount="0" falsecount="2"/>
        <line num="917" count="0" type="stmt"/>
        <line num="920" count="0" type="stmt"/>
        <line num="923" count="0" type="stmt"/>
        <line num="934" count="0" type="stmt"/>
        <line num="936" count="0" type="cond" truecount="0" falsecount="2"/>
        <line num="938" count="0" type="stmt"/>
        <line num="940" count="0" type="stmt"/>
        <line num="945" count="0" type="stmt"/>
        <line num="954" count="0" type="stmt"/>
        <line num="955" count="0" type="stmt"/>
        <line num="957" count="0" type="stmt"/>
        <line num="970" count="0" type="stmt"/>
        <line num="971" count="0" type="stmt"/>
        <line num="972" count="0" type="stmt"/>
        <line num="997" count="0" type="stmt"/>
        <line num="998" count="0" type="stmt"/>
        <line num="1006" count="0" type="stmt"/>
        <line num="1007" count="0" type="stmt"/>
        <line num="1008" count="0" type="cond" truecount="0" falsecount="5"/>
        <line num="1009" count="0" type="cond" truecount="0" falsecount="5"/>
        <line num="1010" count="0" type="cond" truecount="0" falsecount="5"/>
        <line num="1011" count="0" type="cond" truecount="0" falsecount="5"/>
        <line num="1012" count="0" type="stmt"/>
        <line num="1015" count="0" type="cond" truecount="0" falsecount="5"/>
        <line num="1017" count="0" type="stmt"/>
        <line num="1018" count="0" type="stmt"/>
        <line num="1020" count="0" type="stmt"/>
        <line num="1021" count="0" type="stmt"/>
        <line num="1023" count="0" type="stmt"/>
        <line num="1024" count="0" type="stmt"/>
        <line num="1026" count="0" type="stmt"/>
        <line num="1027" count="0" type="stmt"/>
        <line num="1029" count="0" type="stmt"/>
        <line num="1034" count="0" type="stmt"/>
        <line num="1037" count="0" type="stmt"/>
        <line num="1047" count="0" type="stmt"/>
        <line num="1048" count="0" type="stmt"/>
        <line num="1050" count="0" type="stmt"/>
        <line num="1053" count="0" type="stmt"/>
        <line num="1055" count="0" type="stmt"/>
        <line num="1062" count="0" type="stmt"/>
        <line num="1069" count="0" type="stmt"/>
        <line num="1076" count="0" type="stmt"/>
        <line num="1083" count="0" type="stmt"/>
        <line num="1090" count="0" type="stmt"/>
        <line num="1104" count="0" type="stmt"/>
        <line num="1111" count="0" type="stmt"/>
        <line num="1125" count="0" type="stmt"/>
        <line num="1135" count="0" type="stmt"/>
        <line num="1142" count="0" type="stmt"/>
        <line num="1149" count="0" type="stmt"/>
        <line num="1163" count="0" type="stmt"/>
        <line num="1173" count="0" type="stmt"/>
        <line num="1180" count="0" type="stmt"/>
        <line num="1225" count="0" type="stmt"/>
        <line num="1232" count="0" type="stmt"/>
        <line num="1239" count="0" type="stmt"/>
        <line num="1274" count="0" type="stmt"/>
        <line num="1281" count="0" type="stmt"/>
        <line num="1288" count="0" type="stmt"/>
        <line num="1302" count="0" type="stmt"/>
        <line num="1307" count="0" type="stmt"/>
        <line num="1308" count="0" type="stmt"/>
        <line num="1311" count="0" type="stmt"/>
        <line num="1315" count="0" type="stmt"/>
        <line num="1317" count="0" type="stmt"/>
        <line num="1328" count="0" type="stmt"/>
        <line num="1331" count="0" type="stmt"/>
        <line num="1332" count="0" type="stmt"/>
        <line num="1335" count="0" type="stmt"/>
        <line num="1346" count="0" type="cond" truecount="0" falsecount="2"/>
        <line num="1347" count="0" type="stmt"/>
        <line num="1350" count="0" type="stmt"/>
        <line num="1351" count="0" type="stmt"/>
        <line num="1354" count="0" type="stmt"/>
        <line num="1357" count="0" type="stmt"/>
        <line num="1358" count="0" type="stmt"/>
        <line num="1376" count="0" type="stmt"/>
        <line num="1378" count="0" type="cond" truecount="0" falsecount="1"/>
        <line num="1380" count="0" type="cond" truecount="0" falsecount="1"/>
        <line num="1382" count="0" type="stmt"/>
        <line num="1387" count="0" type="stmt"/>
        <line num="1391" count="0" type="stmt"/>
        <line num="1394" count="0" type="stmt"/>
        <line num="1398" count="0" type="stmt"/>
        <line num="1401" count="0" type="cond" truecount="0" falsecount="2"/>
        <line num="1411" count="0" type="cond" truecount="0" falsecount="1"/>
        <line num="1412" count="0" type="cond" truecount="0" falsecount="1"/>
        <line num="1413" count="0" type="stmt"/>
        <line num="1418" count="0" type="stmt"/>
        <line num="1419" count="0" type="stmt"/>
        <line num="1423" count="0" type="stmt"/>
        <line num="1425" count="0" type="cond" truecount="0" falsecount="3"/>
        <line num="1426" count="0" type="stmt"/>
        <line num="1431" count="0" type="stmt"/>
        <line num="1433" count="0" type="stmt"/>
        <line num="1434" count="0" type="stmt"/>
        <line num="1436" count="0" type="stmt"/>
        <line num="1449" count="0" type="stmt"/>
        <line num="1451" count="0" type="stmt"/>
        <line num="1453" count="0" type="cond" truecount="0" falsecount="1"/>
        <line num="1455" count="0" type="cond" truecount="0" falsecount="1"/>
        <line num="1456" count="0" type="stmt"/>
        <line num="1461" count="0" type="stmt"/>
        <line num="1464" count="0" type="stmt"/>
        <line num="1466" count="0" type="stmt"/>
        <line num="1470" count="0" type="stmt"/>
        <line num="1473" count="0" type="cond" truecount="0" falsecount="2"/>
        <line num="1477" count="0" type="stmt"/>
        <line num="1480" count="0" type="cond" truecount="0" falsecount="2"/>
        <line num="1488" count="0" type="stmt"/>
        <line num="1490" count="0" type="cond" truecount="0" falsecount="1"/>
        <line num="1491" count="0" type="stmt"/>
        <line num="1496" count="0" type="stmt"/>
        <line num="1497" count="0" type="stmt"/>
        <line num="1501" count="0" type="stmt"/>
        <line num="1503" count="0" type="cond" truecount="0" falsecount="3"/>
        <line num="1504" count="0" type="stmt"/>
        <line num="1505" count="0" type="stmt"/>
        <line num="1508" count="0" type="cond" truecount="0" falsecount="3"/>
        <line num="1509" count="0" type="stmt"/>
        <line num="1514" count="0" type="stmt"/>
        <line num="1522" count="0" type="stmt"/>
        <line num="1527" count="0" type="cond" truecount="0" falsecount="1"/>
        <line num="1528" count="0" type="stmt"/>
        <line num="1533" count="0" type="stmt"/>
        <line num="1534" count="0" type="stmt"/>
        <line num="1538" count="0" type="stmt"/>
        <line num="1540" count="0" type="cond" truecount="0" falsecount="3"/>
        <line num="1541" count="0" type="stmt"/>
        <line num="1549" count="0" type="stmt"/>
        <line num="1551" count="0" type="stmt"/>
        <line num="1552" count="0" type="stmt"/>
        <line num="1554" count="0" type="stmt"/>
        <line num="1673" count="0" type="cond" truecount="0" falsecount="1"/>
        <line num="1674" count="0" type="stmt"/>
        <line num="1675" count="0" type="stmt"/>
        <line num="1676" count="0" type="stmt"/>
        <line num="1677" count="0" type="stmt"/>
        <line num="1679" count="0" type="stmt"/>
        <line num="1683" count="0" type="stmt"/>
        <line num="1684" count="0" type="stmt"/>
        <line num="1701" count="0" type="stmt"/>
        <line num="1703" count="0" type="stmt"/>
        <line num="1705" count="0" type="cond" truecount="0" falsecount="1"/>
        <line num="1706" count="0" type="stmt"/>
        <line num="1709" count="0" type="cond" truecount="0" falsecount="3"/>
        <line num="1710" count="0" type="stmt"/>
        <line num="1712" count="0" type="stmt"/>
        <line num="1713" count="0" type="stmt"/>
        <line num="1714" count="0" type="stmt"/>
        <line num="1720" count="0" type="stmt"/>
        <line num="1724" count="0" type="stmt"/>
        <line num="1725" count="0" type="cond" truecount="0" falsecount="1"/>
        <line num="1727" count="0" type="stmt"/>
        <line num="1728" count="0" type="cond" truecount="0" falsecount="2"/>
        <line num="1734" count="0" type="cond" truecount="0" falsecount="2"/>
        <line num="1739" count="0" type="cond" truecount="0" falsecount="2"/>
        <line num="1743" count="0" type="stmt"/>
        <line num="1744" count="0" type="cond" truecount="0" falsecount="2"/>
        <line num="1754" count="0" type="stmt"/>
        <line num="1757" count="0" type="stmt"/>
        <line num="1758" count="0" type="stmt"/>
        <line num="1759" count="0" type="cond" truecount="0" falsecount="1"/>
        <line num="1760" count="0" type="stmt"/>
        <line num="1773" count="0" type="stmt"/>
        <line num="1775" count="0" type="stmt"/>
        <line num="1777" count="0" type="stmt"/>
        <line num="1779" count="0" type="cond" truecount="0" falsecount="1"/>
        <line num="1780" count="0" type="stmt"/>
        <line num="1783" count="0" type="cond" truecount="0" falsecount="5"/>
        <line num="1784" count="0" type="stmt"/>
        <line num="1788" count="0" type="cond" truecount="0" falsecount="3"/>
        <line num="1789" count="0" type="stmt"/>
        <line num="1791" count="0" type="cond" truecount="0" falsecount="1"/>
        <line num="1792" count="0" type="stmt"/>
        <line num="1797" count="0" type="cond" truecount="0" falsecount="1"/>
        <line num="1798" count="0" type="stmt"/>
        <line num="1802" count="0" type="stmt"/>
        <line num="1805" count="0" type="cond" truecount="0" falsecount="4"/>
        <line num="1809" count="0" type="stmt"/>
        <line num="1826" count="0" type="stmt"/>
        <line num="1830" count="0" type="stmt"/>
        <line num="1832" count="0" type="cond" truecount="0" falsecount="2"/>
        <line num="1838" count="0" type="cond" truecount="0" falsecount="2"/>
        <line num="1841" count="0" type="cond" truecount="0" falsecount="4"/>
        <line num="1847" count="0" type="stmt"/>
        <line num="1850" count="0" type="stmt"/>
        <line num="1853" count="0" type="stmt"/>
        <line num="1854" count="0" type="stmt"/>
        <line num="1855" count="0" type="cond" truecount="0" falsecount="1"/>
        <line num="1857" count="0" type="cond" truecount="0" falsecount="2"/>
        <line num="1858" count="0" type="stmt"/>
        <line num="1865" count="0" type="stmt"/>
        <line num="1866" count="0" type="stmt"/>
        <line num="1868" count="0" type="stmt"/>
        <line num="1874" count="0" type="stmt"/>
        <line num="1876" count="0" type="stmt"/>
        <line num="1878" count="0" type="cond" truecount="0" falsecount="2"/>
        <line num="1879" count="0" type="stmt"/>
        <line num="1881" count="0" type="stmt"/>
        <line num="1884" count="0" type="cond" truecount="0" falsecount="2"/>
        <line num="1886" count="0" type="stmt"/>
        <line num="1892" count="0" type="stmt"/>
        <line num="1898" count="0" type="stmt"/>
        <line num="1900" count="0" type="cond" truecount="0" falsecount="1"/>
        <line num="1905" count="0" type="stmt"/>
        <line num="1906" count="0" type="cond" truecount="0" falsecount="3"/>
        <line num="1907" count="0" type="cond" truecount="0" falsecount="2"/>
        <line num="1911" count="0" type="stmt"/>
        <line num="1920" count="0" type="cond" truecount="0" falsecount="2"/>
        <line num="1921" count="0" type="stmt"/>
        <line num="1925" count="0" type="stmt"/>
        <line num="1932" count="0" type="cond" truecount="0" falsecount="2"/>
        <line num="1936" count="0" type="stmt"/>
        <line num="1943" count="0" type="stmt"/>
        <line num="1952" count="0" type="stmt"/>
        <line num="1970" count="0" type="stmt"/>
        <line num="1974" count="0" type="stmt"/>
        <line num="1977" count="0" type="stmt"/>
        <line num="1980" count="0" type="stmt"/>
        <line num="1984" count="0" type="stmt"/>
        <line num="1987" count="0" type="stmt"/>
        <line num="1998" count="0" type="stmt"/>
        <line num="2002" count="0" type="cond" truecount="0" falsecount="5"/>
        <line num="2003" count="0" type="cond" truecount="0" falsecount="13"/>
        <line num="2004" count="0" type="stmt"/>
        <line num="2006" count="0" type="stmt"/>
        <line num="2015" count="0" type="stmt"/>
        <line num="2016" count="0" type="cond" truecount="0" falsecount="1"/>
        <line num="2017" count="0" type="stmt"/>
        <line num="2019" count="0" type="stmt"/>
        <line num="2026" count="0" type="stmt"/>
        <line num="2029" count="0" type="stmt"/>
        <line num="2032" count="0" type="stmt"/>
        <line num="2034" count="0" type="stmt"/>
        <line num="2038" count="0" type="cond" truecount="0" falsecount="1"/>
        <line num="2040" count="0" type="stmt"/>
        <line num="2054" count="0" type="cond" truecount="0" falsecount="1"/>
        <line num="2055" count="0" type="stmt"/>
        <line num="2057" count="0" type="stmt"/>
        <line num="2061" count="0" type="stmt"/>
        <line num="2065" count="0" type="stmt"/>
        <line num="2070" count="0" type="cond" truecount="0" falsecount="1"/>
        <line num="2071" count="0" type="stmt"/>
        <line num="2072" count="0" type="stmt"/>
        <line num="2075" count="0" type="cond" truecount="0" falsecount="3"/>
        <line num="2076" count="0" type="stmt"/>
        <line num="2078" count="0" type="stmt"/>
        <line num="2088" count="0" type="cond" truecount="0" falsecount="1"/>
        <line num="2093" count="0" type="stmt"/>
        <line num="2095" count="0" type="stmt"/>
        <line num="2100" count="0" type="cond" truecount="0" falsecount="1"/>
        <line num="2102" count="0" type="stmt"/>
        <line num="2107" count="0" type="cond" truecount="0" falsecount="4"/>
        <line num="2108" count="0" type="stmt"/>
        <line num="2109" count="0" type="cond" truecount="0" falsecount="1"/>
        <line num="2119" count="0" type="stmt"/>
        <line num="2127" count="0" type="cond" truecount="0" falsecount="2"/>
        <line num="2132" count="0" type="stmt"/>
        <line num="2135" count="0" type="cond" truecount="0" falsecount="2"/>
        <line num="2138" count="0" type="cond" truecount="0" falsecount="2"/>
        <line num="2146" count="0" type="stmt"/>
        <line num="2150" count="0" type="stmt"/>
        <line num="2156" count="0" type="stmt"/>
        <line num="2181" count="0" type="cond" truecount="0" falsecount="1"/>
        <line num="2186" count="0" type="stmt"/>
        <line num="2194" count="0" type="stmt"/>
        <line num="2195" count="0" type="stmt"/>
        <line num="2196" count="0" type="cond" truecount="0" falsecount="1"/>
        <line num="2205" count="0" type="cond" truecount="0" falsecount="1"/>
        <line num="2209" count="0" type="stmt"/>
        <line num="2213" count="0" type="cond" truecount="0" falsecount="1"/>
        <line num="2220" count="0" type="stmt"/>
        <line num="2222" count="0" type="stmt"/>
        <line num="2227" count="0" type="stmt"/>
        <line num="2232" count="0" type="stmt"/>
        <line num="2235" count="0" type="cond" truecount="0" falsecount="1"/>
        <line num="2236" count="0" type="stmt"/>
        <line num="2246" count="0" type="stmt"/>
        <line num="2250" count="0" type="stmt"/>
        <line num="2263" count="0" type="cond" truecount="0" falsecount="3"/>
        <line num="2266" count="0" type="stmt"/>
        <line num="2269" count="0" type="cond" truecount="0" falsecount="3"/>
        <line num="2272" count="0" type="stmt"/>
        <line num="2280" count="0" type="cond" truecount="0" falsecount="1"/>
        <line num="2281" count="0" type="stmt"/>
        <line num="2282" count="0" type="stmt"/>
        <line num="2287" count="0" type="stmt"/>
        <line num="2298" count="0" type="stmt"/>
        <line num="2300" count="0" type="cond" truecount="0" falsecount="8"/>
        <line num="2305" count="0" type="cond" truecount="0" falsecount="2"/>
        <line num="2308" count="0" type="stmt"/>
        <line num="2312" count="0" type="cond" truecount="0" falsecount="1"/>
        <line num="2313" count="0" type="stmt"/>
        <line num="2314" count="0" type="stmt"/>
        <line num="2316" count="0" type="cond" truecount="0" falsecount="1"/>
        <line num="2317" count="0" type="stmt"/>
        <line num="2319" count="0" type="stmt"/>
        <line num="2321" count="0" type="stmt"/>
        <line num="2332" count="0" type="stmt"/>
        <line num="2334" count="0" type="cond" truecount="0" falsecount="8"/>
        <line num="2339" count="0" type="cond" truecount="0" falsecount="2"/>
        <line num="2340" count="0" type="stmt"/>
        <line num="2344" count="0" type="cond" truecount="0" falsecount="1"/>
        <line num="2345" count="0" type="stmt"/>
        <line num="2346" count="0" type="stmt"/>
        <line num="2348" count="0" type="cond" truecount="0" falsecount="1"/>
        <line num="2349" count="0" type="stmt"/>
        <line num="2351" count="0" type="stmt"/>
        <line num="2353" count="0" type="stmt"/>
        <line num="2365" count="0" type="stmt"/>
        <line num="2366" count="0" type="cond" truecount="0" falsecount="4"/>
        <line num="2367" count="0" type="stmt"/>
        <line num="2384" count="0" type="stmt"/>
        <line num="2386" count="0" type="cond" truecount="0" falsecount="6"/>
        <line num="2389" count="0" type="stmt"/>
        <line num="2390" count="0" type="stmt"/>
        <line num="2391" count="0" type="stmt"/>
        <line num="2392" count="0" type="cond" truecount="0" falsecount="1"/>
        <line num="2393" count="0" type="stmt"/>
        <line num="2394" count="0" type="stmt"/>
        <line num="2395" count="0" type="cond" truecount="0" falsecount="2"/>
        <line num="2398" count="0" type="stmt"/>
        <line num="2401" count="0" type="stmt"/>
        <line num="2403" count="0" type="stmt"/>
        <line num="2593" count="0" type="cond" truecount="0" falsecount="2"/>
        <line num="2594" count="0" type="stmt"/>
        <line num="2595" count="0" type="stmt"/>
        <line num="2596" count="0" type="stmt"/>
        <line num="2599" count="0" type="cond" truecount="0" falsecount="1"/>
        <line num="2600" count="0" type="stmt"/>
        <line num="2603" count="0" type="stmt"/>
        <line num="2606" count="8" type="stmt"/>
      </file>
    </package>
    <package name="test-config">
      <metrics statements="142" coveredstatements="68" conditionals="16" coveredconditionals="4" methods="52" coveredmethods="16"/>
      <file name="booksModel.js" path="/Users/angelo/Desktop/Codesmith/Quell-7.0/quell-server/test-config/booksModel.js">
        <metrics statements="6" coveredstatements="5" conditionals="0" coveredconditionals="0" methods="1" coveredmethods="0"/>
        <line num="1" count="3" type="stmt"/>
        <line num="2" count="3" type="stmt"/>
        <line num="4" count="3" type="stmt"/>
        <line num="6" count="3" type="stmt"/>
        <line num="10" count="3" type="stmt"/>
        <line num="12" count="0" type="stmt"/>
      </file>
      <file name="countriesModel.js" path="/Users/angelo/Desktop/Codesmith/Quell-7.0/quell-server/test-config/countriesModel.js">
        <metrics statements="6" coveredstatements="5" conditionals="0" coveredconditionals="0" methods="1" coveredmethods="0"/>
        <line num="1" count="3" type="stmt"/>
        <line num="2" count="3" type="stmt"/>
        <line num="4" count="3" type="stmt"/>
        <line num="6" count="3" type="stmt"/>
        <line num="10" count="3" type="stmt"/>
        <line num="12" count="0" type="stmt"/>
      </file>
      <file name="testSchema.js" path="/Users/angelo/Desktop/Codesmith/Quell-7.0/quell-server/test-config/testSchema.js">
        <metrics statements="49" coveredstatements="15" conditionals="6" coveredconditionals="1" methods="20" coveredmethods="4"/>
        <line num="1" count="3" type="stmt"/>
        <line num="2" count="3" type="stmt"/>
        <line num="5" count="3" type="cond" truecount="1" falsecount="1"/>
        <line num="17" count="3" type="stmt"/>
        <line num="27" count="3" type="stmt"/>
        <line num="29" count="3" type="stmt"/>
        <line num="35" count="0" type="stmt"/>
        <line num="41" count="0" type="stmt"/>
        <line num="47" count="3" type="stmt"/>
        <line num="49" count="3" type="stmt"/>
        <line num="57" count="3" type="stmt"/>
        <line num="59" count="3" type="stmt"/>
        <line num="66" count="0" type="stmt"/>
        <line num="71" count="0" type="stmt"/>
        <line num="77" count="3" type="stmt"/>
        <line num="79" count="3" type="stmt"/>
        <line num="93" count="3" type="stmt"/>
        <line num="101" count="0" type="stmt"/>
        <line num="107" count="0" type="stmt"/>
        <line num="114" count="0" type="stmt"/>
        <line num="118" count="0" type="stmt"/>
        <line num="126" count="0" type="stmt"/>
        <line num="132" count="0" type="stmt"/>
        <line num="140" count="0" type="stmt"/>
        <line num="146" count="0" type="stmt"/>
        <line num="153" count="0" type="stmt"/>
        <line num="156" count="0" type="stmt"/>
        <line num="163" count="0" type="stmt"/>
        <line num="164" count="0" type="stmt"/>
        <line num="172" count="0" type="stmt"/>
        <line num="175" count="0" type="stmt"/>
        <line num="182" count="0" type="stmt"/>
        <line num="185" count="0" type="stmt"/>
        <line num="193" count="0" type="stmt"/>
        <line num="198" count="0" type="stmt"/>
        <line num="208" count="3" type="stmt"/>
        <line num="220" count="0" type="cond" truecount="0" falsecount="2"/>
        <line num="222" count="0" type="stmt"/>
        <line num="226" count="0" type="stmt"/>
        <line num="237" count="0" type="stmt"/>
        <line num="241" count="0" type="stmt"/>
        <line num="251" count="0" type="stmt"/>
        <line num="255" count="0" type="stmt"/>
        <line num="263" count="0" type="stmt"/>
        <line num="264" count="0" type="stmt"/>
        <line num="271" count="0" type="stmt"/>
        <line num="272" count="0" type="cond" truecount="0" falsecount="2"/>
        <line num="273" count="0" type="stmt"/>
        <line num="281" count="3" type="stmt"/>
      </file>
      <file name="testSchemaWithoutFields.js" path="/Users/angelo/Desktop/Codesmith/Quell-7.0/quell-server/test-config/testSchemaWithoutFields.js">
        <metrics statements="15" coveredstatements="15" conditionals="2" coveredconditionals="1" methods="4" coveredmethods="4"/>
        <line num="1" count="1" type="stmt"/>
        <line num="2" count="1" type="stmt"/>
        <line num="5" count="1" type="cond" truecount="1" falsecount="1"/>
        <line num="17" count="1" type="stmt"/>
        <line num="27" count="1" type="stmt"/>
        <line num="29" count="1" type="stmt"/>
        <line num="32" count="1" type="stmt"/>
        <line num="34" count="1" type="stmt"/>
        <line num="37" count="1" type="stmt"/>
        <line num="39" count="1" type="stmt"/>
        <line num="42" count="1" type="stmt"/>
        <line num="44" count="1" type="stmt"/>
        <line num="53" count="1" type="stmt"/>
        <line num="62" count="1" type="stmt"/>
        <line num="68" count="1" type="stmt"/>
      </file>
      <file name="testSchemaWithoutMuts.js" path="/Users/angelo/Desktop/Codesmith/Quell-7.0/quell-server/test-config/testSchemaWithoutMuts.js">
        <metrics statements="36" coveredstatements="14" conditionals="2" coveredconditionals="1" methods="15" coveredmethods="4"/>
        <line num="1" count="1" type="stmt"/>
        <line num="2" count="1" type="stmt"/>
        <line num="5" count="1" type="cond" truecount="1" falsecount="1"/>
        <line num="17" count="1" type="stmt"/>
        <line num="27" count="1" type="stmt"/>
        <line num="29" count="1" type="stmt"/>
        <line num="35" count="0" type="stmt"/>
        <line num="41" count="0" type="stmt"/>
        <line num="47" count="1" type="stmt"/>
        <line num="49" count="1" type="stmt"/>
        <line num="57" count="1" type="stmt"/>
        <line num="59" count="1" type="stmt"/>
        <line num="66" count="0" type="stmt"/>
        <line num="71" count="0" type="stmt"/>
        <line num="77" count="1" type="stmt"/>
        <line num="79" count="1" type="stmt"/>
        <line num="93" count="1" type="stmt"/>
        <line num="101" count="0" type="stmt"/>
        <line num="107" count="0" type="stmt"/>
        <line num="114" count="0" type="stmt"/>
        <line num="118" count="0" type="stmt"/>
        <line num="126" count="0" type="stmt"/>
        <line num="132" count="0" type="stmt"/>
        <line num="140" count="0" type="stmt"/>
        <line num="146" count="0" type="stmt"/>
        <line num="153" count="0" type="stmt"/>
        <line num="156" count="0" type="stmt"/>
        <line num="163" count="0" type="stmt"/>
        <line num="164" count="0" type="stmt"/>
        <line num="172" count="0" type="stmt"/>
        <line num="175" count="0" type="stmt"/>
        <line num="182" count="0" type="stmt"/>
        <line num="185" count="0" type="stmt"/>
        <line num="193" count="0" type="stmt"/>
        <line num="198" count="0" type="stmt"/>
        <line num="205" count="1" type="stmt"/>
      </file>
      <file name="testSchemaWithoutQueries.js" path="/Users/angelo/Desktop/Codesmith/Quell-7.0/quell-server/test-config/testSchemaWithoutQueries.js">
        <metrics statements="30" coveredstatements="14" conditionals="6" coveredconditionals="1" methods="11" coveredmethods="4"/>
        <line num="1" count="1" type="stmt"/>
        <line num="2" count="1" type="stmt"/>
        <line num="5" count="1" type="cond" truecount="1" falsecount="1"/>
        <line num="17" count="1" type="stmt"/>
        <line num="27" count="1" type="stmt"/>
        <line num="29" count="1" type="stmt"/>
        <line num="35" count="0" type="stmt"/>
        <line num="41" count="0" type="stmt"/>
        <line num="47" count="1" type="stmt"/>
        <line num="49" count="1" type="stmt"/>
        <line num="57" count="1" type="stmt"/>
        <line num="59" count="1" type="stmt"/>
        <line num="66" count="0" type="stmt"/>
        <line num="71" count="0" type="stmt"/>
        <line num="77" count="1" type="stmt"/>
        <line num="79" count="1" type="stmt"/>
        <line num="92" count="1" type="stmt"/>
        <line num="104" count="0" type="cond" truecount="0" falsecount="2"/>
        <line num="106" count="0" type="stmt"/>
        <line num="110" count="0" type="stmt"/>
        <line num="121" count="0" type="stmt"/>
        <line num="125" count="0" type="stmt"/>
        <line num="135" count="0" type="stmt"/>
        <line num="139" count="0" type="stmt"/>
        <line num="147" count="0" type="stmt"/>
        <line num="148" count="0" type="stmt"/>
        <line num="155" count="0" type="stmt"/>
        <line num="156" count="0" type="cond" truecount="0" falsecount="2"/>
        <line num="157" count="0" type="stmt"/>
        <line num="165" count="1" type="stmt"/>
      </file>
    </package>
  </project>
</coverage>
