{"/Users/angelo/Desktop/Codesmith/Quell-7.0/quell-server/src/quell.ts": {"path":"/Users/angelo/Desktop/Codesmith/Quell-7.0/quell-server/src/quell.ts","statementMap":{"0":{"start":{"line":2,"column":0},"end":{"line":2,"column":48}},"1":{"start":{"line":3,"column":0},"end":{"line":3,"column":56}},"2":{"start":{"line":4,"column":0},"end":{"line":4,"column":34}},"3":{"start":{"line":6,"column":0},"end":{"line":6,"column":37}},"4":{"start":{"line":53,"column":42},"end":{"line":61,"column":2}},"5":{"start":{"line":63,"column":27},"end":{"line":63,"column":29}},"6":{"start":{"line":105,"column":4},"end":{"line":105,"column":27}},"7":{"start":{"line":106,"column":4},"end":{"line":106,"column":25}},"8":{"start":{"line":107,"column":4},"end":{"line":107,"column":75}},"9":{"start":{"line":108,"column":4},"end":{"line":108,"column":49}},"10":{"start":{"line":109,"column":4},"end":{"line":109,"column":47}},"11":{"start":{"line":110,"column":4},"end":{"line":110,"column":51}},"12":{"start":{"line":111,"column":4},"end":{"line":111,"column":40}},"13":{"start":{"line":112,"column":4},"end":{"line":112,"column":46}},"14":{"start":{"line":113,"column":4},"end":{"line":113,"column":42}},"15":{"start":{"line":114,"column":4},"end":{"line":114,"column":43}},"16":{"start":{"line":115,"column":4},"end":{"line":115,"column":33}},"17":{"start":{"line":116,"column":4},"end":{"line":119,"column":7}},"18":{"start":{"line":120,"column":4},"end":{"line":120,"column":39}},"19":{"start":{"line":121,"column":4},"end":{"line":121,"column":49}},"20":{"start":{"line":122,"column":4},"end":{"line":122,"column":57}},"21":{"start":{"line":123,"column":4},"end":{"line":123,"column":59}},"22":{"start":{"line":124,"column":4},"end":{"line":124,"column":71}},"23":{"start":{"line":125,"column":4},"end":{"line":125,"column":59}},"24":{"start":{"line":126,"column":4},"end":{"line":126,"column":63}},"25":{"start":{"line":127,"column":4},"end":{"line":127,"column":53}},"26":{"start":{"line":128,"column":4},"end":{"line":128,"column":53}},"27":{"start":{"line":129,"column":4},"end":{"line":129,"column":57}},"28":{"start":{"line":130,"column":4},"end":{"line":132,"column":7}},"29":{"start":{"line":131,"column":6},"end":{"line":131,"column":45}},"30":{"start":{"line":154,"column":6},"end":{"line":154,"column":64}},"31":{"start":{"line":156,"column":30},"end":{"line":156,"column":36}},"32":{"start":{"line":158,"column":39},"end":{"line":158,"column":68}},"33":{"start":{"line":160,"column":27},"end":{"line":160,"column":63}},"34":{"start":{"line":163,"column":4},"end":{"line":168,"column":null}},"35":{"start":{"line":164,"column":6},"end":{"line":167,"column":9}},"36":{"start":{"line":170,"column":4},"end":{"line":209,"column":null}},"37":{"start":{"line":173,"column":8},"end":{"line":173,"column":31}},"38":{"start":{"line":176,"column":6},"end":{"line":176,"column":41}},"39":{"start":{"line":179,"column":6},"end":{"line":179,"column":46}},"40":{"start":{"line":182,"column":38},"end":{"line":183,"column":null}},"41":{"start":{"line":183,"column":20},"end":{"line":183,"column":42}},"42":{"start":{"line":188,"column":40},"end":{"line":188,"column":63}},"43":{"start":{"line":189,"column":34},"end":{"line":189,"column":65}},"44":{"start":{"line":192,"column":6},"end":{"line":197,"column":null}},"45":{"start":{"line":193,"column":8},"end":{"line":196,"column":11}},"46":{"start":{"line":199,"column":6},"end":{"line":201,"column":8}},"47":{"start":{"line":203,"column":6},"end":{"line":203,"column":20}},"48":{"start":{"line":205,"column":6},"end":{"line":208,"column":9}},"49":{"start":{"line":227,"column":4},"end":{"line":229,"column":null}},"50":{"start":{"line":228,"column":6},"end":{"line":228,"column":76}},"51":{"start":{"line":232,"column":32},"end":{"line":232,"column":46}},"52":{"start":{"line":236,"column":30},"end":{"line":238,"column":26}},"53":{"start":{"line":247,"column":6},"end":{"line":247,"column":43}},"54":{"start":{"line":256,"column":4},"end":{"line":441,"column":null}},"55":{"start":{"line":257,"column":6},"end":{"line":264,"column":11}},"56":{"start":{"line":259,"column":10},"end":{"line":259,"column":49}},"57":{"start":{"line":260,"column":10},"end":{"line":260,"column":24}},"58":{"start":{"line":263,"column":10},"end":{"line":263,"column":57}},"59":{"start":{"line":270,"column":11},"end":{"line":441,"column":null}},"60":{"start":{"line":271,"column":6},"end":{"line":278,"column":11}},"61":{"start":{"line":273,"column":10},"end":{"line":273,"column":49}},"62":{"start":{"line":274,"column":10},"end":{"line":274,"column":24}},"63":{"start":{"line":277,"column":10},"end":{"line":277,"column":65}},"64":{"start":{"line":281,"column":45},"end":{"line":282,"column":null}},"65":{"start":{"line":286,"column":6},"end":{"line":301,"column":null}},"66":{"start":{"line":287,"column":8},"end":{"line":287,"column":44}},"67":{"start":{"line":288,"column":8},"end":{"line":288,"column":48}},"68":{"start":{"line":289,"column":8},"end":{"line":289,"column":22}},"69":{"start":{"line":292,"column":8},"end":{"line":300,"column":13}},"70":{"start":{"line":294,"column":12},"end":{"line":294,"column":51}},"71":{"start":{"line":295,"column":12},"end":{"line":295,"column":56}},"72":{"start":{"line":296,"column":12},"end":{"line":296,"column":26}},"73":{"start":{"line":299,"column":12},"end":{"line":299,"column":59}},"74":{"start":{"line":305,"column":11},"end":{"line":441,"column":null}},"75":{"start":{"line":310,"column":6},"end":{"line":310,"column":33}},"76":{"start":{"line":311,"column":6},"end":{"line":311,"column":19}},"77":{"start":{"line":316,"column":25},"end":{"line":316,"column":27}},"78":{"start":{"line":317,"column":25},"end":{"line":317,"column":27}},"79":{"start":{"line":319,"column":6},"end":{"line":328,"column":null}},"80":{"start":{"line":322,"column":8},"end":{"line":327,"column":null}},"81":{"start":{"line":323,"column":10},"end":{"line":323,"column":34}},"82":{"start":{"line":324,"column":10},"end":{"line":324,"column":62}},"83":{"start":{"line":325,"column":10},"end":{"line":325,"column":64}},"84":{"start":{"line":326,"column":10},"end":{"line":326,"column":16}},"85":{"start":{"line":332,"column":6},"end":{"line":350,"column":11}},"86":{"start":{"line":334,"column":10},"end":{"line":334,"column":54}},"87":{"start":{"line":338,"column":10},"end":{"line":345,"column":null}},"88":{"start":{"line":339,"column":12},"end":{"line":344,"column":14}},"89":{"start":{"line":346,"column":10},"end":{"line":346,"column":24}},"90":{"start":{"line":349,"column":10},"end":{"line":349,"column":57}},"91":{"start":{"line":357,"column":8},"end":{"line":359,"column":17}},"92":{"start":{"line":361,"column":28},"end":{"line":361,"column":50}},"93":{"start":{"line":369,"column":10},"end":{"line":369,"column":61}},"94":{"start":{"line":376,"column":40},"end":{"line":376,"column":65}},"95":{"start":{"line":380,"column":6},"end":{"line":440,"column":null}},"96":{"start":{"line":383,"column":39},"end":{"line":385,"column":null}},"97":{"start":{"line":389,"column":8},"end":{"line":432,"column":13}},"98":{"start":{"line":390,"column":78},"end":{"line":429,"column":12}},"99":{"start":{"line":393,"column":51},"end":{"line":394,"column":null}},"100":{"start":{"line":398,"column":31},"end":{"line":398,"column":36}},"101":{"start":{"line":399,"column":12},"end":{"line":403,"column":null}},"102":{"start":{"line":400,"column":14},"end":{"line":402,"column":null}},"103":{"start":{"line":401,"column":16},"end":{"line":401,"column":36}},"104":{"start":{"line":408,"column":12},"end":{"line":414,"column":33}},"105":{"start":{"line":416,"column":29},"end":{"line":416,"column":60}},"106":{"start":{"line":426,"column":12},"end":{"line":426,"column":42}},"107":{"start":{"line":427,"column":12},"end":{"line":427,"column":61}},"108":{"start":{"line":428,"column":12},"end":{"line":428,"column":26}},"109":{"start":{"line":431,"column":12},"end":{"line":431,"column":67}},"110":{"start":{"line":437,"column":8},"end":{"line":437,"column":36}},"111":{"start":{"line":438,"column":8},"end":{"line":438,"column":56}},"112":{"start":{"line":439,"column":8},"end":{"line":439,"column":22}},"113":{"start":{"line":450,"column":4},"end":{"line":457,"column":null}},"114":{"start":{"line":451,"column":6},"end":{"line":451,"column":63}},"115":{"start":{"line":451,"column":56},"end":{"line":451,"column":63}},"116":{"start":{"line":452,"column":31},"end":{"line":452,"column":48}},"117":{"start":{"line":453,"column":41},"end":{"line":453,"column":76}},"118":{"start":{"line":454,"column":6},"end":{"line":454,"column":25}},"119":{"start":{"line":456,"column":6},"end":{"line":456,"column":48}},"120":{"start":{"line":477,"column":4},"end":{"line":691,"column":null}},"121":{"start":{"line":479,"column":6},"end":{"line":513,"column":null}},"122":{"start":{"line":480,"column":30},"end":{"line":481,"column":null}},"123":{"start":{"line":484,"column":8},"end":{"line":486,"column":null}},"124":{"start":{"line":485,"column":10},"end":{"line":485,"column":26}},"125":{"start":{"line":489,"column":8},"end":{"line":495,"column":null}},"126":{"start":{"line":490,"column":10},"end":{"line":490,"column":30}},"127":{"start":{"line":492,"column":10},"end":{"line":494,"column":15}},"128":{"start":{"line":497,"column":8},"end":{"line":499,"column":null}},"129":{"start":{"line":498,"column":10},"end":{"line":498,"column":66}},"130":{"start":{"line":502,"column":11},"end":{"line":502,"column":72}},"131":{"start":{"line":503,"column":8},"end":{"line":508,"column":null}},"132":{"start":{"line":507,"column":10},"end":{"line":507,"column":70}},"133":{"start":{"line":509,"column":52},"end":{"line":510,"column":null}},"134":{"start":{"line":512,"column":8},"end":{"line":512,"column":80}},"135":{"start":{"line":516,"column":6},"end":{"line":690,"column":null}},"136":{"start":{"line":519,"column":10},"end":{"line":519,"column":33}},"137":{"start":{"line":521,"column":8},"end":{"line":617,"column":null}},"138":{"start":{"line":521,"column":21},"end":{"line":521,"column":22}},"139":{"start":{"line":522,"column":10},"end":{"line":616,"column":null}},"140":{"start":{"line":528,"column":39},"end":{"line":586,"column":13}},"141":{"start":{"line":529,"column":49},"end":{"line":529,"column":51}},"142":{"start":{"line":531,"column":14},"end":{"line":585,"column":null}},"143":{"start":{"line":533,"column":18},"end":{"line":533,"column":43}},"144":{"start":{"line":535,"column":16},"end":{"line":571,"column":null}},"145":{"start":{"line":537,"column":18},"end":{"line":570,"column":null}},"146":{"start":{"line":544,"column":20},"end":{"line":544,"column":63}},"147":{"start":{"line":547,"column":23},"end":{"line":570,"column":null}},"148":{"start":{"line":553,"column":20},"end":{"line":561,"column":78}},"149":{"start":{"line":561,"column":42},"end":{"line":561,"column":75}},"150":{"start":{"line":564,"column":23},"end":{"line":570,"column":null}},"151":{"start":{"line":569,"column":21},"end":{"line":569,"column":75}},"152":{"start":{"line":572,"column":16},"end":{"line":572,"column":52}},"153":{"start":{"line":576,"column":16},"end":{"line":584,"column":null}},"154":{"start":{"line":577,"column":18},"end":{"line":583,"column":null}},"155":{"start":{"line":582,"column":21},"end":{"line":582,"column":75}},"156":{"start":{"line":588,"column":40},"end":{"line":588,"column":65}},"157":{"start":{"line":592,"column":12},"end":{"line":602,"column":null}},"158":{"start":{"line":593,"column":14},"end":{"line":600,"column":null}},"159":{"start":{"line":594,"column":41},"end":{"line":594,"column":67}},"160":{"start":{"line":595,"column":16},"end":{"line":597,"column":18}},"161":{"start":{"line":596,"column":18},"end":{"line":596,"column":67}},"162":{"start":{"line":599,"column":16},"end":{"line":599,"column":63}},"163":{"start":{"line":601,"column":14},"end":{"line":601,"column":54}},"164":{"start":{"line":605,"column":12},"end":{"line":605,"column":57}},"165":{"start":{"line":608,"column":12},"end":{"line":615,"column":null}},"166":{"start":{"line":609,"column":39},"end":{"line":609,"column":65}},"167":{"start":{"line":610,"column":14},"end":{"line":612,"column":16}},"168":{"start":{"line":611,"column":16},"end":{"line":611,"column":65}},"169":{"start":{"line":614,"column":14},"end":{"line":614,"column":61}},"170":{"start":{"line":622,"column":11},"end":{"line":690,"column":null}},"171":{"start":{"line":624,"column":8},"end":{"line":632,"column":null}},"172":{"start":{"line":631,"column":10},"end":{"line":631,"column":37}},"173":{"start":{"line":634,"column":8},"end":{"line":651,"column":null}},"174":{"start":{"line":640,"column":34},"end":{"line":640,"column":71}},"175":{"start":{"line":641,"column":54},"end":{"line":642,"column":null}},"176":{"start":{"line":644,"column":10},"end":{"line":644,"column":80}},"177":{"start":{"line":644,"column":29},"end":{"line":644,"column":80}},"178":{"start":{"line":645,"column":10},"end":{"line":650,"column":12}},"179":{"start":{"line":655,"column":8},"end":{"line":689,"column":null}},"180":{"start":{"line":657,"column":10},"end":{"line":667,"column":null}},"181":{"start":{"line":666,"column":13},"end":{"line":666,"column":64}},"182":{"start":{"line":670,"column":10},"end":{"line":688,"column":null}},"183":{"start":{"line":674,"column":12},"end":{"line":679,"column":14}},"184":{"start":{"line":682,"column":15},"end":{"line":688,"column":null}},"185":{"start":{"line":687,"column":13},"end":{"line":687,"column":64}},"186":{"start":{"line":693,"column":4},"end":{"line":693,"column":35}},"187":{"start":{"line":709,"column":4},"end":{"line":794,"column":null}},"188":{"start":{"line":711,"column":24},"end":{"line":711,"column":48}},"189":{"start":{"line":712,"column":38},"end":{"line":712,"column":76}},"190":{"start":{"line":713,"column":6},"end":{"line":793,"column":null}},"191":{"start":{"line":714,"column":8},"end":{"line":729,"column":null}},"192":{"start":{"line":714,"column":21},"end":{"line":714,"column":22}},"193":{"start":{"line":715,"column":39},"end":{"line":715,"column":51}},"194":{"start":{"line":717,"column":58},"end":{"line":717,"column":73}},"195":{"start":{"line":719,"column":10},"end":{"line":728,"column":null}},"196":{"start":{"line":720,"column":12},"end":{"line":727,"column":14}},"197":{"start":{"line":730,"column":13},"end":{"line":793,"column":null}},"198":{"start":{"line":734,"column":45},"end":{"line":734,"column":47}},"199":{"start":{"line":737,"column":30},"end":{"line":742,"column":40}},"200":{"start":{"line":744,"column":8},"end":{"line":744,"column":63}},"201":{"start":{"line":749,"column":8},"end":{"line":790,"column":null}},"202":{"start":{"line":751,"column":10},"end":{"line":773,"column":null}},"203":{"start":{"line":756,"column":12},"end":{"line":766,"column":null}},"204":{"start":{"line":757,"column":44},"end":{"line":757,"column":79}},"205":{"start":{"line":758,"column":14},"end":{"line":765,"column":null}},"206":{"start":{"line":762,"column":16},"end":{"line":764,"column":null}},"207":{"start":{"line":763,"column":18},"end":{"line":763,"column":56}},"208":{"start":{"line":769,"column":46},"end":{"line":769,"column":53}},"209":{"start":{"line":770,"column":12},"end":{"line":770,"column":45}},"210":{"start":{"line":772,"column":12},"end":{"line":772,"column":69}},"211":{"start":{"line":775,"column":10},"end":{"line":775,"column":43}},"212":{"start":{"line":778,"column":10},"end":{"line":789,"column":null}},"213":{"start":{"line":779,"column":12},"end":{"line":788,"column":null}},"214":{"start":{"line":780,"column":14},"end":{"line":787,"column":16}},"215":{"start":{"line":792,"column":8},"end":{"line":792,"column":47}},"216":{"start":{"line":804,"column":28},"end":{"line":806,"column":37}},"217":{"start":{"line":807,"column":4},"end":{"line":807,"column":19}},"218":{"start":{"line":816,"column":29},"end":{"line":816,"column":46}},"219":{"start":{"line":817,"column":4},"end":{"line":820,"column":null}},"220":{"start":{"line":818,"column":6},"end":{"line":818,"column":58}},"221":{"start":{"line":819,"column":6},"end":{"line":819,"column":61}},"222":{"start":{"line":836,"column":4},"end":{"line":844,"column":null}},"223":{"start":{"line":837,"column":6},"end":{"line":837,"column":29}},"224":{"start":{"line":838,"column":6},"end":{"line":838,"column":44}},"225":{"start":{"line":839,"column":6},"end":{"line":839,"column":13}},"226":{"start":{"line":842,"column":9},"end":{"line":844,"column":null}},"227":{"start":{"line":843,"column":6},"end":{"line":843,"column":37}},"228":{"start":{"line":846,"column":5},"end":{"line":846,"column":60}},"229":{"start":{"line":864,"column":19},"end":{"line":864,"column":21}},"230":{"start":{"line":865,"column":27},"end":{"line":865,"column":29}},"231":{"start":{"line":866,"column":4},"end":{"line":873,"column":null}},"232":{"start":{"line":871,"column":6},"end":{"line":871,"column":78}},"233":{"start":{"line":872,"column":6},"end":{"line":872,"column":80}},"234":{"start":{"line":875,"column":4},"end":{"line":884,"column":null}},"235":{"start":{"line":876,"column":46},"end":{"line":876,"column":null}},"236":{"start":{"line":880,"column":6},"end":{"line":883,"column":null}},"237":{"start":{"line":881,"column":8},"end":{"line":881,"column":33}},"238":{"start":{"line":882,"column":8},"end":{"line":882,"column":14}},"239":{"start":{"line":890,"column":36},"end":{"line":915,"column":6}},"240":{"start":{"line":892,"column":8},"end":{"line":915,"column":6}},"241":{"start":{"line":893,"column":6},"end":{"line":914,"column":null}},"242":{"start":{"line":894,"column":39},"end":{"line":894,"column":77}},"243":{"start":{"line":895,"column":8},"end":{"line":913,"column":null}},"244":{"start":{"line":899,"column":48},"end":{"line":900,"column":null}},"245":{"start":{"line":903,"column":10},"end":{"line":911,"column":13}},"246":{"start":{"line":906,"column":14},"end":{"line":906,"column":51}},"247":{"start":{"line":908,"column":12},"end":{"line":910,"column":null}},"248":{"start":{"line":909,"column":14},"end":{"line":909,"column":64}},"249":{"start":{"line":912,"column":10},"end":{"line":912,"column":64}},"250":{"start":{"line":921,"column":32},"end":{"line":971,"column":6}},"251":{"start":{"line":921,"column":43},"end":{"line":971,"column":6}},"252":{"start":{"line":922,"column":6},"end":{"line":970,"column":null}},"253":{"start":{"line":923,"column":39},"end":{"line":923,"column":77}},"254":{"start":{"line":924,"column":8},"end":{"line":969,"column":null}},"255":{"start":{"line":928,"column":48},"end":{"line":929,"column":null}},"256":{"start":{"line":932,"column":49},"end":{"line":932,"column":58}},"257":{"start":{"line":933,"column":10},"end":{"line":967,"column":null}},"258":{"start":{"line":933,"column":23},"end":{"line":933,"column":24}},"259":{"start":{"line":934,"column":37},"end":{"line":934,"column":59}},"260":{"start":{"line":936,"column":37},"end":{"line":937,"column":null}},"261":{"start":{"line":939,"column":12},"end":{"line":966,"column":null}},"262":{"start":{"line":940,"column":36},"end":{"line":940,"column":64}},"263":{"start":{"line":942,"column":27},"end":{"line":942,"column":31}},"264":{"start":{"line":943,"column":14},"end":{"line":960,"column":null}},"265":{"start":{"line":944,"column":16},"end":{"line":959,"column":null}},"266":{"start":{"line":950,"column":20},"end":{"line":951,"column":34}},"267":{"start":{"line":952,"column":18},"end":{"line":955,"column":null}},"268":{"start":{"line":953,"column":20},"end":{"line":953,"column":35}},"269":{"start":{"line":954,"column":20},"end":{"line":954,"column":26}},"270":{"start":{"line":957,"column":18},"end":{"line":957,"column":33}},"271":{"start":{"line":958,"column":18},"end":{"line":958,"column":24}},"272":{"start":{"line":962,"column":14},"end":{"line":965,"column":null}},"273":{"start":{"line":963,"column":16},"end":{"line":963,"column":48}},"274":{"start":{"line":964,"column":16},"end":{"line":964,"column":61}},"275":{"start":{"line":968,"column":10},"end":{"line":968,"column":53}},"276":{"start":{"line":977,"column":32},"end":{"line":1025,"column":6}},"277":{"start":{"line":977,"column":43},"end":{"line":1025,"column":6}},"278":{"start":{"line":978,"column":37},"end":{"line":978,"column":75}},"279":{"start":{"line":980,"column":6},"end":{"line":980,"column":55}},"280":{"start":{"line":980,"column":48},"end":{"line":980,"column":55}},"281":{"start":{"line":982,"column":6},"end":{"line":1024,"column":null}},"282":{"start":{"line":983,"column":46},"end":{"line":984,"column":null}},"283":{"start":{"line":991,"column":8},"end":{"line":1023,"column":11}},"284":{"start":{"line":991,"column":55},"end":{"line":1023,"column":10}},"285":{"start":{"line":992,"column":35},"end":{"line":993,"column":null}},"286":{"start":{"line":995,"column":10},"end":{"line":1022,"column":null}},"287":{"start":{"line":997,"column":14},"end":{"line":997,"column":42}},"288":{"start":{"line":999,"column":47},"end":{"line":999,"column":49}},"289":{"start":{"line":1000,"column":59},"end":{"line":1000,"column":72}},"290":{"start":{"line":1004,"column":12},"end":{"line":1017,"column":14}},"291":{"start":{"line":1006,"column":16},"end":{"line":1015,"column":null}},"292":{"start":{"line":1008,"column":18},"end":{"line":1011,"column":null}},"293":{"start":{"line":1010,"column":20},"end":{"line":1010,"column":47}},"294":{"start":{"line":1013,"column":18},"end":{"line":1014,"column":55}},"295":{"start":{"line":1014,"column":20},"end":{"line":1014,"column":55}},"296":{"start":{"line":1019,"column":12},"end":{"line":1021,"column":null}},"297":{"start":{"line":1020,"column":14},"end":{"line":1020,"column":64}},"298":{"start":{"line":1028,"column":33},"end":{"line":1028,"column":77}},"299":{"start":{"line":1029,"column":43},"end":{"line":1030,"column":null}},"300":{"start":{"line":1033,"column":4},"end":{"line":1071,"column":null}},"301":{"start":{"line":1037,"column":6},"end":{"line":1067,"column":null}},"302":{"start":{"line":1038,"column":8},"end":{"line":1052,"column":null}},"303":{"start":{"line":1042,"column":10},"end":{"line":1044,"column":12}},"304":{"start":{"line":1045,"column":10},"end":{"line":1045,"column":68}},"305":{"start":{"line":1048,"column":10},"end":{"line":1051,"column":12}},"306":{"start":{"line":1059,"column":37},"end":{"line":1059,"column":39}},"307":{"start":{"line":1061,"column":8},"end":{"line":1066,"column":null}},"308":{"start":{"line":1063,"column":10},"end":{"line":1063,"column":32}},"309":{"start":{"line":1065,"column":10},"end":{"line":1065,"column":32}},"310":{"start":{"line":1070,"column":6},"end":{"line":1070,"column":58}},"311":{"start":{"line":1079,"column":4},"end":{"line":1083,"column":null}},"312":{"start":{"line":1080,"column":6},"end":{"line":1080,"column":37}},"313":{"start":{"line":1082,"column":6},"end":{"line":1082,"column":51}},"314":{"start":{"line":1095,"column":4},"end":{"line":1095,"column":40}},"315":{"start":{"line":1096,"column":4},"end":{"line":1096,"column":31}},"316":{"start":{"line":1097,"column":4},"end":{"line":1097,"column":18}},"317":{"start":{"line":1122,"column":4},"end":{"line":1122,"column":38}},"318":{"start":{"line":1123,"column":41},"end":{"line":1123,"column":43}},"319":{"start":{"line":1131,"column":23},"end":{"line":1138,"column":5}},"320":{"start":{"line":1132,"column":47},"end":{"line":1132,"column":51}},"321":{"start":{"line":1133,"column":6},"end":{"line":1137,"column":27}},"322":{"start":{"line":1133,"column":45},"end":{"line":1133,"column":67}},"323":{"start":{"line":1134,"column":11},"end":{"line":1137,"column":27}},"324":{"start":{"line":1134,"column":50},"end":{"line":1134,"column":73}},"325":{"start":{"line":1135,"column":11},"end":{"line":1137,"column":27}},"326":{"start":{"line":1135,"column":51},"end":{"line":1135,"column":72}},"327":{"start":{"line":1136,"column":11},"end":{"line":1137,"column":27}},"328":{"start":{"line":1136,"column":51},"end":{"line":1136,"column":73}},"329":{"start":{"line":1137,"column":11},"end":{"line":1137,"column":27}},"330":{"start":{"line":1140,"column":4},"end":{"line":1160,"column":null}},"331":{"start":{"line":1142,"column":8},"end":{"line":1142,"column":64}},"332":{"start":{"line":1143,"column":8},"end":{"line":1143,"column":14}},"333":{"start":{"line":1145,"column":8},"end":{"line":1145,"column":67}},"334":{"start":{"line":1146,"column":8},"end":{"line":1146,"column":14}},"335":{"start":{"line":1148,"column":8},"end":{"line":1148,"column":43}},"336":{"start":{"line":1149,"column":8},"end":{"line":1149,"column":14}},"337":{"start":{"line":1151,"column":8},"end":{"line":1151,"column":48}},"338":{"start":{"line":1152,"column":8},"end":{"line":1152,"column":14}},"339":{"start":{"line":1154,"column":8},"end":{"line":1158,"column":10}},"340":{"start":{"line":1159,"column":8},"end":{"line":1159,"column":14}},"341":{"start":{"line":1162,"column":4},"end":{"line":1162,"column":22}},"342":{"start":{"line":1172,"column":4},"end":{"line":1443,"column":null}},"343":{"start":{"line":1173,"column":23},"end":{"line":1438,"column":7}},"344":{"start":{"line":1175,"column":8},"end":{"line":1437,"column":13}},"345":{"start":{"line":1178,"column":40},"end":{"line":1178,"column":62}},"346":{"start":{"line":1180,"column":43},"end":{"line":1431,"column":14}},"347":{"start":{"line":1187,"column":36},"end":{"line":1187,"column":63}},"348":{"start":{"line":1194,"column":36},"end":{"line":1194,"column":64}},"349":{"start":{"line":1201,"column":36},"end":{"line":1201,"column":60}},"350":{"start":{"line":1208,"column":36},"end":{"line":1208,"column":52}},"351":{"start":{"line":1215,"column":36},"end":{"line":1215,"column":58}},"352":{"start":{"line":1229,"column":36},"end":{"line":1229,"column":67}},"353":{"start":{"line":1236,"column":36},"end":{"line":1236,"column":64}},"354":{"start":{"line":1250,"column":36},"end":{"line":1250,"column":61}},"355":{"start":{"line":1260,"column":36},"end":{"line":1260,"column":67}},"356":{"start":{"line":1267,"column":36},"end":{"line":1267,"column":69}},"357":{"start":{"line":1274,"column":36},"end":{"line":1274,"column":60}},"358":{"start":{"line":1288,"column":36},"end":{"line":1288,"column":65}},"359":{"start":{"line":1298,"column":36},"end":{"line":1298,"column":67}},"360":{"start":{"line":1305,"column":36},"end":{"line":1305,"column":72}},"361":{"start":{"line":1350,"column":36},"end":{"line":1350,"column":76}},"362":{"start":{"line":1357,"column":36},"end":{"line":1357,"column":74}},"363":{"start":{"line":1364,"column":36},"end":{"line":1364,"column":75}},"364":{"start":{"line":1399,"column":36},"end":{"line":1399,"column":69}},"365":{"start":{"line":1406,"column":36},"end":{"line":1406,"column":71}},"366":{"start":{"line":1413,"column":36},"end":{"line":1413,"column":74}},"367":{"start":{"line":1427,"column":36},"end":{"line":1427,"column":75}},"368":{"start":{"line":1432,"column":12},"end":{"line":1432,"column":43}},"369":{"start":{"line":1433,"column":12},"end":{"line":1433,"column":26}},"370":{"start":{"line":1436,"column":12},"end":{"line":1436,"column":29}},"371":{"start":{"line":1440,"column":6},"end":{"line":1440,"column":17}},"372":{"start":{"line":1442,"column":6},"end":{"line":1442,"column":23}},"373":{"start":{"line":1453,"column":4},"end":{"line":1461,"column":9}},"374":{"start":{"line":1456,"column":8},"end":{"line":1456,"column":40}},"375":{"start":{"line":1457,"column":8},"end":{"line":1457,"column":22}},"376":{"start":{"line":1460,"column":8},"end":{"line":1460,"column":25}},"377":{"start":{"line":1471,"column":4},"end":{"line":1484,"column":null}},"378":{"start":{"line":1472,"column":6},"end":{"line":1480,"column":11}},"379":{"start":{"line":1475,"column":10},"end":{"line":1475,"column":44}},"380":{"start":{"line":1476,"column":10},"end":{"line":1476,"column":24}},"381":{"start":{"line":1479,"column":10},"end":{"line":1479,"column":27}},"382":{"start":{"line":1482,"column":6},"end":{"line":1482,"column":34}},"383":{"start":{"line":1483,"column":6},"end":{"line":1483,"column":20}},"384":{"start":{"line":1501,"column":23},"end":{"line":1501,"column":42}},"385":{"start":{"line":1503,"column":4},"end":{"line":1503,"column":80}},"386":{"start":{"line":1503,"column":39},"end":{"line":1503,"column":80}},"387":{"start":{"line":1505,"column":4},"end":{"line":1514,"column":null}},"388":{"start":{"line":1507,"column":37},"end":{"line":1511,"column":10}},"389":{"start":{"line":1512,"column":8},"end":{"line":1512,"column":25}},"390":{"start":{"line":1516,"column":32},"end":{"line":1516,"column":46}},"391":{"start":{"line":1519,"column":30},"end":{"line":1519,"column":48}},"392":{"start":{"line":1523,"column":44},"end":{"line":1523,"column":57}},"393":{"start":{"line":1526,"column":6},"end":{"line":1528,"column":15}},"394":{"start":{"line":1536,"column":27},"end":{"line":1554,"column":5}},"395":{"start":{"line":1537,"column":6},"end":{"line":1545,"column":null}},"396":{"start":{"line":1538,"column":37},"end":{"line":1542,"column":10}},"397":{"start":{"line":1543,"column":8},"end":{"line":1543,"column":34}},"398":{"start":{"line":1544,"column":8},"end":{"line":1544,"column":25}},"399":{"start":{"line":1548,"column":6},"end":{"line":1553,"column":9}},"400":{"start":{"line":1550,"column":8},"end":{"line":1552,"column":null}},"401":{"start":{"line":1551,"column":10},"end":{"line":1551,"column":71}},"402":{"start":{"line":1556,"column":4},"end":{"line":1556,"column":30}},"403":{"start":{"line":1558,"column":4},"end":{"line":1558,"column":25}},"404":{"start":{"line":1559,"column":4},"end":{"line":1559,"column":59}},"405":{"start":{"line":1561,"column":4},"end":{"line":1561,"column":18}},"406":{"start":{"line":1574,"column":22},"end":{"line":1574,"column":41}},"407":{"start":{"line":1576,"column":6},"end":{"line":1576,"column":25}},"408":{"start":{"line":1578,"column":4},"end":{"line":1578,"column":77}},"409":{"start":{"line":1578,"column":38},"end":{"line":1578,"column":77}},"410":{"start":{"line":1580,"column":4},"end":{"line":1587,"column":null}},"411":{"start":{"line":1581,"column":35},"end":{"line":1585,"column":8}},"412":{"start":{"line":1586,"column":6},"end":{"line":1586,"column":23}},"413":{"start":{"line":1589,"column":32},"end":{"line":1589,"column":46}},"414":{"start":{"line":1591,"column":30},"end":{"line":1591,"column":48}},"415":{"start":{"line":1595,"column":44},"end":{"line":1595,"column":57}},"416":{"start":{"line":1598,"column":6},"end":{"line":1600,"column":15}},"417":{"start":{"line":1602,"column":15},"end":{"line":1602,"column":16}},"418":{"start":{"line":1605,"column":4},"end":{"line":1607,"column":13}},"419":{"start":{"line":1613,"column":26},"end":{"line":1637,"column":5}},"420":{"start":{"line":1615,"column":6},"end":{"line":1623,"column":null}},"421":{"start":{"line":1616,"column":37},"end":{"line":1620,"column":10}},"422":{"start":{"line":1621,"column":8},"end":{"line":1621,"column":34}},"423":{"start":{"line":1622,"column":8},"end":{"line":1622,"column":25}},"424":{"start":{"line":1626,"column":6},"end":{"line":1636,"column":9}},"425":{"start":{"line":1628,"column":8},"end":{"line":1631,"column":null}},"426":{"start":{"line":1629,"column":10},"end":{"line":1629,"column":29}},"427":{"start":{"line":1630,"column":10},"end":{"line":1630,"column":59}},"428":{"start":{"line":1633,"column":8},"end":{"line":1635,"column":null}},"429":{"start":{"line":1634,"column":10},"end":{"line":1634,"column":29}},"430":{"start":{"line":1639,"column":4},"end":{"line":1639,"column":29}},"431":{"start":{"line":1647,"column":31},"end":{"line":1672,"column":5}},"432":{"start":{"line":1652,"column":6},"end":{"line":1660,"column":null}},"433":{"start":{"line":1653,"column":37},"end":{"line":1657,"column":10}},"434":{"start":{"line":1658,"column":8},"end":{"line":1658,"column":34}},"435":{"start":{"line":1659,"column":8},"end":{"line":1659,"column":25}},"436":{"start":{"line":1663,"column":6},"end":{"line":1671,"column":9}},"437":{"start":{"line":1665,"column":8},"end":{"line":1670,"column":null}},"438":{"start":{"line":1666,"column":10},"end":{"line":1669,"column":12}},"439":{"start":{"line":1674,"column":4},"end":{"line":1674,"column":34}},"440":{"start":{"line":1676,"column":4},"end":{"line":1676,"column":25}},"441":{"start":{"line":1677,"column":4},"end":{"line":1677,"column":59}},"442":{"start":{"line":1679,"column":4},"end":{"line":1679,"column":18}},"443":{"start":{"line":1694,"column":2},"end":{"line":1694,"column":55}},"444":{"start":{"line":1694,"column":45},"end":{"line":1694,"column":55}},"445":{"start":{"line":1695,"column":20},"end":{"line":1695,"column":23}},"446":{"start":{"line":1696,"column":21},"end":{"line":1696,"column":24}},"447":{"start":{"line":1697,"column":20},"end":{"line":1697,"column":23}},"448":{"start":{"line":1698,"column":21},"end":{"line":1698,"column":24}},"449":{"start":{"line":1700,"column":16},"end":{"line":1700,"column":18}},"450":{"start":{"line":1704,"column":2},"end":{"line":1710,"column":null}},"451":{"start":{"line":1705,"column":4},"end":{"line":1709,"column":21}},"452":{"start":{"line":1722,"column":19},"end":{"line":1722,"column":21}},"453":{"start":{"line":1724,"column":4},"end":{"line":1739,"column":null}},"454":{"start":{"line":1726,"column":6},"end":{"line":1728,"column":null}},"455":{"start":{"line":1727,"column":8},"end":{"line":1727,"column":30}},"456":{"start":{"line":1730,"column":6},"end":{"line":1738,"column":null}},"457":{"start":{"line":1731,"column":39},"end":{"line":1731,"column":65}},"458":{"start":{"line":1733,"column":29},"end":{"line":1733,"column":52}},"459":{"start":{"line":1734,"column":29},"end":{"line":1734,"column":47}},"460":{"start":{"line":1735,"column":8},"end":{"line":1737,"column":26}},"461":{"start":{"line":1741,"column":4},"end":{"line":1741,"column":20}},"462":{"start":{"line":1745,"column":20},"end":{"line":1745,"column":22}},"463":{"start":{"line":1746,"column":4},"end":{"line":1746,"column":34}},"464":{"start":{"line":1746,"column":24},"end":{"line":1746,"column":34}},"465":{"start":{"line":1748,"column":4},"end":{"line":1752,"column":7}},"466":{"start":{"line":1749,"column":6},"end":{"line":1751,"column":76}},"467":{"start":{"line":1755,"column":4},"end":{"line":1755,"column":68}},"468":{"start":{"line":1760,"column":4},"end":{"line":1760,"column":54}},"469":{"start":{"line":1764,"column":27},"end":{"line":1764,"column":65}},"470":{"start":{"line":1765,"column":2},"end":{"line":1765,"column":67}},"471":{"start":{"line":1775,"column":31},"end":{"line":1775,"column":33}},"472":{"start":{"line":1778,"column":2},"end":{"line":1783,"column":null}},"473":{"start":{"line":1779,"column":34},"end":{"line":1779,"column":67}},"474":{"start":{"line":1780,"column":4},"end":{"line":1782,"column":null}},"475":{"start":{"line":1781,"column":6},"end":{"line":1781,"column":28}},"476":{"start":{"line":1794,"column":33},"end":{"line":1794,"column":35}},"477":{"start":{"line":1796,"column":38},"end":{"line":1796,"column":40}},"478":{"start":{"line":1798,"column":4},"end":{"line":1821,"column":null}},"479":{"start":{"line":1800,"column":6},"end":{"line":1802,"column":null}},"480":{"start":{"line":1801,"column":8},"end":{"line":1801,"column":28}},"481":{"start":{"line":1804,"column":6},"end":{"line":1806,"column":null}},"482":{"start":{"line":1805,"column":8},"end":{"line":1805,"column":28}},"483":{"start":{"line":1809,"column":6},"end":{"line":1815,"column":null}},"484":{"start":{"line":1810,"column":38},"end":{"line":1810,"column":74}},"485":{"start":{"line":1812,"column":8},"end":{"line":1814,"column":null}},"486":{"start":{"line":1813,"column":10},"end":{"line":1813,"column":32}},"487":{"start":{"line":1818,"column":6},"end":{"line":1820,"column":null}},"488":{"start":{"line":1819,"column":8},"end":{"line":1819,"column":39}},"489":{"start":{"line":1823,"column":30},"end":{"line":1823,"column":56}},"490":{"start":{"line":1826,"column":4},"end":{"line":1828,"column":11}},"491":{"start":{"line":1830,"column":2},"end":{"line":1830,"column":16}},"492":{"start":{"line":1847,"column":39},"end":{"line":1847,"column":41}},"493":{"start":{"line":1851,"column":2},"end":{"line":1972,"column":null}},"494":{"start":{"line":1853,"column":40},"end":{"line":1858,"column":21}},"495":{"start":{"line":1859,"column":4},"end":{"line":1971,"column":null}},"496":{"start":{"line":1862,"column":6},"end":{"line":1903,"column":null}},"497":{"start":{"line":1868,"column":36},"end":{"line":1869,"column":null}},"498":{"start":{"line":1871,"column":37},"end":{"line":1872,"column":null}},"499":{"start":{"line":1874,"column":23},"end":{"line":1874,"column":27}},"500":{"start":{"line":1875,"column":8},"end":{"line":1877,"column":null}},"501":{"start":{"line":1875,"column":21},"end":{"line":1875,"column":22}},"502":{"start":{"line":1876,"column":10},"end":{"line":1876,"column":63}},"503":{"start":{"line":1876,"column":46},"end":{"line":1876,"column":63}},"504":{"start":{"line":1878,"column":8},"end":{"line":1898,"column":null}},"505":{"start":{"line":1879,"column":10},"end":{"line":1882,"column":12}},"506":{"start":{"line":1886,"column":30},"end":{"line":1886,"column":32}},"507":{"start":{"line":1887,"column":10},"end":{"line":1896,"column":null}},"508":{"start":{"line":1887,"column":23},"end":{"line":1887,"column":24}},"509":{"start":{"line":1889,"column":51},"end":{"line":1893,"column":null}},"510":{"start":{"line":1895,"column":12},"end":{"line":1895,"column":45}},"511":{"start":{"line":1897,"column":10},"end":{"line":1897,"column":44}},"512":{"start":{"line":1899,"column":13},"end":{"line":1903,"column":null}},"513":{"start":{"line":1900,"column":8},"end":{"line":1900,"column":49}},"514":{"start":{"line":1902,"column":8},"end":{"line":1902,"column":50}},"515":{"start":{"line":1905,"column":6},"end":{"line":1917,"column":null}},"516":{"start":{"line":1907,"column":8},"end":{"line":1910,"column":10}},"517":{"start":{"line":1913,"column":9},"end":{"line":1916,"column":10}},"518":{"start":{"line":1919,"column":6},"end":{"line":1970,"column":null}},"519":{"start":{"line":1921,"column":8},"end":{"line":1969,"column":null}},"520":{"start":{"line":1926,"column":48},"end":{"line":1926,"column":50}},"521":{"start":{"line":1927,"column":10},"end":{"line":1950,"column":null}},"522":{"start":{"line":1928,"column":12},"end":{"line":1949,"column":null}},"523":{"start":{"line":1932,"column":14},"end":{"line":1940,"column":16}},"524":{"start":{"line":1941,"column":19},"end":{"line":1949,"column":null}},"525":{"start":{"line":1942,"column":14},"end":{"line":1944,"column":27}},"526":{"start":{"line":1946,"column":14},"end":{"line":1948,"column":27}},"527":{"start":{"line":1953,"column":10},"end":{"line":1968,"column":null}},"528":{"start":{"line":1957,"column":12},"end":{"line":1960,"column":14}},"529":{"start":{"line":1964,"column":12},"end":{"line":1967,"column":14}},"530":{"start":{"line":1973,"column":2},"end":{"line":1973,"column":24}},"531":{"start":{"line":1991,"column":30},"end":{"line":1991,"column":32}},"532":{"start":{"line":1995,"column":27},"end":{"line":1995,"column":29}},"533":{"start":{"line":1998,"column":22},"end":{"line":1998,"column":24}},"534":{"start":{"line":2001,"column":26},"end":{"line":2001,"column":28}},"535":{"start":{"line":2005,"column":35},"end":{"line":2005,"column":37}},"536":{"start":{"line":2008,"column":51},"end":{"line":2008,"column":72}},"537":{"start":{"line":2019,"column":2},"end":{"line":2270,"column":5}},"538":{"start":{"line":2023,"column":6},"end":{"line":2029,"column":null}},"539":{"start":{"line":2024,"column":8},"end":{"line":2028,"column":null}},"540":{"start":{"line":2025,"column":10},"end":{"line":2025,"column":40}},"541":{"start":{"line":2027,"column":10},"end":{"line":2027,"column":23}},"542":{"start":{"line":2036,"column":6},"end":{"line":2036,"column":37}},"543":{"start":{"line":2037,"column":6},"end":{"line":2041,"column":null}},"544":{"start":{"line":2038,"column":8},"end":{"line":2038,"column":38}},"545":{"start":{"line":2040,"column":8},"end":{"line":2040,"column":21}},"546":{"start":{"line":2047,"column":6},"end":{"line":2047,"column":34}},"547":{"start":{"line":2050,"column":23},"end":{"line":2050,"column":38}},"548":{"start":{"line":2053,"column":6},"end":{"line":2053,"column":27}},"549":{"start":{"line":2055,"column":6},"end":{"line":2067,"column":null}},"550":{"start":{"line":2055,"column":19},"end":{"line":2055,"column":20}},"551":{"start":{"line":2059,"column":8},"end":{"line":2066,"column":null}},"552":{"start":{"line":2061,"column":10},"end":{"line":2065,"column":19}},"553":{"start":{"line":2075,"column":8},"end":{"line":2079,"column":null}},"554":{"start":{"line":2076,"column":10},"end":{"line":2076,"column":40}},"555":{"start":{"line":2078,"column":10},"end":{"line":2078,"column":23}},"556":{"start":{"line":2082,"column":37},"end":{"line":2082,"column":39}},"557":{"start":{"line":2086,"column":35},"end":{"line":2088,"column":10}},"558":{"start":{"line":2091,"column":8},"end":{"line":2143,"column":null}},"559":{"start":{"line":2092,"column":10},"end":{"line":2142,"column":13}},"560":{"start":{"line":2093,"column":24},"end":{"line":2093,"column":38}},"561":{"start":{"line":2096,"column":12},"end":{"line":2100,"column":null}},"562":{"start":{"line":2097,"column":14},"end":{"line":2097,"column":44}},"563":{"start":{"line":2099,"column":14},"end":{"line":2099,"column":27}},"564":{"start":{"line":2109,"column":12},"end":{"line":2117,"column":null}},"565":{"start":{"line":2114,"column":14},"end":{"line":2114,"column":44}},"566":{"start":{"line":2116,"column":14},"end":{"line":2116,"column":27}},"567":{"start":{"line":2121,"column":12},"end":{"line":2124,"column":null}},"568":{"start":{"line":2123,"column":14},"end":{"line":2123,"column":72}},"569":{"start":{"line":2128,"column":12},"end":{"line":2141,"column":null}},"570":{"start":{"line":2129,"column":14},"end":{"line":2129,"column":71}},"571":{"start":{"line":2130,"column":19},"end":{"line":2141,"column":null}},"572":{"start":{"line":2140,"column":14},"end":{"line":2140,"column":71}},"573":{"start":{"line":2148,"column":34},"end":{"line":2150,"column":27}},"574":{"start":{"line":2153,"column":8},"end":{"line":2153,"column":54}},"575":{"start":{"line":2156,"column":8},"end":{"line":2156,"column":62}},"576":{"start":{"line":2159,"column":8},"end":{"line":2159,"column":73}},"577":{"start":{"line":2167,"column":8},"end":{"line":2169,"column":10}},"578":{"start":{"line":2171,"column":8},"end":{"line":2171,"column":30}},"579":{"start":{"line":2177,"column":8},"end":{"line":2177,"column":20}},"580":{"start":{"line":2202,"column":8},"end":{"line":2261,"column":null}},"581":{"start":{"line":2207,"column":49},"end":{"line":2207,"column":51}},"582":{"start":{"line":2215,"column":25},"end":{"line":2215,"column":30}},"583":{"start":{"line":2216,"column":10},"end":{"line":2231,"column":null}},"584":{"start":{"line":2217,"column":12},"end":{"line":2217,"column":65}},"585":{"start":{"line":2217,"column":49},"end":{"line":2217,"column":65}},"586":{"start":{"line":2226,"column":12},"end":{"line":2230,"column":52}},"587":{"start":{"line":2230,"column":14},"end":{"line":2230,"column":52}},"588":{"start":{"line":2234,"column":10},"end":{"line":2244,"column":null}},"589":{"start":{"line":2241,"column":12},"end":{"line":2241,"column":35}},"590":{"start":{"line":2243,"column":12},"end":{"line":2243,"column":25}},"591":{"start":{"line":2248,"column":28},"end":{"line":2250,"column":null}},"592":{"start":{"line":2253,"column":10},"end":{"line":2260,"column":12}},"593":{"start":{"line":2256,"column":14},"end":{"line":2256,"column":79}},"594":{"start":{"line":2256,"column":46},"end":{"line":2256,"column":79}},"595":{"start":{"line":2257,"column":14},"end":{"line":2257,"column":48}},"596":{"start":{"line":2267,"column":8},"end":{"line":2267,"column":20}},"597":{"start":{"line":2271,"column":2},"end":{"line":2271,"column":41}},"598":{"start":{"line":2284,"column":2},"end":{"line":2284,"column":43}},"599":{"start":{"line":2284,"column":27},"end":{"line":2284,"column":43}},"600":{"start":{"line":2287,"column":2},"end":{"line":2305,"column":null}},"601":{"start":{"line":2290,"column":4},"end":{"line":2297,"column":null}},"602":{"start":{"line":2293,"column":6},"end":{"line":2296,"column":8}},"603":{"start":{"line":2301,"column":4},"end":{"line":2304,"column":null}},"604":{"start":{"line":2302,"column":6},"end":{"line":2302,"column":48}},"605":{"start":{"line":2303,"column":6},"end":{"line":2303,"column":27}},"606":{"start":{"line":2308,"column":2},"end":{"line":2308,"column":18}},"607":{"start":{"line":2319,"column":39},"end":{"line":2319,"column":41}},"608":{"start":{"line":2321,"column":61},"end":{"line":2323,"column":17}},"609":{"start":{"line":2326,"column":4},"end":{"line":2328,"column":26}},"610":{"start":{"line":2329,"column":2},"end":{"line":2341,"column":null}},"611":{"start":{"line":2333,"column":4},"end":{"line":2336,"column":null}},"612":{"start":{"line":2334,"column":6},"end":{"line":2334,"column":24}},"613":{"start":{"line":2335,"column":6},"end":{"line":2335,"column":65}},"614":{"start":{"line":2337,"column":4},"end":{"line":2339,"column":null}},"615":{"start":{"line":2338,"column":6},"end":{"line":2338,"column":54}},"616":{"start":{"line":2340,"column":4},"end":{"line":2340,"column":41}},"617":{"start":{"line":2342,"column":2},"end":{"line":2342,"column":21}},"618":{"start":{"line":2353,"column":33},"end":{"line":2353,"column":35}},"619":{"start":{"line":2355,"column":55},"end":{"line":2357,"column":17}},"620":{"start":{"line":2360,"column":4},"end":{"line":2360,"column":79}},"621":{"start":{"line":2361,"column":2},"end":{"line":2373,"column":null}},"622":{"start":{"line":2365,"column":4},"end":{"line":2368,"column":null}},"623":{"start":{"line":2366,"column":6},"end":{"line":2366,"column":24}},"624":{"start":{"line":2367,"column":6},"end":{"line":2367,"column":60}},"625":{"start":{"line":2369,"column":4},"end":{"line":2371,"column":null}},"626":{"start":{"line":2370,"column":6},"end":{"line":2370,"column":49}},"627":{"start":{"line":2372,"column":4},"end":{"line":2372,"column":35}},"628":{"start":{"line":2374,"column":2},"end":{"line":2374,"column":18}},"629":{"start":{"line":2386,"column":35},"end":{"line":2386,"column":37}},"630":{"start":{"line":2387,"column":47},"end":{"line":2387,"column":67}},"631":{"start":{"line":2388,"column":33},"end":{"line":2403,"column":4}},"632":{"start":{"line":2405,"column":22},"end":{"line":2407,"column":null}},"633":{"start":{"line":2407,"column":6},"end":{"line":2407,"column":null}},"634":{"start":{"line":2410,"column":2},"end":{"line":2423,"column":null}},"635":{"start":{"line":2411,"column":40},"end":{"line":2411,"column":42}},"636":{"start":{"line":2412,"column":17},"end":{"line":2412,"column":40}},"637":{"start":{"line":2413,"column":4},"end":{"line":2413,"column":56}},"638":{"start":{"line":2413,"column":38},"end":{"line":2413,"column":56}},"639":{"start":{"line":2414,"column":4},"end":{"line":2420,"column":null}},"640":{"start":{"line":2415,"column":26},"end":{"line":2415,"column":44}},"641":{"start":{"line":2416,"column":28},"end":{"line":2418,"column":33}},"642":{"start":{"line":2419,"column":6},"end":{"line":2419,"column":29}},"643":{"start":{"line":2422,"column":4},"end":{"line":2422,"column":32}},"644":{"start":{"line":2424,"column":2},"end":{"line":2424,"column":19}},"645":{"start":{"line":2756,"column":0},"end":{"line":2766,"column":2}}},"fnMap":{"0":{"name":"(anonymous_7)","decl":{"start":{"line":97,"column":2},"end":{"line":97,"column":14}},"loc":{"start":{"line":104,"column":23},"end":{"line":133,"column":3}}},"1":{"name":"(anonymous_8)","decl":{"start":{"line":130,"column":35},"end":{"line":130,"column":44}},"loc":{"start":{"line":130,"column":46},"end":{"line":132,"column":5}}},"2":{"name":"(anonymous_9)","decl":{"start":{"line":147,"column":8},"end":{"line":147,"column":19}},"loc":{"start":{"line":150,"column":22},"end":{"line":210,"column":null}}},"3":{"name":"(anonymous_11)","decl":{"start":{"line":183,"column":8},"end":{"line":183,"column":9}},"loc":{"start":{"line":183,"column":20},"end":{"line":183,"column":42}}},"4":{"name":"(anonymous_12)","decl":{"start":{"line":225,"column":8},"end":{"line":225,"column":13}},"loc":{"start":{"line":225,"column":61},"end":{"line":442,"column":null}}},"5":{"name":"(anonymous_14)","decl":{"start":{"line":258,"column":14},"end":{"line":258,"column":15}},"loc":{"start":{"line":258,"column":53},"end":{"line":261,"column":9}}},"6":{"name":"(anonymous_15)","decl":{"start":{"line":262,"column":15},"end":{"line":262,"column":16}},"loc":{"start":{"line":262,"column":38},"end":{"line":264,"column":9}}},"7":{"name":"(anonymous_16)","decl":{"start":{"line":272,"column":14},"end":{"line":272,"column":15}},"loc":{"start":{"line":272,"column":53},"end":{"line":275,"column":9}}},"8":{"name":"(anonymous_17)","decl":{"start":{"line":276,"column":15},"end":{"line":276,"column":16}},"loc":{"start":{"line":276,"column":38},"end":{"line":278,"column":9}}},"9":{"name":"(anonymous_18)","decl":{"start":{"line":293,"column":16},"end":{"line":293,"column":17}},"loc":{"start":{"line":293,"column":55},"end":{"line":297,"column":11}}},"10":{"name":"(anonymous_19)","decl":{"start":{"line":298,"column":17},"end":{"line":298,"column":18}},"loc":{"start":{"line":298,"column":40},"end":{"line":300,"column":11}}},"11":{"name":"(anonymous_20)","decl":{"start":{"line":333,"column":14},"end":{"line":333,"column":15}},"loc":{"start":{"line":333,"column":58},"end":{"line":347,"column":9}}},"12":{"name":"(anonymous_21)","decl":{"start":{"line":348,"column":15},"end":{"line":348,"column":16}},"loc":{"start":{"line":348,"column":38},"end":{"line":350,"column":9}}},"13":{"name":"(anonymous_22)","decl":{"start":{"line":390,"column":16},"end":{"line":390,"column":23}},"loc":{"start":{"line":390,"column":78},"end":{"line":429,"column":12}}},"14":{"name":"(anonymous_23)","decl":{"start":{"line":390,"column":78},"end":{"line":390,"column":null}},"loc":{"start":{"line":390,"column":78},"end":{"line":429,"column":11}}},"15":{"name":"(anonymous_24)","decl":{"start":{"line":430,"column":17},"end":{"line":430,"column":18}},"loc":{"start":{"line":430,"column":40},"end":{"line":432,"column":11}}},"16":{"name":"(anonymous_25)","decl":{"start":{"line":449,"column":8},"end":{"line":449,"column":20}},"loc":{"start":{"line":449,"column":32},"end":{"line":458,"column":null}}},"17":{"name":"(anonymous_27)","decl":{"start":{"line":470,"column":8},"end":{"line":470,"column":22}},"loc":{"start":{"line":475,"column":35},"end":{"line":694,"column":null}}},"18":{"name":"(anonymous_29)","decl":{"start":{"line":528,"column":39},"end":{"line":528,"column":40}},"loc":{"start":{"line":528,"column":71},"end":{"line":586,"column":13}}},"19":{"name":"(anonymous_30)","decl":{"start":{"line":561,"column":27},"end":{"line":561,"column":28}},"loc":{"start":{"line":561,"column":42},"end":{"line":561,"column":75}}},"20":{"name":"(anonymous_31)","decl":{"start":{"line":595,"column":41},"end":{"line":595,"column":42}},"loc":{"start":{"line":596,"column":18},"end":{"line":596,"column":67}}},"21":{"name":"(anonymous_32)","decl":{"start":{"line":610,"column":39},"end":{"line":610,"column":40}},"loc":{"start":{"line":611,"column":16},"end":{"line":611,"column":65}}},"22":{"name":"(anonymous_33)","decl":{"start":{"line":702,"column":8},"end":{"line":702,"column":25}},"loc":{"start":{"line":706,"column":20},"end":{"line":795,"column":null}}},"23":{"name":"(anonymous_35)","decl":{"start":{"line":803,"column":2},"end":{"line":803,"column":17}},"loc":{"start":{"line":803,"column":42},"end":{"line":808,"column":3}}},"24":{"name":"(anonymous_36)","decl":{"start":{"line":815,"column":2},"end":{"line":815,"column":14}},"loc":{"start":{"line":815,"column":67},"end":{"line":821,"column":3}}},"25":{"name":"(anonymous_37)","decl":{"start":{"line":830,"column":2},"end":{"line":830,"column":15}},"loc":{"start":{"line":830,"column":67},"end":{"line":847,"column":3}}},"26":{"name":"(anonymous_38)","decl":{"start":{"line":857,"column":8},"end":{"line":857,"column":29}},"loc":{"start":{"line":861,"column":51},"end":{"line":1072,"column":null}}},"27":{"name":"(anonymous_40)","decl":{"start":{"line":890,"column":36},"end":{"line":890,"column":null}},"loc":{"start":{"line":892,"column":8},"end":{"line":915,"column":6}}},"28":{"name":"(anonymous_41)","decl":{"start":{"line":892,"column":8},"end":{"line":892,"column":null}},"loc":{"start":{"line":892,"column":8},"end":{"line":915,"column":5}}},"29":{"name":"(anonymous_42)","decl":{"start":{"line":903,"column":36},"end":{"line":903,"column":37}},"loc":{"start":{"line":903,"column":57},"end":{"line":911,"column":11}}},"30":{"name":"(anonymous_43)","decl":{"start":{"line":921,"column":32},"end":{"line":921,"column":41}},"loc":{"start":{"line":921,"column":43},"end":{"line":971,"column":6}}},"31":{"name":"(anonymous_44)","decl":{"start":{"line":921,"column":43},"end":{"line":921,"column":null}},"loc":{"start":{"line":921,"column":43},"end":{"line":971,"column":5}}},"32":{"name":"(anonymous_45)","decl":{"start":{"line":977,"column":32},"end":{"line":977,"column":41}},"loc":{"start":{"line":977,"column":43},"end":{"line":1025,"column":6}}},"33":{"name":"(anonymous_46)","decl":{"start":{"line":977,"column":43},"end":{"line":977,"column":null}},"loc":{"start":{"line":977,"column":43},"end":{"line":1025,"column":5}}},"34":{"name":"(anonymous_47)","decl":{"start":{"line":991,"column":36},"end":{"line":991,"column":43}},"loc":{"start":{"line":991,"column":55},"end":{"line":1023,"column":10}}},"35":{"name":"(anonymous_48)","decl":{"start":{"line":991,"column":55},"end":{"line":991,"column":null}},"loc":{"start":{"line":991,"column":55},"end":{"line":1023,"column":9}}},"36":{"name":"(anonymous_49)","decl":{"start":{"line":1005,"column":14},"end":{"line":1005,"column":15}},"loc":{"start":{"line":1005,"column":32},"end":{"line":1016,"column":15}}},"37":{"name":"(anonymous_50)","decl":{"start":{"line":1078,"column":8},"end":{"line":1078,"column":23}},"loc":{"start":{"line":1078,"column":35},"end":{"line":1084,"column":null}}},"38":{"name":"(anonymous_52)","decl":{"start":{"line":1094,"column":2},"end":{"line":1094,"column":12}},"loc":{"start":{"line":1094,"column":60},"end":{"line":1098,"column":3}}},"39":{"name":"(anonymous_53)","decl":{"start":{"line":1115,"column":2},"end":{"line":1115,"column":14}},"loc":{"start":{"line":1120,"column":5},"end":{"line":1163,"column":3}}},"40":{"name":"(anonymous_54)","decl":{"start":{"line":1131,"column":23},"end":{"line":1131,"column":24}},"loc":{"start":{"line":1131,"column":58},"end":{"line":1138,"column":5}}},"41":{"name":"(anonymous_55)","decl":{"start":{"line":1171,"column":2},"end":{"line":1171,"column":19}},"loc":{"start":{"line":1171,"column":67},"end":{"line":1444,"column":3}}},"42":{"name":"(anonymous_56)","decl":{"start":{"line":1173,"column":23},"end":{"line":1173,"column":26}},"loc":{"start":{"line":1173,"column":28},"end":{"line":1438,"column":7}}},"43":{"name":"(anonymous_57)","decl":{"start":{"line":1177,"column":16},"end":{"line":1177,"column":17}},"loc":{"start":{"line":1177,"column":37},"end":{"line":1434,"column":11}}},"44":{"name":"(anonymous_58)","decl":{"start":{"line":1187,"column":26},"end":{"line":1187,"column":27}},"loc":{"start":{"line":1187,"column":36},"end":{"line":1187,"column":63}}},"45":{"name":"(anonymous_59)","decl":{"start":{"line":1194,"column":26},"end":{"line":1194,"column":27}},"loc":{"start":{"line":1194,"column":36},"end":{"line":1194,"column":64}}},"46":{"name":"(anonymous_60)","decl":{"start":{"line":1201,"column":26},"end":{"line":1201,"column":27}},"loc":{"start":{"line":1201,"column":36},"end":{"line":1201,"column":60}}},"47":{"name":"(anonymous_61)","decl":{"start":{"line":1208,"column":26},"end":{"line":1208,"column":27}},"loc":{"start":{"line":1208,"column":36},"end":{"line":1208,"column":52}}},"48":{"name":"(anonymous_62)","decl":{"start":{"line":1215,"column":26},"end":{"line":1215,"column":27}},"loc":{"start":{"line":1215,"column":36},"end":{"line":1215,"column":58}}},"49":{"name":"(anonymous_63)","decl":{"start":{"line":1229,"column":26},"end":{"line":1229,"column":27}},"loc":{"start":{"line":1229,"column":36},"end":{"line":1229,"column":67}}},"50":{"name":"(anonymous_64)","decl":{"start":{"line":1236,"column":26},"end":{"line":1236,"column":27}},"loc":{"start":{"line":1236,"column":36},"end":{"line":1236,"column":64}}},"51":{"name":"(anonymous_65)","decl":{"start":{"line":1250,"column":26},"end":{"line":1250,"column":27}},"loc":{"start":{"line":1250,"column":36},"end":{"line":1250,"column":61}}},"52":{"name":"(anonymous_66)","decl":{"start":{"line":1260,"column":26},"end":{"line":1260,"column":27}},"loc":{"start":{"line":1260,"column":36},"end":{"line":1260,"column":67}}},"53":{"name":"(anonymous_67)","decl":{"start":{"line":1267,"column":26},"end":{"line":1267,"column":27}},"loc":{"start":{"line":1267,"column":36},"end":{"line":1267,"column":69}}},"54":{"name":"(anonymous_68)","decl":{"start":{"line":1274,"column":26},"end":{"line":1274,"column":27}},"loc":{"start":{"line":1274,"column":36},"end":{"line":1274,"column":60}}},"55":{"name":"(anonymous_69)","decl":{"start":{"line":1288,"column":26},"end":{"line":1288,"column":27}},"loc":{"start":{"line":1288,"column":36},"end":{"line":1288,"column":65}}},"56":{"name":"(anonymous_70)","decl":{"start":{"line":1298,"column":26},"end":{"line":1298,"column":27}},"loc":{"start":{"line":1298,"column":36},"end":{"line":1298,"column":67}}},"57":{"name":"(anonymous_71)","decl":{"start":{"line":1305,"column":26},"end":{"line":1305,"column":27}},"loc":{"start":{"line":1305,"column":36},"end":{"line":1305,"column":72}}},"58":{"name":"(anonymous_72)","decl":{"start":{"line":1350,"column":26},"end":{"line":1350,"column":27}},"loc":{"start":{"line":1350,"column":36},"end":{"line":1350,"column":76}}},"59":{"name":"(anonymous_73)","decl":{"start":{"line":1357,"column":26},"end":{"line":1357,"column":27}},"loc":{"start":{"line":1357,"column":36},"end":{"line":1357,"column":74}}},"60":{"name":"(anonymous_74)","decl":{"start":{"line":1364,"column":26},"end":{"line":1364,"column":27}},"loc":{"start":{"line":1364,"column":36},"end":{"line":1364,"column":75}}},"61":{"name":"(anonymous_75)","decl":{"start":{"line":1399,"column":26},"end":{"line":1399,"column":27}},"loc":{"start":{"line":1399,"column":36},"end":{"line":1399,"column":69}}},"62":{"name":"(anonymous_76)","decl":{"start":{"line":1406,"column":26},"end":{"line":1406,"column":27}},"loc":{"start":{"line":1406,"column":36},"end":{"line":1406,"column":71}}},"63":{"name":"(anonymous_77)","decl":{"start":{"line":1413,"column":26},"end":{"line":1413,"column":27}},"loc":{"start":{"line":1413,"column":36},"end":{"line":1413,"column":74}}},"64":{"name":"(anonymous_78)","decl":{"start":{"line":1427,"column":26},"end":{"line":1427,"column":27}},"loc":{"start":{"line":1427,"column":36},"end":{"line":1427,"column":75}}},"65":{"name":"(anonymous_79)","decl":{"start":{"line":1435,"column":17},"end":{"line":1435,"column":18}},"loc":{"start":{"line":1435,"column":42},"end":{"line":1437,"column":11}}},"66":{"name":"(anonymous_80)","decl":{"start":{"line":1452,"column":2},"end":{"line":1452,"column":14}},"loc":{"start":{"line":1452,"column":62},"end":{"line":1462,"column":3}}},"67":{"name":"(anonymous_81)","decl":{"start":{"line":1455,"column":12},"end":{"line":1455,"column":13}},"loc":{"start":{"line":1455,"column":35},"end":{"line":1458,"column":7}}},"68":{"name":"(anonymous_82)","decl":{"start":{"line":1459,"column":13},"end":{"line":1459,"column":14}},"loc":{"start":{"line":1459,"column":38},"end":{"line":1461,"column":7}}},"69":{"name":"(anonymous_83)","decl":{"start":{"line":1470,"column":2},"end":{"line":1470,"column":16}},"loc":{"start":{"line":1470,"column":64},"end":{"line":1485,"column":3}}},"70":{"name":"(anonymous_84)","decl":{"start":{"line":1474,"column":14},"end":{"line":1474,"column":15}},"loc":{"start":{"line":1474,"column":46},"end":{"line":1477,"column":9}}},"71":{"name":"(anonymous_85)","decl":{"start":{"line":1478,"column":15},"end":{"line":1478,"column":16}},"loc":{"start":{"line":1478,"column":40},"end":{"line":1480,"column":9}}},"72":{"name":"(anonymous_86)","decl":{"start":{"line":1499,"column":2},"end":{"line":1499,"column":12}},"loc":{"start":{"line":1499,"column":60},"end":{"line":1562,"column":3}}},"73":{"name":"(anonymous_87)","decl":{"start":{"line":1536,"column":27},"end":{"line":1536,"column":28}},"loc":{"start":{"line":1536,"column":75},"end":{"line":1554,"column":5}}},"74":{"name":"(anonymous_88)","decl":{"start":{"line":1548,"column":33},"end":{"line":1548,"column":34}},"loc":{"start":{"line":1548,"column":41},"end":{"line":1553,"column":7}}},"75":{"name":"(anonymous_89)","decl":{"start":{"line":1572,"column":2},"end":{"line":1572,"column":11}},"loc":{"start":{"line":1572,"column":59},"end":{"line":1680,"column":3}}},"76":{"name":"(anonymous_90)","decl":{"start":{"line":1613,"column":26},"end":{"line":1613,"column":27}},"loc":{"start":{"line":1613,"column":56},"end":{"line":1637,"column":5}}},"77":{"name":"(anonymous_91)","decl":{"start":{"line":1626,"column":33},"end":{"line":1626,"column":34}},"loc":{"start":{"line":1626,"column":41},"end":{"line":1636,"column":7}}},"78":{"name":"(anonymous_92)","decl":{"start":{"line":1647,"column":31},"end":{"line":1647,"column":null}},"loc":{"start":{"line":1650,"column":14},"end":{"line":1672,"column":5}}},"79":{"name":"(anonymous_93)","decl":{"start":{"line":1663,"column":33},"end":{"line":1663,"column":34}},"loc":{"start":{"line":1663,"column":41},"end":{"line":1671,"column":7}}},"80":{"name":"createQueryStr","decl":{"start":{"line":1690,"column":9},"end":{"line":1690,"column":23}},"loc":{"start":{"line":1692,"column":23},"end":{"line":1766,"column":1}}},"81":{"name":"stringify","decl":{"start":{"line":1720,"column":11},"end":{"line":1720,"column":20}},"loc":{"start":{"line":1720,"column":40},"end":{"line":1742,"column":3}}},"82":{"name":"getArgs","decl":{"start":{"line":1744,"column":11},"end":{"line":1744,"column":18}},"loc":{"start":{"line":1744,"column":38},"end":{"line":1756,"column":3}}},"83":{"name":"(anonymous_97)","decl":{"start":{"line":1748,"column":39},"end":{"line":1748,"column":40}},"loc":{"start":{"line":1748,"column":47},"end":{"line":1752,"column":5}}},"84":{"name":"getAliasType","decl":{"start":{"line":1759,"column":11},"end":{"line":1759,"column":23}},"loc":{"start":{"line":1759,"column":43},"end":{"line":1761,"column":3}}},"85":{"name":"createQueryObj","decl":{"start":{"line":1774,"column":9},"end":{"line":1774,"column":23}},"loc":{"start":{"line":1774,"column":41},"end":{"line":1831,"column":1}}},"86":{"name":"reducer","decl":{"start":{"line":1792,"column":11},"end":{"line":1792,"column":18}},"loc":{"start":{"line":1792,"column":39},"end":{"line":1829,"column":3}}},"87":{"name":"joinResponses","decl":{"start":{"line":1841,"column":9},"end":{"line":1841,"column":22}},"loc":{"start":{"line":1845,"column":19},"end":{"line":1974,"column":1}}},"88":{"name":"parseAST","decl":{"start":{"line":1984,"column":9},"end":{"line":1984,"column":17}},"loc":{"start":{"line":1986,"column":52},"end":{"line":2272,"column":1}}},"89":{"name":"(anonymous_103)","decl":{"start":{"line":2021,"column":4},"end":{"line":2021,"column":9}},"loc":{"start":{"line":2021,"column":23},"end":{"line":2030,"column":5}}},"90":{"name":"(anonymous_104)","decl":{"start":{"line":2034,"column":4},"end":{"line":2034,"column":23}},"loc":{"start":{"line":2034,"column":53},"end":{"line":2042,"column":5}}},"91":{"name":"(anonymous_105)","decl":{"start":{"line":2045,"column":4},"end":{"line":2045,"column":22}},"loc":{"start":{"line":2045,"column":51},"end":{"line":2068,"column":5}}},"92":{"name":"(anonymous_106)","decl":{"start":{"line":2072,"column":6},"end":{"line":2072,"column":11}},"loc":{"start":{"line":2072,"column":27},"end":{"line":2172,"column":7}}},"93":{"name":"(anonymous_107)","decl":{"start":{"line":2092,"column":33},"end":{"line":2092,"column":34}},"loc":{"start":{"line":2092,"column":55},"end":{"line":2142,"column":11}}},"94":{"name":"(anonymous_108)","decl":{"start":{"line":2175,"column":6},"end":{"line":2175,"column":11}},"loc":{"start":{"line":2175,"column":11},"end":{"line":2178,"column":7}}},"95":{"name":"(anonymous_109)","decl":{"start":{"line":2185,"column":6},"end":{"line":2185,"column":11}},"loc":{"start":{"line":2192,"column":60},"end":{"line":2262,"column":7}}},"96":{"name":"(anonymous_110)","decl":{"start":{"line":2254,"column":12},"end":{"line":2254,"column":13}},"loc":{"start":{"line":2254,"column":78},"end":{"line":2258,"column":13}}},"97":{"name":"(anonymous_111)","decl":{"start":{"line":2265,"column":6},"end":{"line":2265,"column":11}},"loc":{"start":{"line":2265,"column":11},"end":{"line":2268,"column":7}}},"98":{"name":"updateProtoWithFragment","decl":{"start":{"line":2279,"column":9},"end":{"line":2279,"column":32}},"loc":{"start":{"line":2281,"column":18},"end":{"line":2309,"column":1}}},"99":{"name":"getMutationMap","decl":{"start":{"line":2318,"column":9},"end":{"line":2318,"column":23}},"loc":{"start":{"line":2318,"column":45},"end":{"line":2343,"column":1}}},"100":{"name":"getQueryMap","decl":{"start":{"line":2352,"column":9},"end":{"line":2352,"column":20}},"loc":{"start":{"line":2352,"column":42},"end":{"line":2375,"column":1}}},"101":{"name":"getFieldsMap","decl":{"start":{"line":2385,"column":9},"end":{"line":2385,"column":21}},"loc":{"start":{"line":2385,"column":43},"end":{"line":2425,"column":1}}},"102":{"name":"(anonymous_116)","decl":{"start":{"line":2406,"column":4},"end":{"line":2406,"column":5}},"loc":{"start":{"line":2406,"column":13},"end":{"line":2407,"column":null}}}},"branchMap":{"0":{"loc":{"start":{"line":99,"column":4},"end":{"line":99,"column":29}},"type":"default-arg","locations":[{"start":{"line":99,"column":22},"end":{"line":99,"column":29}}]},"1":{"loc":{"start":{"line":100,"column":4},"end":{"line":100,"column":38}},"type":"default-arg","locations":[{"start":{"line":100,"column":21},"end":{"line":100,"column":38}}]},"2":{"loc":{"start":{"line":154,"column":6},"end":{"line":154,"column":64}},"type":"cond-expr","locations":[{"start":{"line":154,"column":34},"end":{"line":154,"column":38}},{"start":{"line":154,"column":38},"end":{"line":154,"column":64}}]},"3":{"loc":{"start":{"line":154,"column":6},"end":{"line":154,"column":38}},"type":"binary-expr","locations":[{"start":{"line":154,"column":6},"end":{"line":154,"column":38}},{"start":{"line":154,"column":34},"end":{"line":154,"column":38}}]},"4":{"loc":{"start":{"line":154,"column":6},"end":{"line":154,"column":34}},"type":"cond-expr","locations":[{"start":{"line":154,"column":26},"end":{"line":154,"column":28}},{"start":{"line":154,"column":26},"end":{"line":154,"column":34}}]},"5":{"loc":{"start":{"line":154,"column":6},"end":{"line":154,"column":28}},"type":"binary-expr","locations":[{"start":{"line":154,"column":6},"end":{"line":154,"column":28}},{"start":{"line":154,"column":26},"end":{"line":154,"column":28}}]},"6":{"loc":{"start":{"line":163,"column":4},"end":{"line":168,"column":null}},"type":"if","locations":[{"start":{"line":163,"column":4},"end":{"line":168,"column":null}}]},"7":{"loc":{"start":{"line":188,"column":40},"end":{"line":188,"column":63}},"type":"cond-expr","locations":[{"start":{"line":188,"column":56},"end":{"line":188,"column":60}},{"start":{"line":188,"column":60},"end":{"line":188,"column":63}}]},"8":{"loc":{"start":{"line":188,"column":40},"end":{"line":188,"column":60}},"type":"binary-expr","locations":[{"start":{"line":188,"column":40},"end":{"line":188,"column":60}},{"start":{"line":188,"column":56},"end":{"line":188,"column":60}}]},"9":{"loc":{"start":{"line":192,"column":6},"end":{"line":197,"column":null}},"type":"if","locations":[{"start":{"line":192,"column":6},"end":{"line":197,"column":null}}]},"10":{"loc":{"start":{"line":227,"column":4},"end":{"line":229,"column":null}},"type":"if","locations":[{"start":{"line":227,"column":4},"end":{"line":229,"column":null}}]},"11":{"loc":{"start":{"line":236,"column":30},"end":{"line":238,"column":26}},"type":"cond-expr","locations":[{"start":{"line":237,"column":8},"end":{"line":237,"column":22}},{"start":{"line":238,"column":8},"end":{"line":238,"column":26}}]},"12":{"loc":{"start":{"line":247,"column":6},"end":{"line":247,"column":43}},"type":"cond-expr","locations":[{"start":{"line":247,"column":26},"end":{"line":247,"column":30}},{"start":{"line":247,"column":30},"end":{"line":247,"column":43}}]},"13":{"loc":{"start":{"line":247,"column":6},"end":{"line":247,"column":30}},"type":"binary-expr","locations":[{"start":{"line":247,"column":6},"end":{"line":247,"column":30}},{"start":{"line":247,"column":26},"end":{"line":247,"column":30}}]},"14":{"loc":{"start":{"line":256,"column":4},"end":{"line":441,"column":null}},"type":"if","locations":[{"start":{"line":256,"column":4},"end":{"line":441,"column":null}},{"start":{"line":270,"column":11},"end":{"line":441,"column":null}}]},"15":{"loc":{"start":{"line":270,"column":11},"end":{"line":441,"column":null}},"type":"if","locations":[{"start":{"line":270,"column":11},"end":{"line":441,"column":null}},{"start":{"line":305,"column":11},"end":{"line":441,"column":null}}]},"16":{"loc":{"start":{"line":286,"column":6},"end":{"line":301,"column":null}},"type":"if","locations":[{"start":{"line":286,"column":6},"end":{"line":301,"column":null}},{"start":{"line":290,"column":13},"end":{"line":301,"column":null}}]},"17":{"loc":{"start":{"line":305,"column":11},"end":{"line":441,"column":null}},"type":"if","locations":[{"start":{"line":305,"column":11},"end":{"line":441,"column":null}},{"start":{"line":351,"column":11},"end":{"line":441,"column":null}}]},"18":{"loc":{"start":{"line":322,"column":8},"end":{"line":327,"column":null}},"type":"if","locations":[{"start":{"line":322,"column":8},"end":{"line":327,"column":null}}]},"19":{"loc":{"start":{"line":338,"column":10},"end":{"line":345,"column":null}},"type":"if","locations":[{"start":{"line":338,"column":10},"end":{"line":345,"column":null}}]},"20":{"loc":{"start":{"line":357,"column":8},"end":{"line":359,"column":17}},"type":"cond-expr","locations":[{"start":{"line":358,"column":12},"end":{"line":358,"column":49}},{"start":{"line":359,"column":12},"end":{"line":359,"column":17}}]},"21":{"loc":{"start":{"line":380,"column":6},"end":{"line":440,"column":null}},"type":"if","locations":[{"start":{"line":380,"column":6},"end":{"line":440,"column":null}},{"start":{"line":433,"column":13},"end":{"line":440,"column":null}}]},"22":{"loc":{"start":{"line":400,"column":14},"end":{"line":402,"column":null}},"type":"if","locations":[{"start":{"line":400,"column":14},"end":{"line":402,"column":null}}]},"23":{"loc":{"start":{"line":408,"column":29},"end":{"line":414,"column":32}},"type":"cond-expr","locations":[{"start":{"line":409,"column":16},"end":{"line":412,"column":null}},{"start":{"line":414,"column":16},"end":{"line":414,"column":32}}]},"24":{"loc":{"start":{"line":451,"column":6},"end":{"line":451,"column":63}},"type":"if","locations":[{"start":{"line":451,"column":6},"end":{"line":451,"column":63}}]},"25":{"loc":{"start":{"line":451,"column":10},"end":{"line":451,"column":54}},"type":"binary-expr","locations":[{"start":{"line":451,"column":10},"end":{"line":451,"column":33}},{"start":{"line":451,"column":37},"end":{"line":451,"column":54}}]},"26":{"loc":{"start":{"line":473,"column":4},"end":{"line":473,"column":41}},"type":"default-arg","locations":[{"start":{"line":473,"column":39},"end":{"line":473,"column":41}}]},"27":{"loc":{"start":{"line":474,"column":4},"end":{"line":474,"column":19}},"type":"default-arg","locations":[{"start":{"line":474,"column":15},"end":{"line":474,"column":19}}]},"28":{"loc":{"start":{"line":475,"column":4},"end":{"line":475,"column":35}},"type":"default-arg","locations":[{"start":{"line":475,"column":30},"end":{"line":475,"column":35}}]},"29":{"loc":{"start":{"line":479,"column":6},"end":{"line":513,"column":null}},"type":"if","locations":[{"start":{"line":479,"column":6},"end":{"line":513,"column":null}}]},"30":{"loc":{"start":{"line":484,"column":8},"end":{"line":486,"column":null}},"type":"if","locations":[{"start":{"line":484,"column":8},"end":{"line":486,"column":null}}]},"31":{"loc":{"start":{"line":489,"column":8},"end":{"line":495,"column":null}},"type":"if","locations":[{"start":{"line":489,"column":8},"end":{"line":495,"column":null}},{"start":{"line":491,"column":15},"end":{"line":495,"column":null}}]},"32":{"loc":{"start":{"line":489,"column":12},"end":{"line":489,"column":56}},"type":"cond-expr","locations":[{"start":{"line":489,"column":48},"end":{"line":489,"column":50}},{"start":{"line":489,"column":48},"end":{"line":489,"column":56}}]},"33":{"loc":{"start":{"line":489,"column":12},"end":{"line":489,"column":50}},"type":"binary-expr","locations":[{"start":{"line":489,"column":12},"end":{"line":489,"column":50}},{"start":{"line":489,"column":48},"end":{"line":489,"column":50}}]},"34":{"loc":{"start":{"line":493,"column":12},"end":{"line":493,"column":66}},"type":"cond-expr","locations":[{"start":{"line":493,"column":48},"end":{"line":493,"column":50}},{"start":{"line":493,"column":48},"end":{"line":493,"column":66}}]},"35":{"loc":{"start":{"line":493,"column":12},"end":{"line":493,"column":50}},"type":"binary-expr","locations":[{"start":{"line":493,"column":12},"end":{"line":493,"column":50}},{"start":{"line":493,"column":48},"end":{"line":493,"column":50}}]},"36":{"loc":{"start":{"line":497,"column":8},"end":{"line":499,"column":null}},"type":"if","locations":[{"start":{"line":497,"column":8},"end":{"line":499,"column":null}}]},"37":{"loc":{"start":{"line":497,"column":12},"end":{"line":497,"column":77}},"type":"binary-expr","locations":[{"start":{"line":497,"column":12},"end":{"line":497,"column":38}},{"start":{"line":497,"column":42},"end":{"line":497,"column":77}}]},"38":{"loc":{"start":{"line":503,"column":8},"end":{"line":508,"column":null}},"type":"if","locations":[{"start":{"line":503,"column":8},"end":{"line":508,"column":null}}]},"39":{"loc":{"start":{"line":504,"column":10},"end":{"line":505,"column":49}},"type":"binary-expr","locations":[{"start":{"line":504,"column":10},"end":{"line":504,"column":36}},{"start":{"line":505,"column":10},"end":{"line":505,"column":49}}]},"40":{"loc":{"start":{"line":512,"column":33},"end":{"line":512,"column":79}},"type":"cond-expr","locations":[{"start":{"line":512,"column":49},"end":{"line":512,"column":74}},{"start":{"line":512,"column":77},"end":{"line":512,"column":79}}]},"41":{"loc":{"start":{"line":516,"column":6},"end":{"line":690,"column":null}},"type":"if","locations":[{"start":{"line":516,"column":6},"end":{"line":690,"column":null}},{"start":{"line":622,"column":11},"end":{"line":690,"column":null}}]},"42":{"loc":{"start":{"line":522,"column":10},"end":{"line":616,"column":null}},"type":"if","locations":[{"start":{"line":522,"column":10},"end":{"line":616,"column":null}}]},"43":{"loc":{"start":{"line":531,"column":14},"end":{"line":585,"column":null}},"type":"if","locations":[{"start":{"line":531,"column":14},"end":{"line":585,"column":null}},{"start":{"line":575,"column":19},"end":{"line":585,"column":null}}]},"44":{"loc":{"start":{"line":537,"column":18},"end":{"line":570,"column":null}},"type":"if","locations":[{"start":{"line":537,"column":18},"end":{"line":570,"column":null}},{"start":{"line":547,"column":23},"end":{"line":570,"column":null}}]},"45":{"loc":{"start":{"line":538,"column":20},"end":{"line":542,"column":44}},"type":"binary-expr","locations":[{"start":{"line":538,"column":20},"end":{"line":540,"column":null}},{"start":{"line":542,"column":20},"end":{"line":542,"column":44}}]},"46":{"loc":{"start":{"line":547,"column":23},"end":{"line":570,"column":null}},"type":"if","locations":[{"start":{"line":547,"column":23},"end":{"line":570,"column":null}},{"start":{"line":564,"column":23},"end":{"line":570,"column":null}}]},"47":{"loc":{"start":{"line":548,"column":20},"end":{"line":550,"column":30}},"type":"binary-expr","locations":[{"start":{"line":548,"column":20},"end":{"line":548,"column":44}},{"start":{"line":549,"column":20},"end":{"line":550,"column":30}}]},"48":{"loc":{"start":{"line":564,"column":23},"end":{"line":570,"column":null}},"type":"if","locations":[{"start":{"line":564,"column":23},"end":{"line":570,"column":null}}]},"49":{"loc":{"start":{"line":565,"column":20},"end":{"line":567,"column":30}},"type":"binary-expr","locations":[{"start":{"line":565,"column":20},"end":{"line":565,"column":44}},{"start":{"line":566,"column":20},"end":{"line":567,"column":30}}]},"50":{"loc":{"start":{"line":577,"column":18},"end":{"line":583,"column":null}},"type":"if","locations":[{"start":{"line":577,"column":18},"end":{"line":583,"column":null}}]},"51":{"loc":{"start":{"line":578,"column":20},"end":{"line":580,"column":30}},"type":"binary-expr","locations":[{"start":{"line":578,"column":20},"end":{"line":578,"column":44}},{"start":{"line":579,"column":20},"end":{"line":580,"column":30}}]},"52":{"loc":{"start":{"line":592,"column":12},"end":{"line":602,"column":null}},"type":"if","locations":[{"start":{"line":592,"column":12},"end":{"line":602,"column":null}}]},"53":{"loc":{"start":{"line":592,"column":16},"end":{"line":592,"column":60}},"type":"binary-expr","locations":[{"start":{"line":592,"column":16},"end":{"line":592,"column":23}},{"start":{"line":592,"column":27},"end":{"line":592,"column":60}}]},"54":{"loc":{"start":{"line":622,"column":11},"end":{"line":690,"column":null}},"type":"if","locations":[{"start":{"line":622,"column":11},"end":{"line":690,"column":null}},{"start":{"line":654,"column":11},"end":{"line":690,"column":null}}]},"55":{"loc":{"start":{"line":624,"column":8},"end":{"line":632,"column":null}},"type":"if","locations":[{"start":{"line":624,"column":8},"end":{"line":632,"column":null}}]},"56":{"loc":{"start":{"line":625,"column":10},"end":{"line":629,"column":27}},"type":"binary-expr","locations":[{"start":{"line":625,"column":11},"end":{"line":625,"column":33}},{"start":{"line":626,"column":12},"end":{"line":626,"column":73}},{"start":{"line":627,"column":10},"end":{"line":627,"column":48}},{"start":{"line":628,"column":10},"end":{"line":628,"column":33}},{"start":{"line":629,"column":10},"end":{"line":629,"column":27}}]},"57":{"loc":{"start":{"line":634,"column":8},"end":{"line":651,"column":null}},"type":"if","locations":[{"start":{"line":634,"column":8},"end":{"line":651,"column":null}}]},"58":{"loc":{"start":{"line":635,"column":10},"end":{"line":638,"column":48}},"type":"binary-expr","locations":[{"start":{"line":635,"column":10},"end":{"line":635,"column":50}},{"start":{"line":636,"column":10},"end":{"line":636,"column":43}},{"start":{"line":637,"column":10},"end":{"line":637,"column":33}},{"start":{"line":638,"column":10},"end":{"line":638,"column":48}}]},"59":{"loc":{"start":{"line":644,"column":10},"end":{"line":644,"column":80}},"type":"if","locations":[{"start":{"line":644,"column":10},"end":{"line":644,"column":80}}]},"60":{"loc":{"start":{"line":657,"column":10},"end":{"line":667,"column":null}},"type":"if","locations":[{"start":{"line":657,"column":10},"end":{"line":667,"column":null}}]},"61":{"loc":{"start":{"line":658,"column":12},"end":{"line":664,"column":75}},"type":"binary-expr","locations":[{"start":{"line":658,"column":12},"end":{"line":658,"column":34}},{"start":{"line":659,"column":12},"end":{"line":661,"column":null}},{"start":{"line":663,"column":12},"end":{"line":663,"column":33}},{"start":{"line":664,"column":12},"end":{"line":664,"column":75}}]},"62":{"loc":{"start":{"line":670,"column":10},"end":{"line":688,"column":null}},"type":"if","locations":[{"start":{"line":670,"column":10},"end":{"line":688,"column":null}},{"start":{"line":682,"column":15},"end":{"line":688,"column":null}}]},"63":{"loc":{"start":{"line":671,"column":12},"end":{"line":672,"column":75}},"type":"binary-expr","locations":[{"start":{"line":671,"column":12},"end":{"line":671,"column":33}},{"start":{"line":672,"column":12},"end":{"li
[...]
}},"36":{"start":{"line":220,"column":23},"end":{"line":220,"column":40}},"37":{"start":{"line":222,"column":24},"end":{"line":225,"column":9}},"38":{"start":{"line":226,"column":8},"end":{"line":226,"column":31}},"39":{"start":{"line":237,"column":28},"end":{"line":240,"column":9}},"40":{"start":{"line":241,"column":8},"end":{"line":241,"column":35}},"41":{"start":{"line":251,"column":29},"end":{"line":254,"column":9}},"42":{"start":{"line":255,"column":8},"end":{"line":255,"column":36}},"43":{"start":{"line":263,"column":24},"end":{"line":263,"column":60}},"44":{"start":{"line":264,"column":8},"end":{"line":264,"column":23}},"45":{"start":{"line":271,"column":25},"end":{"line":271,"column":62}},"46":{"start":{"line":272,"column":8},"end":{"line":274,"column":9}},"47":{"start":{"line":273,"column":10},"end":{"line":273,"column":50}},"48":{"start":{"line":281,"column":0},"end":{"line":285,"column":3}}},"fnMap":{"0":{"name":"(anonymous_0)","decl":{"start":{"line":29,"column":10},"end":{"line":29,"column":11}},"loc":{"start":{"line":29,"column":17},"end":{"line":44,"column":3}},"line":29},"1":{"name":"(anonymous_1)","decl":{"start":{"line":34,"column":6},"end":{"line":34,"column":7}},"loc":{"start":{"line":34,"column":34},"end":{"line":42,"column":7}},"line":34},"2":{"name":"(anonymous_2)","decl":{"start":{"line":49,"column":10},"end":{"line":49,"column":11}},"loc":{"start":{"line":49,"column":17},"end":{"line":54,"column":3}},"line":49},"3":{"name":"(anonymous_3)","decl":{"start":{"line":59,"column":10},"end":{"line":59,"column":11}},"loc":{"start":{"line":59,"column":17},"end":{"line":74,"column":3}},"line":59},"4":{"name":"(anonymous_4)","decl":{"start":{"line":65,"column":6},"end":{"line":65,"column":7}},"loc":{"start":{"line":65,"column":34},"end":{"line":72,"column":7}},"line":65},"5":{"name":"(anonymous_5)","decl":{"start":{"line":79,"column":10},"end":{"line":79,"column":11}},"loc":{"start":{"line":79,"column":17},"end":{"line":84,"column":3}},"line":79},"6":{"name":"(anonymous_6)","decl":{"start":{"line":100,"column":6},"end":{"line":100,"column":7}},"loc":{"start":{"line":100,"column":34},"end":{"line":108,"column":7}},"line":100},"7":{"name":"(anonymous_7)","decl":{"start":{"line":113,"column":6},"end":{"line":113,"column":7}},"loc":{"start":{"line":113,"column":34},"end":{"line":119,"column":7}},"line":113},"8":{"name":"(anonymous_8)","decl":{"start":{"line":125,"column":6},"end":{"line":125,"column":7}},"loc":{"start":{"line":125,"column":34},"end":{"line":133,"column":7}},"line":125},"9":{"name":"(anonymous_9)","decl":{"start":{"line":139,"column":6},"end":{"line":139,"column":7}},"loc":{"start":{"line":139,"column":34},"end":{"line":147,"column":7}},"line":139},"10":{"name":"(anonymous_10)","decl":{"start":{"line":152,"column":6},"end":{"line":152,"column":7}},"loc":{"start":{"line":152,"column":34},"end":{"line":157,"column":7}},"line":152},"11":{"name":"(anonymous_11)","decl":{"start":{"line":162,"column":6},"end":{"line":162,"column":7}},"loc":{"start":{"line":162,"column":34},"end":{"line":165,"column":7}},"line":162},"12":{"name":"(anonymous_12)","decl":{"start":{"line":171,"column":6},"end":{"line":171,"column":7}},"loc":{"start":{"line":171,"column":34},"end":{"line":176,"column":7}},"line":171},"13":{"name":"(anonymous_13)","decl":{"start":{"line":181,"column":6},"end":{"line":181,"column":7}},"loc":{"start":{"line":181,"column":34},"end":{"line":186,"column":7}},"line":181},"14":{"name":"(anonymous_14)","decl":{"start":{"line":192,"column":6},"end":{"line":192,"column":7}},"loc":{"start":{"line":192,"column":34},"end":{"line":199,"column":7}},"line":192},"15":{"name":"(anonymous_15)","decl":{"start":{"line":219,"column":6},"end":{"line":219,"column":7}},"loc":{"start":{"line":219,"column":34},"end":{"line":227,"column":7}},"line":219},"16":{"name":"(anonymous_16)","decl":{"start":{"line":236,"column":6},"end":{"line":236,"column":7}},"loc":{"start":{"line":236,"column":34},"end":{"line":242,"column":7}},"line":236},"17":{"name":"(anonymous_17)","decl":{"start":{"line":250,"column":6},"end":{"line":250,"column":7}},"loc":{"start":{"line":250,"column":34},"end":{"line":256,"column":7}},"line":250},"18":{"name":"(anonymous_18)","decl":{"start":{"line":262,"column":6},"end":{"line":262,"column":7}},"loc":{"start":{"line":262,"column":34},"end":{"line":265,"column":7}},"line":262},"19":{"name":"(anonymous_19)","decl":{"start":{"line":270,"column":6},"end":{"line":270,"column":7}},"loc":{"start":{"line":270,"column":34},"end":{"line":275,"column":7}},"line":270}},"branchMap":{"0":{"loc":{"start":{"line":5,"column":2},"end":{"line":7,"column":15}},"type":"cond-expr","locations":[{"start":{"line":6,"column":6},"end":{"line":6,"column":50}},{"start":{"line":7,"column":6},"end":{"line":7,"column":15}}],"line":5},"1":{"loc":{"start":{"line":220,"column":23},"end":{"line":220,"column":40}},"type":"binary-expr","locations":[{"start":{"line":220,"column":23},"end":{"line":220,"column":34}},{"start":{"line":220,"column":38},"end":{"line":220,"column":40}}],"line":220},"2":{"loc":{"start":{"line":272,"column":8},"end":{"line":274,"column":9}},"type":"if","locations":[{"start":{"line":272,"column":8},"end":{"line":274,"column":9}},{"start":{},"end":{}}],"line":272}},"s":{"0":3,"1":3,"2":3,"3":3,"4":3,"5":3,"6":0,"7":0,"8":3,"9":3,"10":3,"11":3,"12":0,"13":0,"14":3,"15":3,"16":3,"17":0,"18":0,"19":0,"20":0,"21":0,"22":0,"23":0,"24":0,"25":0,"26":0,"27":0,"28":0,"29":0,"30":0,"31":0,"32":0,"33":0,"34":0,"35":3,"36":0,"37":0,"38":0,"39":0,"40":0,"41":0,"42":0,"43":0,"44":0,"45":0,"46":0,"47":0,"48":3},"f":{"0":3,"1":0,"2":3,"3":3,"4":0,"5":3,"6":0,"7":0,"8":0,"9":0,"10":0,"11":0,"12":0,"13":0,"14":0,"15":0,"16":0,"17":0,"18":0,"19":0},"b":{"0":[0,3],"1":[0,0],"2":[0,0]},"inputSourceMap":null,"_coverageSchema":"1a1c01bbd47fc00a2c39e90264f33305004495a9","hash":"7da0f2a88219db9c01601c848c32c3834f1829d1"}
,"/Users/angelo/Desktop/Codesmith/Quell-7.0/quell-server/test-config/testSchemaWithoutFields.js": {"path":"/Users/angelo/Desktop/Codesmith/Quell-7.0/quell-server/test-config/testSchemaWithoutFields.js","statementMap":{"0":{"start":{"line":1,"column":11},"end":{"line":1,"column":38}},"1":{"start":{"line":2,"column":16},"end":{"line":2,"column":39}},"2":{"start":{"line":5,"column":2},"end":{"line":7,"column":15}},"3":{"start":{"line":17,"column":4},"end":{"line":17,"column":30}},"4":{"start":{"line":27,"column":22},"end":{"line":30,"column":2}},"5":{"start":{"line":29,"column":17},"end":{"line":29,"column":19}},"6":{"start":{"line":32,"column":17},"end":{"line":35,"column":2}},"7":{"start":{"line":34,"column":17},"end":{"line":34,"column":19}},"8":{"start":{"line":37,"column":20},"end":{"line":40,"column":2}},"9":{"start":{"line":39,"column":17},"end":{"line":39,"column":19}},"10":{"start":{"line":42,"column":17},"end":{"line":45,"column":2}},"11":{"start":{"line":44,"column":17},"end":{"line":44,"column":19}},"12":{"start":{"line":53,"column":18},"end":{"line":56,"column":2}},"13":{"start":{"line":62,"column":21},"end":{"line":65,"column":2}},"14":{"start":{"line":68,"column":0},"end":{"line":72,"column":3}}},"fnMap":{"0":{"name":"(anonymous_0)","decl":{"start":{"line":29,"column":10},"end":{"line":29,"column":11}},"loc":{"start":{"line":29,"column":17},"end":{"line":29,"column":19}},"line":29},"1":{"name":"(anonymous_1)","decl":{"start":{"line":34,"column":10},"end":{"line":34,"column":11}},"loc":{"start":{"line":34,"column":17},"end":{"line":34,"column":19}},"line":34},"2":{"name":"(anonymous_2)","decl":{"start":{"line":39,"column":10},"end":{"line":39,"column":11}},"loc":{"start":{"line":39,"column":17},"end":{"line":39,"column":19}},"line":39},"3":{"name":"(anonymous_3)","decl":{"start":{"line":44,"column":10},"end":{"line":44,"column":11}},"loc":{"start":{"line":44,"column":17},"end":{"line":44,"column":19}},"line":44}},"branchMap":{"0":{"loc":{"start":{"line":5,"column":2},"end":{"line":7,"column":15}},"type":"cond-expr","locations":[{"start":{"line":6,"column":6},"end":{"line":6,"column":50}},{"start":{"line":7,"column":6},"end":{"line":7,"column":15}}],"line":5}},"s":{"0":1,"1":1,"2":1,"3":1,"4":1,"5":1,"6":1,"7":1,"8":1,"9":1,"10":1,"11":1,"12":1,"13":1,"14":1},"f":{"0":1,"1":1,"2":1,"3":1},"b":{"0":[0,1]},"inputSourceMap":null,"_coverageSchema":"1a1c01bbd47fc00a2c39e90264f33305004495a9","hash":"7a3c97715834633b00fca71e7ce059a393d7b7b7"}
,"/Users/angelo/Desktop/Codesmith/Quell-7.0/quell-server/test-config/testSchemaWithoutMuts.js": {"path":"/Users/angelo/Desktop/Codesmith/Quell-7.0/quell-server/test-config/testSchemaWithoutMuts.js","statementMap":{"0":{"start":{"line":1,"column":11},"end":{"line":1,"column":38}},"1":{"start":{"line":2,"column":16},"end":{"line":2,"column":39}},"2":{"start":{"line":5,"column":2},"end":{"line":7,"column":15}},"3":{"start":{"line":17,"column":4},"end":{"line":17,"column":30}},"4":{"start":{"line":27,"column":22},"end":{"line":45,"column":2}},"5":{"start":{"line":29,"column":17},"end":{"line":44,"column":3}},"6":{"start":{"line":35,"column":26},"end":{"line":39,"column":9}},"7":{"start":{"line":41,"column":8},"end":{"line":41,"column":30}},"8":{"start":{"line":47,"column":17},"end":{"line":55,"column":2}},"9":{"start":{"line":49,"column":17},"end":{"line":54,"column":3}},"10":{"start":{"line":57,"column":20},"end":{"line":75,"column":2}},"11":{"start":{"line":59,"column":17},"end":{"line":74,"column":3}},"12":{"start":{"line":66,"column":27},"end":{"line":69,"column":9}},"13":{"start":{"line":71,"column":8},"end":{"line":71,"column":31}},"14":{"start":{"line":77,"column":17},"end":{"line":85,"column":2}},"15":{"start":{"line":79,"column":17},"end":{"line":84,"column":3}},"16":{"start":{"line":93,"column":18},"end":{"line":202,"column":2}},"17":{"start":{"line":101,"column":24},"end":{"line":105,"column":9}},"18":{"start":{"line":107,"column":8},"end":{"line":107,"column":31}},"19":{"start":{"line":114,"column":32},"end":{"line":116,"column":12}},"20":{"start":{"line":118,"column":8},"end":{"line":118,"column":36}},"21":{"start":{"line":126,"column":27},"end":{"line":130,"column":9}},"22":{"start":{"line":132,"column":8},"end":{"line":132,"column":31}},"23":{"start":{"line":140,"column":21},"end":{"line":144,"column":9}},"24":{"start":{"line":146,"column":8},"end":{"line":146,"column":28}},"25":{"start":{"line":153,"column":27},"end":{"line":154,"column":32}},"26":{"start":{"line":156,"column":8},"end":{"line":156,"column":31}},"27":{"start":{"line":163,"column":22},"end":{"line":163,"column":64}},"28":{"start":{"line":164,"column":8},"end":{"line":164,"column":26}},"29":{"start":{"line":172,"column":21},"end":{"line":174,"column":10}},"30":{"start":{"line":175,"column":8},"end":{"line":175,"column":28}},"31":{"start":{"line":182,"column":28},"end":{"line":183,"column":37}},"32":{"start":{"line":185,"column":8},"end":{"line":185,"column":32}},"33":{"start":{"line":193,"column":26},"end":{"line":196,"column":9}},"34":{"start":{"line":198,"column":8},"end":{"line":198,"column":33}},"35":{"start":{"line":205,"column":0},"end":{"line":208,"column":3}}},"fnMap":{"0":{"name":"(anonymous_0)","decl":{"start":{"line":29,"column":10},"end":{"line":29,"column":11}},"loc":{"start":{"line":29,"column":17},"end":{"line":44,"column":3}},"line":29},"1":{"name":"(anonymous_1)","decl":{"start":{"line":34,"column":6},"end":{"line":34,"column":7}},"loc":{"start":{"line":34,"column":34},"end":{"line":42,"column":7}},"line":34},"2":{"name":"(anonymous_2)","decl":{"start":{"line":49,"column":10},"end":{"line":49,"column":11}},"loc":{"start":{"line":49,"column":17},"end":{"line":54,"column":3}},"line":49},"3":{"name":"(anonymous_3)","decl":{"start":{"line":59,"column":10},"end":{"line":59,"column":11}},"loc":{"start":{"line":59,"column":17},"end":{"line":74,"column":3}},"line":59},"4":{"name":"(anonymous_4)","decl":{"start":{"line":65,"column":6},"end":{"line":65,"column":7}},"loc":{"start":{"line":65,"column":34},"end":{"line":72,"column":7}},"line":65},"5":{"name":"(anonymous_5)","decl":{"start":{"line":79,"column":10},"end":{"line":79,"column":11}},"loc":{"start":{"line":79,"column":17},"end":{"line":84,"column":3}},"line":79},"6":{"name":"(anonymous_6)","decl":{"start":{"line":100,"column":6},"end":{"line":100,"column":7}},"loc":{"start":{"line":100,"column":34},"end":{"line":108,"column":7}},"line":100},"7":{"name":"(anonymous_7)","decl":{"start":{"line":113,"column":6},"end":{"line":113,"column":7}},"loc":{"start":{"line":113,"column":34},"end":{"line":119,"column":7}},"line":113},"8":{"name":"(anonymous_8)","decl":{"start":{"line":125,"column":6},"end":{"line":125,"column":7}},"loc":{"start":{"line":125,"column":34},"end":{"line":133,"column":7}},"line":125},"9":{"name":"(anonymous_9)","decl":{"start":{"line":139,"column":6},"end":{"line":139,"column":7}},"loc":{"start":{"line":139,"column":34},"end":{"line":147,"column":7}},"line":139},"10":{"name":"(anonymous_10)","decl":{"start":{"line":152,"column":6},"end":{"line":152,"column":7}},"loc":{"start":{"line":152,"column":34},"end":{"line":157,"column":7}},"line":152},"11":{"name":"(anonymous_11)","decl":{"start":{"line":162,"column":6},"end":{"line":162,"column":7}},"loc":{"start":{"line":162,"column":34},"end":{"line":165,"column":7}},"line":162},"12":{"name":"(anonymous_12)","decl":{"start":{"line":171,"column":6},"end":{"line":171,"column":7}},"loc":{"start":{"line":171,"column":34},"end":{"line":176,"column":7}},"line":171},"13":{"name":"(anonymous_13)","decl":{"start":{"line":181,"column":6},"end":{"line":181,"column":7}},"loc":{"start":{"line":181,"column":34},"end":{"line":186,"column":7}},"line":181},"14":{"name":"(anonymous_14)","decl":{"start":{"line":192,"column":6},"end":{"line":192,"column":7}},"loc":{"start":{"line":192,"column":34},"end":{"line":199,"column":7}},"line":192}},"branchMap":{"0":{"loc":{"start":{"line":5,"column":2},"end":{"line":7,"column":15}},"type":"cond-expr","locations":[{"start":{"line":6,"column":6},"end":{"line":6,"column":50}},{"start":{"line":7,"column":6},"end":{"line":7,"column":15}}],"line":5}},"s":{"0":1,"1":1,"2":1,"3":1,"4":1,"5":1,"6":0,"7":0,"8":1,"9":1,"10":1,"11":1,"12":0,"13":0,"14":1,"15":1,"16":1,"17":0,"18":0,"19":0,"20":0,"21":0,"22":0,"23":0,"24":0,"25":0,"26":0,"27":0,"28":0,"29":0,"30":0,"31":0,"32":0,"33":0,"34":0,"35":1},"f":{"0":1,"1":0,"2":1,"3":1,"4":0,"5":1,"6":0,"7":0,"8":0,"9":0,"10":0,"11":0,"12":0,"13":0,"14":0},"b":{"0":[0,1]},"inputSourceMap":null,"_coverageSchema":"1a1c01bbd47fc00a2c39e90264f33305004495a9","hash":"e08e2afcac5d9cbb8c39623c203d3c77e6f5a2f0"}
,"/Users/angelo/Desktop/Codesmith/Quell-7.0/quell-server/test-config/testSchemaWithoutQueries.js": {"path":"/Users/angelo/Desktop/Codesmith/Quell-7.0/quell-server/test-config/testSchemaWithoutQueries.js","statementMap":{"0":{"start":{"line":1,"column":11},"end":{"line":1,"column":38}},"1":{"start":{"line":2,"column":16},"end":{"line":2,"column":39}},"2":{"start":{"line":5,"column":2},"end":{"line":7,"column":15}},"3":{"start":{"line":17,"column":4},"end":{"line":17,"column":30}},"4":{"start":{"line":27,"column":22},"end":{"line":45,"column":2}},"5":{"start":{"line":29,"column":17},"end":{"line":44,"column":3}},"6":{"start":{"line":35,"column":26},"end":{"line":39,"column":9}},"7":{"start":{"line":41,"column":8},"end":{"line":41,"column":30}},"8":{"start":{"line":47,"column":17},"end":{"line":55,"column":2}},"9":{"start":{"line":49,"column":17},"end":{"line":54,"column":3}},"10":{"start":{"line":57,"column":20},"end":{"line":75,"column":2}},"11":{"start":{"line":59,"column":17},"end":{"line":74,"column":3}},"12":{"start":{"line":66,"column":27},"end":{"line":69,"column":9}},"13":{"start":{"line":71,"column":8},"end":{"line":71,"column":31}},"14":{"start":{"line":77,"column":17},"end":{"line":85,"column":2}},"15":{"start":{"line":79,"column":17},"end":{"line":84,"column":3}},"16":{"start":{"line":92,"column":21},"end":{"line":162,"column":2}},"17":{"start":{"line":104,"column":23},"end":{"line":104,"column":40}},"18":{"start":{"line":106,"column":24},"end":{"line":109,"column":9}},"19":{"start":{"line":110,"column":8},"end":{"line":110,"column":31}},"20":{"start":{"line":121,"column":28},"end":{"line":124,"column":9}},"21":{"start":{"line":125,"column":8},"end":{"line":125,"column":35}},"22":{"start":{"line":135,"column":29},"end":{"line":138,"column":9}},"23":{"start":{"line":139,"column":8},"end":{"line":139,"column":36}},"24":{"start":{"line":147,"column":24},"end":{"line":147,"column":60}},"25":{"start":{"line":148,"column":8},"end":{"line":148,"column":23}},"26":{"start":{"line":155,"column":25},"end":{"line":155,"column":62}},"27":{"start":{"line":156,"column":8},"end":{"line":158,"column":9}},"28":{"start":{"line":157,"column":10},"end":{"line":157,"column":50}},"29":{"start":{"line":165,"column":0},"end":{"line":168,"column":3}}},"fnMap":{"0":{"name":"(anonymous_0)","decl":{"start":{"line":29,"column":10},"end":{"line":29,"column":11}},"loc":{"start":{"line":29,"column":17},"end":{"line":44,"column":3}},"line":29},"1":{"name":"(anonymous_1)","decl":{"start":{"line":34,"column":6},"end":{"line":34,"column":7}},"loc":{"start":{"line":34,"column":34},"end":{"line":42,"column":7}},"line":34},"2":{"name":"(anonymous_2)","decl":{"start":{"line":49,"column":10},"end":{"line":49,"column":11}},"loc":{"start":{"line":49,"column":17},"end":{"line":54,"column":3}},"line":49},"3":{"name":"(anonymous_3)","decl":{"start":{"line":59,"column":10},"end":{"line":59,"column":11}},"loc":{"start":{"line":59,"column":17},"end":{"line":74,"column":3}},"line":59},"4":{"name":"(anonymous_4)","decl":{"start":{"line":65,"column":6},"end":{"line":65,"column":7}},"loc":{"start":{"line":65,"column":34},"end":{"line":72,"column":7}},"line":65},"5":{"name":"(anonymous_5)","decl":{"start":{"line":79,"column":10},"end":{"line":79,"column":11}},"loc":{"start":{"line":79,"column":17},"end":{"line":84,"column":3}},"line":79},"6":{"name":"(anonymous_6)","decl":{"start":{"line":103,"column":6},"end":{"line":103,"column":7}},"loc":{"start":{"line":103,"column":34},"end":{"line":111,"column":7}},"line":103},"7":{"name":"(anonymous_7)","decl":{"start":{"line":120,"column":6},"end":{"line":120,"column":7}},"loc":{"start":{"line":120,"column":34},"end":{"line":126,"column":7}},"line":120},"8":{"name":"(anonymous_8)","decl":{"start":{"line":134,"column":6},"end":{"line":134,"column":7}},"loc":{"start":{"line":134,"column":34},"end":{"line":140,"column":7}},"line":134},"9":{"name":"(anonymous_9)","decl":{"start":{"line":146,"column":6},"end":{"line":146,"column":7}},"loc":{"start":{"line":146,"column":34},"end":{"line":149,"column":7}},"line":146},"10":{"name":"(anonymous_10)","decl":{"start":{"line":154,"column":6},"end":{"line":154,"column":7}},"loc":{"start":{"line":154,"column":34},"end":{"line":159,"column":7}},"line":154}},"branchMap":{"0":{"loc":{"start":{"line":5,"column":2},"end":{"line":7,"column":15}},"type":"cond-expr","locations":[{"start":{"line":6,"column":6},"end":{"line":6,"column":50}},{"start":{"line":7,"column":6},"end":{"line":7,"column":15}}],"line":5},"1":{"loc":{"start":{"line":104,"column":23},"end":{"line":104,"column":40}},"type":"binary-expr","locations":[{"start":{"line":104,"column":23},"end":{"line":104,"column":34}},{"start":{"line":104,"column":38},"end":{"line":104,"column":40}}],"line":104},"2":{"loc":{"start":{"line":156,"column":8},"end":{"line":158,"column":9}},"type":"if","locations":[{"start":{"line":156,"column":8},"end":{"line":158,"column":9}},{"start":{},"end":{}}],"line":156}},"s":{"0":1,"1":1,"2":1,"3":1,"4":1,"5":1,"6":0,"7":0,"8":1,"9":1,"10":1,"11":1,"12":0,"13":0,"14":1,"15":1,"16":1,"17":0,"18":0,"19":0,"20":0,"21":0,"22":0,"23":0,"24":0,"25":0,"26":0,"27":0,"28":0,"29":1},"f":{"0":1,"1":0,"2":1,"3":1,"4":0,"5":1,"6":0,"7":0,"8":0,"9":0,"10":0},"b":{"0":[0,1],"1":[0,0],"2":[0,0]},"inputSourceMap":null,"_coverageSchema":"1a1c01bbd47fc00a2c39e90264f33305004495a9","hash":"fdff41eb61c3d46d5f23889bb5cae8a4eba61a6f"}
}
