{"/Users/angelo/Desktop/Codesmith/Quell-7.0/quell-server/src/quell.ts": {"path":"/Users/angelo/Desktop/Codesmith/Quell-7.0/quell-server/src/quell.ts","statementMap":{"0":{"start":{"line":2,"column":0},"end":{"line":2,"column":48}},"1":{"start":{"line":3,"column":0},"end":{"line":3,"column":56}},"2":{"start":{"line":4,"column":0},"end":{"line":4,"column":34}},"3":{"start":{"line":6,"column":0},"end":{"line":6,"column":37}},"4":{"start":{"line":53,"column":42},"end":{"line":61,"column":2}},"5":{"start":{"line":63,"column":27},"end":{"line":63,"column":29}},"6":{"start":{"line":105,"column":4},"end":{"line":105,"column":27}},"7":{"start":{"line":106,"column":4},"end":{"line":106,"column":25}},"8":{"start":{"line":107,"column":4},"end":{"line":107,"column":75}},"9":{"start":{"line":108,"column":4},"end":{"line":108,"column":49}},"10":{"start":{"line":109,"column":4},"end":{"line":109,"column":47}},"11":{"start":{"line":110,"column":4},"end":{"line":110,"column":51}},"12":{"start":{"line":111,"column":4},"end":{"line":111,"column":40}},"13":{"start":{"line":112,"column":4},"end":{"line":112,"column":46}},"14":{"start":{"line":113,"column":4},"end":{"line":113,"column":42}},"15":{"start":{"line":114,"column":4},"end":{"line":114,"column":43}},"16":{"start":{"line":115,"column":4},"end":{"line":115,"column":33}},"17":{"start":{"line":116,"column":4},"end":{"line":119,"column":7}},"18":{"start":{"line":120,"column":4},"end":{"line":120,"column":39}},"19":{"start":{"line":121,"column":4},"end":{"line":121,"column":49}},"20":{"start":{"line":122,"column":4},"end":{"line":122,"column":57}},"21":{"start":{"line":123,"column":4},"end":{"line":123,"column":59}},"22":{"start":{"line":124,"column":4},"end":{"line":124,"column":71}},"23":{"start":{"line":125,"column":4},"end":{"line":125,"column":59}},"24":{"start":{"line":126,"column":4},"end":{"line":126,"column":63}},"25":{"start":{"line":127,"column":4},"end":{"line":127,"column":53}},"26":{"start":{"line":128,"column":4},"end":{"line":128,"column":53}},"27":{"start":{"line":129,"column":4},"end":{"line":129,"column":57}},"28":{"start":{"line":130,"column":4},"end":{"line":132,"column":7}},"29":{"start":{"line":131,"column":6},"end":{"line":131,"column":45}},"30":{"start":{"line":154,"column":6},"end":{"line":154,"column":64}},"31":{"start":{"line":156,"column":30},"end":{"line":156,"column":36}},"32":{"start":{"line":158,"column":39},"end":{"line":158,"column":68}},"33":{"start":{"line":160,"column":27},"end":{"line":160,"column":63}},"34":{"start":{"line":163,"column":4},"end":{"line":168,"column":null}},"35":{"start":{"line":164,"column":6},"end":{"line":167,"column":9}},"36":{"start":{"line":170,"column":4},"end":{"line":209,"column":null}},"37":{"start":{"line":173,"column":8},"end":{"line":173,"column":31}},"38":{"start":{"line":176,"column":6},"end":{"line":176,"column":41}},"39":{"start":{"line":179,"column":6},"end":{"line":179,"column":46}},"40":{"start":{"line":182,"column":38},"end":{"line":183,"column":null}},"41":{"start":{"line":183,"column":20},"end":{"line":183,"column":42}},"42":{"start":{"line":188,"column":40},"end":{"line":188,"column":63}},"43":{"start":{"line":189,"column":34},"end":{"line":189,"column":65}},"44":{"start":{"line":192,"column":6},"end":{"line":197,"column":null}},"45":{"start":{"line":193,"column":8},"end":{"line":196,"column":11}},"46":{"start":{"line":199,"column":6},"end":{"line":201,"column":8}},"47":{"start":{"line":203,"column":6},"end":{"line":203,"column":20}},"48":{"start":{"line":205,"column":6},"end":{"line":208,"column":9}},"49":{"start":{"line":227,"column":4},"end":{"line":229,"column":null}},"50":{"start":{"line":228,"column":6},"end":{"line":228,"column":76}},"51":{"start":{"line":232,"column":32},"end":{"line":232,"column":46}},"52":{"start":{"line":236,"column":30},"end":{"line":238,"column":26}},"53":{"start":{"line":247,"column":6},"end":{"line":247,"column":43}},"54":{"start":{"line":256,"column":4},"end":{"line":441,"column":null}},"55":{"start":{"line":257,"column":6},"end":{"line":264,"column":11}},"56":{"start":{"line":259,"column":10},"end":{"line":259,"column":49}},"57":{"start":{"line":260,"column":10},"end":{"line":260,"column":24}},"58":{"start":{"line":263,"column":10},"end":{"line":263,"column":57}},"59":{"start":{"line":270,"column":11},"end":{"line":441,"column":null}},"60":{"start":{"line":271,"column":6},"end":{"line":278,"column":11}},"61":{"start":{"line":273,"column":10},"end":{"line":273,"column":49}},"62":{"start":{"line":274,"column":10},"end":{"line":274,"column":24}},"63":{"start":{"line":277,"column":10},"end":{"line":277,"column":65}},"64":{"start":{"line":281,"column":45},"end":{"line":282,"column":null}},"65":{"start":{"line":286,"column":6},"end":{"line":301,"column":null}},"66":{"start":{"line":287,"column":8},"end":{"line":287,"column":44}},"67":{"start":{"line":288,"column":8},"end":{"line":288,"column":48}},"68":{"start":{"line":289,"column":8},"end":{"line":289,"column":22}},"69":{"start":{"line":292,"column":8},"end":{"line":300,"column":13}},"70":{"start":{"line":294,"column":12},"end":{"line":294,"column":51}},"71":{"start":{"line":295,"column":12},"end":{"line":295,"column":56}},"72":{"start":{"line":296,"column":12},"end":{"line":296,"column":26}},"73":{"start":{"line":299,"column":12},"end":{"line":299,"column":59}},"74":{"start":{"line":305,"column":11},"end":{"line":441,"column":null}},"75":{"start":{"line":310,"column":6},"end":{"line":310,"column":33}},"76":{"start":{"line":311,"column":6},"end":{"line":311,"column":19}},"77":{"start":{"line":316,"column":25},"end":{"line":316,"column":27}},"78":{"start":{"line":317,"column":25},"end":{"line":317,"column":27}},"79":{"start":{"line":319,"column":6},"end":{"line":328,"column":null}},"80":{"start":{"line":322,"column":8},"end":{"line":327,"column":null}},"81":{"start":{"line":323,"column":10},"end":{"line":323,"column":34}},"82":{"start":{"line":324,"column":10},"end":{"line":324,"column":62}},"83":{"start":{"line":325,"column":10},"end":{"line":325,"column":64}},"84":{"start":{"line":326,"column":10},"end":{"line":326,"column":16}},"85":{"start":{"line":332,"column":6},"end":{"line":350,"column":11}},"86":{"start":{"line":334,"column":10},"end":{"line":334,"column":54}},"87":{"start":{"line":338,"column":10},"end":{"line":345,"column":null}},"88":{"start":{"line":339,"column":12},"end":{"line":344,"column":14}},"89":{"start":{"line":346,"column":10},"end":{"line":346,"column":24}},"90":{"start":{"line":349,"column":10},"end":{"line":349,"column":57}},"91":{"start":{"line":357,"column":8},"end":{"line":359,"column":17}},"92":{"start":{"line":361,"column":28},"end":{"line":361,"column":50}},"93":{"start":{"line":369,"column":10},"end":{"line":369,"column":61}},"94":{"start":{"line":376,"column":40},"end":{"line":376,"column":65}},"95":{"start":{"line":380,"column":6},"end":{"line":440,"column":null}},"96":{"start":{"line":383,"column":39},"end":{"line":385,"column":null}},"97":{"start":{"line":389,"column":8},"end":{"line":432,"column":13}},"98":{"start":{"line":390,"column":78},"end":{"line":429,"column":12}},"99":{"start":{"line":393,"column":51},"end":{"line":394,"column":null}},"100":{"start":{"line":398,"column":31},"end":{"line":398,"column":36}},"101":{"start":{"line":399,"column":12},"end":{"line":403,"column":null}},"102":{"start":{"line":400,"column":14},"end":{"line":402,"column":null}},"103":{"start":{"line":401,"column":16},"end":{"line":401,"column":36}},"104":{"start":{"line":408,"column":12},"end":{"line":414,"column":33}},"105":{"start":{"line":416,"column":29},"end":{"line":416,"column":60}},"106":{"start":{"line":426,"column":12},"end":{"line":426,"column":42}},"107":{"start":{"line":427,"column":12},"end":{"line":427,"column":61}},"108":{"start":{"line":428,"column":12},"end":{"line":428,"column":26}},"109":{"start":{"line":431,"column":12},"end":{"line":431,"column":67}},"110":{"start":{"line":437,"column":8},"end":{"line":437,"column":36}},"111":{"start":{"line":438,"column":8},"end":{"line":438,"column":56}},"112":{"start":{"line":439,"column":8},"end":{"line":439,"column":22}},"113":{"start":{"line":450,"column":4},"end":{"line":457,"column":null}},"114":{"start":{"line":451,"column":6},"end":{"line":451,"column":63}},"115":{"start":{"line":451,"column":56},"end":{"line":451,"column":63}},"116":{"start":{"line":452,"column":31},"end":{"line":452,"column":48}},"117":{"start":{"line":453,"column":41},"end":{"line":453,"column":76}},"118":{"start":{"line":454,"column":6},"end":{"line":454,"column":25}},"119":{"start":{"line":456,"column":6},"end":{"line":456,"column":48}},"120":{"start":{"line":477,"column":4},"end":{"line":691,"column":null}},"121":{"start":{"line":479,"column":6},"end":{"line":513,"column":null}},"122":{"start":{"line":480,"column":30},"end":{"line":481,"column":null}},"123":{"start":{"line":484,"column":8},"end":{"line":486,"column":null}},"124":{"start":{"line":485,"column":10},"end":{"line":485,"column":26}},"125":{"start":{"line":489,"column":8},"end":{"line":495,"column":null}},"126":{"start":{"line":490,"column":10},"end":{"line":490,"column":30}},"127":{"start":{"line":492,"column":10},"end":{"line":494,"column":15}},"128":{"start":{"line":497,"column":8},"end":{"line":499,"column":null}},"129":{"start":{"line":498,"column":10},"end":{"line":498,"column":66}},"130":{"start":{"line":502,"column":11},"end":{"line":502,"column":72}},"131":{"start":{"line":503,"column":8},"end":{"line":508,"column":null}},"132":{"start":{"line":507,"column":10},"end":{"line":507,"column":70}},"133":{"start":{"line":509,"column":52},"end":{"line":510,"column":null}},"134":{"start":{"line":512,"column":8},"end":{"line":512,"column":80}},"135":{"start":{"line":516,"column":6},"end":{"line":690,"column":null}},"136":{"start":{"line":519,"column":10},"end":{"line":519,"column":33}},"137":{"start":{"line":521,"column":8},"end":{"line":617,"column":null}},"138":{"start":{"line":521,"column":21},"end":{"line":521,"column":22}},"139":{"start":{"line":522,"column":10},"end":{"line":616,"column":null}},"140":{"start":{"line":528,"column":39},"end":{"line":586,"column":13}},"141":{"start":{"line":529,"column":49},"end":{"line":529,"column":51}},"142":{"start":{"line":531,"column":14},"end":{"line":585,"column":null}},"143":{"start":{"line":533,"column":18},"end":{"line":533,"column":43}},"144":{"start":{"line":535,"column":16},"end":{"line":571,"column":null}},"145":{"start":{"line":537,"column":18},"end":{"line":570,"column":null}},"146":{"start":{"line":544,"column":20},"end":{"line":544,"column":63}},"147":{"start":{"line":547,"column":23},"end":{"line":570,"column":null}},"148":{"start":{"line":553,"column":20},"end":{"line":561,"column":78}},"149":{"start":{"line":561,"column":42},"end":{"line":561,"column":75}},"150":{"start":{"line":564,"column":23},"end":{"line":570,"column":null}},"151":{"start":{"line":569,"column":21},"end":{"line":569,"column":75}},"152":{"start":{"line":572,"column":16},"end":{"line":572,"column":52}},"153":{"start":{"line":576,"column":16},"end":{"line":584,"column":null}},"154":{"start":{"line":577,"column":18},"end":{"line":583,"column":null}},"155":{"start":{"line":582,"column":21},"end":{"line":582,"column":75}},"156":{"start":{"line":588,"column":40},"end":{"line":588,"column":65}},"157":{"start":{"line":592,"column":12},"end":{"line":602,"column":null}},"158":{"start":{"line":593,"column":14},"end":{"line":600,"column":null}},"159":{"start":{"line":594,"column":41},"end":{"line":594,"column":67}},"160":{"start":{"line":595,"column":16},"end":{"line":597,"column":18}},"161":{"start":{"line":596,"column":18},"end":{"line":596,"column":67}},"162":{"start":{"line":599,"column":16},"end":{"line":599,"column":63}},"163":{"start":{"line":601,"column":14},"end":{"line":601,"column":54}},"164":{"start":{"line":605,"column":12},"end":{"line":605,"column":57}},"165":{"start":{"line":608,"column":12},"end":{"line":615,"column":null}},"166":{"start":{"line":609,"column":39},"end":{"line":609,"column":65}},"167":{"start":{"line":610,"column":14},"end":{"line":612,"column":16}},"168":{"start":{"line":611,"column":16},"end":{"line":611,"column":65}},"169":{"start":{"line":614,"column":14},"end":{"line":614,"column":61}},"170":{"start":{"line":622,"column":11},"end":{"line":690,"column":null}},"171":{"start":{"line":624,"column":8},"end":{"line":632,"column":null}},"172":{"start":{"line":631,"column":10},"end":{"line":631,"column":37}},"173":{"start":{"line":634,"column":8},"end":{"line":651,"column":null}},"174":{"start":{"line":640,"column":34},"end":{"line":640,"column":71}},"175":{"start":{"line":641,"column":54},"end":{"line":642,"column":null}},"176":{"start":{"line":644,"column":10},"end":{"line":644,"column":80}},"177":{"start":{"line":644,"column":29},"end":{"line":644,"column":80}},"178":{"start":{"line":645,"column":10},"end":{"line":650,"column":12}},"179":{"start":{"line":655,"column":8},"end":{"line":689,"column":null}},"180":{"start":{"line":657,"column":10},"end":{"line":667,"column":null}},"181":{"start":{"line":666,"column":13},"end":{"line":666,"column":64}},"182":{"start":{"line":670,"column":10},"end":{"line":688,"column":null}},"183":{"start":{"line":674,"column":12},"end":{"line":679,"column":14}},"184":{"start":{"line":682,"column":15},"end":{"line":688,"column":null}},"185":{"start":{"line":687,"column":13},"end":{"line":687,"column":64}},"186":{"start":{"line":693,"column":4},"end":{"line":693,"column":35}},"187":{"start":{"line":704,"column":28},"end":{"line":706,"column":37}},"188":{"start":{"line":707,"column":4},"end":{"line":707,"column":19}},"189":{"start":{"line":716,"column":29},"end":{"line":716,"column":46}},"190":{"start":{"line":717,"column":4},"end":{"line":720,"column":null}},"191":{"start":{"line":718,"column":6},"end":{"line":718,"column":58}},"192":{"start":{"line":719,"column":6},"end":{"line":719,"column":61}},"193":{"start":{"line":739,"column":19},"end":{"line":739,"column":21}},"194":{"start":{"line":740,"column":27},"end":{"line":740,"column":29}},"195":{"start":{"line":741,"column":4},"end":{"line":748,"column":null}},"196":{"start":{"line":746,"column":6},"end":{"line":746,"column":78}},"197":{"start":{"line":747,"column":6},"end":{"line":747,"column":80}},"198":{"start":{"line":750,"column":4},"end":{"line":759,"column":null}},"199":{"start":{"line":751,"column":46},"end":{"line":751,"column":null}},"200":{"start":{"line":755,"column":6},"end":{"line":758,"column":null}},"201":{"start":{"line":756,"column":8},"end":{"line":756,"column":33}},"202":{"start":{"line":757,"column":8},"end":{"line":757,"column":14}},"203":{"start":{"line":765,"column":36},"end":{"line":790,"column":6}},"204":{"start":{"line":767,"column":8},"end":{"line":790,"column":6}},"205":{"start":{"line":768,"column":6},"end":{"line":789,"column":null}},"206":{"start":{"line":769,"column":39},"end":{"line":769,"column":77}},"207":{"start":{"line":770,"column":8},"end":{"line":788,"column":null}},"208":{"start":{"line":774,"column":48},"end":{"line":775,"column":null}},"209":{"start":{"line":778,"column":10},"end":{"line":786,"column":13}},"210":{"start":{"line":781,"column":14},"end":{"line":781,"column":51}},"211":{"start":{"line":783,"column":12},"end":{"line":785,"column":null}},"212":{"start":{"line":784,"column":14},"end":{"line":784,"column":64}},"213":{"start":{"line":787,"column":10},"end":{"line":787,"column":64}},"214":{"start":{"line":796,"column":32},"end":{"line":846,"column":6}},"215":{"start":{"line":796,"column":43},"end":{"line":846,"column":6}},"216":{"start":{"line":797,"column":6},"end":{"line":845,"column":null}},"217":{"start":{"line":798,"column":39},"end":{"line":798,"column":77}},"218":{"start":{"line":799,"column":8},"end":{"line":844,"column":null}},"219":{"start":{"line":803,"column":48},"end":{"line":804,"column":null}},"220":{"start":{"line":807,"column":49},"end":{"line":807,"column":58}},"221":{"start":{"line":808,"column":10},"end":{"line":842,"column":null}},"222":{"start":{"line":808,"column":23},"end":{"line":808,"column":24}},"223":{"start":{"line":809,"column":37},"end":{"line":809,"column":59}},"224":{"start":{"line":811,"column":37},"end":{"line":812,"column":null}},"225":{"start":{"line":814,"column":12},"end":{"line":841,"column":null}},"226":{"start":{"line":815,"column":36},"end":{"line":815,"column":64}},"227":{"start":{"line":817,"column":27},"end":{"line":817,"column":31}},"228":{"start":{"line":818,"column":14},"end":{"line":835,"column":null}},"229":{"start":{"line":819,"column":16},"end":{"line":834,"column":null}},"230":{"start":{"line":825,"column":20},"end":{"line":826,"column":34}},"231":{"start":{"line":827,"column":18},"end":{"line":830,"column":null}},"232":{"start":{"line":828,"column":20},"end":{"line":828,"column":35}},"233":{"start":{"line":829,"column":20},"end":{"line":829,"column":26}},"234":{"start":{"line":832,"column":18},"end":{"line":832,"column":33}},"235":{"start":{"line":833,"column":18},"end":{"line":833,"column":24}},"236":{"start":{"line":837,"column":14},"end":{"line":840,"column":null}},"237":{"start":{"line":838,"column":16},"end":{"line":838,"column":48}},"238":{"start":{"line":839,"column":16},"end":{"line":839,"column":61}},"239":{"start":{"line":843,"column":10},"end":{"line":843,"column":53}},"240":{"start":{"line":852,"column":32},"end":{"line":900,"column":6}},"241":{"start":{"line":852,"column":43},"end":{"line":900,"column":6}},"242":{"start":{"line":853,"column":37},"end":{"line":853,"column":75}},"243":{"start":{"line":855,"column":6},"end":{"line":855,"column":55}},"244":{"start":{"line":855,"column":48},"end":{"line":855,"column":55}},"245":{"start":{"line":857,"column":6},"end":{"line":899,"column":null}},"246":{"start":{"line":858,"column":46},"end":{"line":859,"column":null}},"247":{"start":{"line":866,"column":8},"end":{"line":898,"column":11}},"248":{"start":{"line":866,"column":55},"end":{"line":898,"column":10}},"249":{"start":{"line":867,"column":35},"end":{"line":868,"column":null}},"250":{"start":{"line":870,"column":10},"end":{"line":897,"column":null}},"251":{"start":{"line":872,"column":14},"end":{"line":872,"column":42}},"252":{"start":{"line":874,"column":47},"end":{"line":874,"column":49}},"253":{"start":{"line":875,"column":59},"end":{"line":875,"column":72}},"254":{"start":{"line":879,"column":12},"end":{"line":892,"column":14}},"255":{"start":{"line":881,"column":16},"end":{"line":890,"column":null}},"256":{"start":{"line":883,"column":18},"end":{"line":886,"column":null}},"257":{"start":{"line":885,"column":20},"end":{"line":885,"column":47}},"258":{"start":{"line":888,"column":18},"end":{"line":889,"column":55}},"259":{"start":{"line":889,"column":20},"end":{"line":889,"column":55}},"260":{"start":{"line":894,"column":12},"end":{"line":896,"column":null}},"261":{"start":{"line":895,"column":14},"end":{"line":895,"column":64}},"262":{"start":{"line":903,"column":33},"end":{"line":903,"column":77}},"263":{"start":{"line":904,"column":43},"end":{"line":905,"column":null}},"264":{"start":{"line":908,"column":4},"end":{"line":946,"column":null}},"265":{"start":{"line":912,"column":6},"end":{"line":942,"column":null}},"266":{"start":{"line":913,"column":8},"end":{"line":927,"column":null}},"267":{"start":{"line":917,"column":10},"end":{"line":919,"column":12}},"268":{"start":{"line":920,"column":10},"end":{"line":920,"column":68}},"269":{"start":{"line":923,"column":10},"end":{"line":926,"column":12}},"270":{"start":{"line":934,"column":37},"end":{"line":934,"column":39}},"271":{"start":{"line":936,"column":8},"end":{"line":941,"column":null}},"272":{"start":{"line":938,"column":10},"end":{"line":938,"column":32}},"273":{"start":{"line":940,"column":10},"end":{"line":940,"column":32}},"274":{"start":{"line":945,"column":6},"end":{"line":945,"column":58}},"275":{"start":{"line":954,"column":4},"end":{"line":958,"column":null}},"276":{"start":{"line":955,"column":6},"end":{"line":955,"column":37}},"277":{"start":{"line":957,"column":6},"end":{"line":957,"column":51}},"278":{"start":{"line":970,"column":4},"end":{"line":970,"column":40}},"279":{"start":{"line":971,"column":4},"end":{"line":971,"column":31}},"280":{"start":{"line":972,"column":4},"end":{"line":972,"column":18}},"281":{"start":{"line":997,"column":4},"end":{"line":997,"column":38}},"282":{"start":{"line":998,"column":41},"end":{"line":998,"column":43}},"283":{"start":{"line":1006,"column":23},"end":{"line":1013,"column":5}},"284":{"start":{"line":1007,"column":47},"end":{"line":1007,"column":51}},"285":{"start":{"line":1008,"column":6},"end":{"line":1012,"column":27}},"286":{"start":{"line":1008,"column":45},"end":{"line":1008,"column":67}},"287":{"start":{"line":1009,"column":11},"end":{"line":1012,"column":27}},"288":{"start":{"line":1009,"column":50},"end":{"line":1009,"column":73}},"289":{"start":{"line":1010,"column":11},"end":{"line":1012,"column":27}},"290":{"start":{"line":1010,"column":51},"end":{"line":1010,"column":72}},"291":{"start":{"line":1011,"column":11},"end":{"line":1012,"column":27}},"292":{"start":{"line":1011,"column":51},"end":{"line":1011,"column":73}},"293":{"start":{"line":1012,"column":11},"end":{"line":1012,"column":27}},"294":{"start":{"line":1015,"column":4},"end":{"line":1035,"column":null}},"295":{"start":{"line":1017,"column":8},"end":{"line":1017,"column":64}},"296":{"start":{"line":1018,"column":8},"end":{"line":1018,"column":14}},"297":{"start":{"line":1020,"column":8},"end":{"line":1020,"column":67}},"298":{"start":{"line":1021,"column":8},"end":{"line":1021,"column":14}},"299":{"start":{"line":1023,"column":8},"end":{"line":1023,"column":43}},"300":{"start":{"line":1024,"column":8},"end":{"line":1024,"column":14}},"301":{"start":{"line":1026,"column":8},"end":{"line":1026,"column":48}},"302":{"start":{"line":1027,"column":8},"end":{"line":1027,"column":14}},"303":{"start":{"line":1029,"column":8},"end":{"line":1033,"column":10}},"304":{"start":{"line":1034,"column":8},"end":{"line":1034,"column":14}},"305":{"start":{"line":1037,"column":4},"end":{"line":1037,"column":22}},"306":{"start":{"line":1047,"column":4},"end":{"line":1318,"column":null}},"307":{"start":{"line":1048,"column":23},"end":{"line":1313,"column":7}},"308":{"start":{"line":1050,"column":8},"end":{"line":1312,"column":13}},"309":{"start":{"line":1053,"column":40},"end":{"line":1053,"column":62}},"310":{"start":{"line":1055,"column":43},"end":{"line":1306,"column":14}},"311":{"start":{"line":1062,"column":36},"end":{"line":1062,"column":63}},"312":{"start":{"line":1069,"column":36},"end":{"line":1069,"column":64}},"313":{"start":{"line":1076,"column":36},"end":{"line":1076,"column":60}},"314":{"start":{"line":1083,"column":36},"end":{"line":1083,"column":52}},"315":{"start":{"line":1090,"column":36},"end":{"line":1090,"column":58}},"316":{"start":{"line":1104,"column":36},"end":{"line":1104,"column":67}},"317":{"start":{"line":1111,"column":36},"end":{"line":1111,"column":64}},"318":{"start":{"line":1125,"column":36},"end":{"line":1125,"column":61}},"319":{"start":{"line":1135,"column":36},"end":{"line":1135,"column":67}},"320":{"start":{"line":1142,"column":36},"end":{"line":1142,"column":69}},"321":{"start":{"line":1149,"column":36},"end":{"line":1149,"column":60}},"322":{"start":{"line":1163,"column":36},"end":{"line":1163,"column":65}},"323":{"start":{"line":1173,"column":36},"end":{"line":1173,"column":67}},"324":{"start":{"line":1180,"column":36},"end":{"line":1180,"column":72}},"325":{"start":{"line":1225,"column":36},"end":{"line":1225,"column":76}},"326":{"start":{"line":1232,"column":36},"end":{"line":1232,"column":74}},"327":{"start":{"line":1239,"column":36},"end":{"line":1239,"column":75}},"328":{"start":{"line":1274,"column":36},"end":{"line":1274,"column":69}},"329":{"start":{"line":1281,"column":36},"end":{"line":1281,"column":71}},"330":{"start":{"line":1288,"column":36},"end":{"line":1288,"column":74}},"331":{"start":{"line":1302,"column":36},"end":{"line":1302,"column":75}},"332":{"start":{"line":1307,"column":12},"end":{"line":1307,"column":43}},"333":{"start":{"line":1308,"column":12},"end":{"line":1308,"column":26}},"334":{"start":{"line":1311,"column":12},"end":{"line":1311,"column":29}},"335":{"start":{"line":1315,"column":6},"end":{"line":1315,"column":17}},"336":{"start":{"line":1317,"column":6},"end":{"line":1317,"column":23}},"337":{"start":{"line":1328,"column":4},"end":{"line":1336,"column":9}},"338":{"start":{"line":1331,"column":8},"end":{"line":1331,"column":40}},"339":{"start":{"line":1332,"column":8},"end":{"line":1332,"column":22}},"340":{"start":{"line":1335,"column":8},"end":{"line":1335,"column":25}},"341":{"start":{"line":1346,"column":4},"end":{"line":1359,"column":null}},"342":{"start":{"line":1347,"column":6},"end":{"line":1355,"column":11}},"343":{"start":{"line":1350,"column":10},"end":{"line":1350,"column":44}},"344":{"start":{"line":1351,"column":10},"end":{"line":1351,"column":24}},"345":{"start":{"line":1354,"column":10},"end":{"line":1354,"column":27}},"346":{"start":{"line":1357,"column":6},"end":{"line":1357,"column":34}},"347":{"start":{"line":1358,"column":6},"end":{"line":1358,"column":20}},"348":{"start":{"line":1376,"column":23},"end":{"line":1376,"column":42}},"349":{"start":{"line":1378,"column":4},"end":{"line":1378,"column":80}},"350":{"start":{"line":1378,"column":39},"end":{"line":1378,"column":80}},"351":{"start":{"line":1380,"column":4},"end":{"line":1389,"column":null}},"352":{"start":{"line":1382,"column":37},"end":{"line":1386,"column":10}},"353":{"start":{"line":1387,"column":8},"end":{"line":1387,"column":25}},"354":{"start":{"line":1391,"column":32},"end":{"line":1391,"column":46}},"355":{"start":{"line":1394,"column":30},"end":{"line":1394,"column":48}},"356":{"start":{"line":1398,"column":44},"end":{"line":1398,"column":57}},"357":{"start":{"line":1401,"column":6},"end":{"line":1403,"column":15}},"358":{"start":{"line":1411,"column":27},"end":{"line":1429,"column":5}},"359":{"start":{"line":1412,"column":6},"end":{"line":1420,"column":null}},"360":{"start":{"line":1413,"column":37},"end":{"line":1417,"column":10}},"361":{"start":{"line":1418,"column":8},"end":{"line":1418,"column":34}},"362":{"start":{"line":1419,"column":8},"end":{"line":1419,"column":25}},"363":{"start":{"line":1423,"column":6},"end":{"line":1428,"column":9}},"364":{"start":{"line":1425,"column":8},"end":{"line":1427,"column":null}},"365":{"start":{"line":1426,"column":10},"end":{"line":1426,"column":71}},"366":{"start":{"line":1431,"column":4},"end":{"line":1431,"column":30}},"367":{"start":{"line":1433,"column":4},"end":{"line":1433,"column":25}},"368":{"start":{"line":1434,"column":4},"end":{"line":1434,"column":59}},"369":{"start":{"line":1436,"column":4},"end":{"line":1436,"column":18}},"370":{"start":{"line":1449,"column":22},"end":{"line":1449,"column":41}},"371":{"start":{"line":1451,"column":6},"end":{"line":1451,"column":25}},"372":{"start":{"line":1453,"column":4},"end":{"line":1453,"column":77}},"373":{"start":{"line":1453,"column":38},"end":{"line":1453,"column":77}},"374":{"start":{"line":1455,"column":4},"end":{"line":1462,"column":null}},"375":{"start":{"line":1456,"column":35},"end":{"line":1460,"column":8}},"376":{"start":{"line":1461,"column":6},"end":{"line":1461,"column":23}},"377":{"start":{"line":1464,"column":32},"end":{"line":1464,"column":46}},"378":{"start":{"line":1466,"column":30},"end":{"line":1466,"column":48}},"379":{"start":{"line":1470,"column":44},"end":{"line":1470,"column":57}},"380":{"start":{"line":1473,"column":6},"end":{"line":1475,"column":15}},"381":{"start":{"line":1477,"column":15},"end":{"line":1477,"column":16}},"382":{"start":{"line":1480,"column":4},"end":{"line":1482,"column":13}},"383":{"start":{"line":1488,"column":26},"end":{"line":1512,"column":5}},"384":{"start":{"line":1490,"column":6},"end":{"line":1498,"column":null}},"385":{"start":{"line":1491,"column":37},"end":{"line":1495,"column":10}},"386":{"start":{"line":1496,"column":8},"end":{"line":1496,"column":34}},"387":{"start":{"line":1497,"column":8},"end":{"line":1497,"column":25}},"388":{"start":{"line":1501,"column":6},"end":{"line":1511,"column":9}},"389":{"start":{"line":1503,"column":8},"end":{"line":1506,"column":null}},"390":{"start":{"line":1504,"column":10},"end":{"line":1504,"column":29}},"391":{"start":{"line":1505,"column":10},"end":{"line":1505,"column":59}},"392":{"start":{"line":1508,"column":8},"end":{"line":1510,"column":null}},"393":{"start":{"line":1509,"column":10},"end":{"line":1509,"column":29}},"394":{"start":{"line":1514,"column":4},"end":{"line":1514,"column":29}},"395":{"start":{"line":1522,"column":31},"end":{"line":1547,"column":5}},"396":{"start":{"line":1527,"column":6},"end":{"line":1535,"column":null}},"397":{"start":{"line":1528,"column":37},"end":{"line":1532,"column":10}},"398":{"start":{"line":1533,"column":8},"end":{"line":1533,"column":34}},"399":{"start":{"line":1534,"column":8},"end":{"line":1534,"column":25}},"400":{"start":{"line":1538,"column":6},"end":{"line":1546,"column":9}},"401":{"start":{"line":1540,"column":8},"end":{"line":1545,"column":null}},"402":{"start":{"line":1541,"column":10},"end":{"line":1544,"column":12}},"403":{"start":{"line":1549,"column":4},"end":{"line":1549,"column":34}},"404":{"start":{"line":1551,"column":4},"end":{"line":1551,"column":25}},"405":{"start":{"line":1552,"column":4},"end":{"line":1552,"column":59}},"406":{"start":{"line":1554,"column":4},"end":{"line":1554,"column":18}},"407":{"start":{"line":1673,"column":2},"end":{"line":1673,"column":55}},"408":{"start":{"line":1673,"column":45},"end":{"line":1673,"column":55}},"409":{"start":{"line":1674,"column":20},"end":{"line":1674,"column":23}},"410":{"start":{"line":1675,"column":21},"end":{"line":1675,"column":24}},"411":{"start":{"line":1676,"column":20},"end":{"line":1676,"column":23}},"412":{"start":{"line":1677,"column":21},"end":{"line":1677,"column":24}},"413":{"start":{"line":1679,"column":16},"end":{"line":1679,"column":18}},"414":{"start":{"line":1683,"column":2},"end":{"line":1689,"column":null}},"415":{"start":{"line":1684,"column":4},"end":{"line":1688,"column":21}},"416":{"start":{"line":1701,"column":19},"end":{"line":1701,"column":21}},"417":{"start":{"line":1703,"column":4},"end":{"line":1718,"column":null}},"418":{"start":{"line":1705,"column":6},"end":{"line":1707,"column":null}},"419":{"start":{"line":1706,"column":8},"end":{"line":1706,"column":30}},"420":{"start":{"line":1709,"column":6},"end":{"line":1717,"column":null}},"421":{"start":{"line":1710,"column":39},"end":{"line":1710,"column":65}},"422":{"start":{"line":1712,"column":29},"end":{"line":1712,"column":52}},"423":{"start":{"line":1713,"column":29},"end":{"line":1713,"column":47}},"424":{"start":{"line":1714,"column":8},"end":{"line":1716,"column":26}},"425":{"start":{"line":1720,"column":4},"end":{"line":1720,"column":20}},"426":{"start":{"line":1724,"column":20},"end":{"line":1724,"column":22}},"427":{"start":{"line":1725,"column":4},"end":{"line":1725,"column":34}},"428":{"start":{"line":1725,"column":24},"end":{"line":1725,"column":34}},"429":{"start":{"line":1727,"column":4},"end":{"line":1731,"column":7}},"430":{"start":{"line":1728,"column":6},"end":{"line":1730,"column":76}},"431":{"start":{"line":1734,"column":4},"end":{"line":1734,"column":68}},"432":{"start":{"line":1739,"column":4},"end":{"line":1739,"column":54}},"433":{"start":{"line":1743,"column":27},"end":{"line":1743,"column":65}},"434":{"start":{"line":1744,"column":2},"end":{"line":1744,"column":67}},"435":{"start":{"line":1754,"column":31},"end":{"line":1754,"column":33}},"436":{"start":{"line":1757,"column":2},"end":{"line":1762,"column":null}},"437":{"start":{"line":1758,"column":34},"end":{"line":1758,"column":67}},"438":{"start":{"line":1759,"column":4},"end":{"line":1761,"column":null}},"439":{"start":{"line":1760,"column":6},"end":{"line":1760,"column":28}},"440":{"start":{"line":1773,"column":33},"end":{"line":1773,"column":35}},"441":{"start":{"line":1775,"column":38},"end":{"line":1775,"column":40}},"442":{"start":{"line":1777,"column":4},"end":{"line":1800,"column":null}},"443":{"start":{"line":1779,"column":6},"end":{"line":1781,"column":null}},"444":{"start":{"line":1780,"column":8},"end":{"line":1780,"column":28}},"445":{"start":{"line":1783,"column":6},"end":{"line":1785,"column":null}},"446":{"start":{"line":1784,"column":8},"end":{"line":1784,"column":28}},"447":{"start":{"line":1788,"column":6},"end":{"line":1794,"column":null}},"448":{"start":{"line":1789,"column":38},"end":{"line":1789,"column":74}},"449":{"start":{"line":1791,"column":8},"end":{"line":1793,"column":null}},"450":{"start":{"line":1792,"column":10},"end":{"line":1792,"column":32}},"451":{"start":{"line":1797,"column":6},"end":{"line":1799,"column":null}},"452":{"start":{"line":1798,"column":8},"end":{"line":1798,"column":39}},"453":{"start":{"line":1802,"column":30},"end":{"line":1802,"column":56}},"454":{"start":{"line":1805,"column":4},"end":{"line":1807,"column":11}},"455":{"start":{"line":1809,"column":2},"end":{"line":1809,"column":16}},"456":{"start":{"line":1826,"column":39},"end":{"line":1826,"column":41}},"457":{"start":{"line":1830,"column":2},"end":{"line":1951,"column":null}},"458":{"start":{"line":1832,"column":40},"end":{"line":1837,"column":21}},"459":{"start":{"line":1838,"column":4},"end":{"line":1950,"column":null}},"460":{"start":{"line":1841,"column":6},"end":{"line":1882,"column":null}},"461":{"start":{"line":1847,"column":36},"end":{"line":1848,"column":null}},"462":{"start":{"line":1850,"column":37},"end":{"line":1851,"column":null}},"463":{"start":{"line":1853,"column":23},"end":{"line":1853,"column":27}},"464":{"start":{"line":1854,"column":8},"end":{"line":1856,"column":null}},"465":{"start":{"line":1854,"column":21},"end":{"line":1854,"column":22}},"466":{"start":{"line":1855,"column":10},"end":{"line":1855,"column":63}},"467":{"start":{"line":1855,"column":46},"end":{"line":1855,"column":63}},"468":{"start":{"line":1857,"column":8},"end":{"line":1877,"column":null}},"469":{"start":{"line":1858,"column":10},"end":{"line":1861,"column":12}},"470":{"start":{"line":1865,"column":30},"end":{"line":1865,"column":32}},"471":{"start":{"line":1866,"column":10},"end":{"line":1875,"column":null}},"472":{"start":{"line":1866,"column":23},"end":{"line":1866,"column":24}},"473":{"start":{"line":1868,"column":51},"end":{"line":1872,"column":null}},"474":{"start":{"line":1874,"column":12},"end":{"line":1874,"column":45}},"475":{"start":{"line":1876,"column":10},"end":{"line":1876,"column":44}},"476":{"start":{"line":1878,"column":13},"end":{"line":1882,"column":null}},"477":{"start":{"line":1879,"column":8},"end":{"line":1879,"column":49}},"478":{"start":{"line":1881,"column":8},"end":{"line":1881,"column":50}},"479":{"start":{"line":1884,"column":6},"end":{"line":1896,"column":null}},"480":{"start":{"line":1886,"column":8},"end":{"line":1889,"column":10}},"481":{"start":{"line":1892,"column":9},"end":{"line":1895,"column":10}},"482":{"start":{"line":1898,"column":6},"end":{"line":1949,"column":null}},"483":{"start":{"line":1900,"column":8},"end":{"line":1948,"column":null}},"484":{"start":{"line":1905,"column":48},"end":{"line":1905,"column":50}},"485":{"start":{"line":1906,"column":10},"end":{"line":1929,"column":null}},"486":{"start":{"line":1907,"column":12},"end":{"line":1928,"column":null}},"487":{"start":{"line":1911,"column":14},"end":{"line":1919,"column":16}},"488":{"start":{"line":1920,"column":19},"end":{"line":1928,"column":null}},"489":{"start":{"line":1921,"column":14},"end":{"line":1923,"column":27}},"490":{"start":{"line":1925,"column":14},"end":{"line":1927,"column":27}},"491":{"start":{"line":1932,"column":10},"end":{"line":1947,"column":null}},"492":{"start":{"line":1936,"column":12},"end":{"line":1939,"column":14}},"493":{"start":{"line":1943,"column":12},"end":{"line":1946,"column":14}},"494":{"start":{"line":1952,"column":2},"end":{"line":1952,"column":24}},"495":{"start":{"line":1970,"column":30},"end":{"line":1970,"column":32}},"496":{"start":{"line":1974,"column":27},"end":{"line":1974,"column":29}},"497":{"start":{"line":1977,"column":22},"end":{"line":1977,"column":24}},"498":{"start":{"line":1980,"column":26},"end":{"line":1980,"column":28}},"499":{"start":{"line":1984,"column":35},"end":{"line":1984,"column":37}},"500":{"start":{"line":1987,"column":51},"end":{"line":1987,"column":72}},"501":{"start":{"line":1998,"column":2},"end":{"line":2249,"column":5}},"502":{"start":{"line":2002,"column":6},"end":{"line":2008,"column":null}},"503":{"start":{"line":2003,"column":8},"end":{"line":2007,"column":null}},"504":{"start":{"line":2004,"column":10},"end":{"line":2004,"column":40}},"505":{"start":{"line":2006,"column":10},"end":{"line":2006,"column":23}},"506":{"start":{"line":2015,"column":6},"end":{"line":2015,"column":37}},"507":{"start":{"line":2016,"column":6},"end":{"line":2020,"column":null}},"508":{"start":{"line":2017,"column":8},"end":{"line":2017,"column":38}},"509":{"start":{"line":2019,"column":8},"end":{"line":2019,"column":21}},"510":{"start":{"line":2026,"column":6},"end":{"line":2026,"column":34}},"511":{"start":{"line":2029,"column":23},"end":{"line":2029,"column":38}},"512":{"start":{"line":2032,"column":6},"end":{"line":2032,"column":27}},"513":{"start":{"line":2034,"column":6},"end":{"line":2046,"column":null}},"514":{"start":{"line":2034,"column":19},"end":{"line":2034,"column":20}},"515":{"start":{"line":2038,"column":8},"end":{"line":2045,"column":null}},"516":{"start":{"line":2040,"column":10},"end":{"line":2044,"column":19}},"517":{"start":{"line":2054,"column":8},"end":{"line":2058,"column":null}},"518":{"start":{"line":2055,"column":10},"end":{"line":2055,"column":40}},"519":{"start":{"line":2057,"column":10},"end":{"line":2057,"column":23}},"520":{"start":{"line":2061,"column":37},"end":{"line":2061,"column":39}},"521":{"start":{"line":2065,"column":35},"end":{"line":2067,"column":10}},"522":{"start":{"line":2070,"column":8},"end":{"line":2122,"column":null}},"523":{"start":{"line":2071,"column":10},"end":{"line":2121,"column":13}},"524":{"start":{"line":2072,"column":24},"end":{"line":2072,"column":38}},"525":{"start":{"line":2075,"column":12},"end":{"line":2079,"column":null}},"526":{"start":{"line":2076,"column":14},"end":{"line":2076,"column":44}},"527":{"start":{"line":2078,"column":14},"end":{"line":2078,"column":27}},"528":{"start":{"line":2088,"column":12},"end":{"line":2096,"column":null}},"529":{"start":{"line":2093,"column":14},"end":{"line":2093,"column":44}},"530":{"start":{"line":2095,"column":14},"end":{"line":2095,"column":27}},"531":{"start":{"line":2100,"column":12},"end":{"line":2103,"column":null}},"532":{"start":{"line":2102,"column":14},"end":{"line":2102,"column":72}},"533":{"start":{"line":2107,"column":12},"end":{"line":2120,"column":null}},"534":{"start":{"line":2108,"column":14},"end":{"line":2108,"column":71}},"535":{"start":{"line":2109,"column":19},"end":{"line":2120,"column":null}},"536":{"start":{"line":2119,"column":14},"end":{"line":2119,"column":71}},"537":{"start":{"line":2127,"column":34},"end":{"line":2129,"column":27}},"538":{"start":{"line":2132,"column":8},"end":{"line":2132,"column":54}},"539":{"start":{"line":2135,"column":8},"end":{"line":2135,"column":62}},"540":{"start":{"line":2138,"column":8},"end":{"line":2138,"column":73}},"541":{"start":{"line":2146,"column":8},"end":{"line":2148,"column":10}},"542":{"start":{"line":2150,"column":8},"end":{"line":2150,"column":30}},"543":{"start":{"line":2156,"column":8},"end":{"line":2156,"column":20}},"544":{"start":{"line":2181,"column":8},"end":{"line":2240,"column":null}},"545":{"start":{"line":2186,"column":49},"end":{"line":2186,"column":51}},"546":{"start":{"line":2194,"column":25},"end":{"line":2194,"column":30}},"547":{"start":{"line":2195,"column":10},"end":{"line":2210,"column":null}},"548":{"start":{"line":2196,"column":12},"end":{"line":2196,"column":65}},"549":{"start":{"line":2196,"column":49},"end":{"line":2196,"column":65}},"550":{"start":{"line":2205,"column":12},"end":{"line":2209,"column":52}},"551":{"start":{"line":2209,"column":14},"end":{"line":2209,"column":52}},"552":{"start":{"line":2213,"column":10},"end":{"line":2223,"column":null}},"553":{"start":{"line":2220,"column":12},"end":{"line":2220,"column":35}},"554":{"start":{"line":2222,"column":12},"end":{"line":2222,"column":25}},"555":{"start":{"line":2227,"column":28},"end":{"line":2229,"column":null}},"556":{"start":{"line":2232,"column":10},"end":{"line":2239,"column":12}},"557":{"start":{"line":2235,"column":14},"end":{"line":2235,"column":79}},"558":{"start":{"line":2235,"column":46},"end":{"line":2235,"column":79}},"559":{"start":{"line":2236,"column":14},"end":{"line":2236,"column":48}},"560":{"start":{"line":2246,"column":8},"end":{"line":2246,"column":20}},"561":{"start":{"line":2250,"column":2},"end":{"line":2250,"column":41}},"562":{"start":{"line":2263,"column":2},"end":{"line":2263,"column":43}},"563":{"start":{"line":2263,"column":27},"end":{"line":2263,"column":43}},"564":{"start":{"line":2266,"column":2},"end":{"line":2284,"column":null}},"565":{"start":{"line":2269,"column":4},"end":{"line":2276,"column":null}},"566":{"start":{"line":2272,"column":6},"end":{"line":2275,"column":8}},"567":{"start":{"line":2280,"column":4},"end":{"line":2283,"column":null}},"568":{"start":{"line":2281,"column":6},"end":{"line":2281,"column":48}},"569":{"start":{"line":2282,"column":6},"end":{"line":2282,"column":27}},"570":{"start":{"line":2287,"column":2},"end":{"line":2287,"column":18}},"571":{"start":{"line":2298,"column":39},"end":{"line":2298,"column":41}},"572":{"start":{"line":2300,"column":61},"end":{"line":2302,"column":17}},"573":{"start":{"line":2305,"column":4},"end":{"line":2307,"column":26}},"574":{"start":{"line":2308,"column":2},"end":{"line":2320,"column":null}},"575":{"start":{"line":2312,"column":4},"end":{"line":2315,"column":null}},"576":{"start":{"line":2313,"column":6},"end":{"line":2313,"column":24}},"577":{"start":{"line":2314,"column":6},"end":{"line":2314,"column":65}},"578":{"start":{"line":2316,"column":4},"end":{"line":2318,"column":null}},"579":{"start":{"line":2317,"column":6},"end":{"line":2317,"column":54}},"580":{"start":{"line":2319,"column":4},"end":{"line":2319,"column":41}},"581":{"start":{"line":2321,"column":2},"end":{"line":2321,"column":21}},"582":{"start":{"line":2332,"column":33},"end":{"line":2332,"column":35}},"583":{"start":{"line":2334,"column":55},"end":{"line":2336,"column":17}},"584":{"start":{"line":2339,"column":4},"end":{"line":2339,"column":79}},"585":{"start":{"line":2340,"column":2},"end":{"line":2352,"column":null}},"586":{"start":{"line":2344,"column":4},"end":{"line":2347,"column":null}},"587":{"start":{"line":2345,"column":6},"end":{"line":2345,"column":24}},"588":{"start":{"line":2346,"column":6},"end":{"line":2346,"column":60}},"589":{"start":{"line":2348,"column":4},"end":{"line":2350,"column":null}},"590":{"start":{"line":2349,"column":6},"end":{"line":2349,"column":49}},"591":{"start":{"line":2351,"column":4},"end":{"line":2351,"column":35}},"592":{"start":{"line":2353,"column":2},"end":{"line":2353,"column":18}},"593":{"start":{"line":2365,"column":35},"end":{"line":2365,"column":37}},"594":{"start":{"line":2366,"column":47},"end":{"line":2366,"column":67}},"595":{"start":{"line":2367,"column":33},"end":{"line":2382,"column":4}},"596":{"start":{"line":2384,"column":22},"end":{"line":2386,"column":null}},"597":{"start":{"line":2386,"column":6},"end":{"line":2386,"column":null}},"598":{"start":{"line":2389,"column":2},"end":{"line":2402,"column":null}},"599":{"start":{"line":2390,"column":40},"end":{"line":2390,"column":42}},"600":{"start":{"line":2391,"column":17},"end":{"line":2391,"column":40}},"601":{"start":{"line":2392,"column":4},"end":{"line":2392,"column":56}},"602":{"start":{"line":2392,"column":38},"end":{"line":2392,"column":56}},"603":{"start":{"line":2393,"column":4},"end":{"line":2399,"column":null}},"604":{"start":{"line":2394,"column":26},"end":{"line":2394,"column":44}},"605":{"start":{"line":2395,"column":28},"end":{"line":2397,"column":33}},"606":{"start":{"line":2398,"column":6},"end":{"line":2398,"column":29}},"607":{"start":{"line":2401,"column":4},"end":{"line":2401,"column":32}},"608":{"start":{"line":2403,"column":2},"end":{"line":2403,"column":19}},"609":{"start":{"line":2593,"column":2},"end":{"line":2601,"column":null}},"610":{"start":{"line":2594,"column":4},"end":{"line":2594,"column":27}},"611":{"start":{"line":2595,"column":4},"end":{"line":2595,"column":42}},"612":{"start":{"line":2596,"column":4},"end":{"line":2596,"column":11}},"613":{"start":{"line":2599,"column":7},"end":{"line":2601,"column":null}},"614":{"start":{"line":2600,"column":4},"end":{"line":2600,"column":35}},"615":{"start":{"line":2603,"column":3},"end":{"line":2603,"column":58}},"616":{"start":{"line":2606,"column":0},"end":{"line":2606,"column":32}}},"fnMap":{"0":{"name":"(anonymous_7)","decl":{"start":{"line":97,"column":2},"end":{"line":97,"column":14}},"loc":{"start":{"line":104,"column":23},"end":{"line":133,"column":3}}},"1":{"name":"(anonymous_8)","decl":{"start":{"line":130,"column":35},"end":{"line":130,"column":44}},"loc":{"start":{"line":130,"column":46},"end":{"line":132,"column":5}}},"2":{"name":"(anonymous_9)","decl":{"start":{"line":147,"column":8},"end":{"line":147,"column":19}},"loc":{"start":{"line":150,"column":22},"end":{"line":210,"column":null}}},"3":{"name":"(anonymous_11)","decl":{"start":{"line":183,"column":8},"end":{"line":183,"column":9}},"loc":{"start":{"line":183,"column":20},"end":{"line":183,"column":42}}},"4":{"name":"(anonymous_12)","decl":{"start":{"line":225,"column":8},"end":{"line":225,"column":13}},"loc":{"start":{"line":225,"column":61},"end":{"line":442,"column":null}}},"5":{"name":"(anonymous_14)","decl":{"start":{"line":258,"column":14},"end":{"line":258,"column":15}},"loc":{"start":{"line":258,"column":53},"end":{"line":261,"column":9}}},"6":{"name":"(anonymous_15)","decl":{"start":{"line":262,"column":15},"end":{"line":262,"column":16}},"loc":{"start":{"line":262,"column":38},"end":{"line":264,"column":9}}},"7":{"name":"(anonymous_16)","decl":{"start":{"line":272,"column":14},"end":{"line":272,"column":15}},"loc":{"start":{"line":272,"column":53},"end":{"line":275,"column":9}}},"8":{"name":"(anonymous_17)","decl":{"start":{"line":276,"column":15},"end":{"line":276,"column":16}},"loc":{"start":{"line":276,"column":38},"end":{"line":278,"column":9}}},"9":{"name":"(anonymous_18)","decl":{"start":{"line":293,"column":16},"end":{"line":293,"column":17}},"loc":{"start":{"line":293,"column":55},"end":{"line":297,"column":11}}},"10":{"name":"(anonymous_19)","decl":{"start":{"line":298,"column":17},"end":{"line":298,"column":18}},"loc":{"start":{"line":298,"column":40},"end":{"line":300,"column":11}}},"11":{"name":"(anonymous_20)","decl":{"start":{"line":333,"column":14},"end":{"line":333,"column":15}},"loc":{"start":{"line":333,"column":58},"end":{"line":347,"column":9}}},"12":{"name":"(anonymous_21)","decl":{"start":{"line":348,"column":15},"end":{"line":348,"column":16}},"loc":{"start":{"line":348,"column":38},"end":{"line":350,"column":9}}},"13":{"name":"(anonymous_22)","decl":{"start":{"line":390,"column":16},"end":{"line":390,"column":23}},"loc":{"start":{"line":390,"column":78},"end":{"line":429,"column":12}}},"14":{"name":"(anonymous_23)","decl":{"start":{"line":390,"column":78},"end":{"line":390,"column":null}},"loc":{"start":{"line":390,"column":78},"end":{"line":429,"column":11}}},"15":{"name":"(anonymous_24)","decl":{"start":{"line":430,"column":17},"end":{"line":430,"column":18}},"loc":{"start":{"line":430,"column":40},"end":{"line":432,"column":11}}},"16":{"name":"(anonymous_25)","decl":{"start":{"line":449,"column":8},"end":{"line":449,"column":20}},"loc":{"start":{"line":449,"column":32},"end":{"line":458,"column":null}}},"17":{"name":"(anonymous_27)","decl":{"start":{"line":470,"column":8},"end":{"line":470,"column":22}},"loc":{"start":{"line":475,"column":35},"end":{"line":694,"column":null}}},"18":{"name":"(anonymous_29)","decl":{"start":{"line":528,"column":39},"end":{"line":528,"column":40}},"loc":{"start":{"line":528,"column":71},"end":{"line":586,"column":13}}},"19":{"name":"(anonymous_30)","decl":{"start":{"line":561,"column":27},"end":{"line":561,"column":28}},"loc":{"start":{"line":561,"column":42},"end":{"line":561,"column":75}}},"20":{"name":"(anonymous_31)","decl":{"start":{"line":595,"column":41},"end":{"line":595,"column":42}},"loc":{"start":{"line":596,"column":18},"end":{"line":596,"column":67}}},"21":{"name":"(anonymous_32)","decl":{"start":{"line":610,"column":39},"end":{"line":610,"column":40}},"loc":{"start":{"line":611,"column":16},"end":{"line":611,"column":65}}},"22":{"name":"(anonymous_33)","decl":{"start":{"line":703,"column":2},"end":{"line":703,"column":17}},"loc":{"start":{"line":703,"column":42},"end":{"line":708,"column":3}}},"23":{"name":"(anonymous_34)","decl":{"start":{"line":715,"column":2},"end":{"line":715,"column":14}},"loc":{"start":{"line":715,"column":67},"end":{"line":721,"column":3}}},"24":{"name":"(anonymous_35)","decl":{"start":{"line":732,"column":8},"end":{"line":732,"column":29}},"loc":{"start":{"line":736,"column":51},"end":{"line":947,"column":null}}},"25":{"name":"(anonymous_37)","decl":{"start":{"line":765,"column":36},"end":{"line":765,"column":null}},"loc":{"start":{"line":767,"column":8},"end":{"line":790,"column":6}}},"26":{"name":"(anonymous_38)","decl":{"start":{"line":767,"column":8},"end":{"line":767,"column":null}},"loc":{"start":{"line":767,"column":8},"end":{"line":790,"column":5}}},"27":{"name":"(anonymous_39)","decl":{"start":{"line":778,"column":36},"end":{"line":778,"column":37}},"loc":{"start":{"line":778,"column":57},"end":{"line":786,"column":11}}},"28":{"name":"(anonymous_40)","decl":{"start":{"line":796,"column":32},"end":{"line":796,"column":41}},"loc":{"start":{"line":796,"column":43},"end":{"line":846,"column":6}}},"29":{"name":"(anonymous_41)","decl":{"start":{"line":796,"column":43},"end":{"line":796,"column":null}},"loc":{"start":{"line":796,"column":43},"end":{"line":846,"column":5}}},"30":{"name":"(anonymous_42)","decl":{"start":{"line":852,"column":32},"end":{"line":852,"column":41}},"loc":{"start":{"line":852,"column":43},"end":{"line":900,"column":6}}},"31":{"name":"(anonymous_43)","decl":{"start":{"line":852,"column":43},"end":{"line":852,"column":null}},"loc":{"start":{"line":852,"column":43},"end":{"line":900,"column":5}}},"32":{"name":"(anonymous_44)","decl":{"start":{"line":866,"column":36},"end":{"line":866,"column":43}},"loc":{"start":{"line":866,"column":55},"end":{"line":898,"column":10}}},"33":{"name":"(anonymous_45)","decl":{"start":{"line":866,"column":55},"end":{"line":866,"column":null}},"loc":{"start":{"line":866,"column":55},"end":{"line":898,"column":9}}},"34":{"name":"(anonymous_46)","decl":{"start":{"line":880,"column":14},"end":{"line":880,"column":15}},"loc":{"start":{"line":880,"column":32},"end":{"line":891,"column":15}}},"35":{"name":"(anonymous_47)","decl":{"start":{"line":953,"column":8},"end":{"line":953,"column":23}},"loc":{"start":{"line":953,"column":35},"end":{"line":959,"column":null}}},"36":{"name":"(anonymous_49)","decl":{"start":{"line":969,"column":2},"end":{"line":969,"column":12}},"loc":{"start":{"line":969,"column":60},"end":{"line":973,"column":3}}},"37":{"name":"(anonymous_50)","decl":{"start":{"line":990,"column":2},"end":{"line":990,"column":14}},"loc":{"start":{"line":995,"column":5},"end":{"line":1038,"column":3}}},"38":{"name":"(anonymous_51)","decl":{"start":{"line":1006,"column":23},"end":{"line":1006,"column":24}},"loc":{"start":{"line":1006,"column":58},"end":{"line":1013,"column":5}}},"39":{"name":"(anonymous_52)","decl":{"start":{"line":1046,"column":2},"end":{"line":1046,"column":19}},"loc":{"start":{"line":1046,"column":67},"end":{"line":1319,"column":3}}},"40":{"name":"(anonymous_53)","decl":{"start":{"line":1048,"column":23},"end":{"line":1048,"column":26}},"loc":{"start":{"line":1048,"column":28},"end":{"line":1313,"column":7}}},"41":{"name":"(anonymous_54)","decl":{"start":{"line":1052,"column":16},"end":{"line":1052,"column":17}},"loc":{"start":{"line":1052,"column":37},"end":{"line":1309,"column":11}}},"42":{"name":"(anonymous_55)","decl":{"start":{"line":1062,"column":26},"end":{"line":1062,"column":27}},"loc":{"start":{"line":1062,"column":36},"end":{"line":1062,"column":63}}},"43":{"name":"(anonymous_56)","decl":{"start":{"line":1069,"column":26},"end":{"line":1069,"column":27}},"loc":{"start":{"line":1069,"column":36},"end":{"line":1069,"column":64}}},"44":{"name":"(anonymous_57)","decl":{"start":{"line":1076,"column":26},"end":{"line":1076,"column":27}},"loc":{"start":{"line":1076,"column":36},"end":{"line":1076,"column":60}}},"45":{"name":"(anonymous_58)","decl":{"start":{"line":1083,"column":26},"end":{"line":1083,"column":27}},"loc":{"start":{"line":1083,"column":36},"end":{"line":1083,"column":52}}},"46":{"name":"(anonymous_59)","decl":{"start":{"line":1090,"column":26},"end":{"line":1090,"column":27}},"loc":{"start":{"line":1090,"column":36},"end":{"line":1090,"column":58}}},"47":{"name":"(anonymous_60)","decl":{"start":{"line":1104,"column":26},"end":{"line":1104,"column":27}},"loc":{"start":{"line":1104,"column":36},"end":{"line":1104,"column":67}}},"48":{"name":"(anonymous_61)","decl":{"start":{"line":1111,"column":26},"end":{"line":1111,"column":27}},"loc":{"start":{"line":1111,"column":36},"end":{"line":1111,"column":64}}},"49":{"name":"(anonymous_62)","decl":{"start":{"line":1125,"column":26},"end":{"line":1125,"column":27}},"loc":{"start":{"line":1125,"column":36},"end":{"line":1125,"column":61}}},"50":{"name":"(anonymous_63)","decl":{"start":{"line":1135,"column":26},"end":{"line":1135,"column":27}},"loc":{"start":{"line":1135,"column":36},"end":{"line":1135,"column":67}}},"51":{"name":"(anonymous_64)","decl":{"start":{"line":1142,"column":26},"end":{"line":1142,"column":27}},"loc":{"start":{"line":1142,"column":36},"end":{"line":1142,"column":69}}},"52":{"name":"(anonymous_65)","decl":{"start":{"line":1149,"column":26},"end":{"line":1149,"column":27}},"loc":{"start":{"line":1149,"column":36},"end":{"line":1149,"column":60}}},"53":{"name":"(anonymous_66)","decl":{"start":{"line":1163,"column":26},"end":{"line":1163,"column":27}},"loc":{"start":{"line":1163,"column":36},"end":{"line":1163,"column":65}}},"54":{"name":"(anonymous_67)","decl":{"start":{"line":1173,"column":26},"end":{"line":1173,"column":27}},"loc":{"start":{"line":1173,"column":36},"end":{"line":1173,"column":67}}},"55":{"name":"(anonymous_68)","decl":{"start":{"line":1180,"column":26},"end":{"line":1180,"column":27}},"loc":{"start":{"line":1180,"column":36},"end":{"line":1180,"column":72}}},"56":{"name":"(anonymous_69)","decl":{"start":{"line":1225,"column":26},"end":{"line":1225,"column":27}},"loc":{"start":{"line":1225,"column":36},"end":{"line":1225,"column":76}}},"57":{"name":"(anonymous_70)","decl":{"start":{"line":1232,"column":26},"end":{"line":1232,"column":27}},"loc":{"start":{"line":1232,"column":36},"end":{"line":1232,"column":74}}},"58":{"name":"(anonymous_71)","decl":{"start":{"line":1239,"column":26},"end":{"line":1239,"column":27}},"loc":{"start":{"line":1239,"column":36},"end":{"line":1239,"column":75}}},"59":{"name":"(anonymous_72)","decl":{"start":{"line":1274,"column":26},"end":{"line":1274,"column":27}},"loc":{"start":{"line":1274,"column":36},"end":{"line":1274,"column":69}}},"60":{"name":"(anonymous_73)","decl":{"start":{"line":1281,"column":26},"end":{"line":1281,"column":27}},"loc":{"start":{"line":1281,"column":36},"end":{"line":1281,"column":71}}},"61":{"name":"(anonymous_74)","decl":{"start":{"line":1288,"column":26},"end":{"line":1288,"column":27}},"loc":{"start":{"line":1288,"column":36},"end":{"line":1288,"column":74}}},"62":{"name":"(anonymous_75)","decl":{"start":{"line":1302,"column":26},"end":{"line":1302,"column":27}},"loc":{"start":{"line":1302,"column":36},"end":{"line":1302,"column":75}}},"63":{"name":"(anonymous_76)","decl":{"start":{"line":1310,"column":17},"end":{"line":1310,"column":18}},"loc":{"start":{"line":1310,"column":42},"end":{"line":1312,"column":11}}},"64":{"name":"(anonymous_77)","decl":{"start":{"line":1327,"column":2},"end":{"line":1327,"column":14}},"loc":{"start":{"line":1327,"column":62},"end":{"line":1337,"column":3}}},"65":{"name":"(anonymous_78)","decl":{"start":{"line":1330,"column":12},"end":{"line":1330,"column":13}},"loc":{"start":{"line":1330,"column":35},"end":{"line":1333,"column":7}}},"66":{"name":"(anonymous_79)","decl":{"start":{"line":1334,"column":13},"end":{"line":1334,"column":14}},"loc":{"start":{"line":1334,"column":38},"end":{"line":1336,"column":7}}},"67":{"name":"(anonymous_80)","decl":{"start":{"line":1345,"column":2},"end":{"line":1345,"column":16}},"loc":{"start":{"line":1345,"column":64},"end":{"line":1360,"column":3}}},"68":{"name":"(anonymous_81)","decl":{"start":{"line":1349,"column":14},"end":{"line":1349,"column":15}},"loc":{"start":{"line":1349,"column":46},"end":{"line":1352,"column":9}}},"69":{"name":"(anonymous_82)","decl":{"start":{"line":1353,"column":15},"end":{"line":1353,"column":16}},"loc":{"start":{"line":1353,"column":40},"end":{"line":1355,"column":9}}},"70":{"name":"(anonymous_83)","decl":{"start":{"line":1374,"column":2},"end":{"line":1374,"column":12}},"loc":{"start":{"line":1374,"column":60},"end":{"line":1437,"column":3}}},"71":{"name":"(anonymous_84)","decl":{"start":{"line":1411,"column":27},"end":{"line":1411,"column":28}},"loc":{"start":{"line":1411,"column":75},"end":{"line":1429,"column":5}}},"72":{"name":"(anonymous_85)","decl":{"start":{"line":1423,"column":33},"end":{"line":1423,"column":34}},"loc":{"start":{"line":1423,"column":41},"end":{"line":1428,"column":7}}},"73":{"name":"(anonymous_86)","decl":{"start":{"line":1447,"column":2},"end":{"line":1447,"column":11}},"loc":{"start":{"line":1447,"column":59},"end":{"line":1555,"column":3}}},"74":{"name":"(anonymous_87)","decl":{"start":{"line":1488,"column":26},"end":{"line":1488,"column":27}},"loc":{"start":{"line":1488,"column":56},"end":{"line":1512,"column":5}}},"75":{"name":"(anonymous_88)","decl":{"start":{"line":1501,"column":33},"end":{"line":1501,"column":34}},"loc":{"start":{"line":1501,"column":41},"end":{"line":1511,"column":7}}},"76":{"name":"(anonymous_89)","decl":{"start":{"line":1522,"column":31},"end":{"line":1522,"column":null}},"loc":{"start":{"line":1525,"column":14},"end":{"line":1547,"column":5}}},"77":{"name":"(anonymous_90)","decl":{"start":{"line":1538,"column":33},"end":{"line":1538,"column":34}},"loc":{"start":{"line":1538,"column":41},"end":{"line":1546,"column":7}}},"78":{"name":"createQueryStr","decl":{"start":{"line":1669,"column":9},"end":{"line":1669,"column":23}},"loc":{"start":{"line":1671,"column":23},"end":{"line":1745,"column":1}}},"79":{"name":"stringify","decl":{"start":{"line":1699,"column":11},"end":{"line":1699,"column":20}},"loc":{"start":{"line":1699,"column":40},"end":{"line":1721,"column":3}}},"80":{"name":"getArgs","decl":{"start":{"line":1723,"column":11},"end":{"line":1723,"column":18}},"loc":{"start":{"line":1723,"column":38},"end":{"line":1735,"column":3}}},"81":{"name":"(anonymous_94)","decl":{"start":{"line":1727,"column":39},"end":{"line":1727,"column":40}},"loc":{"start":{"line":1727,"column":47},"end":{"line":1731,"column":5}}},"82":{"name":"getAliasType","decl":{"start":{"line":1738,"column":11},"end":{"line":1738,"column":23}},"loc":{"start":{"line":1738,"column":43},"end":{"line":1740,"column":3}}},"83":{"name":"createQueryObj","decl":{"start":{"line":1753,"column":9},"end":{"line":1753,"column":23}},"loc":{"start":{"line":1753,"column":41},"end":{"line":1810,"column":1}}},"84":{"name":"reducer","decl":{"start":{"line":1771,"column":11},"end":{"line":1771,"column":18}},"loc":{"start":{"line":1771,"column":39},"end":{"line":1808,"column":3}}},"85":{"name":"joinResponses","decl":{"start":{"line":1820,"column":9},"end":{"line":1820,"column":22}},"loc":{"start":{"line":1824,"column":19},"end":{"line":1953,"column":1}}},"86":{"name":"parseAST","decl":{"start":{"line":1963,"column":9},"end":{"line":1963,"column":17}},"loc":{"start":{"line":1965,"column":52},"end":{"line":2251,"column":1}}},"87":{"name":"(anonymous_100)","decl":{"start":{"line":2000,"column":4},"end":{"line":2000,"column":9}},"loc":{"start":{"line":2000,"column":23},"end":{"line":2009,"column":5}}},"88":{"name":"(anonymous_101)","decl":{"start":{"line":2013,"column":4},"end":{"line":2013,"column":23}},"loc":{"start":{"line":2013,"column":53},"end":{"line":2021,"column":5}}},"89":{"name":"(anonymous_102)","decl":{"start":{"line":2024,"column":4},"end":{"line":2024,"column":22}},"loc":{"start":{"line":2024,"column":51},"end":{"line":2047,"column":5}}},"90":{"name":"(anonymous_103)","decl":{"start":{"line":2051,"column":6},"end":{"line":2051,"column":11}},"loc":{"start":{"line":2051,"column":27},"end":{"line":2151,"column":7}}},"91":{"name":"(anonymous_104)","decl":{"start":{"line":2071,"column":33},"end":{"line":2071,"column":34}},"loc":{"start":{"line":2071,"column":55},"end":{"line":2121,"column":11}}},"92":{"name":"(anonymous_105)","decl":{"start":{"line":2154,"column":6},"end":{"line":2154,"column":11}},"loc":{"start":{"line":2154,"column":11},"end":{"line":2157,"column":7}}},"93":{"name":"(anonymous_106)","decl":{"start":{"line":2164,"column":6},"end":{"line":2164,"column":11}},"loc":{"start":{"line":2171,"column":60},"end":{"line":2241,"column":7}}},"94":{"name":"(anonymous_107)","decl":{"start":{"line":2233,"column":12},"end":{"line":2233,"column":13}},"loc":{"start":{"line":2233,"column":78},"end":{"line":2237,"column":13}}},"95":{"name":"(anonymous_108)","decl":{"start":{"line":2244,"column":6},"end":{"line":2244,"column":11}},"loc":{"start":{"line":2244,"column":11},"end":{"line":2247,"column":7}}},"96":{"name":"updateProtoWithFragment","decl":{"start":{"line":2258,"column":9},"end":{"line":2258,"column":32}},"loc":{"start":{"line":2260,"column":18},"end":{"line":2288,"column":1}}},"97":{"name":"getMutationMap","decl":{"start":{"line":2297,"column":9},"end":{"line":2297,"column":23}},"loc":{"start":{"line":2297,"column":45},"end":{"line":2322,"column":1}}},"98":{"name":"getQueryMap","decl":{"start":{"line":2331,"column":9},"end":{"line":2331,"column":20}},"loc":{"start":{"line":2331,"column":42},"end":{"line":2354,"column":1}}},"99":{"name":"getFieldsMap","decl":{"start":{"line":2364,"column":9},"end":{"line":2364,"column":21}},"loc":{"start":{"line":2364,"column":43},"end":{"line":2404,"column":1}}},"100":{"name":"(anonymous_113)","decl":{"start":{"line":2385,"column":4},"end":{"line":2385,"column":5}},"loc":{"start":{"line":2385,"column":13},"end":{"line":2386,"column":null}}},"101":{"name":"updateIdCache","decl":{"start":{"line":2583,"column":9},"end":{"line":2583,"column":22}},"loc":{"start":{"line":2586,"column":18},"end":{"line":2604,"column":1}}}},"branchMap":{"0":{"loc":{"start":{"line":99,"column":4},"end":{"line":99,"column":29}},"type":"default-arg","locations":[{"start":{"line":99,"column":22},"end":{"line":99,"column":29}}]},"1":{"loc":{"start":{"line":100,"column":4},"end":{"line":100,"column":38}},"type":"default-arg","locations":[{"start":{"line":100,"column":21},"end":{"line":100,"column":38}}]},"2":{"loc":{"start":{"line":154,"column":6},"end":{"line":154,"column":64}},"type":"cond-expr","locations":[{"start":{"line":154,"column":34},"end":{"line":154,"column":38}},{"start":{"line":154,"column":38},"end":{"line":154,"column":64}}]},"3":{"loc":{"start":{"line":154,"column":6},"end":{"line":154,"column":38}},"type":"binary-expr","locations":[{"start":{"line":154,"column":6},"end":{"line":154,"column":38}},{"start":{"line":154,"column":34},"end":{"line":154,"column":38}}]},"4":{"loc":{"start":{"line":154,"column":6},"end":{"line":154,"column":34}},"type":"cond-expr","locations":[{"start":{"line":154,"column":26},"end":{"line":154,"column":28}},{"start":{"line":154,"column":26},"end":{"line":154,"column":34}}]},"5":{"loc":{"start":{"line":154,"column":6},"end":{"line":154,"column":28}},"type":"binary-expr","locations":[{"start":{"line":154,"column":6},"end":{"line":154,"column":28}},{"start":{"line":154,"column":26},"end":{"line":154,"column":28}}]},"6":{"loc":{"start":{"line":163,"column":4},"end":{"line":168,"column":null}},"type":"if","locations":[{"start":{"line":163,"column":4},"end":{"line":168,"column":null}}]},"7":{"loc":{"start":{"line":188,"column":40},"end":{"line":188,"column":63}},"type":"cond-expr","locations":[{"start":{"line":188,"column":56},"end":{"line":188,"column":60}},{"start":{"line":188,"column":60},"end":{"line":188,"column":63}}]},"8":{"loc":{"start":{"line":188,"column":40},"end":{"line":188,"column":60}},"type":"binary-expr","locations":[{"start":{"line":188,"column":40},"end":{"line":188,"column":60}},{"start":{"line":188,"column":56},"end":{"line":188,"column":60}}]},"9":{"loc":{"start":{"line":192,"column":6},"end":{"line":197,"column":null}},"type":"if","locations":[{"start":{"line":192,"column":6},"end":{"line":197,"column":null}}]},"10":{"loc":{"start":{"line":227,"column":4},"end":{"line":229,"column":null}},"type":"if","locations":[{"start":{"line":227,"column":4},"end":{"line":229,"column":null}}]},"11":{"loc":{"start":{"line":236,"column":30},"end":{"line":238,"column":26}},"type":"cond-expr","locations":[{"start":{"line":237,"column":8},"end":{"line":237,"column":22}},{"start":{"line":238,"column":8},"end":{"line":238,"column":26}}]},"12":{"loc":{"start":{"line":247,"column":6},"end":{"line":247,"column":43}},"type":"cond-expr","locations":[{"start":{"line":247,"column":26},"end":{"line":247,"column":30}},{"start":{"line":247,"column":30},"end":{"line":247,"column":43}}]},"13":{"loc":{"start":{"line":247,"column":6},"end":{"line":247,"column":30}},"type":"binary-expr","locations":[{"start":{"line":247,"column":6},"end":{"line":247,"column":30}},{"start":{"line":247,"column":26},"end":{"line":247,"column":30}}]},"14":{"loc":{"start":{"line":256,"column":4},"end":{"line":441,"column":null}},"type":"if","locations":[{"start":{"line":256,"column":4},"end":{"line":441,"column":null}},{"start":{"line":270,"column":11},"end":{"line":441,"column":null}}]},"15":{"loc":{"start":{"line":270,"column":11},"end":{"line":441,"column":null}},"type":"if","locations":[{"start":{"line":270,"column":11},"end":{"line":441,"column":null}},{"start":{"line":305,"column":11},"end":{"line":441,"column":null}}]},"16":{"loc":{"start":{"line":286,"column":6},"end":{"line":301,"column":null}},"type":"if","locations":[{"start":{"line":286,"column":6},"end":{"line":301,"column":null}},{"start":{"line":290,"column":13},"end":{"line":301,"column":null}}]},"17":{"loc":{"start":{"line":305,"column":11},"end":{"line":441,"column":null}},"type":"if","locations":[{"start":{"line":305,"column":11},"end":{"line":441,"column":null}},{"start":{"line":351,"column":11},"end":{"line":441,"column":null}}]},"18":{"loc":{"start":{"line":322,"column":8},"end":{"line":327,"column":null}},"type":"if","locations":[{"start":{"line":322,"column":8},"end":{"line":327,"column":null}}]},"19":{"loc":{"start":{"line":338,"column":10},"end":{"line":345,"column":null}},"type":"if","locations":[{"start":{"line":338,"column":10},"end":{"line":345,"column":null}}]},"20":{"loc":{"start":{"line":357,"column":8},"end":{"line":359,"column":17}},"type":"cond-expr","locations":[{"start":{"line":358,"column":12},"end":{"line":358,"column":49}},{"start":{"line":359,"column":12},"end":{"line":359,"column":17}}]},"21":{"loc":{"start":{"line":380,"column":6},"end":{"line":440,"column":null}},"type":"if","locations":[{"start":{"line":380,"column":6},"end":{"line":440,"column":null}},{"start":{"line":433,"column":13},"end":{"line":440,"column":null}}]},"22":{"loc":{"start":{"line":400,"column":14},"end":{"line":402,"column":null}},"type":"if","locations":[{"start":{"line":400,"column":14},"end":{"line":402,"column":null}}]},"23":{"loc":{"start":{"line":408,"column":29},"end":{"line":414,"column":32}},"type":"cond-expr","locations":[{"start":{"line":409,"column":16},"end":{"line":412,"column":null}},{"start":{"line":414,"column":16},"end":{"line":414,"column":32}}]},"24":{"loc":{"start":{"line":451,"column":6},"end":{"line":451,"column":63}},"type":"if","locations":[{"start":{"line":451,"column":6},"end":{"line":451,"column":63}}]},"25":{"loc":{"start":{"line":451,"column":10},"end":{"line":451,"column":54}},"type":"binary-expr","locations":[{"start":{"line":451,"column":10},"end":{"line":451,"column":33}},{"start":{"line":451,"column":37},"end":{"line":451,"column":54}}]},"26":{"loc":{"start":{"line":473,"column":4},"end":{"line":473,"column":41}},"type":"default-arg","locations":[{"start":{"line":473,"column":39},"end":{"line":473,"column":41}}]},"27":{"loc":{"start":{"line":474,"column":4},"end":{"line":474,"column":19}},"type":"default-arg","locations":[{"start":{"line":474,"column":15},"end":{"line":474,"column":19}}]},"28":{"loc":{"start":{"line":475,"column":4},"end":{"line":475,"column":35}},"type":"default-arg","locations":[{"start":{"line":475,"column":30},"end":{"line":475,"column":35}}]},"29":{"loc":{"start":{"line":479,"column":6},"end":{"line":513,"column":null}},"type":"if","locations":[{"start":{"line":479,"column":6},"end":{"line":513,"column":null}}]},"30":{"loc":{"start":{"line":484,"column":8},"end":{"line":486,"column":null}},"type":"if","locations":[{"start":{"line":484,"column":8},"end":{"line":486,"column":null}}]},"31":{"loc":{"start":{"line":489,"column":8},"end":{"line":495,"column":null}},"type":"if","locations":[{"start":{"line":489,"column":8},"end":{"line":495,"column":null}},{"start":{"line":491,"column":15},"end":{"line":495,"column":null}}]},"32":{"loc":{"start":{"line":489,"column":12},"end":{"line":489,"column":56}},"type":"cond-expr","locations":[{"start":{"line":489,"column":48},"end":{"line":489,"column":50}},{"start":{"line":489,"column":48},"end":{"line":489,"column":56}}]},"33":{"loc":{"start":{"line":489,"column":12},"end":{"line":489,"column":50}},"type":"binary-expr","locations":[{"start":{"line":489,"column":12},"end":{"line":489,"column":50}},{"start":{"line":489,"column":48},"end":{"line":489,"column":50}}]},"34":{"loc":{"start":{"line":493,"column":12},"end":{"line":493,"column":66}},"type":"cond-expr","locations":[{"start":{"line":493,"column":48},"end":{"line":493,"column":50}},{"start":{"line":493,"column":48},"end":{"line":493,"column":66}}]},"35":{"loc":{"start":{"line":493,"column":12},"end":{"line":493,"column":50}},"type":"binary-expr","locations":[{"start":{"line":493,"column":12},"end":{"line":493,"column":50}},{"start":{"line":493,"column":48},"end":{"line":493,"column":50}}]},"36":{"loc":{"start":{"line":497,"column":8},"end":{"line":499,"column":null}},"type":"if","locations":[{"start":{"line":497,"column":8},"end":{"line":499,"column":null}}]},"37":{"loc":{"start":{"line":497,"column":12},"end":{"line":497,"column":77}},"type":"binary-expr","locations":[{"start":{"line":497,"column":12},"end":{"line":497,"column":38}},{"start":{"line":497,"column":42},"end":{"line":497,"column":77}}]},"38":{"loc":{"start":{"line":503,"column":8},"end":{"line":508,"column":null}},"type":"if","locations":[{"start":{"line":503,"column":8},"end":{"line":508,"column":null}}]},"39":{"loc":{"start":{"line":504,"column":10},"end":{"line":505,"column":49}},"type":"binary-expr","locations":[{"start":{"line":504,"column":10},"end":{"line":504,"column":36}},{"start":{"line":505,"column":10},"end":{"line":505,"column":49}}]},"40":{"loc":{"start":{"line":512,"column":33},"end":{"line":512,"column":79}},"type":"cond-expr","locations":[{"start":{"line":512,"column":49},"end":{"line":512,"column":74}},{"start":{"line":512,"column":77},"end":{"line":512,"column":79}}]},"41":{"loc":{"start":{"line":516,"column":6},"end":{"line":690,"column":null}},"type":"if","locations":[{"start":{"line":516,"column":6},"end":{"line":690,"column":null}},{"start":{"line":622,"column":11},"end":{"line":690,"column":null}}]},"42":{"loc":{"start":{"line":522,"column":10},"end":{"line":616,"column":null}},"type":"if","locations":[{"start":{"line":522,"column":10},"end":{"line":616,"column":null}}]},"43":{"loc":{"start":{"line":531,"column":14},"end":{"line":585,"column":null}},"type":"if","locations":[{"start":{"line":531,"column":14},"end":{"line":585,"column":null}},{"start":{"line":575,"column":19},"end":{"line":585,"column":null}}]},"44":{"loc":{"start":{"line":537,"column":18},"end":{"line":570,"column":null}},"type":"if","locations":[{"start":{"line":537,"column":18},"end":{"line":570,"column":null}},{"start":{"line":547,"column":23},"end":{"line":570,"column":null}}]},"45":{"loc":{"start":{"line":538,"column":20},"end":{"line":542,"column":44}},"type":"binary-expr","locations":[{"start":{"line":538,"column":20},"end":{"line":540,"column":null}},{"start":{"line":542,"column":20},"end":{"line":542,"column":44}}]},"46":{"loc":{"start":{"line":547,"column":23},"end":{"line":570,"column":null}},"type":"if","locations":[{"start":{"line":547,"column":23},"end":{"line":570,"column":null}},{"start":{"line":564,"column":23},"end":{"line":570,"column":null}}]},"47":{"loc":{"start":{"line":548,"column":20},"end":{"line":550,"column":30}},"type":"binary-expr","locations":[{"start":{"line":548,"column":20},"end":{"line":548,"column":44}},{"start":{"line":549,"column":20},"end":{"line":550,"column":30}}]},"48":{"loc":{"start":{"line":564,"column":23},"end":{"line":570,"column":null}},"type":"if","locations":[{"start":{"line":564,"column":23},"end":{"line":570,"column":null}}]},"49":{"loc":{"start":{"line":565,"column":20},"end":{"line":567,"column":30}},"type":"binary-expr","locations":[{"start":{"line":565,"column":20},"end":{"line":565,"column":44}},{"start":{"line":566,"column":20},"end":{"line":567,"column":30}}]},"50":{"loc":{"start":{"line":577,"column":18},"end":{"line":583,"column":null}},"type":"if","locations":[{"start":{"line":577,"column":18},"end":{"line":583,"column":null}}]},"51":{"loc":{"start":{"line":578,"column":20},"end":{"line":580,"column":30}},"type":"binary-expr","locations":[{"start":{"line":578,"column":20},"end":{"line":578,"column":44}},{"start":{"line":579,"column":20},"end":{"line":580,"column":30}}]},"52":{"loc":{"start":{"line":592,"column":12},"end":{"line":602,"column":null}},"type":"if","locations":[{"start":{"line":592,"column":12},"end":{"line":602,"column":null}}]},"53":{"loc":{"start":{"line":592,"column":16},"end":{"line":592,"column":60}},"type":"binary-expr","locations":[{"start":{"line":592,"column":16},"end":{"line":592,"column":23}},{"start":{"line":592,"column":27},"end":{"line":592,"column":60}}]},"54":{"loc":{"start":{"line":622,"column":11},"end":{"line":690,"column":null}},"type":"if","locations":[{"start":{"line":622,"column":11},"end":{"line":690,"column":null}},{"start":{"line":654,"column":11},"end":{"line":690,"column":null}}]},"55":{"loc":{"start":{"line":624,"column":8},"end":{"line":632,"column":null}},"type":"if","locations":[{"start":{"line":624,"column":8},"end":{"line":632,"column":null}}]},"56":{"loc":{"start":{"line":625,"column":10},"end":{"line":629,"column":27}},"type":"binary-expr","locations":[{"start":{"line":625,"column":11},"end":{"line":625,"column":33}},{"start":{"line":626,"column":12},"end":{"line":626,"column":73}},{"start":{"line":627,"column":10},"end":{"line":627,"column":48}},{"start":{"line":628,"column":10},"end":{"line":628,"column":33}},{"start":{"line":629,"column":10},"end":{"line":629,"column":27}}]},"57":{"loc":{"start":{"line":634,"column":8},"end":{"line":651,"column":null}},"type":"if","locations":[{"start":{"line":634,"column":8},"end":{"line":651,"column":null}}]},"58":{"loc":{"start":{"line":635,"column":10},"end":{"line":638,"column":48}},"type":"binary-expr","locations":[{"start":{"line":635,"column":10},"end":{"line":635,"column":50}},{"start":{"line":636,"column":10},"end":{"line":636,"column":43}},{"start":{"line":637,"column":10},"end":{"line":637,"column":33}},{"start":{"line":638,"column":10},"end":{"line":638,"column":48}}]},"59":{"loc":{"start":{"line":644,"column":10},"end":{"line":644,"column":80}},"type":"if","locations":[{"start":{"line":644,"column":10},"end":{"line":644,"column":80}}]},"60":{"loc":{"start":{"line":657,"column":10},"end":{"line":667,"column":null}},"type":"if","locations":[{"start":{"line":657,"column":10},"end":{"line":667,"column":null}}]},"61":{"loc":{"start":{"line":658,"column":12},"end":{"line":664,"column":75}},"type":"binary-expr","locations":[{"start":{"line":658,"column":12},"end":{"line":658,"column":34}},{"start":{"line":659,"column":12},"end":{"line":661,"column":null}},{"start":{"line":663,"column":12},"end":{"line":663,"column":33}},{"start":{"line":664,"column":12},"end":{"line":664,"column":75}}]},"62":{"loc":{"start":{"line":670,"column":10},"end":{"line":688,"column":null}},"type":"if","locations":[{"start":{"line":670,"column":10},"end":{"line":688,"column":null}},{"start":{"line":682,"column":15},"end":{"line":688,"column":null}}]},"63":{"loc":{"start":{"line":671,"column":12},"end":{"line":672,"column":75}},"type":"binary-expr","locations":[{"start":{"line":671,"column":12},"end":{"line":671,"column":33}},{"start":{"line":672,"column":12},"end":{"line":672,"column":75}}]},"64":{"loc":{"start":{"line":677,"column":14},"end":{"line":677,"column":49}},"type":"binary-expr","locations":[{"start":{"line":677,"column":14},"end":{"line":677,"column":43}},{"start":{"line":677,"column":47},"end":{"line":677,"column":49}}]},"65":{"loc":{"start":{"line":682,"column":15},"end":{"line":688,"column":null}},"type":"if","locations":[{"start":{"line":682,"column":15},"end":{"line":688,"column":null}}]},"66":{"loc":{"start":{"line":683,"column":12},"end":{"line":685,"column":75}},"type":"binary-expr","locations":[{"start":{"line":683,"column":12},"end":{"line":683,"column":35}},{"start":{"line":684,"column":12},"end":{"line":684,"column":33}},{"start":{"line":685,"column":12},"end":{"line":685,"column":75}}]},"67":{"loc":{"start":{"line":704,"column":28},"end":{"line":706,"column":37}},"type":"cond-expr","locations":[{"start":{"line":705,"column":8},"end":{"line":705,"column":50}},{"start":{"line":706,"column":9},"end":{"line":706,"column":37}}]},"68":{"loc":{"start":{"line":717,"column":4},"end":{"line":720,"column":null}},"type":"if","locations":[{"start":{"line":717,"column":4},"end":{"line":720,"column":null}}]},"69":{"loc":{"start":{"line":741,"column":4},"end":{"line":748,"column":null}},"type":"if","locations":[{"start":{"line":741,"column":4},"end":{"line":748,"column":null}}]},"70":{"loc":{"start":{"line":746,"column":17},"end":{"line":746,"column":77}},"type":"cond-expr","locations":[{"start":{"line":746,"column":63},"end":{"line":746,"column":65}},{"start":{"line":746,"column":63},"end":{"line":746,"column":77}}]},"71":{"loc":{"start":{"line":746,"column":17},"end":{"line":746,"column":65}},"type":"binary-expr","locations":[{"start":{"line":746,"column":17},"end":{"line":746,"column":65}},{"start":{"line":746,"column":63},"end":{"line":746,"column":65}}]},"72":{"loc":{"start":{"line":755,"column":6},"end":{"line":758,"column":null}},"type":"if","locations":[{"start":{"line":755,"column":6},"end":{"line":758,"column":null}}]},"73":{"loc":{"start":{"line":768,"column":6},"end":{"line":789,"column":null}},"type":"if","locations":[{"start":{"line":768,"column":6},"end":{"line":789,"column":null}}]},"74":{"loc":{"start":{"line":770,"column":8},"end":{"line":788,"column":null}},"type":"if","locations":[{"start":{"line":770,"column":8},"end":{"line":788,"column":null}}]
[...]
}},"36":{"start":{"line":220,"column":23},"end":{"line":220,"column":40}},"37":{"start":{"line":222,"column":24},"end":{"line":225,"column":9}},"38":{"start":{"line":226,"column":8},"end":{"line":226,"column":31}},"39":{"start":{"line":237,"column":28},"end":{"line":240,"column":9}},"40":{"start":{"line":241,"column":8},"end":{"line":241,"column":35}},"41":{"start":{"line":251,"column":29},"end":{"line":254,"column":9}},"42":{"start":{"line":255,"column":8},"end":{"line":255,"column":36}},"43":{"start":{"line":263,"column":24},"end":{"line":263,"column":60}},"44":{"start":{"line":264,"column":8},"end":{"line":264,"column":23}},"45":{"start":{"line":271,"column":25},"end":{"line":271,"column":62}},"46":{"start":{"line":272,"column":8},"end":{"line":274,"column":9}},"47":{"start":{"line":273,"column":10},"end":{"line":273,"column":50}},"48":{"start":{"line":281,"column":0},"end":{"line":285,"column":3}}},"fnMap":{"0":{"name":"(anonymous_0)","decl":{"start":{"line":29,"column":10},"end":{"line":29,"column":11}},"loc":{"start":{"line":29,"column":17},"end":{"line":44,"column":3}},"line":29},"1":{"name":"(anonymous_1)","decl":{"start":{"line":34,"column":6},"end":{"line":34,"column":7}},"loc":{"start":{"line":34,"column":34},"end":{"line":42,"column":7}},"line":34},"2":{"name":"(anonymous_2)","decl":{"start":{"line":49,"column":10},"end":{"line":49,"column":11}},"loc":{"start":{"line":49,"column":17},"end":{"line":54,"column":3}},"line":49},"3":{"name":"(anonymous_3)","decl":{"start":{"line":59,"column":10},"end":{"line":59,"column":11}},"loc":{"start":{"line":59,"column":17},"end":{"line":74,"column":3}},"line":59},"4":{"name":"(anonymous_4)","decl":{"start":{"line":65,"column":6},"end":{"line":65,"column":7}},"loc":{"start":{"line":65,"column":34},"end":{"line":72,"column":7}},"line":65},"5":{"name":"(anonymous_5)","decl":{"start":{"line":79,"column":10},"end":{"line":79,"column":11}},"loc":{"start":{"line":79,"column":17},"end":{"line":84,"column":3}},"line":79},"6":{"name":"(anonymous_6)","decl":{"start":{"line":100,"column":6},"end":{"line":100,"column":7}},"loc":{"start":{"line":100,"column":34},"end":{"line":108,"column":7}},"line":100},"7":{"name":"(anonymous_7)","decl":{"start":{"line":113,"column":6},"end":{"line":113,"column":7}},"loc":{"start":{"line":113,"column":34},"end":{"line":119,"column":7}},"line":113},"8":{"name":"(anonymous_8)","decl":{"start":{"line":125,"column":6},"end":{"line":125,"column":7}},"loc":{"start":{"line":125,"column":34},"end":{"line":133,"column":7}},"line":125},"9":{"name":"(anonymous_9)","decl":{"start":{"line":139,"column":6},"end":{"line":139,"column":7}},"loc":{"start":{"line":139,"column":34},"end":{"line":147,"column":7}},"line":139},"10":{"name":"(anonymous_10)","decl":{"start":{"line":152,"column":6},"end":{"line":152,"column":7}},"loc":{"start":{"line":152,"column":34},"end":{"line":157,"column":7}},"line":152},"11":{"name":"(anonymous_11)","decl":{"start":{"line":162,"column":6},"end":{"line":162,"column":7}},"loc":{"start":{"line":162,"column":34},"end":{"line":165,"column":7}},"line":162},"12":{"name":"(anonymous_12)","decl":{"start":{"line":171,"column":6},"end":{"line":171,"column":7}},"loc":{"start":{"line":171,"column":34},"end":{"line":176,"column":7}},"line":171},"13":{"name":"(anonymous_13)","decl":{"start":{"line":181,"column":6},"end":{"line":181,"column":7}},"loc":{"start":{"line":181,"column":34},"end":{"line":186,"column":7}},"line":181},"14":{"name":"(anonymous_14)","decl":{"start":{"line":192,"column":6},"end":{"line":192,"column":7}},"loc":{"start":{"line":192,"column":34},"end":{"line":199,"column":7}},"line":192},"15":{"name":"(anonymous_15)","decl":{"start":{"line":219,"column":6},"end":{"line":219,"column":7}},"loc":{"start":{"line":219,"column":34},"end":{"line":227,"column":7}},"line":219},"16":{"name":"(anonymous_16)","decl":{"start":{"line":236,"column":6},"end":{"line":236,"column":7}},"loc":{"start":{"line":236,"column":34},"end":{"line":242,"column":7}},"line":236},"17":{"name":"(anonymous_17)","decl":{"start":{"line":250,"column":6},"end":{"line":250,"column":7}},"loc":{"start":{"line":250,"column":34},"end":{"line":256,"column":7}},"line":250},"18":{"name":"(anonymous_18)","decl":{"start":{"line":262,"column":6},"end":{"line":262,"column":7}},"loc":{"start":{"line":262,"column":34},"end":{"line":265,"column":7}},"line":262},"19":{"name":"(anonymous_19)","decl":{"start":{"line":270,"column":6},"end":{"line":270,"column":7}},"loc":{"start":{"line":270,"column":34},"end":{"line":275,"column":7}},"line":270}},"branchMap":{"0":{"loc":{"start":{"line":5,"column":2},"end":{"line":7,"column":15}},"type":"cond-expr","locations":[{"start":{"line":6,"column":6},"end":{"line":6,"column":50}},{"start":{"line":7,"column":6},"end":{"line":7,"column":15}}],"line":5},"1":{"loc":{"start":{"line":220,"column":23},"end":{"line":220,"column":40}},"type":"binary-expr","locations":[{"start":{"line":220,"column":23},"end":{"line":220,"column":34}},{"start":{"line":220,"column":38},"end":{"line":220,"column":40}}],"line":220},"2":{"loc":{"start":{"line":272,"column":8},"end":{"line":274,"column":9}},"type":"if","locations":[{"start":{"line":272,"column":8},"end":{"line":274,"column":9}},{"start":{},"end":{}}],"line":272}},"s":{"0":3,"1":3,"2":3,"3":3,"4":3,"5":3,"6":0,"7":0,"8":3,"9":3,"10":3,"11":3,"12":0,"13":0,"14":3,"15":3,"16":3,"17":0,"18":0,"19":0,"20":0,"21":0,"22":0,"23":0,"24":0,"25":0,"26":0,"27":0,"28":0,"29":0,"30":0,"31":0,"32":0,"33":0,"34":0,"35":3,"36":0,"37":0,"38":0,"39":0,"40":0,"41":0,"42":0,"43":0,"44":0,"45":0,"46":0,"47":0,"48":3},"f":{"0":3,"1":0,"2":3,"3":3,"4":0,"5":3,"6":0,"7":0,"8":0,"9":0,"10":0,"11":0,"12":0,"13":0,"14":0,"15":0,"16":0,"17":0,"18":0,"19":0},"b":{"0":[0,3],"1":[0,0],"2":[0,0]},"inputSourceMap":null,"_coverageSchema":"1a1c01bbd47fc00a2c39e90264f33305004495a9","hash":"7da0f2a88219db9c01601c848c32c3834f1829d1"}
,"/Users/angelo/Desktop/Codesmith/Quell-7.0/quell-server/test-config/testSchemaWithoutFields.js": {"path":"/Users/angelo/Desktop/Codesmith/Quell-7.0/quell-server/test-config/testSchemaWithoutFields.js","statementMap":{"0":{"start":{"line":1,"column":11},"end":{"line":1,"column":38}},"1":{"start":{"line":2,"column":16},"end":{"line":2,"column":39}},"2":{"start":{"line":5,"column":2},"end":{"line":7,"column":15}},"3":{"start":{"line":17,"column":4},"end":{"line":17,"column":30}},"4":{"start":{"line":27,"column":22},"end":{"line":30,"column":2}},"5":{"start":{"line":29,"column":17},"end":{"line":29,"column":19}},"6":{"start":{"line":32,"column":17},"end":{"line":35,"column":2}},"7":{"start":{"line":34,"column":17},"end":{"line":34,"column":19}},"8":{"start":{"line":37,"column":20},"end":{"line":40,"column":2}},"9":{"start":{"line":39,"column":17},"end":{"line":39,"column":19}},"10":{"start":{"line":42,"column":17},"end":{"line":45,"column":2}},"11":{"start":{"line":44,"column":17},"end":{"line":44,"column":19}},"12":{"start":{"line":53,"column":18},"end":{"line":56,"column":2}},"13":{"start":{"line":62,"column":21},"end":{"line":65,"column":2}},"14":{"start":{"line":68,"column":0},"end":{"line":72,"column":3}}},"fnMap":{"0":{"name":"(anonymous_0)","decl":{"start":{"line":29,"column":10},"end":{"line":29,"column":11}},"loc":{"start":{"line":29,"column":17},"end":{"line":29,"column":19}},"line":29},"1":{"name":"(anonymous_1)","decl":{"start":{"line":34,"column":10},"end":{"line":34,"column":11}},"loc":{"start":{"line":34,"column":17},"end":{"line":34,"column":19}},"line":34},"2":{"name":"(anonymous_2)","decl":{"start":{"line":39,"column":10},"end":{"line":39,"column":11}},"loc":{"start":{"line":39,"column":17},"end":{"line":39,"column":19}},"line":39},"3":{"name":"(anonymous_3)","decl":{"start":{"line":44,"column":10},"end":{"line":44,"column":11}},"loc":{"start":{"line":44,"column":17},"end":{"line":44,"column":19}},"line":44}},"branchMap":{"0":{"loc":{"start":{"line":5,"column":2},"end":{"line":7,"column":15}},"type":"cond-expr","locations":[{"start":{"line":6,"column":6},"end":{"line":6,"column":50}},{"start":{"line":7,"column":6},"end":{"line":7,"column":15}}],"line":5}},"s":{"0":1,"1":1,"2":1,"3":1,"4":1,"5":1,"6":1,"7":1,"8":1,"9":1,"10":1,"11":1,"12":1,"13":1,"14":1},"f":{"0":1,"1":1,"2":1,"3":1},"b":{"0":[0,1]},"inputSourceMap":null,"_coverageSchema":"1a1c01bbd47fc00a2c39e90264f33305004495a9","hash":"7a3c97715834633b00fca71e7ce059a393d7b7b7"}
,"/Users/angelo/Desktop/Codesmith/Quell-7.0/quell-server/test-config/testSchemaWithoutMuts.js": {"path":"/Users/angelo/Desktop/Codesmith/Quell-7.0/quell-server/test-config/testSchemaWithoutMuts.js","statementMap":{"0":{"start":{"line":1,"column":11},"end":{"line":1,"column":38}},"1":{"start":{"line":2,"column":16},"end":{"line":2,"column":39}},"2":{"start":{"line":5,"column":2},"end":{"line":7,"column":15}},"3":{"start":{"line":17,"column":4},"end":{"line":17,"column":30}},"4":{"start":{"line":27,"column":22},"end":{"line":45,"column":2}},"5":{"start":{"line":29,"column":17},"end":{"line":44,"column":3}},"6":{"start":{"line":35,"column":26},"end":{"line":39,"column":9}},"7":{"start":{"line":41,"column":8},"end":{"line":41,"column":30}},"8":{"start":{"line":47,"column":17},"end":{"line":55,"column":2}},"9":{"start":{"line":49,"column":17},"end":{"line":54,"column":3}},"10":{"start":{"line":57,"column":20},"end":{"line":75,"column":2}},"11":{"start":{"line":59,"column":17},"end":{"line":74,"column":3}},"12":{"start":{"line":66,"column":27},"end":{"line":69,"column":9}},"13":{"start":{"line":71,"column":8},"end":{"line":71,"column":31}},"14":{"start":{"line":77,"column":17},"end":{"line":85,"column":2}},"15":{"start":{"line":79,"column":17},"end":{"line":84,"column":3}},"16":{"start":{"line":93,"column":18},"end":{"line":202,"column":2}},"17":{"start":{"line":101,"column":24},"end":{"line":105,"column":9}},"18":{"start":{"line":107,"column":8},"end":{"line":107,"column":31}},"19":{"start":{"line":114,"column":32},"end":{"line":116,"column":12}},"20":{"start":{"line":118,"column":8},"end":{"line":118,"column":36}},"21":{"start":{"line":126,"column":27},"end":{"line":130,"column":9}},"22":{"start":{"line":132,"column":8},"end":{"line":132,"column":31}},"23":{"start":{"line":140,"column":21},"end":{"line":144,"column":9}},"24":{"start":{"line":146,"column":8},"end":{"line":146,"column":28}},"25":{"start":{"line":153,"column":27},"end":{"line":154,"column":32}},"26":{"start":{"line":156,"column":8},"end":{"line":156,"column":31}},"27":{"start":{"line":163,"column":22},"end":{"line":163,"column":64}},"28":{"start":{"line":164,"column":8},"end":{"line":164,"column":26}},"29":{"start":{"line":172,"column":21},"end":{"line":174,"column":10}},"30":{"start":{"line":175,"column":8},"end":{"line":175,"column":28}},"31":{"start":{"line":182,"column":28},"end":{"line":183,"column":37}},"32":{"start":{"line":185,"column":8},"end":{"line":185,"column":32}},"33":{"start":{"line":193,"column":26},"end":{"line":196,"column":9}},"34":{"start":{"line":198,"column":8},"end":{"line":198,"column":33}},"35":{"start":{"line":205,"column":0},"end":{"line":208,"column":3}}},"fnMap":{"0":{"name":"(anonymous_0)","decl":{"start":{"line":29,"column":10},"end":{"line":29,"column":11}},"loc":{"start":{"line":29,"column":17},"end":{"line":44,"column":3}},"line":29},"1":{"name":"(anonymous_1)","decl":{"start":{"line":34,"column":6},"end":{"line":34,"column":7}},"loc":{"start":{"line":34,"column":34},"end":{"line":42,"column":7}},"line":34},"2":{"name":"(anonymous_2)","decl":{"start":{"line":49,"column":10},"end":{"line":49,"column":11}},"loc":{"start":{"line":49,"column":17},"end":{"line":54,"column":3}},"line":49},"3":{"name":"(anonymous_3)","decl":{"start":{"line":59,"column":10},"end":{"line":59,"column":11}},"loc":{"start":{"line":59,"column":17},"end":{"line":74,"column":3}},"line":59},"4":{"name":"(anonymous_4)","decl":{"start":{"line":65,"column":6},"end":{"line":65,"column":7}},"loc":{"start":{"line":65,"column":34},"end":{"line":72,"column":7}},"line":65},"5":{"name":"(anonymous_5)","decl":{"start":{"line":79,"column":10},"end":{"line":79,"column":11}},"loc":{"start":{"line":79,"column":17},"end":{"line":84,"column":3}},"line":79},"6":{"name":"(anonymous_6)","decl":{"start":{"line":100,"column":6},"end":{"line":100,"column":7}},"loc":{"start":{"line":100,"column":34},"end":{"line":108,"column":7}},"line":100},"7":{"name":"(anonymous_7)","decl":{"start":{"line":113,"column":6},"end":{"line":113,"column":7}},"loc":{"start":{"line":113,"column":34},"end":{"line":119,"column":7}},"line":113},"8":{"name":"(anonymous_8)","decl":{"start":{"line":125,"column":6},"end":{"line":125,"column":7}},"loc":{"start":{"line":125,"column":34},"end":{"line":133,"column":7}},"line":125},"9":{"name":"(anonymous_9)","decl":{"start":{"line":139,"column":6},"end":{"line":139,"column":7}},"loc":{"start":{"line":139,"column":34},"end":{"line":147,"column":7}},"line":139},"10":{"name":"(anonymous_10)","decl":{"start":{"line":152,"column":6},"end":{"line":152,"column":7}},"loc":{"start":{"line":152,"column":34},"end":{"line":157,"column":7}},"line":152},"11":{"name":"(anonymous_11)","decl":{"start":{"line":162,"column":6},"end":{"line":162,"column":7}},"loc":{"start":{"line":162,"column":34},"end":{"line":165,"column":7}},"line":162},"12":{"name":"(anonymous_12)","decl":{"start":{"line":171,"column":6},"end":{"line":171,"column":7}},"loc":{"start":{"line":171,"column":34},"end":{"line":176,"column":7}},"line":171},"13":{"name":"(anonymous_13)","decl":{"start":{"line":181,"column":6},"end":{"line":181,"column":7}},"loc":{"start":{"line":181,"column":34},"end":{"line":186,"column":7}},"line":181},"14":{"name":"(anonymous_14)","decl":{"start":{"line":192,"column":6},"end":{"line":192,"column":7}},"loc":{"start":{"line":192,"column":34},"end":{"line":199,"column":7}},"line":192}},"branchMap":{"0":{"loc":{"start":{"line":5,"column":2},"end":{"line":7,"column":15}},"type":"cond-expr","locations":[{"start":{"line":6,"column":6},"end":{"line":6,"column":50}},{"start":{"line":7,"column":6},"end":{"line":7,"column":15}}],"line":5}},"s":{"0":1,"1":1,"2":1,"3":1,"4":1,"5":1,"6":0,"7":0,"8":1,"9":1,"10":1,"11":1,"12":0,"13":0,"14":1,"15":1,"16":1,"17":0,"18":0,"19":0,"20":0,"21":0,"22":0,"23":0,"24":0,"25":0,"26":0,"27":0,"28":0,"29":0,"30":0,"31":0,"32":0,"33":0,"34":0,"35":1},"f":{"0":1,"1":0,"2":1,"3":1,"4":0,"5":1,"6":0,"7":0,"8":0,"9":0,"10":0,"11":0,"12":0,"13":0,"14":0},"b":{"0":[0,1]},"inputSourceMap":null,"_coverageSchema":"1a1c01bbd47fc00a2c39e90264f33305004495a9","hash":"e08e2afcac5d9cbb8c39623c203d3c77e6f5a2f0"}
,"/Users/angelo/Desktop/Codesmith/Quell-7.0/quell-server/test-config/testSchemaWithoutQueries.js": {"path":"/Users/angelo/Desktop/Codesmith/Quell-7.0/quell-server/test-config/testSchemaWithoutQueries.js","statementMap":{"0":{"start":{"line":1,"column":11},"end":{"line":1,"column":38}},"1":{"start":{"line":2,"column":16},"end":{"line":2,"column":39}},"2":{"start":{"line":5,"column":2},"end":{"line":7,"column":15}},"3":{"start":{"line":17,"column":4},"end":{"line":17,"column":30}},"4":{"start":{"line":27,"column":22},"end":{"line":45,"column":2}},"5":{"start":{"line":29,"column":17},"end":{"line":44,"column":3}},"6":{"start":{"line":35,"column":26},"end":{"line":39,"column":9}},"7":{"start":{"line":41,"column":8},"end":{"line":41,"column":30}},"8":{"start":{"line":47,"column":17},"end":{"line":55,"column":2}},"9":{"start":{"line":49,"column":17},"end":{"line":54,"column":3}},"10":{"start":{"line":57,"column":20},"end":{"line":75,"column":2}},"11":{"start":{"line":59,"column":17},"end":{"line":74,"column":3}},"12":{"start":{"line":66,"column":27},"end":{"line":69,"column":9}},"13":{"start":{"line":71,"column":8},"end":{"line":71,"column":31}},"14":{"start":{"line":77,"column":17},"end":{"line":85,"column":2}},"15":{"start":{"line":79,"column":17},"end":{"line":84,"column":3}},"16":{"start":{"line":92,"column":21},"end":{"line":162,"column":2}},"17":{"start":{"line":104,"column":23},"end":{"line":104,"column":40}},"18":{"start":{"line":106,"column":24},"end":{"line":109,"column":9}},"19":{"start":{"line":110,"column":8},"end":{"line":110,"column":31}},"20":{"start":{"line":121,"column":28},"end":{"line":124,"column":9}},"21":{"start":{"line":125,"column":8},"end":{"line":125,"column":35}},"22":{"start":{"line":135,"column":29},"end":{"line":138,"column":9}},"23":{"start":{"line":139,"column":8},"end":{"line":139,"column":36}},"24":{"start":{"line":147,"column":24},"end":{"line":147,"column":60}},"25":{"start":{"line":148,"column":8},"end":{"line":148,"column":23}},"26":{"start":{"line":155,"column":25},"end":{"line":155,"column":62}},"27":{"start":{"line":156,"column":8},"end":{"line":158,"column":9}},"28":{"start":{"line":157,"column":10},"end":{"line":157,"column":50}},"29":{"start":{"line":165,"column":0},"end":{"line":168,"column":3}}},"fnMap":{"0":{"name":"(anonymous_0)","decl":{"start":{"line":29,"column":10},"end":{"line":29,"column":11}},"loc":{"start":{"line":29,"column":17},"end":{"line":44,"column":3}},"line":29},"1":{"name":"(anonymous_1)","decl":{"start":{"line":34,"column":6},"end":{"line":34,"column":7}},"loc":{"start":{"line":34,"column":34},"end":{"line":42,"column":7}},"line":34},"2":{"name":"(anonymous_2)","decl":{"start":{"line":49,"column":10},"end":{"line":49,"column":11}},"loc":{"start":{"line":49,"column":17},"end":{"line":54,"column":3}},"line":49},"3":{"name":"(anonymous_3)","decl":{"start":{"line":59,"column":10},"end":{"line":59,"column":11}},"loc":{"start":{"line":59,"column":17},"end":{"line":74,"column":3}},"line":59},"4":{"name":"(anonymous_4)","decl":{"start":{"line":65,"column":6},"end":{"line":65,"column":7}},"loc":{"start":{"line":65,"column":34},"end":{"line":72,"column":7}},"line":65},"5":{"name":"(anonymous_5)","decl":{"start":{"line":79,"column":10},"end":{"line":79,"column":11}},"loc":{"start":{"line":79,"column":17},"end":{"line":84,"column":3}},"line":79},"6":{"name":"(anonymous_6)","decl":{"start":{"line":103,"column":6},"end":{"line":103,"column":7}},"loc":{"start":{"line":103,"column":34},"end":{"line":111,"column":7}},"line":103},"7":{"name":"(anonymous_7)","decl":{"start":{"line":120,"column":6},"end":{"line":120,"column":7}},"loc":{"start":{"line":120,"column":34},"end":{"line":126,"column":7}},"line":120},"8":{"name":"(anonymous_8)","decl":{"start":{"line":134,"column":6},"end":{"line":134,"column":7}},"loc":{"start":{"line":134,"column":34},"end":{"line":140,"column":7}},"line":134},"9":{"name":"(anonymous_9)","decl":{"start":{"line":146,"column":6},"end":{"line":146,"column":7}},"loc":{"start":{"line":146,"column":34},"end":{"line":149,"column":7}},"line":146},"10":{"name":"(anonymous_10)","decl":{"start":{"line":154,"column":6},"end":{"line":154,"column":7}},"loc":{"start":{"line":154,"column":34},"end":{"line":159,"column":7}},"line":154}},"branchMap":{"0":{"loc":{"start":{"line":5,"column":2},"end":{"line":7,"column":15}},"type":"cond-expr","locations":[{"start":{"line":6,"column":6},"end":{"line":6,"column":50}},{"start":{"line":7,"column":6},"end":{"line":7,"column":15}}],"line":5},"1":{"loc":{"start":{"line":104,"column":23},"end":{"line":104,"column":40}},"type":"binary-expr","locations":[{"start":{"line":104,"column":23},"end":{"line":104,"column":34}},{"start":{"line":104,"column":38},"end":{"line":104,"column":40}}],"line":104},"2":{"loc":{"start":{"line":156,"column":8},"end":{"line":158,"column":9}},"type":"if","locations":[{"start":{"line":156,"column":8},"end":{"line":158,"column":9}},{"start":{},"end":{}}],"line":156}},"s":{"0":1,"1":1,"2":1,"3":1,"4":1,"5":1,"6":0,"7":0,"8":1,"9":1,"10":1,"11":1,"12":0,"13":0,"14":1,"15":1,"16":1,"17":0,"18":0,"19":0,"20":0,"21":0,"22":0,"23":0,"24":0,"25":0,"26":0,"27":0,"28":0,"29":1},"f":{"0":1,"1":0,"2":1,"3":1,"4":0,"5":1,"6":0,"7":0,"8":0,"9":0,"10":0},"b":{"0":[0,1],"1":[0,0],"2":[0,0]},"inputSourceMap":null,"_coverageSchema":"1a1c01bbd47fc00a2c39e90264f33305004495a9","hash":"fdff41eb61c3d46d5f23889bb5cae8a4eba61a6f"}
}
