TN:
SF:src/quell.ts
FN:97,(anonymous_7)
FN:130,(anonymous_8)
FN:147,(anonymous_9)
FN:183,(anonymous_11)
FN:225,(anonymous_12)
FN:258,(anonymous_14)
FN:262,(anonymous_15)
FN:272,(anonymous_16)
FN:276,(anonymous_17)
FN:293,(anonymous_18)
FN:298,(anonymous_19)
FN:333,(anonymous_20)
FN:348,(anonymous_21)
FN:390,(anonymous_22)
FN:390,(anonymous_23)
FN:430,(anonymous_24)
FN:449,(anonymous_25)
FN:470,(anonymous_27)
FN:528,(anonymous_29)
FN:561,(anonymous_30)
FN:595,(anonymous_31)
FN:610,(anonymous_32)
FN:702,(anonymous_33)
FN:803,(anonymous_35)
FN:815,(anonymous_36)
FN:830,(anonymous_37)
FN:857,(anonymous_38)
FN:890,(anonymous_40)
FN:892,(anonymous_41)
FN:903,(anonymous_42)
FN:921,(anonymous_43)
FN:921,(anonymous_44)
FN:977,(anonymous_45)
FN:977,(anonymous_46)
FN:991,(anonymous_47)
FN:991,(anonymous_48)
FN:1005,(anonymous_49)
FN:1078,(anonymous_50)
FN:1094,(anonymous_52)
FN:1115,(anonymous_53)
FN:1131,(anonymous_54)
FN:1171,(anonymous_55)
FN:1173,(anonymous_56)
FN:1177,(anonymous_57)
FN:1187,(anonymous_58)
FN:1194,(anonymous_59)
FN:1201,(anonymous_60)
FN:1208,(anonymous_61)
FN:1215,(anonymous_62)
FN:1229,(anonymous_63)
FN:1236,(anonymous_64)
FN:1250,(anonymous_65)
FN:1260,(anonymous_66)
FN:1267,(anonymous_67)
FN:1274,(anonymous_68)
FN:1288,(anonymous_69)
FN:1298,(anonymous_70)
FN:1305,(anonymous_71)
FN:1350,(anonymous_72)
FN:1357,(anonymous_73)
FN:1364,(anonymous_74)
FN:1399,(anonymous_75)
FN:1406,(anonymous_76)
FN:1413,(anonymous_77)
FN:1427,(anonymous_78)
FN:1435,(anonymous_79)
FN:1452,(anonymous_80)
FN:1455,(anonymous_81)
FN:1459,(anonymous_82)
FN:1470,(anonymous_83)
FN:1474,(anonymous_84)
FN:1478,(anonymous_85)
FN:1499,(anonymous_86)
FN:1536,(anonymous_87)
FN:1548,(anonymous_88)
FN:1572,(anonymous_89)
FN:1613,(anonymous_90)
FN:1626,(anonymous_91)
FN:1647,(anonymous_92)
FN:1663,(anonymous_93)
FN:1690,createQueryStr
FN:1720,stringify
FN:1744,getArgs
FN:1748,(anonymous_97)
FN:1759,getAliasType
FN:1774,createQueryObj
FN:1792,reducer
FN:1841,joinResponses
FN:1984,parseAST
FN:2021,(anonymous_103)
FN:2034,(anonymous_104)
FN:2045,(anonymous_105)
FN:2072,(anonymous_106)
FN:2092,(anonymous_107)
FN:2175,(anonymous_108)
FN:2185,(anonymous_109)
FN:2254,(anonymous_110)
FN:2265,(anonymous_111)
FN:2279,updateProtoWithFragment
FN:2318,getMutationMap
FN:2352,getQueryMap
FN:2385,getFieldsMap
FN:2406,(anonymous_116)
FNF:103
FNH:22
FNDA:0,(anonymous_7)
FNDA:0,(anonymous_8)
FNDA:0,(anonymous_9)
FNDA:0,(anonymous_11)
FNDA:0,(anonymous_12)
FNDA:0,(anonymous_14)
FNDA:0,(anonymous_15)
FNDA:0,(anonymous_16)
FNDA:0,(anonymous_17)
FNDA:0,(anonymous_18)
FNDA:0,(anonymous_19)
FNDA:0,(anonymous_20)
FNDA:0,(anonymous_21)
FNDA:0,(anonymous_22)
FNDA:0,(anonymous_23)
FNDA:0,(anonymous_24)
FNDA:0,(anonymous_25)
FNDA:0,(anonymous_27)
FNDA:0,(anonymous_29)
FNDA:0,(anonymous_30)
FNDA:0,(anonymous_31)
FNDA:0,(anonymous_32)
FNDA:0,(anonymous_33)
FNDA:0,(anonymous_35)
FNDA:0,(anonymous_36)
FNDA:0,(anonymous_37)
FNDA:0,(anonymous_38)
FNDA:0,(anonymous_40)
FNDA:0,(anonymous_41)
FNDA:0,(anonymous_42)
FNDA:0,(anonymous_43)
FNDA:0,(anonymous_44)
FNDA:0,(anonymous_45)
FNDA:0,(anonymous_46)
FNDA:0,(anonymous_47)
FNDA:0,(anonymous_48)
FNDA:0,(anonymous_49)
FNDA:0,(anonymous_50)
FNDA:0,(anonymous_52)
FNDA:0,(anonymous_53)
FNDA:0,(anonymous_54)
FNDA:0,(anonymous_55)
FNDA:0,(anonymous_56)
FNDA:0,(anonymous_57)
FNDA:0,(anonymous_58)
FNDA:0,(anonymous_59)
FNDA:0,(anonymous_60)
FNDA:0,(anonymous_61)
FNDA:0,(anonymous_62)
FNDA:0,(anonymous_63)
FNDA:0,(anonymous_64)
FNDA:0,(anonymous_65)
FNDA:0,(anonymous_66)
FNDA:0,(anonymous_67)
FNDA:0,(anonymous_68)
FNDA:0,(anonymous_69)
FNDA:0,(anonymous_70)
FNDA:0,(anonymous_71)
FNDA:0,(anonymous_72)
FNDA:0,(anonymous_73)
FNDA:0,(anonymous_74)
FNDA:0,(anonymous_75)
FNDA:0,(anonymous_76)
FNDA:0,(anonymous_77)
FNDA:0,(anonymous_78)
FNDA:0,(anonymous_79)
FNDA:0,(anonymous_80)
FNDA:0,(anonymous_81)
FNDA:0,(anonymous_82)
FNDA:0,(anonymous_83)
FNDA:0,(anonymous_84)
FNDA:0,(anonymous_85)
FNDA:0,(anonymous_86)
FNDA:0,(anonymous_87)
FNDA:0,(anonymous_88)
FNDA:0,(anonymous_89)
FNDA:0,(anonymous_90)
FNDA:0,(anonymous_91)
FNDA:0,(anonymous_92)
FNDA:0,(anonymous_93)
FNDA:10,createQueryStr
FNDA:24,stringify
FNDA:24,getArgs
FNDA:8,(anonymous_97)
FNDA:24,getAliasType
FNDA:7,createQueryObj
FNDA:17,reducer
FNDA:15,joinResponses
FNDA:10,parseAST
FNDA:109,(anonymous_103)
FNDA:10,(anonymous_104)
FNDA:0,(anonymous_105)
FNDA:71,(anonymous_106)
FNDA:8,(anonymous_107)
FNDA:70,(anonymous_108)
FNDA:30,(anonymous_109)
FNDA:29,(anonymous_110)
FNDA:28,(anonymous_111)
FNDA:2,updateProtoWithFragment
FNDA:2,getMutationMap
FNDA:2,getQueryMap
FNDA:2,getFieldsMap
FNDA:34,(anonymous_116)
DA:2,8
DA:3,8
DA:4,8
DA:6,8
DA:53,8
DA:63,8
DA:105,0
DA:106,0
DA:107,0
DA:108,0
DA:109,0
DA:110,0
DA:111,0
DA:112,0
DA:113,0
DA:114,0
DA:115,0
DA:116,0
DA:120,0
DA:121,0
DA:122,0
DA:123,0
DA:124,0
DA:125,0
DA:126,0
DA:127,0
DA:128,0
DA:129,0
DA:130,0
DA:131,0
DA:154,0
DA:156,0
DA:158,0
DA:160,0
DA:163,0
DA:164,0
DA:170,0
DA:173,0
DA:176,0
DA:179,0
DA:182,0
DA:183,0
DA:188,0
DA:189,0
DA:192,0
DA:193,0
DA:199,0
DA:203,0
DA:205,0
DA:227,0
DA:228,0
DA:232,0
DA:236,0
DA:247,0
DA:256,0
DA:257,0
DA:259,0
DA:260,0
DA:263,0
DA:270,0
DA:271,0
DA:273,0
DA:274,0
DA:277,0
DA:281,0
DA:286,0
DA:287,0
DA:288,0
DA:289,0
DA:292,0
DA:294,0
DA:295,0
DA:296,0
DA:299,0
DA:305,0
DA:310,0
DA:311,0
DA:316,0
DA:317,0
DA:319,0
DA:322,0
DA:323,0
DA:324,0
DA:325,0
DA:326,0
DA:332,0
DA:334,0
DA:338,0
DA:339,0
DA:346,0
DA:349,0
DA:357,0
DA:361,0
DA:369,0
DA:376,0
DA:380,0
DA:383,0
DA:389,0
DA:390,0
DA:393,0
DA:398,0
DA:399,0
DA:400,0
DA:401,0
DA:408,0
DA:416,0
DA:426,0
DA:427,0
DA:428,0
DA:431,0
DA:437,0
DA:438,0
DA:439,0
DA:450,0
DA:451,0
DA:452,0
DA:453,0
DA:454,0
DA:456,0
DA:477,0
DA:479,0
DA:480,0
DA:484,0
DA:485,0
DA:489,0
DA:490,0
DA:492,0
DA:497,0
DA:498,0
DA:502,0
DA:503,0
DA:507,0
DA:509,0
DA:512,0
DA:516,0
DA:519,0
DA:521,0
DA:522,0
DA:528,0
DA:529,0
DA:531,0
DA:533,0
DA:535,0
DA:537,0
DA:544,0
DA:547,0
DA:553,0
DA:561,0
DA:564,0
DA:569,0
DA:572,0
DA:576,0
DA:577,0
DA:582,0
DA:588,0
DA:592,0
DA:593,0
DA:594,0
DA:595,0
DA:596,0
DA:599,0
DA:601,0
DA:605,0
DA:608,0
DA:609,0
DA:610,0
DA:611,0
DA:614,0
DA:622,0
DA:624,0
DA:631,0
DA:634,0
DA:640,0
DA:641,0
DA:644,0
DA:645,0
DA:655,0
DA:657,0
DA:666,0
DA:670,0
DA:674,0
DA:682,0
DA:687,0
DA:693,0
DA:709,0
DA:711,0
DA:712,0
DA:713,0
DA:714,0
DA:715,0
DA:717,0
DA:719,0
DA:720,0
DA:730,0
DA:734,0
DA:737,0
DA:744,0
DA:749,0
DA:751,0
DA:756,0
DA:757,0
DA:758,0
DA:762,0
DA:763,0
DA:769,0
DA:770,0
DA:772,0
DA:775,0
DA:778,0
DA:779,0
DA:780,0
DA:792,0
DA:804,0
DA:807,0
DA:816,0
DA:817,0
DA:818,0
DA:819,0
DA:836,0
DA:837,0
DA:838,0
DA:839,0
DA:842,0
DA:843,0
DA:846,0
DA:864,0
DA:865,0
DA:866,0
DA:871,0
DA:872,0
DA:875,0
DA:876,0
DA:880,0
DA:881,0
DA:882,0
DA:890,0
DA:892,0
DA:893,0
DA:894,0
DA:895,0
DA:899,0
DA:903,0
DA:906,0
DA:908,0
DA:909,0
DA:912,0
DA:921,0
DA:922,0
DA:923,0
DA:924,0
DA:928,0
DA:932,0
DA:933,0
DA:934,0
DA:936,0
DA:939,0
DA:940,0
DA:942,0
DA:943,0
DA:944,0
DA:950,0
DA:952,0
DA:953,0
DA:954,0
DA:957,0
DA:958,0
DA:962,0
DA:963,0
DA:964,0
DA:968,0
DA:977,0
DA:978,0
DA:980,0
DA:982,0
DA:983,0
DA:991,0
DA:992,0
DA:995,0
DA:997,0
DA:999,0
DA:1000,0
DA:1004,0
DA:1006,0
DA:1008,0
DA:1010,0
DA:1013,0
DA:1014,0
DA:1019,0
DA:1020,0
DA:1028,0
DA:1029,0
DA:1033,0
DA:1037,0
DA:1038,0
DA:1042,0
DA:1045,0
DA:1048,0
DA:1059,0
DA:1061,0
DA:1063,0
DA:1065,0
DA:1070,0
DA:1079,0
DA:1080,0
DA:1082,0
DA:1095,0
DA:1096,0
DA:1097,0
DA:1122,0
DA:1123,0
DA:1131,0
DA:1132,0
DA:1133,0
DA:1134,0
DA:1135,0
DA:1136,0
DA:1137,0
DA:1140,0
DA:1142,0
DA:1143,0
DA:1145,0
DA:1146,0
DA:1148,0
DA:1149,0
DA:1151,0
DA:1152,0
DA:1154,0
DA:1159,0
DA:1162,0
DA:1172,0
DA:1173,0
DA:1175,0
DA:1178,0
DA:1180,0
DA:1187,0
DA:1194,0
DA:1201,0
DA:1208,0
DA:1215,0
DA:1229,0
DA:1236,0
DA:1250,0
DA:1260,0
DA:1267,0
DA:1274,0
DA:1288,0
DA:1298,0
DA:1305,0
DA:1350,0
DA:1357,0
DA:1364,0
DA:1399,0
DA:1406,0
DA:1413,0
DA:1427,0
DA:1432,0
DA:1433,0
DA:1436,0
DA:1440,0
DA:1442,0
DA:1453,0
DA:1456,0
DA:1457,0
DA:1460,0
DA:1471,0
DA:1472,0
DA:1475,0
DA:1476,0
DA:1479,0
DA:1482,0
DA:1483,0
DA:1501,0
DA:1503,0
DA:1505,0
DA:1507,0
DA:1512,0
DA:1516,0
DA:1519,0
DA:1523,0
DA:1526,0
DA:1536,0
DA:1537,0
DA:1538,0
DA:1543,0
DA:1544,0
DA:1548,0
DA:1550,0
DA:1551,0
DA:1556,0
DA:1558,0
DA:1559,0
DA:1561,0
DA:1574,0
DA:1576,0
DA:1578,0
DA:1580,0
DA:1581,0
DA:1586,0
DA:1589,0
DA:1591,0
DA:1595,0
DA:1598,0
DA:1602,0
DA:1605,0
DA:1613,0
DA:1615,0
DA:1616,0
DA:1621,0
DA:1622,0
DA:1626,0
DA:1628,0
DA:1629,0
DA:1630,0
DA:1633,0
DA:1634,0
DA:1639,0
DA:1647,0
DA:1652,0
DA:1653,0
DA:1658,0
DA:1659,0
DA:1663,0
DA:1665,0
DA:1666,0
DA:1674,0
DA:1676,0
DA:1677,0
DA:1679,0
DA:1694,10
DA:1695,9
DA:1696,9
DA:1697,9
DA:1698,9
DA:1700,9
DA:1704,9
DA:1705,10
DA:1722,24
DA:1724,24
DA:1726,156
DA:1727,48
DA:1730,156
DA:1731,14
DA:1733,14
DA:1734,14
DA:1735,14
DA:1741,24
DA:1745,24
DA:1746,24
DA:1748,24
DA:1749,8
DA:1755,24
DA:1760,24
DA:1764,9
DA:1765,9
DA:1775,7
DA:1778,7
DA:1779,9
DA:1780,9
DA:1781,7
DA:1794,17
DA:1796,17
DA:1798,17
DA:1800,125
DA:1801,23
DA:1804,125
DA:1805,17
DA:1809,125
DA:1810,8
DA:1812,8
DA:1813,4
DA:1818,125
DA:1819,68
DA:1823,17
DA:1826,17
DA:1830,7
DA:1847,15
DA:1851,15
DA:1853,16
DA:1859,16
DA:1862,3
DA:1868,3
DA:1871,3
DA:1874,3
DA:1875,3
DA:1876,8
DA:1878,3
DA:1879,1
DA:1886,2
DA:1887,2
DA:1889,7
DA:1895,7
DA:1897,2
DA:1899,0
DA:1900,0
DA:1902,0
DA:1905,13
DA:1907,6
DA:1913,7
DA:1919,13
DA:1921,94
DA:1926,4
DA:1927,4
DA:1928,2
DA:1932,2
DA:1941,0
DA:1942,0
DA:1946,0
DA:1953,4
DA:1957,4
DA:1964,0
DA:1973,15
DA:1991,10
DA:1995,10
DA:1998,10
DA:2001,10
DA:2005,10
DA:2008,10
DA:2019,10
DA:2023,109
DA:2024,0
DA:2025,0
DA:2027,0
DA:2036,10
DA:2037,10
DA:2038,0
DA:2040,0
DA:2047,0
DA:2050,0
DA:2053,0
DA:2055,0
DA:2059,0
DA:2061,0
DA:2075,71
DA:2076,0
DA:2078,0
DA:2082,71
DA:2086,71
DA:2091,71
DA:2092,71
DA:2093,8
DA:2096,8
DA:2097,0
DA:2099,0
DA:2109,8
DA:2114,0
DA:2116,0
DA:2121,8
DA:2123,8
DA:2128,8
DA:2129,0
DA:2130,8
DA:2140,7
DA:2148,71
DA:2153,71
DA:2156,71
DA:2159,71
DA:2167,71
DA:2171,71
DA:2177,70
DA:2202,30
DA:2207,20
DA:2215,20
DA:2216,20
DA:2217,60
DA:2226,60
DA:2230,53
DA:2234,20
DA:2241,1
DA:2243,1
DA:2248,19
DA:2253,19
DA:2256,29
DA:2257,29
DA:2267,28
DA:2271,10
DA:2284,2
DA:2287,2
DA:2290,8
DA:2293,1
DA:2301,8
DA:2302,1
DA:2303,1
DA:2308,2
DA:2319,2
DA:2321,2
DA:2326,2
DA:2329,2
DA:2333,5
DA:2334,0
DA:2335,0
DA:2337,5
DA:2338,5
DA:2340,5
DA:2342,2
DA:2353,2
DA:2355,2
DA:2360,2
DA:2361,2
DA:2365,9
DA:2366,5
DA:2367,5
DA:2369,9
DA:2370,4
DA:2372,9
DA:2374,2
DA:2386,2
DA:2387,2
DA:2388,2
DA:2405,2
DA:2407,34
DA:2410,2
DA:2411,10
DA:2412,10
DA:2413,10
DA:2414,10
DA:2415,20
DA:2416,20
DA:2419,20
DA:2422,10
DA:2424,2
DA:2756,8
LF:621
LH:172
BRDA:99,0,0,0
BRDA:100,1,0,0
BRDA:154,2,0,0
BRDA:154,2,1,0
BRDA:154,3,0,0
BRDA:154,3,1,0
BRDA:154,4,0,0
BRDA:154,4,1,0
BRDA:154,5,0,0
BRDA:154,5,1,0
BRDA:163,6,0,0
BRDA:188,7,0,0
BRDA:188,7,1,0
BRDA:188,8,0,0
BRDA:188,8,1,0
BRDA:192,9,0,0
BRDA:227,10,0,0
BRDA:236,11,0,0
BRDA:236,11,1,0
BRDA:247,12,0,0
BRDA:247,12,1,0
BRDA:247,13,0,0
BRDA:247,13,1,0
BRDA:256,14,0,0
BRDA:256,14,1,0
BRDA:270,15,0,0
BRDA:270,15,1,0
BRDA:286,16,0,0
BRDA:286,16,1,0
BRDA:305,17,0,0
BRDA:305,17,1,0
BRDA:322,18,0,0
BRDA:338,19,0,0
BRDA:357,20,0,0
BRDA:357,20,1,0
BRDA:380,21,0,0
BRDA:380,21,1,0
BRDA:400,22,0,0
BRDA:408,23,0,0
BRDA:408,23,1,0
BRDA:451,24,0,0
BRDA:451,25,0,0
BRDA:451,25,1,0
BRDA:473,26,0,0
BRDA:474,27,0,0
BRDA:475,28,0,0
BRDA:479,29,0,0
BRDA:484,30,0,0
BRDA:489,31,0,0
BRDA:489,31,1,0
BRDA:489,32,0,0
BRDA:489,32,1,0
BRDA:489,33,0,0
BRDA:489,33,1,0
BRDA:493,34,0,0
BRDA:493,34,1,0
BRDA:493,35,0,0
BRDA:493,35,1,0
BRDA:497,36,0,0
BRDA:497,37,0,0
BRDA:497,37,1,0
BRDA:503,38,0,0
BRDA:504,39,0,0
BRDA:504,39,1,0
BRDA:512,40,0,0
BRDA:512,40,1,0
BRDA:516,41,0,0
BRDA:516,41,1,0
BRDA:522,42,0,0
BRDA:531,43,0,0
BRDA:531,43,1,0
BRDA:537,44,0,0
BRDA:537,44,1,0
BRDA:538,45,0,0
BRDA:538,45,1,0
BRDA:547,46,0,0
BRDA:547,46,1,0
BRDA:548,47,0,0
BRDA:548,47,1,0
BRDA:564,48,0,0
BRDA:565,49,0,0
BRDA:565,49,1,0
BRDA:577,50,0,0
BRDA:578,51,0,0
BRDA:578,51,1,0
BRDA:592,52,0,0
BRDA:592,53,0,0
BRDA:592,53,1,0
BRDA:622,54,0,0
BRDA:622,54,1,0
BRDA:624,55,0,0
BRDA:625,56,0,0
BRDA:625,56,1,0
BRDA:625,56,2,0
BRDA:625,56,3,0
BRDA:625,56,4,0
BRDA:634,57,0,0
BRDA:635,58,0,0
BRDA:635,58,1,0
BRDA:635,58,2,0
BRDA:635,58,3,0
BRDA:644,59,0,0
BRDA:657,60,0,0
BRDA:658,61,0,0
BRDA:658,61,1,0
BRDA:658,61,2,0
BRDA:658,61,3,0
BRDA:670,62,0,0
BRDA:670,62,1,0
BRDA:671,63,0,0
BRDA:671,63,1,0
BRDA:677,64,0,0
BRDA:677,64,1,0
BRDA:682,65,0,0
BRDA:683,66,0,0
BRDA:683,66,1,0
BRDA:683,66,2,0
BRDA:704,67,0,0
BRDA:713,68,0,0
BRDA:713,68,1,0
BRDA:719,69,0,0
BRDA:719,70,0,0
BRDA:719,70,1,0
BRDA:730,71,0,0
BRDA:737,72,0,0
BRDA:737,72,1,0
BRDA:744,73,0,0
BRDA:744,73,1,0
BRDA:751,74,0,0
BRDA:752,75,0,0
BRDA:752,75,1,0
BRDA:752,75,2,0
BRDA:752,75,3,0
BRDA:752,75,4,0
BRDA:756,76,0,0
BRDA:758,77,0,0
BRDA:759,78,0,0
BRDA:759,78,1,0
BRDA:762,79,0,0
BRDA:778,80,0,0
BRDA:779,81,0,0
BRDA:804,82,0,0
BRDA:804,82,1,0
BRDA:817,83,0,0
BRDA:836,84,0,0
BRDA:836,84,1,0
BRDA:842,85,0,0
BRDA:866,86,0,0
BRDA:871,87,0,0
BRDA:871,87,1,0
BRDA:871,88,0,0
BRDA:871,88,1,0
BRDA:880,89,0,0
BRDA:893,90,0,0
BRDA:895,91,0,0
BRDA:896,92,0,0
BRDA:896,92,1,0
BRDA:908,93,0,0
BRDA:922,94,0,0
BRDA:924,95,0,0
BRDA:925,96,0,0
BRDA:925,96,1,0
BRDA:939,97,0,0
BRDA:939,98,0,0
BRDA:939,98,1,0
BRDA:944,99,0,0
BRDA:944,99,1,0
BRDA:952,100,0,0
BRDA:962,101,0,0
BRDA:980,102,0,0
BRDA:982,103,0,0
BRDA:995,104,0,0
BRDA:995,105,0,0
BRDA:995,105,1,0
BRDA:1006,106,0,0
BRDA:1006,106,1,0
BRDA:1006,107,0,0
BRDA:1006,107,1,0
BRDA:1008,108,0,0
BRDA:1013,109,0,0
BRDA:1019,110,0,0
BRDA:1033,111,0,0
BRDA:1033,111,1,0
BRDA:1037,112,0,0
BRDA:1037,112,1,0
BRDA:1038,113,0,0
BRDA:1038,113,1,0
BRDA:1061,114,0,0
BRDA:1061,114,1,0
BRDA:1116,115,0,0
BRDA:1133,116,0,0
BRDA:1133,116,1,0
BRDA:1133,117,0,0
BRDA:1133,117,1,0
BRDA:1133,117,2,0
BRDA:1134,118,0,0
BRDA:1134,118,1,0
BRDA:1134,119,0,0
BRDA:1134,119,1,0
BRDA:1134,119,2,0
BRDA:1135,120,0,0
BRDA:1135,120,1,0
BRDA:1135,121,0,0
BRDA:1135,121,1,0
BRDA:1135,121,2,0
BRDA:1136,122,0,0
BRDA:1136,122,1,0
BRDA:1136,123,0,0
BRDA:1136,123,1,0
BRDA:1136,123,2,0
BRDA:1140,124,0,0
BRDA:1140,124,1,0
BRDA:1140,124,2,0
BRDA:1140,124,3,0
BRDA:1140,124,4,0
BRDA:1186,125,0,0
BRDA:1186,125,1,0
BRDA:1186,126,0,0
BRDA:1186,126,1,0
BRDA:1193,127,0,0
BRDA:1193,127,1,0
BRDA:1193,128,0,0
BRDA:1193,128,1,0
BRDA:1200,129,0,0
BRDA:1200,129,1,0
BRDA:1200,130,0,0
BRDA:1200,130,1,0
BRDA:1207,131,0,0
BRDA:1207,131,1,0
BRDA:1207,132,0,0
BRDA:1207,132,1,0
BRDA:1214,133,0,0
BRDA:1214,133,1,0
BRDA:1214,134,0,0
BRDA:1214,134,1,0
BRDA:1228,135,0,0
BRDA:1228,135,1,0
BRDA:1228,136,0,0
BRDA:1228,136,1,0
BRDA:1235,137,0,0
BRDA:1235,137,1,0
BRDA:1235,138,0,0
BRDA:1235,138,1,0
BRDA:1249,139,0,0
BRDA:1249,139,1,0
BRDA:1249,140,0,0
BRDA:1249,140,1,0
BRDA:1259,141,0,0
BRDA:1259,141,1,0
BRDA:1259,142,0,0
BRDA:1259,142,1,0
BRDA:1266,143,0,0
BRDA:1266,143,1,0
BRDA:1266,144,0,0
BRDA:1266,144,1,0
BRDA:1273,145,0,0
BRDA:1273,145,1,0
BRDA:1273,146,0,0
BRDA:1273,146,1,0
BRDA:1287,147,0,0
BRDA:1287,147,1,0
BRDA:1287,148,0,0
BRDA:1287,148,1,0
BRDA:1297,149,0,0
BRDA:1297,149,1,0
BRDA:1297,150,0,0
BRDA:1297,150,1,0
BRDA:1304,151,0,0
BRDA:1304,151,1,0
BRDA:1304,152,0,0
BRDA:1304,152,1,0
BRDA:1349,153,0,0
BRDA:1349,153,1,0
BRDA:1349,154,0,0
BRDA:1349,154,1,0
BRDA:1356,155,0,0
BRDA:1356,155,1,0
BRDA:1356,156,0,0
BRDA:1356,156,1,0
BRDA:1363,157,0,0
BRDA:1363,157,1,0
BRDA:1363,158,0,0
BRDA:1363,158,1,0
BRDA:1398,159,0,0
BRDA:1398,159,1,0
BRDA:1398,160,0,0
BRDA:1398,160,1,0
BRDA:1405,161,0,0
BRDA:1405,161,1,0
BRDA:1405,162,0,0
BRDA:1405,162,1,0
BRDA:1412,163,0,0
BRDA:1412,163,1,0
BRDA:1412,164,0,0
BRDA:1412,164,1,0
BRDA:1426,165,0,0
BRDA:1426,165,1,0
BRDA:1426,166,0,0
BRDA:1426,166,1,0
BRDA:1471,167,0,0
BRDA:1471,167,1,0
BRDA:1503,168,0,0
BRDA:1505,169,0,0
BRDA:1526,170,0,0
BRDA:1526,170,1,0
BRDA:1536,171,0,0
BRDA:1537,172,0,0
BRDA:1550,173,0,0
BRDA:1550,174,0,0
BRDA:1550,174,1,0
BRDA:1578,175,0,0
BRDA:1580,176,0,0
BRDA:1598,177,0,0
BRDA:1598,177,1,0
BRDA:1605,178,0,0
BRDA:1605,178,1,0
BRDA:1615,179,0,0
BRDA:1628,180,0,0
BRDA:1628,181,0,0
BRDA:1628,181,1,0
BRDA:1633,182,0,0
BRDA:1633,183,0,0
BRDA:1633,183,1,0
BRDA:1649,184,0,0
BRDA:1652,185,0,0
BRDA:1665,186,0,0
BRDA:1665,187,0,0
BRDA:1665,187,1,0
BRDA:1694,188,0,1
BRDA:1726,189,0,48
BRDA:1730,190,0,14
BRDA:1730,191,0,156
BRDA:1730,191,1,77
BRDA:1746,192,0,0
BRDA:1749,193,0,1
BRDA:1749,193,1,7
BRDA:1755,194,0,7
BRDA:1755,194,1,17
BRDA:1760,195,0,3
BRDA:1760,195,1,21
BRDA:1765,196,0,0
BRDA:1765,196,1,9
BRDA:1780,197,0,7
BRDA:1800,198,0,23
BRDA:1804,199,0,17
BRDA:1804,200,0,125
BRDA:1804,200,1,108
BRDA:1804,200,2,108
BRDA:1804,200,3,108
BRDA:1809,201,0,8
BRDA:1809,202,0,125
BRDA:1809,202,1,51
BRDA:1812,203,0,4
BRDA:1818,204,0,68
BRDA:1826,205,0,11
BRDA:1826,205,1,6
BRDA:1826,206,0,17
BRDA:1826,206,1,11
BRDA:1845,207,0,8
BRDA:1853,208,0,15
BRDA:1853,208,1,1
BRDA:1859,209,0,3
BRDA:1859,209,1,13
BRDA:1862,210,0,3
BRDA:1862,210,1,0
BRDA:1862,211,0,3
BRDA:1862,211,1,3
BRDA:1876,212,0,4
BRDA:1878,213,0,1
BRDA:1878,213,1,2
BRDA:1899,214,0,0
BRDA:1899,214,1,0
BRDA:1905,215,0,6
BRDA:1905,215,1,7
BRDA:1921,216,0,4
BRDA:1922,217,0,94
BRDA:1922,217,1,34
BRDA:1927,218,0,2
BRDA:1927,219,0,4
BRDA:1927,219,1,3
BRDA:1928,220,0,2
BRDA:1928,220,1,0
BRDA:1929,221,0,2
BRDA:1929,221,1,2
BRDA:1941,222,0,0
BRDA:1941,222,1,0
BRDA:1953,223,0,4
BRDA:1953,223,1,0
BRDA:1954,224,0,4
BRDA:1954,224,1,0
BRDA:1986,225,0,10
BRDA:2023,226,0,0
BRDA:2023,227,0,0
BRDA:2023,227,1,109
BRDA:2023,228,0,109
BRDA:2023,228,1,109
BRDA:2024,229,0,0
BRDA:2024,230,0,0
BRDA:2024,230,1,0
BRDA:2024,231,0,0
BRDA:2024,231,1,0
BRDA:2024,232,0,0
BRDA:2024,232,1,0
BRDA:2024,233,0,0
BRDA:2024,233,1,0
BRDA:2024,234,0,0
BRDA:2024,234,1,0
BRDA:2024,235,0,0
BRDA:2024,235,1,0
BRDA:2037,236,0,0
BRDA:2059,237,0,0
BRDA:2075,238,0,0
BRDA:2091,239,0,71
BRDA:2096,240,0,0
BRDA:2096,241,0,8
BRDA:2096,241,1,0
BRDA:2109,242,0,0
BRDA:2110,243,0,8
BRDA:2110,243,1,8
BRDA:2110,243,2,8
BRDA:2121,244,0,8
BRDA:2128,245,0,0
BRDA:2128,245,1,8
BRDA:2128,246,0,0
BRDA:2128,246,1,8
BRDA:2130,247,0,7
BRDA:2133,248,0,8
BRDA:2133,248,1,1
BRDA:2133,248,2,1
BRDA:2133,248,3,1
BRDA:2148,249,0,4
BRDA:2148,249,1,67
BRDA:2156,250,0,4
BRDA:2156,250,1,67
BRDA:2159,251,0,7
BRDA:2159,251,1,64
BRDA:2202,252,0,20
BRDA:2203,253,0,30
BRDA:2203,253,1,30
BRDA:2203,253,2,30
BRDA:2217,254,0,0
BRDA:2226,255,0,53
BRDA:2227,256,0,60
BRDA:2227,256,1,60
BRDA:2227,256,2,60
BRDA:2234,257,0,1
BRDA:2235,258,0,20
BRDA:2235,258,1,1
BRDA:2235,258,2,1
BRDA:2235,258,3,1
BRDA:2235,258,4,1
BRDA:2256,259,0,19
BRDA:2284,260,0,0
BRDA:2284,261,0,2
BRDA:2284,261,1,2
BRDA:2290,262,0,1
BRDA:2290,263,0,8
BRDA:2290,263,1,4
BRDA:2301,264,0,1
BRDA:2321,265,0,1
BRDA:2321,265,1,1
BRDA:2321,266,0,2
BRDA:2321,266,1,2
BRDA:2321,267,0,0
BRDA:2321,267,1,2
BRDA:2321,268,0,2
BRDA:2321,268,1,2
BRDA:2326,269,0,0
BRDA:2326,269,1,2
BRDA:2333,270,0,0
BRDA:2337,271,0,5
BRDA:2355,272,0,1
BRDA:2355,272,1,1
BRDA:2355,273,0,2
BRDA:2355,273,1,2
BRDA:2355,274,0,0
BRDA:2355,274,1,2
BRDA:2355,275,0,2
BRDA:2355,275,1,2
BRDA:2360,276,0,0
BRDA:2360,276,1,2
BRDA:2365,277,0,5
BRDA:2369,278,0,4
BRDA:2387,279,0,0
BRDA:2387,279,1,2
BRDA:2387,280,0,2
BRDA:2387,280,1,2
BRDA:2407,281,0,34
BRDA:2407,281,1,12
BRDA:2407,282,0,0
BRDA:2407,282,1,12
BRDA:2407,283,0,12
BRDA:2407,283,1,12
BRDA:2413,284,0,0
BRDA:2416,285,0,2
BRDA:2416,285,1,18
BRF:496
BRH:125
end_of_record
TN:
SF:test-config/booksModel.js
FN:11,(anonymous_0)
FNF:1
FNH:0
FNDA:0,(anonymous_0)
DA:1,3
DA:2,3
DA:4,3
DA:6,3
DA:10,3
DA:12,0
LF:6
LH:5
BRF:0
BRH:0
end_of_record
TN:
SF:test-config/countriesModel.js
FN:11,(anonymous_0)
FNF:1
FNH:0
FNDA:0,(anonymous_0)
DA:1,3
DA:2,3
DA:4,3
DA:6,3
DA:10,3
DA:12,0
LF:6
LH:5
BRF:0
BRH:0
end_of_record
TN:
SF:test-config/testSchema.js
FN:29,(anonymous_0)
FN:34,(anonymous_1)
FN:49,(anonymous_2)
FN:59,(anonymous_3)
FN:65,(anonymous_4)
FN:79,(anonymous_5)
FN:100,(anonymous_6)
FN:113,(anonymous_7)
FN:125,(anonymous_8)
FN:139,(anonymous_9)
FN:152,(anonymous_10)
FN:162,(anonymous_11)
FN:171,(anonymous_12)
FN:181,(anonymous_13)
FN:192,(anonymous_14)
FN:219,(anonymous_15)
FN:236,(anonymous_16)
FN:250,(anonymous_17)
FN:262,(anonymous_18)
FN:270,(anonymous_19)
FNF:20
FNH:4
FNDA:3,(anonymous_0)
FNDA:0,(anonymous_1)
FNDA:3,(anonymous_2)
FNDA:3,(anonymous_3)
FNDA:0,(anonymous_4)
FNDA:3,(anonymous_5)
FNDA:0,(anonymous_6)
FNDA:0,(anonymous_7)
FNDA:0,(anonymous_8)
FNDA:0,(anonymous_9)
FNDA:0,(anonymous_10)
FNDA:0,(anonymous_11)
FNDA:0,(anonymous_12)
FNDA:0,(anonymous_13)
FNDA:0,(anonymous_14)
FNDA:0,(anonymous_15)
FNDA:0,(anonymous_16)
FNDA:0,(anonymous_17)
FNDA:0,(anonymous_18)
FNDA:0,(anonymous_19)
DA:1,3
DA:2,3
DA:5,3
DA:17,3
DA:27,3
DA:29,3
DA:35,0
DA:41,0
DA:47,3
DA:49,3
DA:57,3
DA:59,3
DA:66,0
DA:71,0
DA:77,3
DA:79,3
DA:93,3
DA:101,0
DA:107,0
DA:114,0
DA:118,0
DA:126,0
DA:132,0
DA:140,0
DA:146,0
DA:153,0
DA:156,0
DA:163,0
DA:164,0
DA:172,0
DA:175,0
DA:182,0
DA:185,0
DA:193,0
DA:198,0
DA:208,3
DA:220,0
DA:222,0
DA:226,0
DA:237,0
DA:241,0
DA:251,0
DA:255,0
DA:263,0
DA:264,0
DA:271,0
DA:272,0
DA:273,0
DA:281,3
LF:49
LH:15
BRDA:5,0,0,0
BRDA:5,0,1,3
BRDA:220,1,0,0
BRDA:220,1,1,0
BRDA:272,2,0,0
BRDA:272,2,1,0
BRF:6
BRH:1
end_of_record
TN:
SF:test-config/testSchemaWithoutFields.js
FN:29,(anonymous_0)
FN:34,(anonymous_1)
FN:39,(anonymous_2)
FN:44,(anonymous_3)
FNF:4
FNH:4
FNDA:1,(anonymous_0)
FNDA:1,(anonymous_1)
FNDA:1,(anonymous_2)
FNDA:1,(anonymous_3)
DA:1,1
DA:2,1
DA:5,1
DA:17,1
DA:27,1
DA:29,1
DA:32,1
DA:34,1
DA:37,1
DA:39,1
DA:42,1
DA:44,1
DA:53,1
DA:62,1
DA:68,1
LF:15
LH:15
BRDA:5,0,0,0
BRDA:5,0,1,1
BRF:2
BRH:1
end_of_record
TN:
SF:test-config/testSchemaWithoutMuts.js
FN:29,(anonymous_0)
FN:34,(anonymous_1)
FN:49,(anonymous_2)
FN:59,(anonymous_3)
FN:65,(anonymous_4)
FN:79,(anonymous_5)
FN:100,(anonymous_6)
FN:113,(anonymous_7)
FN:125,(anonymous_8)
FN:139,(anonymous_9)
FN:152,(anonymous_10)
FN:162,(anonymous_11)
FN:171,(anonymous_12)
FN:181,(anonymous_13)
FN:192,(anonymous_14)
FNF:15
FNH:4
FNDA:1,(anonymous_0)
FNDA:0,(anonymous_1)
FNDA:1,(anonymous_2)
FNDA:1,(anonymous_3)
FNDA:0,(anonymous_4)
FNDA:1,(anonymous_5)
FNDA:0,(anonymous_6)
FNDA:0,(anonymous_7)
FNDA:0,(anonymous_8)
FNDA:0,(anonymous_9)
FNDA:0,(anonymous_10)
FNDA:0,(anonymous_11)
FNDA:0,(anonymous_12)
FNDA:0,(anonymous_13)
FNDA:0,(anonymous_14)
DA:1,1
DA:2,1
DA:5,1
DA:17,1
DA:27,1
DA:29,1
DA:35,0
DA:41,0
DA:47,1
DA:49,1
DA:57,1
DA:59,1
DA:66,0
DA:71,0
DA:77,1
DA:79,1
DA:93,1
DA:101,0
DA:107,0
DA:114,0
DA:118,0
DA:126,0
DA:132,0
DA:140,0
DA:146,0
DA:153,0
DA:156,0
DA:163,0
DA:164,0
DA:172,0
DA:175,0
DA:182,0
DA:185,0
DA:193,0
DA:198,0
DA:205,1
LF:36
LH:14
BRDA:5,0,0,0
BRDA:5,0,1,1
BRF:2
BRH:1
end_of_record
TN:
SF:test-config/testSchemaWithoutQueries.js
FN:29,(anonymous_0)
FN:34,(anonymous_1)
FN:49,(anonymous_2)
FN:59,(anonymous_3)
FN:65,(anonymous_4)
FN:79,(anonymous_5)
FN:103,(anonymous_6)
FN:120,(anonymous_7)
FN:134,(anonymous_8)
FN:146,(anonymous_9)
FN:154,(anonymous_10)
FNF:11
FNH:4
FNDA:1,(anonymous_0)
FNDA:0,(anonymous_1)
FNDA:1,(anonymous_2)
FNDA:1,(anonymous_3)
FNDA:0,(anonymous_4)
FNDA:1,(anonymous_5)
FNDA:0,(anonymous_6)
FNDA:0,(anonymous_7)
FNDA:0,(anonymous_8)
FNDA:0,(anonymous_9)
FNDA:0,(anonymous_10)
DA:1,1
DA:2,1
DA:5,1
DA:17,1
DA:27,1
DA:29,1
DA:35,0
DA:41,0
DA:47,1
DA:49,1
DA:57,1
DA:59,1
DA:66,0
DA:71,0
DA:77,1
DA:79,1
DA:92,1
DA:104,0
DA:106,0
DA:110,0
DA:121,0
DA:125,0
DA:135,0
DA:139,0
DA:147,0
DA:148,0
DA:155,0
DA:156,0
DA:157,0
DA:165,1
LF:30
LH:14
BRDA:5,0,0,0
BRDA:5,0,1,1
BRDA:104,1,0,0
BRDA:104,1,1,0
BRDA:156,2,0,0
BRDA:156,2,1,0
BRF:6
BRH:1
end_of_record
