TN:
SF:src/quell.ts
FN:97,(anonymous_7)
FN:130,(anonymous_8)
FN:147,(anonymous_9)
FN:183,(anonymous_11)
FN:225,(anonymous_12)
FN:258,(anonymous_14)
FN:262,(anonymous_15)
FN:272,(anonymous_16)
FN:276,(anonymous_17)
FN:293,(anonymous_18)
FN:298,(anonymous_19)
FN:333,(anonymous_20)
FN:348,(anonymous_21)
FN:390,(anonymous_22)
FN:390,(anonymous_23)
FN:430,(anonymous_24)
FN:449,(anonymous_25)
FN:470,(anonymous_27)
FN:528,(anonymous_29)
FN:561,(anonymous_30)
FN:595,(anonymous_31)
FN:610,(anonymous_32)
FN:703,(anonymous_33)
FN:715,(anonymous_34)
FN:732,(anonymous_35)
FN:765,(anonymous_37)
FN:767,(anonymous_38)
FN:778,(anonymous_39)
FN:796,(anonymous_40)
FN:796,(anonymous_41)
FN:852,(anonymous_42)
FN:852,(anonymous_43)
FN:866,(anonymous_44)
FN:866,(anonymous_45)
FN:880,(anonymous_46)
FN:953,(anonymous_47)
FN:969,(anonymous_49)
FN:990,(anonymous_50)
FN:1006,(anonymous_51)
FN:1046,(anonymous_52)
FN:1048,(anonymous_53)
FN:1052,(anonymous_54)
FN:1062,(anonymous_55)
FN:1069,(anonymous_56)
FN:1076,(anonymous_57)
FN:1083,(anonymous_58)
FN:1090,(anonymous_59)
FN:1104,(anonymous_60)
FN:1111,(anonymous_61)
FN:1125,(anonymous_62)
FN:1135,(anonymous_63)
FN:1142,(anonymous_64)
FN:1149,(anonymous_65)
FN:1163,(anonymous_66)
FN:1173,(anonymous_67)
FN:1180,(anonymous_68)
FN:1225,(anonymous_69)
FN:1232,(anonymous_70)
FN:1239,(anonymous_71)
FN:1274,(anonymous_72)
FN:1281,(anonymous_73)
FN:1288,(anonymous_74)
FN:1302,(anonymous_75)
FN:1310,(anonymous_76)
FN:1327,(anonymous_77)
FN:1330,(anonymous_78)
FN:1334,(anonymous_79)
FN:1345,(anonymous_80)
FN:1349,(anonymous_81)
FN:1353,(anonymous_82)
FN:1374,(anonymous_83)
FN:1411,(anonymous_84)
FN:1423,(anonymous_85)
FN:1447,(anonymous_86)
FN:1488,(anonymous_87)
FN:1501,(anonymous_88)
FN:1522,(anonymous_89)
FN:1538,(anonymous_90)
FN:1669,createQueryStr
FN:1699,stringify
FN:1723,getArgs
FN:1727,(anonymous_94)
FN:1738,getAliasType
FN:1753,createQueryObj
FN:1771,reducer
FN:1820,joinResponses
FN:1963,parseAST
FN:2000,(anonymous_100)
FN:2013,(anonymous_101)
FN:2024,(anonymous_102)
FN:2051,(anonymous_103)
FN:2071,(anonymous_104)
FN:2154,(anonymous_105)
FN:2164,(anonymous_106)
FN:2233,(anonymous_107)
FN:2244,(anonymous_108)
FN:2258,updateProtoWithFragment
FN:2297,getMutationMap
FN:2331,getQueryMap
FN:2364,getFieldsMap
FN:2385,(anonymous_113)
FN:2583,updateIdCache
FNF:102
FNH:0
FNDA:0,(anonymous_7)
FNDA:0,(anonymous_8)
FNDA:0,(anonymous_9)
FNDA:0,(anonymous_11)
FNDA:0,(anonymous_12)
FNDA:0,(anonymous_14)
FNDA:0,(anonymous_15)
FNDA:0,(anonymous_16)
FNDA:0,(anonymous_17)
FNDA:0,(anonymous_18)
FNDA:0,(anonymous_19)
FNDA:0,(anonymous_20)
FNDA:0,(anonymous_21)
FNDA:0,(anonymous_22)
FNDA:0,(anonymous_23)
FNDA:0,(anonymous_24)
FNDA:0,(anonymous_25)
FNDA:0,(anonymous_27)
FNDA:0,(anonymous_29)
FNDA:0,(anonymous_30)
FNDA:0,(anonymous_31)
FNDA:0,(anonymous_32)
FNDA:0,(anonymous_33)
FNDA:0,(anonymous_34)
FNDA:0,(anonymous_35)
FNDA:0,(anonymous_37)
FNDA:0,(anonymous_38)
FNDA:0,(anonymous_39)
FNDA:0,(anonymous_40)
FNDA:0,(anonymous_41)
FNDA:0,(anonymous_42)
FNDA:0,(anonymous_43)
FNDA:0,(anonymous_44)
FNDA:0,(anonymous_45)
FNDA:0,(anonymous_46)
FNDA:0,(anonymous_47)
FNDA:0,(anonymous_49)
FNDA:0,(anonymous_50)
FNDA:0,(anonymous_51)
FNDA:0,(anonymous_52)
FNDA:0,(anonymous_53)
FNDA:0,(anonymous_54)
FNDA:0,(anonymous_55)
FNDA:0,(anonymous_56)
FNDA:0,(anonymous_57)
FNDA:0,(anonymous_58)
FNDA:0,(anonymous_59)
FNDA:0,(anonymous_60)
FNDA:0,(anonymous_61)
FNDA:0,(anonymous_62)
FNDA:0,(anonymous_63)
FNDA:0,(anonymous_64)
FNDA:0,(anonymous_65)
FNDA:0,(anonymous_66)
FNDA:0,(anonymous_67)
FNDA:0,(anonymous_68)
FNDA:0,(anonymous_69)
FNDA:0,(anonymous_70)
FNDA:0,(anonymous_71)
FNDA:0,(anonymous_72)
FNDA:0,(anonymous_73)
FNDA:0,(anonymous_74)
FNDA:0,(anonymous_75)
FNDA:0,(anonymous_76)
FNDA:0,(anonymous_77)
FNDA:0,(anonymous_78)
FNDA:0,(anonymous_79)
FNDA:0,(anonymous_80)
FNDA:0,(anonymous_81)
FNDA:0,(anonymous_82)
FNDA:0,(anonymous_83)
FNDA:0,(anonymous_84)
FNDA:0,(anonymous_85)
FNDA:0,(anonymous_86)
FNDA:0,(anonymous_87)
FNDA:0,(anonymous_88)
FNDA:0,(anonymous_89)
FNDA:0,(anonymous_90)
FNDA:0,createQueryStr
FNDA:0,stringify
FNDA:0,getArgs
FNDA:0,(anonymous_94)
FNDA:0,getAliasType
FNDA:0,createQueryObj
FNDA:0,reducer
FNDA:0,joinResponses
FNDA:0,parseAST
FNDA:0,(anonymous_100)
FNDA:0,(anonymous_101)
FNDA:0,(anonymous_102)
FNDA:0,(anonymous_103)
FNDA:0,(anonymous_104)
FNDA:0,(anonymous_105)
FNDA:0,(anonymous_106)
FNDA:0,(anonymous_107)
FNDA:0,(anonymous_108)
FNDA:0,updateProtoWithFragment
FNDA:0,getMutationMap
FNDA:0,getQueryMap
FNDA:0,getFieldsMap
FNDA:0,(anonymous_113)
FNDA:0,updateIdCache
DA:2,8
DA:3,8
DA:4,8
DA:6,8
DA:53,8
DA:63,8
DA:105,0
DA:106,0
DA:107,0
DA:108,0
DA:109,0
DA:110,0
DA:111,0
DA:112,0
DA:113,0
DA:114,0
DA:115,0
DA:116,0
DA:120,0
DA:121,0
DA:122,0
DA:123,0
DA:124,0
DA:125,0
DA:126,0
DA:127,0
DA:128,0
DA:129,0
DA:130,0
DA:131,0
DA:154,0
DA:156,0
DA:158,0
DA:160,0
DA:163,0
DA:164,0
DA:170,0
DA:173,0
DA:176,0
DA:179,0
DA:182,0
DA:183,0
DA:188,0
DA:189,0
DA:192,0
DA:193,0
DA:199,0
DA:203,0
DA:205,0
DA:227,0
DA:228,0
DA:232,0
DA:236,0
DA:247,0
DA:256,0
DA:257,0
DA:259,0
DA:260,0
DA:263,0
DA:270,0
DA:271,0
DA:273,0
DA:274,0
DA:277,0
DA:281,0
DA:286,0
DA:287,0
DA:288,0
DA:289,0
DA:292,0
DA:294,0
DA:295,0
DA:296,0
DA:299,0
DA:305,0
DA:310,0
DA:311,0
DA:316,0
DA:317,0
DA:319,0
DA:322,0
DA:323,0
DA:324,0
DA:325,0
DA:326,0
DA:332,0
DA:334,0
DA:338,0
DA:339,0
DA:346,0
DA:349,0
DA:357,0
DA:361,0
DA:369,0
DA:376,0
DA:380,0
DA:383,0
DA:389,0
DA:390,0
DA:393,0
DA:398,0
DA:399,0
DA:400,0
DA:401,0
DA:408,0
DA:416,0
DA:426,0
DA:427,0
DA:428,0
DA:431,0
DA:437,0
DA:438,0
DA:439,0
DA:450,0
DA:451,0
DA:452,0
DA:453,0
DA:454,0
DA:456,0
DA:477,0
DA:479,0
DA:480,0
DA:484,0
DA:485,0
DA:489,0
DA:490,0
DA:492,0
DA:497,0
DA:498,0
DA:502,0
DA:503,0
DA:507,0
DA:509,0
DA:512,0
DA:516,0
DA:519,0
DA:521,0
DA:522,0
DA:528,0
DA:529,0
DA:531,0
DA:533,0
DA:535,0
DA:537,0
DA:544,0
DA:547,0
DA:553,0
DA:561,0
DA:564,0
DA:569,0
DA:572,0
DA:576,0
DA:577,0
DA:582,0
DA:588,0
DA:592,0
DA:593,0
DA:594,0
DA:595,0
DA:596,0
DA:599,0
DA:601,0
DA:605,0
DA:608,0
DA:609,0
DA:610,0
DA:611,0
DA:614,0
DA:622,0
DA:624,0
DA:631,0
DA:634,0
DA:640,0
DA:641,0
DA:644,0
DA:645,0
DA:655,0
DA:657,0
DA:666,0
DA:670,0
DA:674,0
DA:682,0
DA:687,0
DA:693,0
DA:704,0
DA:707,0
DA:716,0
DA:717,0
DA:718,0
DA:719,0
DA:739,0
DA:740,0
DA:741,0
DA:746,0
DA:747,0
DA:750,0
DA:751,0
DA:755,0
DA:756,0
DA:757,0
DA:765,0
DA:767,0
DA:768,0
DA:769,0
DA:770,0
DA:774,0
DA:778,0
DA:781,0
DA:783,0
DA:784,0
DA:787,0
DA:796,0
DA:797,0
DA:798,0
DA:799,0
DA:803,0
DA:807,0
DA:808,0
DA:809,0
DA:811,0
DA:814,0
DA:815,0
DA:817,0
DA:818,0
DA:819,0
DA:825,0
DA:827,0
DA:828,0
DA:829,0
DA:832,0
DA:833,0
DA:837,0
DA:838,0
DA:839,0
DA:843,0
DA:852,0
DA:853,0
DA:855,0
DA:857,0
DA:858,0
DA:866,0
DA:867,0
DA:870,0
DA:872,0
DA:874,0
DA:875,0
DA:879,0
DA:881,0
DA:883,0
DA:885,0
DA:888,0
DA:889,0
DA:894,0
DA:895,0
DA:903,0
DA:904,0
DA:908,0
DA:912,0
DA:913,0
DA:917,0
DA:920,0
DA:923,0
DA:934,0
DA:936,0
DA:938,0
DA:940,0
DA:945,0
DA:954,0
DA:955,0
DA:957,0
DA:970,0
DA:971,0
DA:972,0
DA:997,0
DA:998,0
DA:1006,0
DA:1007,0
DA:1008,0
DA:1009,0
DA:1010,0
DA:1011,0
DA:1012,0
DA:1015,0
DA:1017,0
DA:1018,0
DA:1020,0
DA:1021,0
DA:1023,0
DA:1024,0
DA:1026,0
DA:1027,0
DA:1029,0
DA:1034,0
DA:1037,0
DA:1047,0
DA:1048,0
DA:1050,0
DA:1053,0
DA:1055,0
DA:1062,0
DA:1069,0
DA:1076,0
DA:1083,0
DA:1090,0
DA:1104,0
DA:1111,0
DA:1125,0
DA:1135,0
DA:1142,0
DA:1149,0
DA:1163,0
DA:1173,0
DA:1180,0
DA:1225,0
DA:1232,0
DA:1239,0
DA:1274,0
DA:1281,0
DA:1288,0
DA:1302,0
DA:1307,0
DA:1308,0
DA:1311,0
DA:1315,0
DA:1317,0
DA:1328,0
DA:1331,0
DA:1332,0
DA:1335,0
DA:1346,0
DA:1347,0
DA:1350,0
DA:1351,0
DA:1354,0
DA:1357,0
DA:1358,0
DA:1376,0
DA:1378,0
DA:1380,0
DA:1382,0
DA:1387,0
DA:1391,0
DA:1394,0
DA:1398,0
DA:1401,0
DA:1411,0
DA:1412,0
DA:1413,0
DA:1418,0
DA:1419,0
DA:1423,0
DA:1425,0
DA:1426,0
DA:1431,0
DA:1433,0
DA:1434,0
DA:1436,0
DA:1449,0
DA:1451,0
DA:1453,0
DA:1455,0
DA:1456,0
DA:1461,0
DA:1464,0
DA:1466,0
DA:1470,0
DA:1473,0
DA:1477,0
DA:1480,0
DA:1488,0
DA:1490,0
DA:1491,0
DA:1496,0
DA:1497,0
DA:1501,0
DA:1503,0
DA:1504,0
DA:1505,0
DA:1508,0
DA:1509,0
DA:1514,0
DA:1522,0
DA:1527,0
DA:1528,0
DA:1533,0
DA:1534,0
DA:1538,0
DA:1540,0
DA:1541,0
DA:1549,0
DA:1551,0
DA:1552,0
DA:1554,0
DA:1673,0
DA:1674,0
DA:1675,0
DA:1676,0
DA:1677,0
DA:1679,0
DA:1683,0
DA:1684,0
DA:1701,0
DA:1703,0
DA:1705,0
DA:1706,0
DA:1709,0
DA:1710,0
DA:1712,0
DA:1713,0
DA:1714,0
DA:1720,0
DA:1724,0
DA:1725,0
DA:1727,0
DA:1728,0
DA:1734,0
DA:1739,0
DA:1743,0
DA:1744,0
DA:1754,0
DA:1757,0
DA:1758,0
DA:1759,0
DA:1760,0
DA:1773,0
DA:1775,0
DA:1777,0
DA:1779,0
DA:1780,0
DA:1783,0
DA:1784,0
DA:1788,0
DA:1789,0
DA:1791,0
DA:1792,0
DA:1797,0
DA:1798,0
DA:1802,0
DA:1805,0
DA:1809,0
DA:1826,0
DA:1830,0
DA:1832,0
DA:1838,0
DA:1841,0
DA:1847,0
DA:1850,0
DA:1853,0
DA:1854,0
DA:1855,0
DA:1857,0
DA:1858,0
DA:1865,0
DA:1866,0
DA:1868,0
DA:1874,0
DA:1876,0
DA:1878,0
DA:1879,0
DA:1881,0
DA:1884,0
DA:1886,0
DA:1892,0
DA:1898,0
DA:1900,0
DA:1905,0
DA:1906,0
DA:1907,0
DA:1911,0
DA:1920,0
DA:1921,0
DA:1925,0
DA:1932,0
DA:1936,0
DA:1943,0
DA:1952,0
DA:1970,0
DA:1974,0
DA:1977,0
DA:1980,0
DA:1984,0
DA:1987,0
DA:1998,0
DA:2002,0
DA:2003,0
DA:2004,0
DA:2006,0
DA:2015,0
DA:2016,0
DA:2017,0
DA:2019,0
DA:2026,0
DA:2029,0
DA:2032,0
DA:2034,0
DA:2038,0
DA:2040,0
DA:2054,0
DA:2055,0
DA:2057,0
DA:2061,0
DA:2065,0
DA:2070,0
DA:2071,0
DA:2072,0
DA:2075,0
DA:2076,0
DA:2078,0
DA:2088,0
DA:2093,0
DA:2095,0
DA:2100,0
DA:2102,0
DA:2107,0
DA:2108,0
DA:2109,0
DA:2119,0
DA:2127,0
DA:2132,0
DA:2135,0
DA:2138,0
DA:2146,0
DA:2150,0
DA:2156,0
DA:2181,0
DA:2186,0
DA:2194,0
DA:2195,0
DA:2196,0
DA:2205,0
DA:2209,0
DA:2213,0
DA:2220,0
DA:2222,0
DA:2227,0
DA:2232,0
DA:2235,0
DA:2236,0
DA:2246,0
DA:2250,0
DA:2263,0
DA:2266,0
DA:2269,0
DA:2272,0
DA:2280,0
DA:2281,0
DA:2282,0
DA:2287,0
DA:2298,0
DA:2300,0
DA:2305,0
DA:2308,0
DA:2312,0
DA:2313,0
DA:2314,0
DA:2316,0
DA:2317,0
DA:2319,0
DA:2321,0
DA:2332,0
DA:2334,0
DA:2339,0
DA:2340,0
DA:2344,0
DA:2345,0
DA:2346,0
DA:2348,0
DA:2349,0
DA:2351,0
DA:2353,0
DA:2365,0
DA:2366,0
DA:2367,0
DA:2384,0
DA:2386,0
DA:2389,0
DA:2390,0
DA:2391,0
DA:2392,0
DA:2393,0
DA:2394,0
DA:2395,0
DA:2398,0
DA:2401,0
DA:2403,0
DA:2593,0
DA:2594,0
DA:2595,0
DA:2596,0
DA:2599,0
DA:2600,0
DA:2603,0
DA:2606,8
LF:593
LH:7
BRDA:99,0,0,0
BRDA:100,1,0,0
BRDA:154,2,0,0
BRDA:154,2,1,0
BRDA:154,3,0,0
BRDA:154,3,1,0
BRDA:154,4,0,0
BRDA:154,4,1,0
BRDA:154,5,0,0
BRDA:154,5,1,0
BRDA:163,6,0,0
BRDA:188,7,0,0
BRDA:188,7,1,0
BRDA:188,8,0,0
BRDA:188,8,1,0
BRDA:192,9,0,0
BRDA:227,10,0,0
BRDA:236,11,0,0
BRDA:236,11,1,0
BRDA:247,12,0,0
BRDA:247,12,1,0
BRDA:247,13,0,0
BRDA:247,13,1,0
BRDA:256,14,0,0
BRDA:256,14,1,0
BRDA:270,15,0,0
BRDA:270,15,1,0
BRDA:286,16,0,0
BRDA:286,16,1,0
BRDA:305,17,0,0
BRDA:305,17,1,0
BRDA:322,18,0,0
BRDA:338,19,0,0
BRDA:357,20,0,0
BRDA:357,20,1,0
BRDA:380,21,0,0
BRDA:380,21,1,0
BRDA:400,22,0,0
BRDA:408,23,0,0
BRDA:408,23,1,0
BRDA:451,24,0,0
BRDA:451,25,0,0
BRDA:451,25,1,0
BRDA:473,26,0,0
BRDA:474,27,0,0
BRDA:475,28,0,0
BRDA:479,29,0,0
BRDA:484,30,0,0
BRDA:489,31,0,0
BRDA:489,31,1,0
BRDA:489,32,0,0
BRDA:489,32,1,0
BRDA:489,33,0,0
BRDA:489,33,1,0
BRDA:493,34,0,0
BRDA:493,34,1,0
BRDA:493,35,0,0
BRDA:493,35,1,0
BRDA:497,36,0,0
BRDA:497,37,0,0
BRDA:497,37,1,0
BRDA:503,38,0,0
BRDA:504,39,0,0
BRDA:504,39,1,0
BRDA:512,40,0,0
BRDA:512,40,1,0
BRDA:516,41,0,0
BRDA:516,41,1,0
BRDA:522,42,0,0
BRDA:531,43,0,0
BRDA:531,43,1,0
BRDA:537,44,0,0
BRDA:537,44,1,0
BRDA:538,45,0,0
BRDA:538,45,1,0
BRDA:547,46,0,0
BRDA:547,46,1,0
BRDA:548,47,0,0
BRDA:548,47,1,0
BRDA:564,48,0,0
BRDA:565,49,0,0
BRDA:565,49,1,0
BRDA:577,50,0,0
BRDA:578,51,0,0
BRDA:578,51,1,0
BRDA:592,52,0,0
BRDA:592,53,0,0
BRDA:592,53,1,0
BRDA:622,54,0,0
BRDA:622,54,1,0
BRDA:624,55,0,0
BRDA:625,56,0,0
BRDA:625,56,1,0
BRDA:625,56,2,0
BRDA:625,56,3,0
BRDA:625,56,4,0
BRDA:634,57,0,0
BRDA:635,58,0,0
BRDA:635,58,1,0
BRDA:635,58,2,0
BRDA:635,58,3,0
BRDA:644,59,0,0
BRDA:657,60,0,0
BRDA:658,61,0,0
BRDA:658,61,1,0
BRDA:658,61,2,0
BRDA:658,61,3,0
BRDA:670,62,0,0
BRDA:670,62,1,0
BRDA:671,63,0,0
BRDA:671,63,1,0
BRDA:677,64,0,0
BRDA:677,64,1,0
BRDA:682,65,0,0
BRDA:683,66,0,0
BRDA:683,66,1,0
BRDA:683,66,2,0
BRDA:704,67,0,0
BRDA:704,67,1,0
BRDA:717,68,0,0
BRDA:741,69,0,0
BRDA:746,70,0,0
BRDA:746,70,1,0
BRDA:746,71,0,0
BRDA:746,71,1,0
BRDA:755,72,0,0
BRDA:768,73,0,0
BRDA:770,74,0,0
BRDA:771,75,0,0
BRDA:771,75,1,0
BRDA:783,76,0,0
BRDA:797,77,0,0
BRDA:799,78,0,0
BRDA:800,79,0,0
BRDA:800,79,1,0
BRDA:814,80,0,0
BRDA:814,81,0,0
BRDA:814,81,1,0
BRDA:819,82,0,0
BRDA:819,82,1,0
BRDA:827,83,0,0
BRDA:837,84,0,0
BRDA:855,85,0,0
BRDA:857,86,0,0
BRDA:870,87,0,0
BRDA:870,88,0,0
BRDA:870,88,1,0
BRDA:881,89,0,0
BRDA:881,89,1,0
BRDA:881,90,0,0
BRDA:881,90,1,0
BRDA:883,91,0,0
BRDA:888,92,0,0
BRDA:894,93,0,0
BRDA:908,94,0,0
BRDA:908,94,1,0
BRDA:912,95,0,0
BRDA:912,95,1,0
BRDA:913,96,0,0
BRDA:913,96,1,0
BRDA:936,97,0,0
BRDA:936,97,1,0
BRDA:991,98,0,0
BRDA:1008,99,0,0
BRDA:1008,99,1,0
BRDA:1008,100,0,0
BRDA:1008,100,1,0
BRDA:1008,100,2,0
BRDA:1009,101,0,0
BRDA:1009,101,1,0
BRDA:1009,102,0,0
BRDA:1009,102,1,0
BRDA:1009,102,2,0
BRDA:1010,103,0,0
BRDA:1010,103,1,0
BRDA:1010,104,0,0
BRDA:1010,104,1,0
BRDA:1010,104,2,0
BRDA:1011,105,0,0
BRDA:1011,105,1,0
BRDA:1011,106,0,0
BRDA:1011,106,1,0
BRDA:1011,106,2,0
BRDA:1015,107,0,0
BRDA:1015,107,1,0
BRDA:1015,107,2,0
BRDA:1015,107,3,0
BRDA:1015,107,4,0
BRDA:1061,108,0,0
BRDA:1061,108,1,0
BRDA:1061,109,0,0
BRDA:1061,109,1,0
BRDA:1068,110,0,0
BRDA:1068,110,1,0
BRDA:1068,111,0,0
BRDA:1068,111,1,0
BRDA:1075,112,0,0
BRDA:1075,112,1,0
BRDA:1075,113,0,0
BRDA:1075,113,1,0
BRDA:1082,114,0,0
BRDA:1082,114,1,0
BRDA:1082,115,0,0
BRDA:1082,115,1,0
BRDA:1089,116,0,0
BRDA:1089,116,1,0
BRDA:1089,117,0,0
BRDA:1089,117,1,0
BRDA:1103,118,0,0
BRDA:1103,118,1,0
BRDA:1103,119,0,0
BRDA:1103,119,1,0
BRDA:1110,120,0,0
BRDA:1110,120,1,0
BRDA:1110,121,0,0
BRDA:1110,121,1,0
BRDA:1124,122,0,0
BRDA:1124,122,1,0
BRDA:1124,123,0,0
BRDA:1124,123,1,0
BRDA:1134,124,0,0
BRDA:1134,124,1,0
BRDA:1134,125,0,0
BRDA:1134,125,1,0
BRDA:1141,126,0,0
BRDA:1141,126,1,0
BRDA:1141,127,0,0
BRDA:1141,127,1,0
BRDA:1148,128,0,0
BRDA:1148,128,1,0
BRDA:1148,129,0,0
BRDA:1148,129,1,0
BRDA:1162,130,0,0
BRDA:1162,130,1,0
BRDA:1162,131,0,0
BRDA:1162,131,1,0
BRDA:1172,132,0,0
BRDA:1172,132,1,0
BRDA:1172,133,0,0
BRDA:1172,133,1,0
BRDA:1179,134,0,0
BRDA:1179,134,1,0
BRDA:1179,135,0,0
BRDA:1179,135,1,0
BRDA:1224,136,0,0
BRDA:1224,136,1,0
BRDA:1224,137,0,0
BRDA:1224,137,1,0
BRDA:1231,138,0,0
BRDA:1231,138,1,0
BRDA:1231,139,0,0
BRDA:1231,139,1,0
BRDA:1238,140,0,0
BRDA:1238,140,1,0
BRDA:1238,141,0,0
BRDA:1238,141,1,0
BRDA:1273,142,0,0
BRDA:1273,142,1,0
BRDA:1273,143,0,0
BRDA:1273,143,1,0
BRDA:1280,144,0,0
BRDA:1280,144,1,0
BRDA:1280,145,0,0
BRDA:1280,145,1,0
BRDA:1287,146,0,0
BRDA:1287,146,1,0
BRDA:1287,147,0,0
BRDA:1287,147,1,0
BRDA:1301,148,0,0
BRDA:1301,148,1,0
BRDA:1301,149,0,0
BRDA:1301,149,1,0
BRDA:1346,150,0,0
BRDA:1346,150,1,0
BRDA:1378,151,0,0
BRDA:1380,152,0,0
BRDA:1401,153,0,0
BRDA:1401,153,1,0
BRDA:1411,154,0,0
BRDA:1412,155,0,0
BRDA:1425,156,0,0
BRDA:1425,157,0,0
BRDA:1425,157,1,0
BRDA:1453,158,0,0
BRDA:1455,159,0,0
BRDA:1473,160,0,0
BRDA:1473,160,1,0
BRDA:1480,161,0,0
BRDA:1480,161,1,0
BRDA:1490,162,0,0
BRDA:1503,163,0,0
BRDA:1503,164,0,0
BRDA:1503,164,1,0
BRDA:1508,165,0,0
BRDA:1508,166,0,0
BRDA:1508,166,1,0
BRDA:1524,167,0,0
BRDA:1527,168,0,0
BRDA:1540,169,0,0
BRDA:1540,170,0,0
BRDA:1540,170,1,0
BRDA:1673,171,0,0
BRDA:1705,172,0,0
BRDA:1709,173,0,0
BRDA:1709,174,0,0
BRDA:1709,174,1,0
BRDA:1725,175,0,0
BRDA:1728,176,0,0
BRDA:1728,176,1,0
BRDA:1734,177,0,0
BRDA:1734,177,1,0
BRDA:1739,178,0,0
BRDA:1739,178,1,0
BRDA:1744,179,0,0
BRDA:1744,179,1,0
BRDA:1759,180,0,0
BRDA:1779,181,0,0
BRDA:1783,182,0,0
BRDA:1783,183,0,0
BRDA:1783,183,1,0
BRDA:1783,183,2,0
BRDA:1783,183,3,0
BRDA:1788,184,0,0
BRDA:1788,185,0,0
BRDA:1788,185,1,0
BRDA:1791,186,0,0
BRDA:1797,187,0,0
BRDA:1805,188,0,0
BRDA:1805,188,1,0
BRDA:1805,189,0,0
BRDA:1805,189,1,0
BRDA:1824,190,0,0
BRDA:1832,191,0,0
BRDA:1832,191,1,0
BRDA:1838,192,0,0
BRDA:1838,192,1,0
BRDA:1841,193,0,0
BRDA:1841,193,1,0
BRDA:1841,194,0,0
BRDA:1841,194,1,0
BRDA:1855,195,0,0
BRDA:1857,196,0,0
BRDA:1857,196,1,0
BRDA:1878,197,0,0
BRDA:1878,197,1,0
BRDA:1884,198,0,0
BRDA:1884,198,1,0
BRDA:1900,199,0,0
BRDA:1901,200,0,0
BRDA:1901,200,1,0
BRDA:1906,201,0,0
BRDA:1906,202,0,0
BRDA:1906,202,1,0
BRDA:1907,203,0,0
BRDA:1907,203,1,0
BRDA:1908,204,0,0
BRDA:1908,204,1,0
BRDA:1920,205,0,0
BRDA:1920,205,1,0
BRDA:1932,206,0,0
BRDA:1932,206,1,0
BRDA:1933,207,0,0
BRDA:1933,207,1,0
BRDA:1965,208,0,0
BRDA:2002,209,0,0
BRDA:2002,210,0,0
BRDA:2002,210,1,0
BRDA:2002,211,0,0
BRDA:2002,211,1,0
BRDA:2003,212,0,0
BRDA:2003,213,0,0
BRDA:2003,213,1,0
BRDA:2003,214,0,0
BRDA:2003,214,1,0
BRDA:2003,215,0,0
BRDA:2003,215,1,0
BRDA:2003,216,0,0
BRDA:2003,216,1,0
BRDA:2003,217,0,0
BRDA:2003,217,1,0
BRDA:2003,218,0,0
BRDA:2003,218,1,0
BRDA:2016,219,0,0
BRDA:2038,220,0,0
BRDA:2054,221,0,0
BRDA:2070,222,0,0
BRDA:2075,223,0,0
BRDA:2075,224,0,0
BRDA:2075,224,1,0
BRDA:2088,225,0,0
BRDA:2089,226,0,0
BRDA:2089,226,1,0
BRDA:2089,226,2,0
BRDA:2100,227,0,0
BRDA:2107,228,0,0
BRDA:2107,228,1,0
BRDA:2107,229,0,0
BRDA:2107,229,1,0
BRDA:2109,230,0,0
BRDA:2112,231,0,0
BRDA:2112,231,1,0
BRDA:2112,231,2,0
BRDA:2112,231,3,0
BRDA:2127,232,0,0
BRDA:2127,232,1,0
BRDA:2135,233,0,0
BRDA:2135,233,1,0
BRDA:2138,234,0,0
BRDA:2138,234,1,0
BRDA:2181,235,0,0
BRDA:2182,236,0,0
BRDA:2182,236,1,0
BRDA:2182,236,2,0
BRDA:2196,237,0,0
BRDA:2205,238,0,0
BRDA:2206,239,0,0
BRDA:2206,239,1,0
BRDA:2206,239,2,0
BRDA:2213,240,0,0
BRDA:2214,241,0,0
BRDA:2214,241,1,0
BRDA:2214,241,2,0
BRDA:2214,241,3,0
BRDA:2214,241,4,0
BRDA:2235,242,0,0
BRDA:2263,243,0,0
BRDA:2263,244,0,0
BRDA:2263,244,1,0
BRDA:2269,245,0,0
BRDA:2269,246,0,0
BRDA:2269,246,1,0
BRDA:2280,247,0,0
BRDA:2300,248,0,0
BRDA:2300,248,1,0
BRDA:2300,249,0,0
BRDA:2300,249,1,0
BRDA:2300,250,0,0
BRDA:2300,250,1,0
BRDA:2300,251,0,0
BRDA:2300,251,1,0
BRDA:2305,252,0,0
BRDA:2305,252,1,0
BRDA:2312,253,0,0
BRDA:2316,254,0,0
BRDA:2334,255,0,0
BRDA:2334,255,1,0
BRDA:2334,256,0,0
BRDA:2334,256,1,0
BRDA:2334,257,0,0
BRDA:2334,257,1,0
BRDA:2334,258,0,0
BRDA:2334,258,1,0
BRDA:2339,259,0,0
BRDA:2339,259,1,0
BRDA:2344,260,0,0
BRDA:2348,261,0,0
BRDA:2366,262,0,0
BRDA:2366,262,1,0
BRDA:2366,263,0,0
BRDA:2366,263,1,0
BRDA:2386,264,0,0
BRDA:2386,264,1,0
BRDA:2386,265,0,0
BRDA:2386,265,1,0
BRDA:2386,266,0,0
BRDA:2386,266,1,0
BRDA:2392,267,0,0
BRDA:2395,268,0,0
BRDA:2395,268,1,0
BRDA:2593,269,0,0
BRDA:2593,269,1,0
BRDA:2599,270,0,0
BRF:472
BRH:0
end_of_record
TN:
SF:test-config/booksModel.js
FN:11,(anonymous_0)
FNF:1
FNH:0
FNDA:0,(anonymous_0)
DA:1,3
DA:2,3
DA:4,3
DA:6,3
DA:10,3
DA:12,0
LF:6
LH:5
BRF:0
BRH:0
end_of_record
TN:
SF:test-config/countriesModel.js
FN:11,(anonymous_0)
FNF:1
FNH:0
FNDA:0,(anonymous_0)
DA:1,3
DA:2,3
DA:4,3
DA:6,3
DA:10,3
DA:12,0
LF:6
LH:5
BRF:0
BRH:0
end_of_record
TN:
SF:test-config/testSchema.js
FN:29,(anonymous_0)
FN:34,(anonymous_1)
FN:49,(anonymous_2)
FN:59,(anonymous_3)
FN:65,(anonymous_4)
FN:79,(anonymous_5)
FN:100,(anonymous_6)
FN:113,(anonymous_7)
FN:125,(anonymous_8)
FN:139,(anonymous_9)
FN:152,(anonymous_10)
FN:162,(anonymous_11)
FN:171,(anonymous_12)
FN:181,(anonymous_13)
FN:192,(anonymous_14)
FN:219,(anonymous_15)
FN:236,(anonymous_16)
FN:250,(anonymous_17)
FN:262,(anonymous_18)
FN:270,(anonymous_19)
FNF:20
FNH:4
FNDA:3,(anonymous_0)
FNDA:0,(anonymous_1)
FNDA:3,(anonymous_2)
FNDA:3,(anonymous_3)
FNDA:0,(anonymous_4)
FNDA:3,(anonymous_5)
FNDA:0,(anonymous_6)
FNDA:0,(anonymous_7)
FNDA:0,(anonymous_8)
FNDA:0,(anonymous_9)
FNDA:0,(anonymous_10)
FNDA:0,(anonymous_11)
FNDA:0,(anonymous_12)
FNDA:0,(anonymous_13)
FNDA:0,(anonymous_14)
FNDA:0,(anonymous_15)
FNDA:0,(anonymous_16)
FNDA:0,(anonymous_17)
FNDA:0,(anonymous_18)
FNDA:0,(anonymous_19)
DA:1,3
DA:2,3
DA:5,3
DA:17,3
DA:27,3
DA:29,3
DA:35,0
DA:41,0
DA:47,3
DA:49,3
DA:57,3
DA:59,3
DA:66,0
DA:71,0
DA:77,3
DA:79,3
DA:93,3
DA:101,0
DA:107,0
DA:114,0
DA:118,0
DA:126,0
DA:132,0
DA:140,0
DA:146,0
DA:153,0
DA:156,0
DA:163,0
DA:164,0
DA:172,0
DA:175,0
DA:182,0
DA:185,0
DA:193,0
DA:198,0
DA:208,3
DA:220,0
DA:222,0
DA:226,0
DA:237,0
DA:241,0
DA:251,0
DA:255,0
DA:263,0
DA:264,0
DA:271,0
DA:272,0
DA:273,0
DA:281,3
LF:49
LH:15
BRDA:5,0,0,0
BRDA:5,0,1,3
BRDA:220,1,0,0
BRDA:220,1,1,0
BRDA:272,2,0,0
BRDA:272,2,1,0
BRF:6
BRH:1
end_of_record
TN:
SF:test-config/testSchemaWithoutFields.js
FN:29,(anonymous_0)
FN:34,(anonymous_1)
FN:39,(anonymous_2)
FN:44,(anonymous_3)
FNF:4
FNH:4
FNDA:1,(anonymous_0)
FNDA:1,(anonymous_1)
FNDA:1,(anonymous_2)
FNDA:1,(anonymous_3)
DA:1,1
DA:2,1
DA:5,1
DA:17,1
DA:27,1
DA:29,1
DA:32,1
DA:34,1
DA:37,1
DA:39,1
DA:42,1
DA:44,1
DA:53,1
DA:62,1
DA:68,1
LF:15
LH:15
BRDA:5,0,0,0
BRDA:5,0,1,1
BRF:2
BRH:1
end_of_record
TN:
SF:test-config/testSchemaWithoutMuts.js
FN:29,(anonymous_0)
FN:34,(anonymous_1)
FN:49,(anonymous_2)
FN:59,(anonymous_3)
FN:65,(anonymous_4)
FN:79,(anonymous_5)
FN:100,(anonymous_6)
FN:113,(anonymous_7)
FN:125,(anonymous_8)
FN:139,(anonymous_9)
FN:152,(anonymous_10)
FN:162,(anonymous_11)
FN:171,(anonymous_12)
FN:181,(anonymous_13)
FN:192,(anonymous_14)
FNF:15
FNH:4
FNDA:1,(anonymous_0)
FNDA:0,(anonymous_1)
FNDA:1,(anonymous_2)
FNDA:1,(anonymous_3)
FNDA:0,(anonymous_4)
FNDA:1,(anonymous_5)
FNDA:0,(anonymous_6)
FNDA:0,(anonymous_7)
FNDA:0,(anonymous_8)
FNDA:0,(anonymous_9)
FNDA:0,(anonymous_10)
FNDA:0,(anonymous_11)
FNDA:0,(anonymous_12)
FNDA:0,(anonymous_13)
FNDA:0,(anonymous_14)
DA:1,1
DA:2,1
DA:5,1
DA:17,1
DA:27,1
DA:29,1
DA:35,0
DA:41,0
DA:47,1
DA:49,1
DA:57,1
DA:59,1
DA:66,0
DA:71,0
DA:77,1
DA:79,1
DA:93,1
DA:101,0
DA:107,0
DA:114,0
DA:118,0
DA:126,0
DA:132,0
DA:140,0
DA:146,0
DA:153,0
DA:156,0
DA:163,0
DA:164,0
DA:172,0
DA:175,0
DA:182,0
DA:185,0
DA:193,0
DA:198,0
DA:205,1
LF:36
LH:14
BRDA:5,0,0,0
BRDA:5,0,1,1
BRF:2
BRH:1
end_of_record
TN:
SF:test-config/testSchemaWithoutQueries.js
FN:29,(anonymous_0)
FN:34,(anonymous_1)
FN:49,(anonymous_2)
FN:59,(anonymous_3)
FN:65,(anonymous_4)
FN:79,(anonymous_5)
FN:103,(anonymous_6)
FN:120,(anonymous_7)
FN:134,(anonymous_8)
FN:146,(anonymous_9)
FN:154,(anonymous_10)
FNF:11
FNH:4
FNDA:1,(anonymous_0)
FNDA:0,(anonymous_1)
FNDA:1,(anonymous_2)
FNDA:1,(anonymous_3)
FNDA:0,(anonymous_4)
FNDA:1,(anonymous_5)
FNDA:0,(anonymous_6)
FNDA:0,(anonymous_7)
FNDA:0,(anonymous_8)
FNDA:0,(anonymous_9)
FNDA:0,(anonymous_10)
DA:1,1
DA:2,1
DA:5,1
DA:17,1
DA:27,1
DA:29,1
DA:35,0
DA:41,0
DA:47,1
DA:49,1
DA:57,1
DA:59,1
DA:66,0
DA:71,0
DA:77,1
DA:79,1
DA:92,1
DA:104,0
DA:106,0
DA:110,0
DA:121,0
DA:125,0
DA:135,0
DA:139,0
DA:147,0
DA:148,0
DA:155,0
DA:156,0
DA:157,0
DA:165,1
LF:30
LH:14
BRDA:5,0,0,0
BRDA:5,0,1,1
BRDA:104,1,0,0
BRDA:104,1,1,0
BRDA:156,2,0,0
BRDA:156,2,1,0
BRF:6
BRH:1
end_of_record
